14-feb-2011 19:50:51 org.eclipse.birt.report.engine.api.impl.ReportEngine <init>
FINA: ReportEngine created. EngineConfig: EngineConfig: org.eclipse.birt.report.engine.api.EngineConfig.scriptObjects={PARENT_CLASSLOADER=WebappClassLoader
  context: /birt-adaia3
  delegate: false
  repositories:
----------> Parent Classloader:
org.apache.catalina.loader.StandardClassLoader@a46701
, webapplication.projectclasspath=};maxRowsPerQuery=-1;BIRT_HOME=;logLevel=ALL;PLATFORM_CONTEXT=org.eclipse.birt.core.framework.PlatformServletContext@a09e41;org.eclipse.birt.report.engine.api.EngineConfig.emitterConfigs={html=org.eclipse.birt.report.engine.api.HTMLRenderOption@f5d030};logDest=/opt/hpws/tomcat/webapps/birt-adaia3/logs; 
14-feb-2011 19:50:51 org.eclipse.birt.report.engine.extension.internal.ExtensionManager getExtensions
FINA: Start load extension point: org.eclipse.birt.report.engine.reportitemGeneration
14-feb-2011 19:50:51 org.eclipse.birt.report.engine.extension.internal.ExtensionManager loadGenerationExtensionDefns
FINA: Load generation extension: Chart
14-feb-2011 19:50:51 org.eclipse.birt.report.engine.extension.internal.ExtensionManager getExtensions
FINA: Start load extension point: org.eclipse.birt.report.engine.reportitemPresentation
14-feb-2011 19:50:51 org.eclipse.birt.report.engine.extension.internal.ExtensionManager loadPresentationExtensionDefns
FINA: Load prsentation extension: Chart
14-feb-2011 19:50:51 org.eclipse.birt.report.engine.extension.internal.ExtensionManager getExtensions
FINA: Start load extension point: org.eclipse.birt.report.engine.reportitemQuery
14-feb-2011 19:50:51 org.eclipse.birt.report.engine.extension.internal.ExtensionManager loadQueryExtensionDefns
FINA: Load query extension: Chart
14-feb-2011 19:50:51 org.eclipse.birt.report.engine.extension.internal.ExtensionManager getExtensions
FINA: Start load extension point: org.eclipse.birt.report.engine.emitters
14-feb-2011 19:50:51 org.eclipse.birt.report.engine.extension.internal.ExtensionManager loadEmitterExtensionDefns
FINA: Load html emitter org.eclipse.birt.report.engine.emitter.html
14-feb-2011 19:50:51 org.eclipse.birt.report.engine.extension.internal.ExtensionManager loadEmitterExtensionDefns
FINA: Load pdf emitter org.eclipse.birt.report.engine.emitter.pdf
14-feb-2011 19:50:51 org.eclipse.birt.report.engine.extension.internal.ExtensionManager loadEmitterExtensionDefns
FINA: Load postscript emitter org.eclipse.birt.report.engine.emitter.postscript
14-feb-2011 19:50:51 org.eclipse.birt.report.engine.extension.internal.ExtensionManager loadEmitterExtensionDefns
FINA: Load ppt emitter org.eclipse.birt.report.engine.emitter.ppt
14-feb-2011 19:50:51 org.eclipse.birt.report.engine.extension.internal.ExtensionManager loadEmitterExtensionDefns
FINA: Load xls emitter org.eclipse.birt.report.engine.emitter.prototype.excel
14-feb-2011 19:50:51 org.eclipse.birt.report.engine.extension.internal.ExtensionManager loadEmitterExtensionDefns
FINA: Load doc emitter org.eclipse.birt.report.engine.emitter.word
14-feb-2011 19:50:51 org.eclipse.birt.report.engine.extension.internal.ExtensionManager getExtensions
FINA: Start load extension point: org.eclipse.birt.report.engine.reportEventHandler
14-feb-2011 19:50:51 org.eclipse.birt.report.engine.extension.internal.ExtensionManager getExtensions
FINA: Start load extension point: org.eclipse.birt.report.engine.reportItemPreparation
14-feb-2011 19:50:51 org.eclipse.birt.report.engine.extension.internal.ExtensionManager getExtensions
FINA: Start load extension point: org.eclipse.birt.report.engine.dataExtraction
14-feb-2011 19:50:51 org.eclipse.birt.report.engine.extension.internal.ExtensionManager loadDataExtractionExtensions
FINA: Load data extraction extension: org.eclipse.birt.report.engine.dataextraction.csv
14-feb-2011 19:50:51 org.eclipse.birt.report.engine.extension.internal.ExtensionManager getExtensions
FINA: Start load extension point: org.eclipse.birt.report.engine.extendedItemFactory
14-feb-2011 19:50:51 org.eclipse.birt.report.engine.extension.internal.ExtensionManager loadExtendedItems
FINA: Load extendedItem extension: Crosstab
14-feb-2011 19:50:51 org.eclipse.birt.report.engine.extension.internal.ExtensionManager loadExtendedItems
FINA: Load extendedItem extension: CrosstabCell
14-feb-2011 19:50:51 org.eclipse.birt.report.engine.extension.internal.ExtensionManager loadExtendedItems
FINA: Load extendedItem extension: AggregationCell
