27-feb-2012 18:48:58 org.eclipse.birt.report.engine.api.impl.ReportEngine <init>
FINA: ReportEngine created. EngineConfig: EngineConfig: org.eclipse.birt.report.engine.api.EngineConfig.scriptObjects={PARENT_CLASSLOADER=WebappClassLoader
  context: /birt-adaia3
  delegate: false
  repositories:
----------> Parent Classloader:
org.apache.catalina.loader.StandardClassLoader@166a22b
, webapplication.projectclasspath=};maxRowsPerQuery=-1;BIRT_HOME=;logLevel=ALL;PLATFORM_CONTEXT=org.eclipse.birt.core.framework.PlatformServletContext@baa573;org.eclipse.birt.report.engine.api.EngineConfig.emitterConfigs={html=org.eclipse.birt.report.engine.api.HTMLRenderOption@1c44a6d};logDest=/opt/hpws/tomcat/webapps/birt-adaia3/logs; 
27-feb-2012 18:48:58 org.eclipse.birt.report.engine.extension.internal.ExtensionManager getExtensions
FINA: Start load extension point: org.eclipse.birt.report.engine.reportitemGeneration
27-feb-2012 18:48:58 org.eclipse.birt.report.engine.extension.internal.ExtensionManager loadGenerationExtensionDefns
FINA: Load generation extension: Chart
27-feb-2012 18:48:58 org.eclipse.birt.report.engine.extension.internal.ExtensionManager getExtensions
FINA: Start load extension point: org.eclipse.birt.report.engine.reportitemPresentation
27-feb-2012 18:48:58 org.eclipse.birt.report.engine.extension.internal.ExtensionManager loadPresentationExtensionDefns
FINA: Load prsentation extension: Chart
27-feb-2012 18:48:58 org.eclipse.birt.report.engine.extension.internal.ExtensionManager getExtensions
FINA: Start load extension point: org.eclipse.birt.report.engine.reportitemQuery
27-feb-2012 18:48:58 org.eclipse.birt.report.engine.extension.internal.ExtensionManager loadQueryExtensionDefns
FINA: Load query extension: Chart
27-feb-2012 18:48:58 org.eclipse.birt.report.engine.extension.internal.ExtensionManager getExtensions
FINA: Start load extension point: org.eclipse.birt.report.engine.emitters
27-feb-2012 18:48:58 org.eclipse.birt.report.engine.extension.internal.ExtensionManager loadEmitterExtensionDefns
FINA: Load html emitter org.eclipse.birt.report.engine.emitter.html
27-feb-2012 18:48:58 org.eclipse.birt.report.engine.extension.internal.ExtensionManager loadEmitterExtensionDefns
FINA: Load pdf emitter org.eclipse.birt.report.engine.emitter.pdf
27-feb-2012 18:48:58 org.eclipse.birt.report.engine.extension.internal.ExtensionManager loadEmitterExtensionDefns
FINA: Load postscript emitter org.eclipse.birt.report.engine.emitter.postscript
27-feb-2012 18:48:58 org.eclipse.birt.report.engine.extension.internal.ExtensionManager loadEmitterExtensionDefns
FINA: Load ppt emitter org.eclipse.birt.report.engine.emitter.ppt
27-feb-2012 18:48:58 org.eclipse.birt.report.engine.extension.internal.ExtensionManager loadEmitterExtensionDefns
FINA: Load xls emitter org.eclipse.birt.report.engine.emitter.prototype.excel
27-feb-2012 18:48:58 org.eclipse.birt.report.engine.extension.internal.ExtensionManager loadEmitterExtensionDefns
FINA: Load doc emitter org.eclipse.birt.report.engine.emitter.word
27-feb-2012 18:48:58 org.eclipse.birt.report.engine.extension.internal.ExtensionManager getExtensions
FINA: Start load extension point: org.eclipse.birt.report.engine.reportEventHandler
27-feb-2012 18:48:58 org.eclipse.birt.report.engine.extension.internal.ExtensionManager getExtensions
FINA: Start load extension point: org.eclipse.birt.report.engine.reportItemPreparation
27-feb-2012 18:48:58 org.eclipse.birt.report.engine.extension.internal.ExtensionManager getExtensions
FINA: Start load extension point: org.eclipse.birt.report.engine.dataExtraction
27-feb-2012 18:48:58 org.eclipse.birt.report.engine.extension.internal.ExtensionManager loadDataExtractionExtensions
FINA: Load data extraction extension: org.eclipse.birt.report.engine.dataextraction.csv
27-feb-2012 18:48:58 org.eclipse.birt.report.engine.extension.internal.ExtensionManager getExtensions
FINA: Start load extension point: org.eclipse.birt.report.engine.extendedItemFactory
27-feb-2012 18:48:58 org.eclipse.birt.report.engine.extension.internal.ExtensionManager loadExtendedItems
FINA: Load extendedItem extension: Crosstab
27-feb-2012 18:48:58 org.eclipse.birt.report.engine.extension.internal.ExtensionManager loadExtendedItems
FINA: Load extendedItem extension: CrosstabCell
27-feb-2012 18:48:58 org.eclipse.birt.report.engine.extension.internal.ExtensionManager loadExtendedItems
FINA: Load extendedItem extension: AggregationCell
01-mar-2012 18:22:51 org.eclipse.birt.report.engine.api.impl.ReportEngine openReportDesign
FINA: ReportEngine.openReportDesign: name=file:/opt/hpws/tomcat/webapps/birt-adaia3/report/CNT-ETI-004sql.rptdesign, designStream=java.io.FileInputStream@979091, options={3} 
01-mar-2012 18:22:53 org.eclipse.birt.report.model.metadata.ChoicePropertyType validateXml
FINA: return internal name for choice eq
01-mar-2012 18:22:53 org.eclipse.birt.report.model.metadata.ChoicePropertyType validateXml
FINA: return internal name for choice eq
01-mar-2012 18:22:53 org.eclipse.birt.report.model.metadata.ChoicePropertyType validateXml
FINA: return internal name for choice asc
01-mar-2012 18:22:53 org.eclipse.birt.report.model.metadata.ChoicePropertyType validateXml
FINA: return internal name for choice eq
01-mar-2012 18:22:53 org.eclipse.birt.report.model.metadata.ChoicePropertyType validateXml
FINA: return internal name for choice DataSet
01-mar-2012 18:22:53 org.eclipse.birt.report.model.metadata.ChoicePropertyType validateXml
FINA: return internal name for choice hide
01-mar-2012 18:22:53 org.eclipse.birt.report.model.metadata.ChoicePropertyType validateXml
FINA: return internal name for choice string
01-mar-2012 18:22:53 org.eclipse.birt.report.model.metadata.ChoicePropertyType validateXml
FINA: return internal name for choice string
01-mar-2012 18:22:53 org.eclipse.birt.report.model.metadata.ChoicePropertyType validateXml
FINA: return internal name for choice string
01-mar-2012 18:22:53 org.eclipse.birt.report.model.metadata.ChoicePropertyType validateXml
FINA: return internal name for choice string
01-mar-2012 18:22:53 org.eclipse.birt.report.model.metadata.ChoicePropertyType validateXml
FINA: return internal name for choice any
01-mar-2012 18:22:53 org.eclipse.birt.report.model.metadata.ChoicePropertyType validateXml
FINA: return internal name for choice if-realized
01-mar-2012 18:22:53 org.eclipse.birt.report.model.metadata.ChoicePropertyType validateXml
FINA: return internal name for choice auto
01-mar-2012 18:22:53 org.eclipse.birt.report.model.metadata.ChoicePropertyType validateXml
FINA: return internal name for choice hyperlink
01-mar-2012 18:22:53 org.eclipse.birt.report.model.metadata.ChoicePropertyType validateXml
FINA: return internal name for choice inner
01-mar-2012 18:22:53 org.eclipse.birt.report.model.metadata.ChoicePropertyType validateXml
FINA: return internal name for choice eq
01-mar-2012 18:22:53 org.eclipse.birt.report.model.metadata.ChoicePropertyType validateXml
FINA: return internal name for choice string
01-mar-2012 18:22:53 org.eclipse.birt.report.model.metadata.ChoicePropertyType validateXml
FINA: return internal name for choice string
01-mar-2012 18:22:53 org.eclipse.birt.report.model.metadata.ChoicePropertyType validateXml
FINA: return internal name for choice auto layout
01-mar-2012 18:22:53 org.eclipse.birt.report.model.metadata.ChoicePropertyType validateXml
FINA: return internal name for choice ltr
01-mar-2012 18:22:53 org.eclipse.birt.report.model.metadata.ChoicePropertyType validateXml
FINA: return internal name for choice NoChange
01-mar-2012 18:22:53 org.eclipse.birt.report.model.metadata.ChoicePropertyType validateXml
FINA: return internal name for choice string
01-mar-2012 18:22:53 org.eclipse.birt.report.model.metadata.ChoicePropertyType validateXml
FINA: return internal name for choice static
01-mar-2012 18:22:53 org.eclipse.birt.report.model.metadata.ChoicePropertyType validateXml
FINA: return internal name for choice simple
01-mar-2012 18:22:53 org.eclipse.birt.report.model.metadata.ChoicePropertyType validateXml
FINA: return internal name for choice auto
01-mar-2012 18:22:53 org.eclipse.birt.report.model.metadata.ChoicePropertyType validateXml
FINA: return internal name for choice single
01-mar-2012 18:22:53 org.eclipse.birt.report.model.metadata.ChoicePropertyType validateXml
FINA: return internal name for choice normal
01-mar-2012 18:22:53 org.eclipse.birt.report.model.metadata.ChoicePropertyType validateXml
FINA: return internal name for choice normal
01-mar-2012 18:22:53 org.eclipse.birt.report.model.metadata.ChoicePropertyType validateXml
FINA: return internal name for choice normal
01-mar-2012 18:22:53 org.eclipse.birt.report.model.metadata.ChoicePropertyType validateXml
FINA: return internal name for choice none
01-mar-2012 18:22:53 org.eclipse.birt.report.model.metadata.ChoicePropertyType validateXml
FINA: return internal name for choice none
01-mar-2012 18:22:53 org.eclipse.birt.report.model.metadata.ChoicePropertyType validateXml
FINA: return internal name for choice none
01-mar-2012 18:22:53 org.eclipse.birt.report.model.metadata.ChoicePropertyType validateXml
FINA: return internal name for choice scroll
01-mar-2012 18:22:53 org.eclipse.birt.report.model.metadata.DimensionPropertyType validateXml
FINA: return dimension value with default unit 0.0
01-mar-2012 18:22:53 org.eclipse.birt.report.model.metadata.DimensionPropertyType validateXml
FINA: return dimension value with default unit 0.0
01-mar-2012 18:22:53 org.eclipse.birt.report.model.metadata.ChoicePropertyType validateXml
FINA: return internal name for choice repeat
01-mar-2012 18:22:53 org.eclipse.birt.report.model.metadata.DimensionPropertyType validateXml
FINA: return dimension value with default unit 0.0
01-mar-2012 18:22:53 org.eclipse.birt.report.model.metadata.ChoicePropertyType validateXml
FINA: return internal name for choice none
01-mar-2012 18:22:53 org.eclipse.birt.report.model.metadata.ChoicePropertyType validateXml
FINA: return internal name for choice normal
01-mar-2012 18:22:53 org.eclipse.birt.report.model.metadata.ChoicePropertyType validateXml
FINA: return internal name for choice block
01-mar-2012 18:22:53 org.eclipse.birt.report.model.metadata.ChoicePropertyType validateXml
FINA: return internal name for choice auto
01-mar-2012 18:22:53 org.eclipse.birt.report.model.metadata.ChoicePropertyType validateXml
FINA: return internal name for choice auto
01-mar-2012 18:22:53 org.eclipse.birt.report.model.metadata.ChoicePropertyType validateXml
FINA: return internal name for choice auto
01-mar-2012 18:22:53 org.eclipse.birt.report.model.metadata.ChoicePropertyType validateXml
FINA: return internal name for choice none
01-mar-2012 18:22:53 org.eclipse.birt.report.model.metadata.ChoicePropertyType validateXml
FINA: return internal name for choice none
01-mar-2012 18:22:53 org.eclipse.birt.report.model.metadata.ChoicePropertyType validateXml
FINA: return internal name for choice none
01-mar-2012 18:22:53 org.eclipse.birt.report.model.metadata.ChoicePropertyType validateXml
FINA: return internal name for choice none
01-mar-2012 18:22:53 org.eclipse.birt.report.model.metadata.DimensionPropertyType validateXml
FINA: return dimension value with default unit 0.0
01-mar-2012 18:22:53 org.eclipse.birt.report.model.metadata.DimensionPropertyType validateXml
FINA: return dimension value with default unit 0.0
01-mar-2012 18:22:53 org.eclipse.birt.report.model.metadata.DimensionPropertyType validateXml
FINA: return dimension value with default unit 0.0
01-mar-2012 18:22:53 org.eclipse.birt.report.model.metadata.DimensionPropertyType validateXml
FINA: return dimension value with default unit 0.0
01-mar-2012 18:22:53 org.eclipse.birt.report.model.metadata.DimensionPropertyType validateXml
FINA: return dimension value with default unit 1.0
01-mar-2012 18:22:53 org.eclipse.birt.report.model.metadata.DimensionPropertyType validateXml
FINA: return dimension value with default unit 1.0
01-mar-2012 18:22:53 org.eclipse.birt.report.model.metadata.DimensionPropertyType validateXml
FINA: return dimension value with default unit 1.0
01-mar-2012 18:22:53 org.eclipse.birt.report.model.metadata.DimensionPropertyType validateXml
FINA: return dimension value with default unit 1.0
01-mar-2012 18:22:53 org.eclipse.birt.report.model.metadata.DimensionPropertyType validateXml
FINA: return dimension value with default unit 1.0
01-mar-2012 18:22:53 org.eclipse.birt.report.model.metadata.DimensionPropertyType validateXml
FINA: return dimension value with default unit 1.25
01-mar-2012 18:22:53 org.eclipse.birt.report.model.metadata.DimensionPropertyType validateXml
FINA: return dimension value with default unit 1.0
01-mar-2012 18:22:53 org.eclipse.birt.report.model.metadata.DimensionPropertyType validateXml
FINA: return dimension value with default unit 1.25
01-mar-2012 18:22:53 org.eclipse.birt.report.model.metadata.DimensionPropertyType validateXml
FINA: return dimension value with default unit 0.5
01-mar-2012 18:22:53 org.eclipse.birt.report.model.metadata.DimensionPropertyType validateXml
FINA: return dimension value with default unit 0.5
01-mar-2012 18:22:53 org.eclipse.birt.report.model.metadata.DimensionPropertyType validateXml
FINA: return dimension value with default unit 0.5
01-mar-2012 18:22:53 org.eclipse.birt.report.model.metadata.ChoicePropertyType validateXml
FINA: return internal name for choice auto
01-mar-2012 18:22:53 org.eclipse.birt.report.model.metadata.ChoicePropertyType validateXml
FINA: return internal name for choice auto
01-mar-2012 18:22:53 org.eclipse.birt.report.model.metadata.ChoicePropertyType validateXml
FINA: return internal name for choice auto
01-mar-2012 18:22:53 org.eclipse.birt.report.model.metadata.ChoicePropertyType validateXml
FINA: return internal name for choice auto
01-mar-2012 18:22:53 org.eclipse.birt.report.model.metadata.ChoicePropertyType validateXml
FINA: return internal name for choice none
01-mar-2012 18:22:53 org.eclipse.birt.report.model.metadata.ChoicePropertyType validateXml
FINA: return internal name for choice asc
01-mar-2012 18:22:53 org.eclipse.birt.report.model.metadata.ChoicePropertyType validateXml
FINA: return internal name for choice none
01-mar-2012 18:22:53 org.eclipse.birt.report.model.metadata.ChoicePropertyType validateXml
FINA: return internal name for choice NoChange
01-mar-2012 18:22:53 org.eclipse.birt.report.model.metadata.ChoicePropertyType validateXml
FINA: return internal name for choice NoChange
01-mar-2012 18:22:53 org.eclipse.birt.report.model.metadata.ChoicePropertyType validateXml
FINA: return internal name for choice NoChange
01-mar-2012 18:22:53 org.eclipse.birt.report.model.metadata.ChoicePropertyType validateXml
FINA: return internal name for choice none
01-mar-2012 18:22:53 org.eclipse.birt.report.model.metadata.ChoicePropertyType validateXml
FINA: return internal name for choice NoChange
01-mar-2012 18:22:53 org.eclipse.birt.report.model.metadata.ChoicePropertyType validateXml
FINA: return internal name for choice size-to-image
01-mar-2012 18:22:53 org.eclipse.birt.report.model.metadata.ChoicePropertyType validateXml
FINA: return internal name for choice none
01-mar-2012 18:22:53 org.eclipse.birt.report.model.metadata.ChoicePropertyType validateXml
FINA: return internal name for choice horizontal
01-mar-2012 18:22:53 org.eclipse.birt.report.model.metadata.ChoicePropertyType validateXml
FINA: return internal name for choice none
01-mar-2012 18:22:53 org.eclipse.birt.report.model.metadata.ChoicePropertyType validateXml
FINA: return internal name for choice sum
01-mar-2012 18:22:53 org.eclipse.birt.report.model.metadata.ChoicePropertyType validateXml
FINA: return internal name for choice decimal
01-mar-2012 18:22:53 org.eclipse.birt.report.model.metadata.ChoicePropertyType validateXml
FINA: return internal name for choice asc
01-mar-2012 18:22:53 org.eclipse.birt.report.model.metadata.ChoicePropertyType validateXml
FINA: return internal name for choice eq
01-mar-2012 18:22:53 org.eclipse.birt.report.model.metadata.ChoicePropertyType validateXml
FINA: return internal name for choice DataSet
01-mar-2012 18:22:53 org.eclipse.birt.report.model.metadata.ChoicePropertyType validateXml
FINA: return internal name for choice none
01-mar-2012 18:22:53 org.eclipse.birt.report.model.metadata.ChoicePropertyType validateXml
FINA: return internal name for choice asc
01-mar-2012 18:22:53 org.eclipse.birt.report.model.metadata.ChoicePropertyType validateXml
FINA: return internal name for choice none
01-mar-2012 18:22:53 org.eclipse.birt.report.model.metadata.ChoicePropertyType validateXml
FINA: return internal name for choice NoChange
01-mar-2012 18:22:53 org.eclipse.birt.report.model.metadata.ChoicePropertyType validateXml
FINA: return internal name for choice normal
01-mar-2012 18:22:53 org.eclipse.birt.report.model.metadata.ChoicePropertyType validateXml
FINA: return internal name for choice normal
01-mar-2012 18:22:53 org.eclipse.birt.report.model.metadata.ChoicePropertyType validateXml
FINA: return internal name for choice normal
01-mar-2012 18:22:53 org.eclipse.birt.report.model.metadata.ChoicePropertyType validateXml
FINA: return internal name for choice none
01-mar-2012 18:22:53 org.eclipse.birt.report.model.metadata.ChoicePropertyType validateXml
FINA: return internal name for choice none
01-mar-2012 18:22:53 org.eclipse.birt.report.model.metadata.ChoicePropertyType validateXml
FINA: return internal name for choice none
01-mar-2012 18:22:53 org.eclipse.birt.report.model.metadata.ChoicePropertyType validateXml
FINA: return internal name for choice scroll
01-mar-2012 18:22:53 org.eclipse.birt.report.model.metadata.DimensionPropertyType validateXml
FINA: return dimension value with user defined unit 0%
01-mar-2012 18:22:53 org.eclipse.birt.report.model.metadata.DimensionPropertyType validateXml
FINA: return dimension value with user defined unit 0%
01-mar-2012 18:22:53 org.eclipse.birt.report.model.metadata.ChoicePropertyType validateXml
FINA: return internal name for choice repeat
01-mar-2012 18:22:53 org.eclipse.birt.report.model.metadata.DimensionPropertyType validateXml
FINA: return dimension value with user defined unit 0em
01-mar-2012 18:22:53 org.eclipse.birt.report.model.metadata.ChoicePropertyType validateXml
FINA: return internal name for choice none
01-mar-2012 18:22:53 org.eclipse.birt.report.model.metadata.ChoicePropertyType validateXml
FINA: return internal name for choice normal
01-mar-2012 18:22:53 org.eclipse.birt.report.model.metadata.ChoicePropertyType validateXml
FINA: return internal name for choice block
01-mar-2012 18:22:54 org.eclipse.birt.report.model.metadata.ChoicePropertyType validateXml
FINA: return internal name for choice auto
01-mar-2012 18:22:54 org.eclipse.birt.report.model.metadata.ChoicePropertyType validateXml
FINA: return internal name for choice auto
01-mar-2012 18:22:54 org.eclipse.birt.report.model.metadata.ChoicePropertyType validateXml
FINA: return internal name for choice auto
01-mar-2012 18:22:54 org.eclipse.birt.report.model.metadata.ChoicePropertyType validateXml
FINA: return internal name for choice none
01-mar-2012 18:22:54 org.eclipse.birt.report.model.metadata.ChoicePropertyType validateXml
FINA: return internal name for choice none
01-mar-2012 18:22:54 org.eclipse.birt.report.model.metadata.ChoicePropertyType validateXml
FINA: return internal name for choice none
01-mar-2012 18:22:54 org.eclipse.birt.report.model.metadata.ChoicePropertyType validateXml
FINA: return internal name for choice none
01-mar-2012 18:22:54 org.eclipse.birt.report.model.metadata.DimensionPropertyType validateXml
FINA: return dimension value with user defined unit 0pt
01-mar-2012 18:22:54 org.eclipse.birt.report.model.metadata.DimensionPropertyType validateXml
FINA: return dimension value with user defined unit 0pt
01-mar-2012 18:22:54 org.eclipse.birt.report.model.metadata.DimensionPropertyType validateXml
FINA: return dimension value with user defined unit 0pt
01-mar-2012 18:22:54 org.eclipse.birt.report.model.metadata.DimensionPropertyType validateXml
FINA: return dimension value with user defined unit 0pt
01-mar-2012 18:22:54 org.eclipse.birt.report.model.metadata.DimensionPropertyType validateXml
FINA: return dimension value with user defined unit 1pt
01-mar-2012 18:22:54 org.eclipse.birt.report.model.metadata.DimensionPropertyType validateXml
FINA: return dimension value with user defined unit 1pt
01-mar-2012 18:22:54 org.eclipse.birt.report.model.metadata.DimensionPropertyType validateXml
FINA: return dimension value with user defined unit 1pt
01-mar-2012 18:22:54 org.eclipse.birt.report.model.metadata.DimensionPropertyType validateXml
FINA: return dimension value with user defined unit 1pt
01-mar-2012 18:22:54 org.eclipse.birt.report.model.metadata.ChoicePropertyType validateXml
FINA: return internal name for choice auto layout
01-mar-2012 18:22:54 org.eclipse.birt.report.model.metadata.ChoicePropertyType validateXml
FINA: return internal name for choice ltr
01-mar-2012 18:22:54 org.eclipse.birt.report.model.metadata.ChoicePropertyType validateXml
FINA: return internal name for choice sum
01-mar-2012 18:22:54 org.eclipse.birt.report.model.metadata.ChoicePropertyType validateXml
FINA: return internal name for choice decimal
01-mar-2012 18:22:54 org.eclipse.birt.report.model.metadata.ChoicePropertyType validateXml
FINA: return internal name for choice asc
01-mar-2012 18:22:54 org.eclipse.birt.report.model.metadata.ChoicePropertyType validateXml
FINA: return internal name for choice auto
01-mar-2012 18:22:54 org.eclipse.birt.report.model.metadata.ChoicePropertyType validateXml
FINA: return internal name for choice auto
01-mar-2012 18:22:54 org.eclipse.birt.report.model.metadata.ChoicePropertyType validateXml
FINA: return internal name for choice auto
01-mar-2012 18:22:54 org.eclipse.birt.report.model.metadata.ChoicePropertyType validateXml
FINA: return internal name for choice none
01-mar-2012 18:22:54 org.eclipse.birt.report.model.metadata.ChoicePropertyType validateXml
FINA: return internal name for choice asc
01-mar-2012 18:22:54 org.eclipse.birt.report.model.metadata.ChoicePropertyType validateXml
FINA: return internal name for choice none
01-mar-2012 18:22:54 org.eclipse.birt.report.model.metadata.ChoicePropertyType validateXml
FINA: return internal name for choice NoChange
01-mar-2012 18:22:54 org.eclipse.birt.report.model.metadata.DimensionPropertyType validateXml
FINA: return dimension value with user defined unit 1in
01-mar-2012 18:22:54 org.eclipse.birt.report.model.metadata.DimensionPropertyType validateXml
FINA: return dimension value with user defined unit 1.25in
01-mar-2012 18:22:54 org.eclipse.birt.report.model.metadata.DimensionPropertyType validateXml
FINA: return dimension value with user defined unit 1in
01-mar-2012 18:22:54 org.eclipse.birt.report.model.metadata.DimensionPropertyType validateXml
FINA: return dimension value with user defined unit 1.25in
01-mar-2012 18:22:54 org.eclipse.birt.report.model.metadata.DimensionPropertyType validateXml
FINA: return dimension value with user defined unit 0.5in
01-mar-2012 18:22:54 org.eclipse.birt.report.model.metadata.DimensionPropertyType validateXml
FINA: return dimension value with user defined unit 0.5in
01-mar-2012 18:22:54 org.eclipse.birt.report.model.metadata.ChoicePropertyType validateXml
FINA: return internal name for choice NoChange
01-mar-2012 18:22:54 org.eclipse.birt.report.model.metadata.ChoicePropertyType validateXml
FINA: return internal name for choice none
01-mar-2012 18:22:54 org.eclipse.birt.report.model.metadata.ChoicePropertyType validateXml
FINA: return internal name for choice string
01-mar-2012 18:22:54 org.eclipse.birt.report.model.metadata.ChoicePropertyType validateXml
FINA: return internal name for choice static
01-mar-2012 18:22:54 org.eclipse.birt.report.model.metadata.ChoicePropertyType validateXml
FINA: return internal name for choice simple
01-mar-2012 18:22:54 org.eclipse.birt.report.model.metadata.ChoicePropertyType validateXml
FINA: return internal name for choice auto
01-mar-2012 18:22:54 org.eclipse.birt.report.model.metadata.ChoicePropertyType validateXml
FINA: return internal name for choice NoChange
01-mar-2012 18:22:55 org.eclipse.birt.report.model.metadata.ChoicePropertyType validateXml
FINA: return internal name for choice none
01-mar-2012 18:22:55 org.eclipse.birt.report.model.metadata.ChoicePropertyType validateXml
FINA: return internal name for choice NoChange
01-mar-2012 18:22:55 org.eclipse.birt.report.model.metadata.ChoicePropertyType validateXml
FINA: return internal name for choice none
01-mar-2012 18:22:55 org.eclipse.birt.report.model.metadata.ChoicePropertyType validateXml
FINA: return internal name for choice asc
01-mar-2012 18:22:55 org.eclipse.birt.report.model.metadata.ChoicePropertyType validateXml
FINA: return internal name for choice none
01-mar-2012 18:22:55 org.eclipse.birt.report.model.metadata.ChoicePropertyType validateXml
FINA: return internal name for choice eq
01-mar-2012 18:22:55 org.eclipse.birt.report.model.metadata.ChoicePropertyType validateXml
FINA: return internal name for choice DataSet
01-mar-2012 18:22:55 org.eclipse.birt.report.model.metadata.ChoicePropertyType validateXml
FINA: return internal name for choice size-to-image
01-mar-2012 18:22:55 org.eclipse.birt.report.model.metadata.ChoicePropertyType validateXml
FINA: return internal name for choice none
01-mar-2012 18:22:55 org.eclipse.birt.report.model.metadata.ChoicePropertyType validateXml
FINA: return internal name for choice single
01-mar-2012 18:22:55 org.eclipse.birt.report.model.metadata.DimensionPropertyType validateXml
FINA: return dimension value with user defined unit 0.5pt
01-mar-2012 18:22:55 org.eclipse.birt.report.model.metadata.ChoicePropertyType validateXml
FINA: return internal name for choice auto
01-mar-2012 18:22:55 org.eclipse.birt.report.model.metadata.ChoicePropertyType validateXml
FINA: return internal name for choice horizontal
01-mar-2012 18:22:55 org.eclipse.birt.report.model.metadata.ChoicePropertyType validateXml
FINA: return internal name for choice string
01-mar-2012 18:22:55 org.eclipse.birt.report.model.metadata.ChoicePropertyType validateXml
FINA: return internal name for choice inner
01-mar-2012 18:22:55 org.eclipse.birt.report.model.metadata.ChoicePropertyType validateXml
FINA: return internal name for choice eq
01-mar-2012 18:22:55 org.eclipse.birt.report.model.metadata.ChoicePropertyType validateXml
FINA: return internal name for choice eq
01-mar-2012 18:22:55 org.eclipse.birt.report.model.metadata.ChoicePropertyType validateXml
FINA: return internal name for choice DataSet
01-mar-2012 18:22:55 org.eclipse.birt.report.model.metadata.ChoicePropertyType validateXml
FINA: return internal name for choice string
01-mar-2012 18:22:55 org.eclipse.birt.report.model.metadata.ChoicePropertyType validateXml
FINA: return internal name for choice string
01-mar-2012 18:22:55 org.eclipse.birt.report.model.metadata.ChoicePropertyType validateXml
FINA: return internal name for choice string
01-mar-2012 18:22:55 org.eclipse.birt.report.model.metadata.ChoicePropertyType validateXml
FINA: return internal name for choice hyperlink
01-mar-2012 18:22:55 org.eclipse.birt.report.model.metadata.ChoicePropertyType validateXml
FINA: return internal name for choice eq
01-mar-2012 18:22:55 org.eclipse.birt.report.model.metadata.ChoicePropertyType validateXml
FINA: return internal name for choice any
01-mar-2012 18:22:55 org.eclipse.birt.report.model.metadata.ChoicePropertyType validateXml
FINA: return internal name for choice if-realized
01-mar-2012 18:22:55 org.eclipse.birt.report.model.metadata.ChoicePropertyType validateXml
FINA: return internal name for choice auto
01-mar-2012 18:22:55 org.eclipse.birt.report.model.metadata.ChoicePropertyType validateXml
FINA: return internal name for choice string
01-mar-2012 18:22:55 org.eclipse.birt.report.model.metadata.ChoicePropertyType validateXml
FINA: return internal name for choice hide
01-mar-2012 18:22:55 org.eclipse.birt.report.model.metadata.ChoicePropertyType validateXml
FINA: return internal name for choice asc
01-mar-2012 18:22:55 org.eclipse.birt.report.model.metadata.ChoicePropertyType validateXml
FINA: return internal name for choice string
01-mar-2012 18:22:55 org.eclipse.birt.report.model.metadata.ChoicePropertyType validateXml
FINA: return internal name for choice eq
01-mar-2012 18:22:55 org.eclipse.birt.report.model.metadata.ChoicePropertyType validateXml
FINA: return internal name for choice horizontal
01-mar-2012 18:22:55 org.eclipse.birt.report.model.metadata.ChoicePropertyType validateXml
FINA: return internal name for choice over then down
01-mar-2012 18:22:55 org.eclipse.birt.report.model.metadata.ChoicePropertyType validateInputString
FINA: Return internal name of the choice solid
01-mar-2012 18:22:57 org.eclipse.birt.report.model.metadata.DimensionPropertyType validateInputString
FINA: return dimension with user-defined unit 1pt
01-mar-2012 18:22:57 org.eclipse.birt.report.model.metadata.ColorPropertyType validateValue
FINA: the validated color value 13421772
01-mar-2012 18:22:57 org.eclipse.birt.report.model.metadata.ChoicePropertyType validateInputString
FINA: Return internal name of the choice solid
01-mar-2012 18:22:57 org.eclipse.birt.report.model.metadata.DimensionPropertyType validateInputString
FINA: return dimension with user-defined unit 1pt
01-mar-2012 18:22:57 org.eclipse.birt.report.model.metadata.ColorPropertyType validateValue
FINA: the validated color value 13421772
01-mar-2012 18:22:57 org.eclipse.birt.report.model.metadata.ChoicePropertyType validateInputString
FINA: Return internal name of the choice solid
01-mar-2012 18:22:57 org.eclipse.birt.report.model.metadata.DimensionPropertyType validateInputString
FINA: return dimension with user-defined unit 1pt
01-mar-2012 18:22:57 org.eclipse.birt.report.model.metadata.ColorPropertyType validateValue
FINA: the validated color value 13421772
01-mar-2012 18:22:57 org.eclipse.birt.report.model.metadata.ChoicePropertyType validateInputString
FINA: Return internal name of the choice solid
01-mar-2012 18:22:57 org.eclipse.birt.report.model.metadata.DimensionPropertyType validateInputString
FINA: return dimension with user-defined unit 1pt
01-mar-2012 18:22:57 org.eclipse.birt.report.model.metadata.ColorPropertyType validateValue
FINA: the validated color value 13421772
01-mar-2012 18:22:57 org.eclipse.birt.report.model.metadata.ChoicePropertyType validateInputString
FINA: Return internal name of the choice solid
01-mar-2012 18:22:57 org.eclipse.birt.report.model.metadata.DimensionPropertyType validateInputString
FINA: return dimension with user-defined unit 1pt
01-mar-2012 18:22:57 org.eclipse.birt.report.model.metadata.ColorPropertyType validateValue
FINA: the validated color value 13421772
01-mar-2012 18:22:57 org.eclipse.birt.report.model.metadata.ChoicePropertyType validateInputString
FINA: Return internal name of the choice solid
01-mar-2012 18:22:57 org.eclipse.birt.report.model.metadata.DimensionPropertyType validateInputString
FINA: return dimension with user-defined unit 1pt
01-mar-2012 18:22:57 org.eclipse.birt.report.model.metadata.ColorPropertyType validateValue
FINA: the validated color value 13421772
01-mar-2012 18:22:57 org.eclipse.birt.report.model.metadata.ChoicePropertyType validateInputString
FINA: Return internal name of the choice solid
01-mar-2012 18:22:57 org.eclipse.birt.report.model.metadata.DimensionPropertyType validateInputString
FINA: return dimension with user-defined unit 1pt
01-mar-2012 18:22:57 org.eclipse.birt.report.model.metadata.ColorPropertyType validateValue
FINA: the validated color value 13421772
01-mar-2012 18:22:57 org.eclipse.birt.report.model.metadata.ChoicePropertyType validateInputString
FINA: Return internal name of the choice solid
01-mar-2012 18:22:57 org.eclipse.birt.report.model.metadata.DimensionPropertyType validateInputString
FINA: return dimension with user-defined unit 1pt
01-mar-2012 18:22:57 org.eclipse.birt.report.model.metadata.ColorPropertyType validateValue
FINA: the validated color value 13421772
01-mar-2012 18:22:57 org.eclipse.birt.report.model.metadata.ChoicePropertyType validateXml
FINA: return internal name for choice none
01-mar-2012 18:22:57 org.eclipse.birt.report.model.metadata.ChoicePropertyType validateXml
FINA: return internal name for choice asc
01-mar-2012 18:22:57 org.eclipse.birt.report.model.metadata.ChoicePropertyType validateXml
FINA: return internal name for choice auto
01-mar-2012 18:22:57 org.eclipse.birt.report.model.metadata.ChoicePropertyType validateXml
FINA: return internal name for choice auto
01-mar-2012 18:22:57 org.eclipse.birt.report.model.metadata.ChoicePropertyType validateXml
FINA: return internal name for choice after
01-mar-2012 18:22:57 org.eclipse.birt.report.model.metadata.ChoicePropertyType validateXml
FINA: return internal name for choice none
01-mar-2012 18:22:57 org.eclipse.birt.report.model.metadata.ChoicePropertyType validateXml
FINA: return internal name for choice asc
01-mar-2012 18:22:57 org.eclipse.birt.report.model.metadata.ChoicePropertyType validateXml
FINA: return internal name for choice auto
01-mar-2012 18:22:57 org.eclipse.birt.report.model.metadata.ChoicePropertyType validateXml
FINA: return internal name for choice auto
01-mar-2012 18:22:57 org.eclipse.birt.report.model.metadata.ChoicePropertyType validateXml
FINA: return internal name for choice after
01-mar-2012 18:22:57 org.eclipse.birt.report.model.metadata.ChoicePropertyType validateXml
FINA: return internal name for choice horizontal
01-mar-2012 18:22:57 org.eclipse.birt.report.model.metadata.ChoicePropertyType validateXml
FINA: return internal name for choice over then down
01-mar-2012 18:22:57 org.eclipse.birt.report.model.metadata.ChoicePropertyType validateXml
FINA: return internal name for choice in
01-mar-2012 18:22:57 org.eclipse.birt.report.model.metadata.ChoicePropertyType validateXml
FINA: return internal name for choice ltr
01-mar-2012 18:22:58 org.eclipse.birt.report.model.metadata.ChoicePropertyType validateXml
FINA: return internal name for choice static
01-mar-2012 18:22:58 org.eclipse.birt.report.model.metadata.ChoicePropertyType validateXml
FINA: return internal name for choice string
01-mar-2012 18:22:58 org.eclipse.birt.report.model.metadata.ChoicePropertyType validateXml
FINA: return internal name for choice simple
01-mar-2012 18:22:58 org.eclipse.birt.report.model.metadata.ChoicePropertyType validateXml
FINA: return internal name for choice text-box
01-mar-2012 18:22:58 org.eclipse.birt.report.model.metadata.ChoicePropertyType validateXml
FINA: return internal name for choice static
01-mar-2012 18:22:58 org.eclipse.birt.report.model.metadata.ChoicePropertyType validateXml
FINA: return internal name for choice decimal
01-mar-2012 18:22:58 org.eclipse.birt.report.model.metadata.ChoicePropertyType validateXml
FINA: return internal name for choice simple
01-mar-2012 18:22:58 org.eclipse.birt.report.model.metadata.ChoicePropertyType validateXml
FINA: return internal name for choice text-box
01-mar-2012 18:22:58 org.eclipse.birt.report.model.metadata.ChoicePropertyType validateXml
FINA: return internal name for choice static
01-mar-2012 18:22:58 org.eclipse.birt.report.model.metadata.ChoicePropertyType validateXml
FINA: return internal name for choice string
01-mar-2012 18:22:58 org.eclipse.birt.report.model.metadata.ChoicePropertyType validateXml
FINA: return internal name for choice simple
01-mar-2012 18:22:58 org.eclipse.birt.report.model.metadata.ChoicePropertyType validateXml
FINA: return internal name for choice text-box
01-mar-2012 18:22:58 org.eclipse.birt.report.model.metadata.ChoicePropertyType validateXml
FINA: return internal name for choice string
01-mar-2012 18:22:58 org.eclipse.birt.report.model.metadata.ChoicePropertyType validateXml
FINA: return internal name for choice string
01-mar-2012 18:22:58 org.eclipse.birt.report.model.metadata.ElementRefPropertyType validateValue
FINA: Validate the value of the element reference property as a string: CNT
01-mar-2012 18:22:58 org.eclipse.birt.report.model.metadata.ChoicePropertyType validateXml
FINA: return internal name for choice string
01-mar-2012 18:22:58 org.eclipse.birt.report.model.metadata.ChoicePropertyType validateXml
FINA: return internal name for choice string
01-mar-2012 18:22:58 org.eclipse.birt.report.model.metadata.DimensionPropertyType validateXml
FINA: return dimension value with user defined unit 10pt
01-mar-2012 18:22:58 org.eclipse.birt.report.model.metadata.ColorPropertyType validateXml
FINA: The validated color property value 13421772
01-mar-2012 18:22:58 org.eclipse.birt.report.model.metadata.ChoicePropertyType validateXml
FINA: return internal name for choice solid
01-mar-2012 18:22:58 org.eclipse.birt.report.model.metadata.DimensionPropertyType validateXml
FINA: return dimension value with user defined unit 1pt
01-mar-2012 18:22:58 org.eclipse.birt.report.model.metadata.ColorPropertyType validateXml
FINA: The validated color property value 13421772
01-mar-2012 18:22:58 org.eclipse.birt.report.model.metadata.ChoicePropertyType validateXml
FINA: return internal name for choice solid
01-mar-2012 18:22:58 org.eclipse.birt.report.model.metadata.DimensionPropertyType validateXml
FINA: return dimension value with user defined unit 1pt
01-mar-2012 18:22:58 org.eclipse.birt.report.model.metadata.ColorPropertyType validateXml
FINA: The validated color property value 13421772
01-mar-2012 18:22:58 org.eclipse.birt.report.model.metadata.ChoicePropertyType validateXml
FINA: return internal name for choice solid
01-mar-2012 18:22:58 org.eclipse.birt.report.model.metadata.DimensionPropertyType validateXml
FINA: return dimension value with user defined unit 1pt
01-mar-2012 18:22:58 org.eclipse.birt.report.model.metadata.ColorPropertyType validateXml
FINA: The validated color property value 13421772
01-mar-2012 18:22:58 org.eclipse.birt.report.model.metadata.ChoicePropertyType validateXml
FINA: return internal name for choice solid
01-mar-2012 18:22:58 org.eclipse.birt.report.model.metadata.DimensionPropertyType validateXml
FINA: return dimension value with user defined unit 1pt
01-mar-2012 18:22:58 org.eclipse.birt.report.model.metadata.ColorPropertyType validateXml
FINA: The validated color property value 13421772
01-mar-2012 18:22:58 org.eclipse.birt.report.model.metadata.ChoicePropertyType validateXml
FINA: return internal name for choice solid
01-mar-2012 18:22:58 org.eclipse.birt.report.model.metadata.DimensionPropertyType validateXml
FINA: return dimension value with user defined unit 1pt
01-mar-2012 18:22:58 org.eclipse.birt.report.model.metadata.ColorPropertyType validateXml
FINA: The validated color property value 13421772
01-mar-2012 18:22:58 org.eclipse.birt.report.model.metadata.ChoicePropertyType validateXml
FINA: return internal name for choice solid
01-mar-2012 18:22:58 org.eclipse.birt.report.model.metadata.DimensionPropertyType validateXml
FINA: return dimension value with user defined unit 1pt
01-mar-2012 18:22:58 org.eclipse.birt.report.model.metadata.ColorPropertyType validateXml
FINA: The validated color property value 13421772
01-mar-2012 18:22:58 org.eclipse.birt.report.model.metadata.ChoicePropertyType validateXml
FINA: return internal name for choice solid
01-mar-2012 18:22:58 org.eclipse.birt.report.model.metadata.DimensionPropertyType validateXml
FINA: return dimension value with user defined unit 1pt
01-mar-2012 18:22:58 org.eclipse.birt.report.model.metadata.ColorPropertyType validateXml
FINA: The validated color property value 13421772
01-mar-2012 18:22:58 org.eclipse.birt.report.model.metadata.ChoicePropertyType validateXml
FINA: return internal name for choice solid
01-mar-2012 18:22:58 org.eclipse.birt.report.model.metadata.DimensionPropertyType validateXml
FINA: return dimension value with user defined unit 1pt
01-mar-2012 18:22:58 org.eclipse.birt.report.model.metadata.DimensionPropertyType validateXml
FINA: return dimension value with user defined unit 0mm
01-mar-2012 18:22:58 org.eclipse.birt.report.model.metadata.DimensionPropertyType validateXml
FINA: return dimension value with user defined unit 7mm
01-mar-2012 18:22:58 org.eclipse.birt.report.model.metadata.DimensionPropertyType validateXml
FINA: return dimension value with user defined unit 0mm
01-mar-2012 18:22:58 org.eclipse.birt.report.model.metadata.DimensionPropertyType validateXml
FINA: return dimension value with user defined unit 7mm
01-mar-2012 18:22:58 org.eclipse.birt.report.model.metadata.DimensionPropertyType validateXml
FINA: return dimension value with user defined unit 0mm
01-mar-2012 18:22:58 org.eclipse.birt.report.model.metadata.DimensionPropertyType validateXml
FINA: return dimension value with user defined unit 0mm
01-mar-2012 18:22:58 org.eclipse.birt.report.model.metadata.DimensionPropertyType validateXml
FINA: return dimension value with user defined unit 2.8333333333333335in
01-mar-2012 18:22:58 org.eclipse.birt.report.model.metadata.DimensionPropertyType validateXml
FINA: return dimension value with user defined unit 7.6875in
01-mar-2012 18:22:58 org.eclipse.birt.report.model.metadata.ElementRefPropertyType validateValue
FINA: Validate the value of the element reference property as a string: CNT-DS
01-mar-2012 18:22:58 org.eclipse.birt.report.model.metadata.ChoicePropertyType validateXml
FINA: return internal name for choice string
01-mar-2012 18:22:58 org.eclipse.birt.report.model.metadata.ChoicePropertyType validateXml
FINA: return internal name for choice string
01-mar-2012 18:22:58 org.eclipse.birt.report.model.metadata.ChoicePropertyType validateXml
FINA: return internal name for choice string
01-mar-2012 18:22:58 org.eclipse.birt.report.model.metadata.ChoicePropertyType validateXml
FINA: return internal name for choice string
01-mar-2012 18:22:58 org.eclipse.birt.report.model.metadata.ChoicePropertyType validateXml
FINA: return internal name for choice string
01-mar-2012 18:22:58 org.eclipse.birt.report.model.metadata.DimensionPropertyType validateXml
FINA: return dimension value with user defined unit 1.34375in
01-mar-2012 18:22:58 org.eclipse.birt.report.model.metadata.DimensionPropertyType validateXml
FINA: return dimension value with user defined unit 3.1041666666666665in
01-mar-2012 18:22:58 org.eclipse.birt.report.model.metadata.DimensionPropertyType validateXml
FINA: return dimension value with user defined unit 3.2395833333333335in
01-mar-2012 18:22:58 org.eclipse.birt.report.model.metadata.DimensionPropertyType validateXml
FINA: return dimension value with user defined unit 6mm
01-mar-2012 18:22:58 org.eclipse.birt.report.model.metadata.DimensionPropertyType validateXml
FINA: return dimension value with user defined unit 0pt
01-mar-2012 18:22:58 org.eclipse.birt.report.model.metadata.DimensionPropertyType validateXml
FINA: return dimension value with user defined unit 0pt
01-mar-2012 18:22:58 org.eclipse.birt.report.model.metadata.DimensionPropertyType validateXml
FINA: return dimension value with user defined unit 0pt
01-mar-2012 18:22:58 org.eclipse.birt.report.model.metadata.DimensionPropertyType validateXml
FINA: return dimension value with user defined unit 0pt
01-mar-2012 18:22:58 org.eclipse.birt.report.model.metadata.DimensionPropertyType validateXml
FINA: return dimension value with user defined unit 0pt
01-mar-2012 18:22:58 org.eclipse.birt.report.model.metadata.DimensionPropertyType validateXml
FINA: return dimension value with user defined unit 0pt
01-mar-2012 18:22:58 org.eclipse.birt.report.model.metadata.DimensionPropertyType validateXml
FINA: return dimension value with user defined unit 0pt
01-mar-2012 18:22:58 org.eclipse.birt.report.model.metadata.DimensionPropertyType validateXml
FINA: return dimension value with user defined unit 0pt
01-mar-2012 18:22:58 org.eclipse.birt.report.model.metadata.DimensionPropertyType validateXml
FINA: return dimension value with user defined unit 0pt
01-mar-2012 18:22:58 org.eclipse.birt.report.model.metadata.DimensionPropertyType validateXml
FINA: return dimension value with user defined unit 0pt
01-mar-2012 18:22:58 org.eclipse.birt.report.model.metadata.DimensionPropertyType validateXml
FINA: return dimension value with user defined unit 0pt
01-mar-2012 18:22:58 org.eclipse.birt.report.model.metadata.DimensionPropertyType validateXml
FINA: return dimension value with user defined unit 0pt
01-mar-2012 18:22:58 org.eclipse.birt.report.model.metadata.DimensionPropertyType validateXml
FINA: return dimension value with user defined unit 10mm
01-mar-2012 18:22:58 org.eclipse.birt.report.model.metadata.ColorPropertyType validateXml
FINA: The validated color property value 0
01-mar-2012 18:22:58 org.eclipse.birt.report.model.metadata.ChoicePropertyType validateXml
FINA: return internal name for choice solid
01-mar-2012 18:22:58 org.eclipse.birt.report.model.metadata.ColorPropertyType validateXml
FINA: The validated color property value 0
01-mar-2012 18:22:58 org.eclipse.birt.report.model.metadata.ChoicePropertyType validateXml
FINA: return internal name for choice solid
01-mar-2012 18:22:58 org.eclipse.birt.report.model.metadata.ColorPropertyType validateXml
FINA: The validated color property value 0
01-mar-2012 18:22:58 org.eclipse.birt.report.model.metadata.ChoicePropertyType validateXml
FINA: return internal name for choice solid
01-mar-2012 18:22:58 org.eclipse.birt.report.model.metadata.ColorPropertyType validateXml
FINA: The validated color property value 0
01-mar-2012 18:22:58 org.eclipse.birt.report.model.metadata.ChoicePropertyType validateXml
FINA: return internal name for choice solid
01-mar-2012 18:22:58 org.eclipse.birt.report.model.metadata.DimensionPropertyType validateXml
FINA: return dimension value with user defined unit 0pt
01-mar-2012 18:22:58 org.eclipse.birt.report.model.metadata.DimensionPropertyType validateXml
FINA: return dimension value with user defined unit 0pt
01-mar-2012 18:22:58 org.eclipse.birt.report.model.metadata.DimensionPropertyType validateXml
FINA: return dimension value with user defined unit 0pt
01-mar-2012 18:22:58 org.eclipse.birt.report.model.metadata.DimensionPropertyType validateXml
FINA: return dimension value with user defined unit 0pt
01-mar-2012 18:22:58 org.eclipse.birt.report.model.metadata.DimensionPropertyType validateXml
FINA: return dimension value with user defined unit 18pt
01-mar-2012 18:22:58 org.eclipse.birt.report.model.metadata.ChoicePropertyType validateXml
FINA: return internal name for choice bold
01-mar-2012 18:22:58 org.eclipse.birt.report.model.metadata.DimensionPropertyType validateXml
FINA: return dimension value with user defined unit 0pt
01-mar-2012 18:22:58 org.eclipse.birt.report.model.metadata.DimensionPropertyType validateXml
FINA: return dimension value with user defined unit 0pt
01-mar-2012 18:22:58 org.eclipse.birt.report.model.metadata.DimensionPropertyType validateXml
FINA: return dimension value with user defined unit 0pt
01-mar-2012 18:22:58 org.eclipse.birt.report.model.metadata.DimensionPropertyType validateXml
FINA: return dimension value with user defined unit 0pt
01-mar-2012 18:22:58 org.eclipse.birt.report.model.metadata.DimensionPropertyType validateXml
FINA: return dimension value with user defined unit 0pt
01-mar-2012 18:22:58 org.eclipse.birt.report.model.metadata.DimensionPropertyType validateXml
FINA: return dimension value with user defined unit 0pt
01-mar-2012 18:22:58 org.eclipse.birt.report.model.metadata.DimensionPropertyType validateXml
FINA: return dimension value with user defined unit 0pt
01-mar-2012 18:22:58 org.eclipse.birt.report.model.metadata.DimensionPropertyType validateXml
FINA: return dimension value with user defined unit 0pt
01-mar-2012 18:22:58 org.eclipse.birt.report.model.metadata.DimensionPropertyType validateXml
FINA: return dimension value with user defined unit 18pt
01-mar-2012 18:22:58 org.eclipse.birt.report.model.metadata.ChoicePropertyType validateXml
FINA: return internal name for choice bold
01-mar-2012 18:22:58 org.eclipse.birt.report.model.metadata.DimensionPropertyType validateXml
FINA: return dimension value with user defined unit 0pt
01-mar-2012 18:22:58 org.eclipse.birt.report.model.metadata.DimensionPropertyType validateXml
FINA: return dimension value with user defined unit 0pt
01-mar-2012 18:22:58 org.eclipse.birt.report.model.metadata.DimensionPropertyType validateXml
FINA: return dimension value with user defined unit 0pt
01-mar-2012 18:22:58 org.eclipse.birt.report.model.metadata.DimensionPropertyType validateXml
FINA: return dimension value with user defined unit 0pt
01-mar-2012 18:22:58 org.eclipse.birt.report.model.metadata.DimensionPropertyType validateXml
FINA: return dimension value with user defined unit 5pt
01-mar-2012 18:22:58 org.eclipse.birt.report.model.metadata.ChoicePropertyType validateXml
FINA: return internal name for choice right
01-mar-2012 18:22:58 org.eclipse.birt.report.model.metadata.DimensionPropertyType validateXml
FINA: return dimension value with user defined unit 49mm
01-mar-2012 18:22:58 org.eclipse.birt.report.model.metadata.ColorPropertyType validateXml
FINA: The validated color property value 0
01-mar-2012 18:22:58 org.eclipse.birt.report.model.metadata.ChoicePropertyType validateXml
FINA: return internal name for choice solid
01-mar-2012 18:22:58 org.eclipse.birt.report.model.metadata.ColorPropertyType validateXml
FINA: The validated color property value 0
01-mar-2012 18:22:58 org.eclipse.birt.report.model.metadata.ChoicePropertyType validateXml
FINA: return internal name for choice solid
01-mar-2012 18:22:58 org.eclipse.birt.report.model.metadata.ColorPropertyType validateXml
FINA: The validated color property value 0
01-mar-2012 18:22:58 org.eclipse.birt.report.model.metadata.ChoicePropertyType validateXml
FINA: return internal name for choice solid
01-mar-2012 18:22:58 org.eclipse.birt.report.model.metadata.ColorPropertyType validateXml
FINA: The validated color property value 0
01-mar-2012 18:22:58 org.eclipse.birt.report.model.metadata.ChoicePropertyType validateXml
FINA: return internal name for choice solid
01-mar-2012 18:22:58 org.eclipse.birt.report.model.metadata.ColorPropertyType validateXml
FINA: The validated color property value 0
01-mar-2012 18:22:58 org.eclipse.birt.report.model.metadata.ChoicePropertyType validateXml
FINA: return internal name for choice solid
01-mar-2012 18:22:58 org.eclipse.birt.report.model.metadata.DimensionPropertyType validateXml
FINA: return dimension value with user defined unit 40pt
01-mar-2012 18:22:58 org.eclipse.birt.report.model.metadata.DimensionPropertyType validateXml
FINA: return dimension value with user defined unit 0pt
01-mar-2012 18:22:58 org.eclipse.birt.report.model.metadata.DimensionPropertyType validateXml
FINA: return dimension value with user defined unit 20pt
01-mar-2012 18:22:58 org.eclipse.birt.report.model.metadata.DimensionPropertyType validateXml
FINA: return dimension value with user defined unit 0pt
01-mar-2012 18:22:58 org.eclipse.birt.report.model.metadata.ChoicePropertyType validateXml
FINA: return internal name for choice string
01-mar-2012 18:22:58 org.eclipse.birt.report.model.metadata.ColorPropertyType validateXml
FINA: The validated color property value 0
01-mar-2012 18:22:58 org.eclipse.birt.report.model.metadata.ChoicePropertyType validateXml
FINA: return internal name for choice solid
01-mar-2012 18:22:58 org.eclipse.birt.report.model.metadata.ColorPropertyType validateXml
FINA: The validated color property value 0
01-mar-2012 18:22:58 org.eclipse.birt.report.model.metadata.ChoicePropertyType validateXml
FINA: return internal name for choice solid
01-mar-2012 18:22:58 org.eclipse.birt.report.model.metadata.DimensionPropertyType validateXml
FINA: return dimension value with user defined unit 0pt
01-mar-2012 18:22:58 org.eclipse.birt.report.model.metadata.DimensionPropertyType validateXml
FINA: return dimension value with user defined unit 0pt
01-mar-2012 18:22:58 org.eclipse.birt.report.model.metadata.DimensionPropertyType validateXml
FINA: return dimension value with user defined unit 0pt
01-mar-2012 18:22:58 org.eclipse.birt.report.model.metadata.DimensionPropertyType validateXml
FINA: return dimension value with user defined unit 0pt
01-mar-2012 18:22:58 org.eclipse.birt.report.model.metadata.DimensionPropertyType validateXml
FINA: return dimension value with user defined unit 100pt
01-mar-2012 18:22:58 org.eclipse.birt.report.model.metadata.DimensionPropertyType validateXml
FINA: return dimension value with user defined unit 0pt
01-mar-2012 18:22:58 org.eclipse.birt.report.model.metadata.DimensionPropertyType validateXml
FINA: return dimension value with user defined unit 0pt
01-mar-2012 18:22:58 org.eclipse.birt.report.model.metadata.DimensionPropertyType validateXml
FINA: return dimension value with user defined unit 0pt
01-mar-2012 18:22:58 org.eclipse.birt.report.model.metadata.DimensionPropertyType validateXml
FINA: return dimension value with user defined unit 0pt
01-mar-2012 18:22:58 org.eclipse.birt.report.model.metadata.DimensionPropertyType validateXml
FINA: return dimension value with user defined unit 0pt
01-mar-2012 18:22:58 org.eclipse.birt.report.model.metadata.ChoicePropertyType validateXml
FINA: return internal name for choice center
01-mar-2012 18:22:58 org.eclipse.birt.report.model.metadata.DimensionPropertyType validateXml
FINA: return dimension value with user defined unit 7.5mm
01-mar-2012 18:22:58 org.eclipse.birt.report.model.metadata.DimensionPropertyType validateXml
FINA: return dimension value with user defined unit 0pt
01-mar-2012 18:22:58 org.eclipse.birt.report.model.metadata.DimensionPropertyType validateXml
FINA: return dimension value with user defined unit 0pt
01-mar-2012 18:22:58 org.eclipse.birt.report.model.metadata.DimensionPropertyType validateXml
FINA: return dimension value with user defined unit 0pt
01-mar-2012 18:22:58 org.eclipse.birt.report.model.metadata.DimensionPropertyType validateXml
FINA: return dimension value with user defined unit 0pt
01-mar-2012 18:22:59 org.eclipse.birt.report.engine.api.impl.ReportEngine createGetParameterDefinitionTask
FINA: ReportEngine.createGetParameterDefinitionTask: reportRunnable=org.eclipse.birt.report.engine.api.impl.ReportRunnable@130f58e 
01-mar-2012 18:22:59 org.eclipse.birt.report.engine.api.impl.EngineTask setAppContext
FINA: EngineTask.setAppContext: context=PARENT_CLASSLOADER=WebappClassLoader
  context: /birt-adaia3
  delegate: false
  repositories:
----------> Parent Classloader:
org.apache.catalina.loader.StandardClassLoader@166a22b
;webapplication.projectclasspath=;
01-mar-2012 18:22:59 org.eclipse.birt.report.engine.api.impl.EngineTask setLocale
FINA: EngineTask.setLocale: locale=espaol (Espaa)
01-mar-2012 18:22:59 org.eclipse.birt.report.engine.api.impl.EngineTask setAppContext
FINA: EngineTask.setAppContext: context=PARENT_CLASSLOADER=WebappClassLoader
  context: /birt-adaia3
  delegate: false
  repositories:
----------> Parent Classloader:
org.apache.catalina.loader.StandardClassLoader@166a22b
;CHART_RESOLUTION=null;org.eclipse.birt.data.engine.dataset.cache.option=false;org.eclipse.birt.data.engine.cube.inmemory.size=0;webapplication.projectclasspath=;BIRT_VIEWER_HTTPSERVET_REQUEST=org.apache.catalina.connector.RequestFacade@9e0cac;birt.viewer.resource.path=/opt/hpws/tomcat/webapps/birt-adaia3;
01-mar-2012 18:22:59 org.eclipse.birt.report.engine.api.impl.EngineTask setAppContext
FINA: EngineTask.setAppContext: context=PARENT_CLASSLOADER=WebappClassLoader
  context: /birt-adaia3
  delegate: false
  repositories:
----------> Parent Classloader:
org.apache.catalina.loader.StandardClassLoader@166a22b
;webapplication.projectclasspath=;BIRT_VIEWER_HTTPSERVET_REQUEST=org.apache.catalina.connector.RequestFacade@9e0cac;
01-mar-2012 18:22:59 org.eclipse.birt.report.engine.api.impl.ReportEngine createGetParameterDefinitionTask
FINA: ReportEngine.createGetParameterDefinitionTask: reportRunnable=org.eclipse.birt.report.engine.api.impl.ReportRunnable@130f58e 
01-mar-2012 18:22:59 org.eclipse.birt.report.engine.api.impl.EngineTask setAppContext
FINA: EngineTask.setAppContext: context=PARENT_CLASSLOADER=WebappClassLoader
  context: /birt-adaia3
  delegate: false
  repositories:
----------> Parent Classloader:
org.apache.catalina.loader.StandardClassLoader@166a22b
;webapplication.projectclasspath=;
01-mar-2012 18:22:59 org.eclipse.birt.report.engine.api.impl.EngineTask setLocale
FINA: EngineTask.setLocale: locale=espaol (Espaa)
01-mar-2012 18:22:59 org.eclipse.birt.report.engine.api.impl.EngineTask setAppContext
FINA: EngineTask.setAppContext: context=PARENT_CLASSLOADER=WebappClassLoader
  context: /birt-adaia3
  delegate: false
  repositories:
----------> Parent Classloader:
org.apache.catalina.loader.StandardClassLoader@166a22b
;CHART_RESOLUTION=null;org.eclipse.birt.data.engine.dataset.cache.option=false;org.eclipse.birt.data.engine.cube.inmemory.size=0;webapplication.projectclasspath=;BIRT_VIEWER_HTTPSERVET_REQUEST=org.apache.catalina.connector.RequestFacade@9e0cac;birt.viewer.resource.path=/opt/hpws/tomcat/webapps/birt-adaia3;
01-mar-2012 18:22:59 org.eclipse.birt.report.engine.api.impl.EngineTask setAppContext
FINA: EngineTask.setAppContext: context=PARENT_CLASSLOADER=WebappClassLoader
  context: /birt-adaia3
  delegate: false
  repositories:
----------> Parent Classloader:
org.apache.catalina.loader.StandardClassLoader@166a22b
;webapplication.projectclasspath=;BIRT_VIEWER_HTTPSERVET_REQUEST=org.apache.catalina.connector.RequestFacade@9e0cac;
01-mar-2012 18:22:59 org.eclipse.birt.report.engine.api.impl.ReportEngine createGetParameterDefinitionTask
FINA: ReportEngine.createGetParameterDefinitionTask: reportRunnable=org.eclipse.birt.report.engine.api.impl.ReportRunnable@130f58e 
01-mar-2012 18:22:59 org.eclipse.birt.report.engine.api.impl.EngineTask setAppContext
FINA: EngineTask.setAppContext: context=PARENT_CLASSLOADER=WebappClassLoader
  context: /birt-adaia3
  delegate: false
  repositories:
----------> Parent Classloader:
org.apache.catalina.loader.StandardClassLoader@166a22b
;webapplication.projectclasspath=;
01-mar-2012 18:22:59 org.eclipse.birt.report.engine.api.impl.EngineTask setLocale
FINA: EngineTask.setLocale: locale=espaol (Espaa)
01-mar-2012 18:22:59 org.eclipse.birt.report.engine.api.impl.EngineTask setAppContext
FINA: EngineTask.setAppContext: context=PARENT_CLASSLOADER=WebappClassLoader
  context: /birt-adaia3
  delegate: false
  repositories:
----------> Parent Classloader:
org.apache.catalina.loader.StandardClassLoader@166a22b
;CHART_RESOLUTION=null;org.eclipse.birt.data.engine.dataset.cache.option=false;org.eclipse.birt.data.engine.cube.inmemory.size=0;webapplication.projectclasspath=;BIRT_VIEWER_HTTPSERVET_REQUEST=org.apache.catalina.connector.RequestFacade@9e0cac;birt.viewer.resource.path=/opt/hpws/tomcat/webapps/birt-adaia3;
01-mar-2012 18:22:59 org.eclipse.birt.report.engine.api.impl.EngineTask setAppContext
FINA: EngineTask.setAppContext: context=PARENT_CLASSLOADER=WebappClassLoader
  context: /birt-adaia3
  delegate: false
  repositories:
----------> Parent Classloader:
org.apache.catalina.loader.StandardClassLoader@166a22b
;webapplication.projectclasspath=;BIRT_VIEWER_HTTPSERVET_REQUEST=org.apache.catalina.connector.RequestFacade@9e0cac;
01-mar-2012 18:22:59 org.eclipse.birt.report.engine.api.impl.ReportEngine createGetParameterDefinitionTask
FINA: ReportEngine.createGetParameterDefinitionTask: reportRunnable=org.eclipse.birt.report.engine.api.impl.ReportRunnable@130f58e 
01-mar-2012 18:22:59 org.eclipse.birt.report.engine.api.impl.EngineTask setAppContext
FINA: EngineTask.setAppContext: context=PARENT_CLASSLOADER=WebappClassLoader
  context: /birt-adaia3
  delegate: false
  repositories:
----------> Parent Classloader:
org.apache.catalina.loader.StandardClassLoader@166a22b
;webapplication.projectclasspath=;
01-mar-2012 18:22:59 org.eclipse.birt.report.engine.api.impl.EngineTask setLocale
FINA: EngineTask.setLocale: locale=espaol (Espaa)
01-mar-2012 18:22:59 org.eclipse.birt.report.engine.api.impl.EngineTask setAppContext
FINA: EngineTask.setAppContext: context=PARENT_CLASSLOADER=WebappClassLoader
  context: /birt-adaia3
  delegate: false
  repositories:
----------> Parent Classloader:
org.apache.catalina.loader.StandardClassLoader@166a22b
;CHART_RESOLUTION=null;org.eclipse.birt.data.engine.dataset.cache.option=false;org.eclipse.birt.data.engine.cube.inmemory.size=0;webapplication.projectclasspath=;BIRT_VIEWER_HTTPSERVET_REQUEST=org.apache.catalina.connector.RequestFacade@9e0cac;birt.viewer.resource.path=/opt/hpws/tomcat/webapps/birt-adaia3;
01-mar-2012 18:22:59 org.eclipse.birt.report.engine.api.impl.EngineTask setAppContext
FINA: EngineTask.setAppContext: context=PARENT_CLASSLOADER=WebappClassLoader
  context: /birt-adaia3
  delegate: false
  repositories:
----------> Parent Classloader:
org.apache.catalina.loader.StandardClassLoader@166a22b
;webapplication.projectclasspath=;BIRT_VIEWER_HTTPSERVET_REQUEST=org.apache.catalina.connector.RequestFacade@9e0cac;
01-mar-2012 18:23:09 org.eclipse.birt.report.engine.api.impl.ReportEngine createRunAndRenderTask
FINA: ReportEngine.createRunAndRenderTask: reportRunnable=org.eclipse.birt.report.engine.api.impl.ReportRunnable@130f58e 
01-mar-2012 18:23:09 org.eclipse.birt.report.engine.api.impl.EngineTask setAppContext
FINA: EngineTask.setAppContext: context=PARENT_CLASSLOADER=WebappClassLoader
  context: /birt-adaia3
  delegate: false
  repositories:
----------> Parent Classloader:
org.apache.catalina.loader.StandardClassLoader@166a22b
;webapplication.projectclasspath=;
01-mar-2012 18:23:09 org.eclipse.birt.report.engine.api.impl.EngineTask setLocale
FINA: EngineTask.setLocale: locale=espaol (Espaa)
01-mar-2012 18:23:09 org.eclipse.birt.report.engine.api.impl.EngineTask setParameterValue
FINA: EngineTask.setParameterValue: pCntCods=2697 [java.lang.String]
01-mar-2012 18:23:09 org.eclipse.birt.report.engine.api.impl.EngineTask setParameterValue
FINA: EngineTask.setParameterValue: pstrRECoEXP=E [java.lang.String]
01-mar-2012 18:23:09 org.eclipse.birt.report.engine.api.impl.EngineTask setParameterValue
FINA: EngineTask.setParameterValue: pCopias=1 [java.math.BigDecimal]
01-mar-2012 18:23:09 org.eclipse.birt.report.engine.api.impl.EngineTask setAppContext
FINA: EngineTask.setAppContext: context=PARENT_CLASSLOADER=WebappClassLoader
  context: /birt-adaia3
  delegate: false
  repositories:
----------> Parent Classloader:
org.apache.catalina.loader.StandardClassLoader@166a22b
;CHART_RESOLUTION=null;org.eclipse.birt.data.engine.dataset.cache.option=false;org.eclipse.birt.data.engine.cube.inmemory.size=0;webapplication.projectclasspath=;BIRT_VIEWER_HTTPSERVET_REQUEST=org.apache.catalina.connector.RequestFacade@9e0cac;birt.viewer.resource.path=/opt/hpws/tomcat/webapps/birt-adaia3;
01-mar-2012 18:23:09 org.eclipse.birt.report.engine.api.impl.EngineTask loggerParamters
FINA: Running the report with paramters: pCntCods:2697
pCopias:1
pstrRECoEXP:E

01-mar-2012 18:24:21 org.eclipse.birt.report.engine.api.impl.ReportEngine openReportDesign
FINA: ReportEngine.openReportDesign: name=file:/opt/hpws/tomcat/webapps/birt-adaia3/report/CNT-ETI-004.rptdesign, designStream=java.io.FileInputStream@f5a497, options={3} 
01-mar-2012 18:24:21 org.eclipse.birt.report.model.metadata.ChoicePropertyType validateXml
FINA: return internal name for choice in
01-mar-2012 18:24:21 org.eclipse.birt.report.model.metadata.ChoicePropertyType validateXml
FINA: return internal name for choice ltr
01-mar-2012 18:24:21 org.eclipse.birt.report.model.metadata.ChoicePropertyType validateXml
FINA: return internal name for choice static
01-mar-2012 18:24:21 org.eclipse.birt.report.model.metadata.ChoicePropertyType validateXml
FINA: return internal name for choice string
01-mar-2012 18:24:21 org.eclipse.birt.report.model.metadata.ChoicePropertyType validateXml
FINA: return internal name for choice simple
01-mar-2012 18:24:21 org.eclipse.birt.report.model.metadata.ChoicePropertyType validateXml
FINA: return internal name for choice text-box
01-mar-2012 18:24:21 org.eclipse.birt.report.model.metadata.ChoicePropertyType validateXml
FINA: return internal name for choice static
01-mar-2012 18:24:21 org.eclipse.birt.report.model.metadata.ChoicePropertyType validateXml
FINA: return internal name for choice decimal
01-mar-2012 18:24:21 org.eclipse.birt.report.model.metadata.ChoicePropertyType validateXml
FINA: return internal name for choice simple
01-mar-2012 18:24:21 org.eclipse.birt.report.model.metadata.ChoicePropertyType validateXml
FINA: return internal name for choice text-box
01-mar-2012 18:24:21 org.eclipse.birt.report.model.metadata.ChoicePropertyType validateXml
FINA: return internal name for choice static
01-mar-2012 18:24:21 org.eclipse.birt.report.model.metadata.ChoicePropertyType validateXml
FINA: return internal name for choice string
01-mar-2012 18:24:21 org.eclipse.birt.report.model.metadata.ChoicePropertyType validateXml
FINA: return internal name for choice simple
01-mar-2012 18:24:21 org.eclipse.birt.report.model.metadata.ChoicePropertyType validateXml
FINA: return internal name for choice text-box
01-mar-2012 18:24:21 org.eclipse.birt.report.model.metadata.ChoicePropertyType validateXml
FINA: return internal name for choice string
01-mar-2012 18:24:21 org.eclipse.birt.report.model.metadata.ChoicePropertyType validateXml
FINA: return internal name for choice string
01-mar-2012 18:24:21 org.eclipse.birt.report.model.metadata.ElementRefPropertyType validateValue
FINA: Validate the value of the element reference property as a string: CNT
01-mar-2012 18:24:21 org.eclipse.birt.report.model.metadata.ChoicePropertyType validateXml
FINA: return internal name for choice string
01-mar-2012 18:24:21 org.eclipse.birt.report.model.metadata.ChoicePropertyType validateXml
FINA: return internal name for choice string
01-mar-2012 18:24:21 org.eclipse.birt.report.model.metadata.DimensionPropertyType validateXml
FINA: return dimension value with user defined unit 10pt
01-mar-2012 18:24:21 org.eclipse.birt.report.model.metadata.ColorPropertyType validateXml
FINA: The validated color property value 13421772
01-mar-2012 18:24:21 org.eclipse.birt.report.model.metadata.ChoicePropertyType validateXml
FINA: return internal name for choice solid
01-mar-2012 18:24:21 org.eclipse.birt.report.model.metadata.DimensionPropertyType validateXml
FINA: return dimension value with user defined unit 1pt
01-mar-2012 18:24:21 org.eclipse.birt.report.model.metadata.ColorPropertyType validateXml
FINA: The validated color property value 13421772
01-mar-2012 18:24:21 org.eclipse.birt.report.model.metadata.ChoicePropertyType validateXml
FINA: return internal name for choice solid
01-mar-2012 18:24:21 org.eclipse.birt.report.model.metadata.DimensionPropertyType validateXml
FINA: return dimension value with user defined unit 1pt
01-mar-2012 18:24:21 org.eclipse.birt.report.model.metadata.ColorPropertyType validateXml
FINA: The validated color property value 13421772
01-mar-2012 18:24:21 org.eclipse.birt.report.model.metadata.ChoicePropertyType validateXml
FINA: return internal name for choice solid
01-mar-2012 18:24:21 org.eclipse.birt.report.model.metadata.DimensionPropertyType validateXml
FINA: return dimension value with user defined unit 1pt
01-mar-2012 18:24:21 org.eclipse.birt.report.model.metadata.ColorPropertyType validateXml
FINA: The validated color property value 13421772
01-mar-2012 18:24:21 org.eclipse.birt.report.model.metadata.ChoicePropertyType validateXml
FINA: return internal name for choice solid
01-mar-2012 18:24:21 org.eclipse.birt.report.model.metadata.DimensionPropertyType validateXml
FINA: return dimension value with user defined unit 1pt
01-mar-2012 18:24:21 org.eclipse.birt.report.model.metadata.ColorPropertyType validateXml
FINA: The validated color property value 13421772
01-mar-2012 18:24:21 org.eclipse.birt.report.model.metadata.ChoicePropertyType validateXml
FINA: return internal name for choice solid
01-mar-2012 18:24:21 org.eclipse.birt.report.model.metadata.DimensionPropertyType validateXml
FINA: return dimension value with user defined unit 1pt
01-mar-2012 18:24:21 org.eclipse.birt.report.model.metadata.ColorPropertyType validateXml
FINA: The validated color property value 13421772
01-mar-2012 18:24:21 org.eclipse.birt.report.model.metadata.ChoicePropertyType validateXml
FINA: return internal name for choice solid
01-mar-2012 18:24:21 org.eclipse.birt.report.model.metadata.DimensionPropertyType validateXml
FINA: return dimension value with user defined unit 1pt
01-mar-2012 18:24:21 org.eclipse.birt.report.model.metadata.ColorPropertyType validateXml
FINA: The validated color property value 13421772
01-mar-2012 18:24:21 org.eclipse.birt.report.model.metadata.ChoicePropertyType validateXml
FINA: return internal name for choice solid
01-mar-2012 18:24:21 org.eclipse.birt.report.model.metadata.DimensionPropertyType validateXml
FINA: return dimension value with user defined unit 1pt
01-mar-2012 18:24:21 org.eclipse.birt.report.model.metadata.ColorPropertyType validateXml
FINA: The validated color property value 13421772
01-mar-2012 18:24:21 org.eclipse.birt.report.model.metadata.ChoicePropertyType validateXml
FINA: return internal name for choice solid
01-mar-2012 18:24:21 org.eclipse.birt.report.model.metadata.DimensionPropertyType validateXml
FINA: return dimension value with user defined unit 1pt
01-mar-2012 18:24:21 org.eclipse.birt.report.model.metadata.DimensionPropertyType validateXml
FINA: return dimension value with user defined unit 0mm
01-mar-2012 18:24:21 org.eclipse.birt.report.model.metadata.DimensionPropertyType validateXml
FINA: return dimension value with user defined unit 7mm
01-mar-2012 18:24:21 org.eclipse.birt.report.model.metadata.DimensionPropertyType validateXml
FINA: return dimension value with user defined unit 0mm
01-mar-2012 18:24:21 org.eclipse.birt.report.model.metadata.DimensionPropertyType validateXml
FINA: return dimension value with user defined unit 7mm
01-mar-2012 18:24:21 org.eclipse.birt.report.model.metadata.DimensionPropertyType validateXml
FINA: return dimension value with user defined unit 0mm
01-mar-2012 18:24:21 org.eclipse.birt.report.model.metadata.DimensionPropertyType validateXml
FINA: return dimension value with user defined unit 0mm
01-mar-2012 18:24:21 org.eclipse.birt.report.model.metadata.DimensionPropertyType validateXml
FINA: return dimension value with user defined unit 2.8333333333333335in
01-mar-2012 18:24:21 org.eclipse.birt.report.model.metadata.DimensionPropertyType validateXml
FINA: return dimension value with user defined unit 7.6875in
01-mar-2012 18:24:21 org.eclipse.birt.report.model.metadata.ElementRefPropertyType validateValue
FINA: Validate the value of the element reference property as a string: CNT-DS
01-mar-2012 18:24:21 org.eclipse.birt.report.model.metadata.ChoicePropertyType validateXml
FINA: return internal name for choice string
01-mar-2012 18:24:21 org.eclipse.birt.report.model.metadata.ChoicePropertyType validateXml
FINA: return internal name for choice string
01-mar-2012 18:24:21 org.eclipse.birt.report.model.metadata.ChoicePropertyType validateXml
FINA: return internal name for choice string
01-mar-2012 18:24:21 org.eclipse.birt.report.model.metadata.ChoicePropertyType validateXml
FINA: return internal name for choice string
01-mar-2012 18:24:21 org.eclipse.birt.report.model.metadata.ChoicePropertyType validateXml
FINA: return internal name for choice string
01-mar-2012 18:24:21 org.eclipse.birt.report.model.metadata.DimensionPropertyType validateXml
FINA: return dimension value with user defined unit 1.34375in
01-mar-2012 18:24:21 org.eclipse.birt.report.model.metadata.DimensionPropertyType validateXml
FINA: return dimension value with user defined unit 3.1041666666666665in
01-mar-2012 18:24:21 org.eclipse.birt.report.model.metadata.DimensionPropertyType validateXml
FINA: return dimension value with user defined unit 3.2395833333333335in
01-mar-2012 18:24:21 org.eclipse.birt.report.model.metadata.DimensionPropertyType validateXml
FINA: return dimension value with user defined unit 6mm
01-mar-2012 18:24:21 org.eclipse.birt.report.model.metadata.DimensionPropertyType validateXml
FINA: return dimension value with user defined unit 0pt
01-mar-2012 18:24:21 org.eclipse.birt.report.model.metadata.DimensionPropertyType validateXml
FINA: return dimension value with user defined unit 0pt
01-mar-2012 18:24:21 org.eclipse.birt.report.model.metadata.DimensionPropertyType validateXml
FINA: return dimension value with user defined unit 0pt
01-mar-2012 18:24:21 org.eclipse.birt.report.model.metadata.DimensionPropertyType validateXml
FINA: return dimension value with user defined unit 0pt
01-mar-2012 18:24:21 org.eclipse.birt.report.model.metadata.DimensionPropertyType validateXml
FINA: return dimension value with user defined unit 0pt
01-mar-2012 18:24:21 org.eclipse.birt.report.model.metadata.DimensionPropertyType validateXml
FINA: return dimension value with user defined unit 0pt
01-mar-2012 18:24:21 org.eclipse.birt.report.model.metadata.DimensionPropertyType validateXml
FINA: return dimension value with user defined unit 0pt
01-mar-2012 18:24:21 org.eclipse.birt.report.model.metadata.DimensionPropertyType validateXml
FINA: return dimension value with user defined unit 0pt
01-mar-2012 18:24:21 org.eclipse.birt.report.model.metadata.DimensionPropertyType validateXml
FINA: return dimension value with user defined unit 0pt
01-mar-2012 18:24:21 org.eclipse.birt.report.model.metadata.DimensionPropertyType validateXml
FINA: return dimension value with user defined unit 0pt
01-mar-2012 18:24:21 org.eclipse.birt.report.model.metadata.DimensionPropertyType validateXml
FINA: return dimension value with user defined unit 0pt
01-mar-2012 18:24:21 org.eclipse.birt.report.model.metadata.DimensionPropertyType validateXml
FINA: return dimension value with user defined unit 0pt
01-mar-2012 18:24:21 org.eclipse.birt.report.model.metadata.DimensionPropertyType validateXml
FINA: return dimension value with user defined unit 10mm
01-mar-2012 18:24:21 org.eclipse.birt.report.model.metadata.ColorPropertyType validateXml
FINA: The validated color property value 0
01-mar-2012 18:24:21 org.eclipse.birt.report.model.metadata.ChoicePropertyType validateXml
FINA: return internal name for choice solid
01-mar-2012 18:24:21 org.eclipse.birt.report.model.metadata.ColorPropertyType validateXml
FINA: The validated color property value 0
01-mar-2012 18:24:21 org.eclipse.birt.report.model.metadata.ChoicePropertyType validateXml
FINA: return internal name for choice solid
01-mar-2012 18:24:21 org.eclipse.birt.report.model.metadata.ColorPropertyType validateXml
FINA: The validated color property value 0
01-mar-2012 18:24:21 org.eclipse.birt.report.model.metadata.ChoicePropertyType validateXml
FINA: return internal name for choice solid
01-mar-2012 18:24:21 org.eclipse.birt.report.model.metadata.ColorPropertyType validateXml
FINA: The validated color property value 0
01-mar-2012 18:24:21 org.eclipse.birt.report.model.metadata.ChoicePropertyType validateXml
FINA: return internal name for choice solid
01-mar-2012 18:24:21 org.eclipse.birt.report.model.metadata.DimensionPropertyType validateXml
FINA: return dimension value with user defined unit 0pt
01-mar-2012 18:24:21 org.eclipse.birt.report.model.metadata.DimensionPropertyType validateXml
FINA: return dimension value with user defined unit 0pt
01-mar-2012 18:24:21 org.eclipse.birt.report.model.metadata.DimensionPropertyType validateXml
FINA: return dimension value with user defined unit 0pt
01-mar-2012 18:24:21 org.eclipse.birt.report.model.metadata.DimensionPropertyType validateXml
FINA: return dimension value with user defined unit 0pt
01-mar-2012 18:24:21 org.eclipse.birt.report.model.metadata.DimensionPropertyType validateXml
FINA: return dimension value with user defined unit 18pt
01-mar-2012 18:24:21 org.eclipse.birt.report.model.metadata.ChoicePropertyType validateXml
FINA: return internal name for choice bold
01-mar-2012 18:24:21 org.eclipse.birt.report.model.metadata.DimensionPropertyType validateXml
FINA: return dimension value with user defined unit 0pt
01-mar-2012 18:24:21 org.eclipse.birt.report.model.metadata.DimensionPropertyType validateXml
FINA: return dimension value with user defined unit 0pt
01-mar-2012 18:24:21 org.eclipse.birt.report.model.metadata.DimensionPropertyType validateXml
FINA: return dimension value with user defined unit 0pt
01-mar-2012 18:24:21 org.eclipse.birt.report.model.metadata.DimensionPropertyType validateXml
FINA: return dimension value with user defined unit 0pt
01-mar-2012 18:24:21 org.eclipse.birt.report.model.metadata.DimensionPropertyType validateXml
FINA: return dimension value with user defined unit 0pt
01-mar-2012 18:24:21 org.eclipse.birt.report.model.metadata.DimensionPropertyType validateXml
FINA: return dimension value with user defined unit 0pt
01-mar-2012 18:24:21 org.eclipse.birt.report.model.metadata.DimensionPropertyType validateXml
FINA: return dimension value with user defined unit 0pt
01-mar-2012 18:24:21 org.eclipse.birt.report.model.metadata.DimensionPropertyType validateXml
FINA: return dimension value with user defined unit 0pt
01-mar-2012 18:24:21 org.eclipse.birt.report.model.metadata.DimensionPropertyType validateXml
FINA: return dimension value with user defined unit 18pt
01-mar-2012 18:24:21 org.eclipse.birt.report.model.metadata.ChoicePropertyType validateXml
FINA: return internal name for choice bold
01-mar-2012 18:24:21 org.eclipse.birt.report.model.metadata.DimensionPropertyType validateXml
FINA: return dimension value with user defined unit 0pt
01-mar-2012 18:24:21 org.eclipse.birt.report.model.metadata.DimensionPropertyType validateXml
FINA: return dimension value with user defined unit 0pt
01-mar-2012 18:24:21 org.eclipse.birt.report.model.metadata.DimensionPropertyType validateXml
FINA: return dimension value with user defined unit 0pt
01-mar-2012 18:24:21 org.eclipse.birt.report.model.metadata.DimensionPropertyType validateXml
FINA: return dimension value with user defined unit 0pt
01-mar-2012 18:24:21 org.eclipse.birt.report.model.metadata.DimensionPropertyType validateXml
FINA: return dimension value with user defined unit 5pt
01-mar-2012 18:24:21 org.eclipse.birt.report.model.metadata.ChoicePropertyType validateXml
FINA: return internal name for choice right
01-mar-2012 18:24:21 org.eclipse.birt.report.model.metadata.DimensionPropertyType validateXml
FINA: return dimension value with user defined unit 49mm
01-mar-2012 18:24:21 org.eclipse.birt.report.model.metadata.ColorPropertyType validateXml
FINA: The validated color property value 0
01-mar-2012 18:24:21 org.eclipse.birt.report.model.metadata.ChoicePropertyType validateXml
FINA: return internal name for choice solid
01-mar-2012 18:24:21 org.eclipse.birt.report.model.metadata.ColorPropertyType validateXml
FINA: The validated color property value 0
01-mar-2012 18:24:21 org.eclipse.birt.report.model.metadata.ChoicePropertyType validateXml
FINA: return internal name for choice solid
01-mar-2012 18:24:21 org.eclipse.birt.report.model.metadata.ColorPropertyType validateXml
FINA: The validated color property value 0
01-mar-2012 18:24:21 org.eclipse.birt.report.model.metadata.ChoicePropertyType validateXml
FINA: return internal name for choice solid
01-mar-2012 18:24:21 org.eclipse.birt.report.model.metadata.ColorPropertyType validateXml
FINA: The validated color property value 0
01-mar-2012 18:24:21 org.eclipse.birt.report.model.metadata.ChoicePropertyType validateXml
FINA: return internal name for choice solid
01-mar-2012 18:24:21 org.eclipse.birt.report.model.metadata.ColorPropertyType validateXml
FINA: The validated color property value 0
01-mar-2012 18:24:21 org.eclipse.birt.report.model.metadata.ChoicePropertyType validateXml
FINA: return internal name for choice solid
01-mar-2012 18:24:21 org.eclipse.birt.report.model.metadata.DimensionPropertyType validateXml
FINA: return dimension value with user defined unit 40pt
01-mar-2012 18:24:21 org.eclipse.birt.report.model.metadata.DimensionPropertyType validateXml
FINA: return dimension value with user defined unit 0pt
01-mar-2012 18:24:21 org.eclipse.birt.report.model.metadata.DimensionPropertyType validateXml
FINA: return dimension value with user defined unit 20pt
01-mar-2012 18:24:21 org.eclipse.birt.report.model.metadata.DimensionPropertyType validateXml
FINA: return dimension value with user defined unit 0pt
01-mar-2012 18:24:21 org.eclipse.birt.report.model.metadata.ChoicePropertyType validateXml
FINA: return internal name for choice string
01-mar-2012 18:24:21 org.eclipse.birt.report.model.metadata.ColorPropertyType validateXml
FINA: The validated color property value 0
01-mar-2012 18:24:21 org.eclipse.birt.report.model.metadata.ChoicePropertyType validateXml
FINA: return internal name for choice solid
01-mar-2012 18:24:21 org.eclipse.birt.report.model.metadata.ColorPropertyType validateXml
FINA: The validated color property value 0
01-mar-2012 18:24:21 org.eclipse.birt.report.model.metadata.ChoicePropertyType validateXml
FINA: return internal name for choice solid
01-mar-2012 18:24:21 org.eclipse.birt.report.model.metadata.DimensionPropertyType validateXml
FINA: return dimension value with user defined unit 0pt
01-mar-2012 18:24:21 org.eclipse.birt.report.model.metadata.DimensionPropertyType validateXml
FINA: return dimension value with user defined unit 0pt
01-mar-2012 18:24:21 org.eclipse.birt.report.model.metadata.DimensionPropertyType validateXml
FINA: return dimension value with user defined unit 0pt
01-mar-2012 18:24:21 org.eclipse.birt.report.model.metadata.DimensionPropertyType validateXml
FINA: return dimension value with user defined unit 0pt
01-mar-2012 18:24:21 org.eclipse.birt.report.model.metadata.DimensionPropertyType validateXml
FINA: return dimension value with user defined unit 100pt
01-mar-2012 18:24:21 org.eclipse.birt.report.model.metadata.DimensionPropertyType validateXml
FINA: return dimension value with user defined unit 0pt
01-mar-2012 18:24:21 org.eclipse.birt.report.model.metadata.DimensionPropertyType validateXml
FINA: return dimension value with user defined unit 0pt
01-mar-2012 18:24:21 org.eclipse.birt.report.model.metadata.DimensionPropertyType validateXml
FINA: return dimension value with user defined unit 0pt
01-mar-2012 18:24:21 org.eclipse.birt.report.model.metadata.DimensionPropertyType validateXml
FINA: return dimension value with user defined unit 0pt
01-mar-2012 18:24:21 org.eclipse.birt.report.model.metadata.DimensionPropertyType validateXml
FINA: return dimension value with user defined unit 0pt
01-mar-2012 18:24:21 org.eclipse.birt.report.model.metadata.ChoicePropertyType validateXml
FINA: return internal name for choice center
01-mar-2012 18:24:21 org.eclipse.birt.report.model.metadata.DimensionPropertyType validateXml
FINA: return dimension value with user defined unit 7.5mm
01-mar-2012 18:24:21 org.eclipse.birt.report.model.metadata.DimensionPropertyType validateXml
FINA: return dimension value with user defined unit 0pt
01-mar-2012 18:24:21 org.eclipse.birt.report.model.metadata.DimensionPropertyType validateXml
FINA: return dimension value with user defined unit 0pt
01-mar-2012 18:24:21 org.eclipse.birt.report.model.metadata.DimensionPropertyType validateXml
FINA: return dimension value with user defined unit 0pt
01-mar-2012 18:24:21 org.eclipse.birt.report.model.metadata.DimensionPropertyType validateXml
FINA: return dimension value with user defined unit 0pt
01-mar-2012 18:24:21 org.eclipse.birt.report.engine.api.impl.ReportEngine createGetParameterDefinitionTask
FINA: ReportEngine.createGetParameterDefinitionTask: reportRunnable=org.eclipse.birt.report.engine.api.impl.ReportRunnable@898ae0 
01-mar-2012 18:24:21 org.eclipse.birt.report.engine.api.impl.EngineTask setAppContext
FINA: EngineTask.setAppContext: context=PARENT_CLASSLOADER=WebappClassLoader
  context: /birt-adaia3
  delegate: false
  repositories:
----------> Parent Classloader:
org.apache.catalina.loader.StandardClassLoader@166a22b
;webapplication.projectclasspath=;
01-mar-2012 18:24:21 org.eclipse.birt.report.engine.api.impl.EngineTask setLocale
FINA: EngineTask.setLocale: locale=espaol (Espaa)
01-mar-2012 18:24:21 org.eclipse.birt.report.engine.api.impl.EngineTask setAppContext
FINA: EngineTask.setAppContext: context=PARENT_CLASSLOADER=WebappClassLoader
  context: /birt-adaia3
  delegate: false
  repositories:
----------> Parent Classloader:
org.apache.catalina.loader.StandardClassLoader@166a22b
;CHART_RESOLUTION=null;org.eclipse.birt.data.engine.dataset.cache.option=false;org.eclipse.birt.data.engine.cube.inmemory.size=0;webapplication.projectclasspath=;BIRT_VIEWER_HTTPSERVET_REQUEST=org.apache.catalina.connector.RequestFacade@1698eeb;birt.viewer.resource.path=/opt/hpws/tomcat/webapps/birt-adaia3;
01-mar-2012 18:24:21 org.eclipse.birt.report.engine.api.impl.EngineTask setAppContext
FINA: EngineTask.setAppContext: context=PARENT_CLASSLOADER=WebappClassLoader
  context: /birt-adaia3
  delegate: false
  repositories:
----------> Parent Classloader:
org.apache.catalina.loader.StandardClassLoader@166a22b
;webapplication.projectclasspath=;BIRT_VIEWER_HTTPSERVET_REQUEST=org.apache.catalina.connector.RequestFacade@1698eeb;
01-mar-2012 18:24:21 org.eclipse.birt.report.engine.api.impl.ReportEngine createGetParameterDefinitionTask
FINA: ReportEngine.createGetParameterDefinitionTask: reportRunnable=org.eclipse.birt.report.engine.api.impl.ReportRunnable@898ae0 
01-mar-2012 18:24:21 org.eclipse.birt.report.engine.api.impl.EngineTask setAppContext
FINA: EngineTask.setAppContext: context=PARENT_CLASSLOADER=WebappClassLoader
  context: /birt-adaia3
  delegate: false
  repositories:
----------> Parent Classloader:
org.apache.catalina.loader.StandardClassLoader@166a22b
;webapplication.projectclasspath=;
01-mar-2012 18:24:21 org.eclipse.birt.report.engine.api.impl.EngineTask setLocale
FINA: EngineTask.setLocale: locale=espaol (Espaa)
01-mar-2012 18:24:21 org.eclipse.birt.report.engine.api.impl.EngineTask setAppContext
FINA: EngineTask.setAppContext: context=PARENT_CLASSLOADER=WebappClassLoader
  context: /birt-adaia3
  delegate: false
  repositories:
----------> Parent Classloader:
org.apache.catalina.loader.StandardClassLoader@166a22b
;CHART_RESOLUTION=null;org.eclipse.birt.data.engine.dataset.cache.option=false;org.eclipse.birt.data.engine.cube.inmemory.size=0;webapplication.projectclasspath=;BIRT_VIEWER_HTTPSERVET_REQUEST=org.apache.catalina.connector.RequestFacade@1698eeb;birt.viewer.resource.path=/opt/hpws/tomcat/webapps/birt-adaia3;
01-mar-2012 18:24:21 org.eclipse.birt.report.engine.api.impl.EngineTask setAppContext
FINA: EngineTask.setAppContext: context=PARENT_CLASSLOADER=WebappClassLoader
  context: /birt-adaia3
  delegate: false
  repositories:
----------> Parent Classloader:
org.apache.catalina.loader.StandardClassLoader@166a22b
;webapplication.projectclasspath=;BIRT_VIEWER_HTTPSERVET_REQUEST=org.apache.catalina.connector.RequestFacade@1698eeb;
01-mar-2012 18:24:21 org.eclipse.birt.report.engine.api.impl.ReportEngine createGetParameterDefinitionTask
FINA: ReportEngine.createGetParameterDefinitionTask: reportRunnable=org.eclipse.birt.report.engine.api.impl.ReportRunnable@898ae0 
01-mar-2012 18:24:21 org.eclipse.birt.report.engine.api.impl.EngineTask setAppContext
FINA: EngineTask.setAppContext: context=PARENT_CLASSLOADER=WebappClassLoader
  context: /birt-adaia3
  delegate: false
  repositories:
----------> Parent Classloader:
org.apache.catalina.loader.StandardClassLoader@166a22b
;webapplication.projectclasspath=;
01-mar-2012 18:24:21 org.eclipse.birt.report.engine.api.impl.EngineTask setLocale
FINA: EngineTask.setLocale: locale=espaol (Espaa)
01-mar-2012 18:24:21 org.eclipse.birt.report.engine.api.impl.EngineTask setAppContext
FINA: EngineTask.setAppContext: context=PARENT_CLASSLOADER=WebappClassLoader
  context: /birt-adaia3
  delegate: false
  repositories:
----------> Parent Classloader:
org.apache.catalina.loader.StandardClassLoader@166a22b
;CHART_RESOLUTION=null;org.eclipse.birt.data.engine.dataset.cache.option=false;org.eclipse.birt.data.engine.cube.inmemory.size=0;webapplication.projectclasspath=;BIRT_VIEWER_HTTPSERVET_REQUEST=org.apache.catalina.connector.RequestFacade@1698eeb;birt.viewer.resource.path=/opt/hpws/tomcat/webapps/birt-adaia3;
01-mar-2012 18:24:21 org.eclipse.birt.report.engine.api.impl.EngineTask setAppContext
FINA: EngineTask.setAppContext: context=PARENT_CLASSLOADER=WebappClassLoader
  context: /birt-adaia3
  delegate: false
  repositories:
----------> Parent Classloader:
org.apache.catalina.loader.StandardClassLoader@166a22b
;webapplication.projectclasspath=;BIRT_VIEWER_HTTPSERVET_REQUEST=org.apache.catalina.connector.RequestFacade@1698eeb;
01-mar-2012 18:24:21 org.eclipse.birt.report.engine.api.impl.ReportEngine createGetParameterDefinitionTask
FINA: ReportEngine.createGetParameterDefinitionTask: reportRunnable=org.eclipse.birt.report.engine.api.impl.ReportRunnable@898ae0 
01-mar-2012 18:24:21 org.eclipse.birt.report.engine.api.impl.EngineTask setAppContext
FINA: EngineTask.setAppContext: context=PARENT_CLASSLOADER=WebappClassLoader
  context: /birt-adaia3
  delegate: false
  repositories:
----------> Parent Classloader:
org.apache.catalina.loader.StandardClassLoader@166a22b
;webapplication.projectclasspath=;
01-mar-2012 18:24:21 org.eclipse.birt.report.engine.api.impl.EngineTask setLocale
FINA: EngineTask.setLocale: locale=espaol (Espaa)
01-mar-2012 18:24:21 org.eclipse.birt.report.engine.api.impl.EngineTask setAppContext
FINA: EngineTask.setAppContext: context=PARENT_CLASSLOADER=WebappClassLoader
  context: /birt-adaia3
  delegate: false
  repositories:
----------> Parent Classloader:
org.apache.catalina.loader.StandardClassLoader@166a22b
;CHART_RESOLUTION=null;org.eclipse.birt.data.engine.dataset.cache.option=false;org.eclipse.birt.data.engine.cube.inmemory.size=0;webapplication.projectclasspath=;BIRT_VIEWER_HTTPSERVET_REQUEST=org.apache.catalina.connector.RequestFacade@1698eeb;birt.viewer.resource.path=/opt/hpws/tomcat/webapps/birt-adaia3;
01-mar-2012 18:24:21 org.eclipse.birt.report.engine.api.impl.EngineTask setAppContext
FINA: EngineTask.setAppContext: context=PARENT_CLASSLOADER=WebappClassLoader
  context: /birt-adaia3
  delegate: false
  repositories:
----------> Parent Classloader:
org.apache.catalina.loader.StandardClassLoader@166a22b
;webapplication.projectclasspath=;BIRT_VIEWER_HTTPSERVET_REQUEST=org.apache.catalina.connector.RequestFacade@1698eeb;
01-mar-2012 18:24:21 org.eclipse.birt.report.engine.api.impl.ReportEngine createRunAndRenderTask
FINA: ReportEngine.createRunAndRenderTask: reportRunnable=org.eclipse.birt.report.engine.api.impl.ReportRunnable@898ae0 
01-mar-2012 18:24:21 org.eclipse.birt.report.engine.api.impl.EngineTask setAppContext
FINA: EngineTask.setAppContext: context=PARENT_CLASSLOADER=WebappClassLoader
  context: /birt-adaia3
  delegate: false
  repositories:
----------> Parent Classloader:
org.apache.catalina.loader.StandardClassLoader@166a22b
;webapplication.projectclasspath=;
01-mar-2012 18:24:21 org.eclipse.birt.report.engine.api.impl.EngineTask setLocale
FINA: EngineTask.setLocale: locale=espaol (Espaa)
01-mar-2012 18:24:21 org.eclipse.birt.report.engine.api.impl.EngineTask setParameterValue
FINA: EngineTask.setParameterValue: pCntCods=2697 [java.lang.String]
01-mar-2012 18:24:21 org.eclipse.birt.report.engine.api.impl.EngineTask setParameterValue
FINA: EngineTask.setParameterValue: pstrRECoEXP=E [java.lang.String]
01-mar-2012 18:24:21 org.eclipse.birt.report.engine.api.impl.EngineTask setParameterValue
FINA: EngineTask.setParameterValue: pCopias=1 [java.math.BigDecimal]
01-mar-2012 18:24:21 org.eclipse.birt.report.engine.api.impl.EngineTask setAppContext
FINA: EngineTask.setAppContext: context=PARENT_CLASSLOADER=WebappClassLoader
  context: /birt-adaia3
  delegate: false
  repositories:
----------> Parent Classloader:
org.apache.catalina.loader.StandardClassLoader@166a22b
;CHART_RESOLUTION=null;org.eclipse.birt.data.engine.dataset.cache.option=false;org.eclipse.birt.data.engine.cube.inmemory.size=0;webapplication.projectclasspath=;BIRT_VIEWER_HTTPSERVET_REQUEST=org.apache.catalina.connector.RequestFacade@1698eeb;birt.viewer.resource.path=/opt/hpws/tomcat/webapps/birt-adaia3;
01-mar-2012 18:24:21 org.eclipse.birt.report.engine.api.impl.EngineTask loggerParamters
FINA: Running the report with paramters: pCntCods:2697
pCopias:1
pstrRECoEXP:E

