13-nov-2011 16:56:06 org.eclipse.birt.report.engine.api.impl.ReportEngine <init>
FINA: ReportEngine created. EngineConfig: EngineConfig: org.eclipse.birt.report.engine.api.EngineConfig.scriptObjects={PARENT_CLASSLOADER=WebappClassLoader
  context: /birt-ca3
  delegate: false
  repositories:
----------> Parent Classloader:
org.apache.catalina.loader.StandardClassLoader@a46701
, webapplication.projectclasspath=};maxRowsPerQuery=-1;BIRT_HOME=;logLevel=ALL;PLATFORM_CONTEXT=org.eclipse.birt.core.framework.PlatformServletContext@19a68ee;org.eclipse.birt.report.engine.api.EngineConfig.emitterConfigs={html=org.eclipse.birt.report.engine.api.HTMLRenderOption@5ef79f};logDest=/opt/hpws/tomcat/webapps/birt-ca3/logs; 
13-nov-2011 16:56:06 org.eclipse.birt.report.engine.extension.internal.ExtensionManager getExtensions
FINA: Start load extension point: org.eclipse.birt.report.engine.reportitemGeneration
13-nov-2011 16:56:06 org.eclipse.birt.report.engine.extension.internal.ExtensionManager loadGenerationExtensionDefns
FINA: Load generation extension: Chart
13-nov-2011 16:56:06 org.eclipse.birt.report.engine.extension.internal.ExtensionManager getExtensions
FINA: Start load extension point: org.eclipse.birt.report.engine.reportitemPresentation
13-nov-2011 16:56:06 org.eclipse.birt.report.engine.extension.internal.ExtensionManager loadPresentationExtensionDefns
FINA: Load prsentation extension: Chart
13-nov-2011 16:56:06 org.eclipse.birt.report.engine.extension.internal.ExtensionManager getExtensions
FINA: Start load extension point: org.eclipse.birt.report.engine.reportitemQuery
13-nov-2011 16:56:06 org.eclipse.birt.report.engine.extension.internal.ExtensionManager loadQueryExtensionDefns
FINA: Load query extension: Chart
13-nov-2011 16:56:06 org.eclipse.birt.report.engine.extension.internal.ExtensionManager getExtensions
FINA: Start load extension point: org.eclipse.birt.report.engine.emitters
13-nov-2011 16:56:06 org.eclipse.birt.report.engine.extension.internal.ExtensionManager loadEmitterExtensionDefns
FINA: Load html emitter org.eclipse.birt.report.engine.emitter.html
13-nov-2011 16:56:06 org.eclipse.birt.report.engine.extension.internal.ExtensionManager loadEmitterExtensionDefns
FINA: Load pdf emitter org.eclipse.birt.report.engine.emitter.pdf
13-nov-2011 16:56:06 org.eclipse.birt.report.engine.extension.internal.ExtensionManager loadEmitterExtensionDefns
FINA: Load postscript emitter org.eclipse.birt.report.engine.emitter.postscript
13-nov-2011 16:56:06 org.eclipse.birt.report.engine.extension.internal.ExtensionManager loadEmitterExtensionDefns
FINA: Load ppt emitter org.eclipse.birt.report.engine.emitter.ppt
13-nov-2011 16:56:06 org.eclipse.birt.report.engine.extension.internal.ExtensionManager loadEmitterExtensionDefns
FINA: Load xls emitter org.eclipse.birt.report.engine.emitter.prototype.excel
13-nov-2011 16:56:06 org.eclipse.birt.report.engine.extension.internal.ExtensionManager loadEmitterExtensionDefns
FINA: Load doc emitter org.eclipse.birt.report.engine.emitter.word
13-nov-2011 16:56:06 org.eclipse.birt.report.engine.extension.internal.ExtensionManager getExtensions
FINA: Start load extension point: org.eclipse.birt.report.engine.reportEventHandler
13-nov-2011 16:56:06 org.eclipse.birt.report.engine.extension.internal.ExtensionManager getExtensions
FINA: Start load extension point: org.eclipse.birt.report.engine.reportItemPreparation
13-nov-2011 16:56:06 org.eclipse.birt.report.engine.extension.internal.ExtensionManager getExtensions
FINA: Start load extension point: org.eclipse.birt.report.engine.dataExtraction
13-nov-2011 16:56:06 org.eclipse.birt.report.engine.extension.internal.ExtensionManager loadDataExtractionExtensions
FINA: Load data extraction extension: org.eclipse.birt.report.engine.dataextraction.csv
13-nov-2011 16:56:06 org.eclipse.birt.report.engine.extension.internal.ExtensionManager getExtensions
FINA: Start load extension point: org.eclipse.birt.report.engine.extendedItemFactory
13-nov-2011 16:56:06 org.eclipse.birt.report.engine.extension.internal.ExtensionManager loadExtendedItems
FINA: Load extendedItem extension: Crosstab
13-nov-2011 16:56:06 org.eclipse.birt.report.engine.extension.internal.ExtensionManager loadExtendedItems
FINA: Load extendedItem extension: CrosstabCell
13-nov-2011 16:56:06 org.eclipse.birt.report.engine.extension.internal.ExtensionManager loadExtendedItems
FINA: Load extendedItem extension: AggregationCell
13-nov-2011 17:32:55 org.eclipse.birt.report.engine.api.impl.ReportEngine openReportDesign
FINA: ReportEngine.openReportDesign: name=file:/opt/hpws/tomcat/webapps/birt-ca3/report/TestConexion.rptdesign, designStream=java.io.FileInputStream@88c02b, options={3} 
13-nov-2011 17:32:56 org.eclipse.birt.report.model.metadata.ChoicePropertyType validateXml
FINA: return internal name for choice eq
13-nov-2011 17:32:56 org.eclipse.birt.report.model.metadata.ChoicePropertyType validateXml
FINA: return internal name for choice eq
13-nov-2011 17:32:56 org.eclipse.birt.report.model.metadata.ChoicePropertyType validateXml
FINA: return internal name for choice asc
13-nov-2011 17:32:56 org.eclipse.birt.report.model.metadata.ChoicePropertyType validateXml
FINA: return internal name for choice eq
13-nov-2011 17:32:56 org.eclipse.birt.report.model.metadata.ChoicePropertyType validateXml
FINA: return internal name for choice DataSet
13-nov-2011 17:32:56 org.eclipse.birt.report.model.metadata.ChoicePropertyType validateXml
FINA: return internal name for choice hide
13-nov-2011 17:32:56 org.eclipse.birt.report.model.metadata.ChoicePropertyType validateXml
FINA: return internal name for choice string
13-nov-2011 17:32:56 org.eclipse.birt.report.model.metadata.ChoicePropertyType validateXml
FINA: return internal name for choice string
13-nov-2011 17:32:56 org.eclipse.birt.report.model.metadata.ChoicePropertyType validateXml
FINA: return internal name for choice string
13-nov-2011 17:32:56 org.eclipse.birt.report.model.metadata.ChoicePropertyType validateXml
FINA: return internal name for choice string
13-nov-2011 17:32:56 org.eclipse.birt.report.model.metadata.ChoicePropertyType validateXml
FINA: return internal name for choice any
13-nov-2011 17:32:56 org.eclipse.birt.report.model.metadata.ChoicePropertyType validateXml
FINA: return internal name for choice if-realized
13-nov-2011 17:32:56 org.eclipse.birt.report.model.metadata.ChoicePropertyType validateXml
FINA: return internal name for choice auto
13-nov-2011 17:32:56 org.eclipse.birt.report.model.metadata.ChoicePropertyType validateXml
FINA: return internal name for choice hyperlink
13-nov-2011 17:32:56 org.eclipse.birt.report.model.metadata.ChoicePropertyType validateXml
FINA: return internal name for choice inner
13-nov-2011 17:32:56 org.eclipse.birt.report.model.metadata.ChoicePropertyType validateXml
FINA: return internal name for choice eq
13-nov-2011 17:32:56 org.eclipse.birt.report.model.metadata.ChoicePropertyType validateXml
FINA: return internal name for choice string
13-nov-2011 17:32:56 org.eclipse.birt.report.model.metadata.ChoicePropertyType validateXml
FINA: return internal name for choice string
13-nov-2011 17:32:56 org.eclipse.birt.report.model.metadata.ChoicePropertyType validateXml
FINA: return internal name for choice auto layout
13-nov-2011 17:32:56 org.eclipse.birt.report.model.metadata.ChoicePropertyType validateXml
FINA: return internal name for choice ltr
13-nov-2011 17:32:56 org.eclipse.birt.report.model.metadata.ChoicePropertyType validateXml
FINA: return internal name for choice NoChange
13-nov-2011 17:32:56 org.eclipse.birt.report.model.metadata.ChoicePropertyType validateXml
FINA: return internal name for choice string
13-nov-2011 17:32:56 org.eclipse.birt.report.model.metadata.ChoicePropertyType validateXml
FINA: return internal name for choice static
13-nov-2011 17:32:56 org.eclipse.birt.report.model.metadata.ChoicePropertyType validateXml
FINA: return internal name for choice simple
13-nov-2011 17:32:56 org.eclipse.birt.report.model.metadata.ChoicePropertyType validateXml
FINA: return internal name for choice auto
13-nov-2011 17:32:56 org.eclipse.birt.report.model.metadata.ChoicePropertyType validateXml
FINA: return internal name for choice single
13-nov-2011 17:32:56 org.eclipse.birt.report.model.metadata.ChoicePropertyType validateXml
FINA: return internal name for choice normal
13-nov-2011 17:32:56 org.eclipse.birt.report.model.metadata.ChoicePropertyType validateXml
FINA: return internal name for choice normal
13-nov-2011 17:32:56 org.eclipse.birt.report.model.metadata.ChoicePropertyType validateXml
FINA: return internal name for choice normal
13-nov-2011 17:32:56 org.eclipse.birt.report.model.metadata.ChoicePropertyType validateXml
FINA: return internal name for choice none
13-nov-2011 17:32:56 org.eclipse.birt.report.model.metadata.ChoicePropertyType validateXml
FINA: return internal name for choice none
13-nov-2011 17:32:56 org.eclipse.birt.report.model.metadata.ChoicePropertyType validateXml
FINA: return internal name for choice none
13-nov-2011 17:32:56 org.eclipse.birt.report.model.metadata.ChoicePropertyType validateXml
FINA: return internal name for choice scroll
13-nov-2011 17:32:56 org.eclipse.birt.report.model.metadata.DimensionPropertyType validateXml
FINA: return dimension value with default unit 0.0
13-nov-2011 17:32:56 org.eclipse.birt.report.model.metadata.DimensionPropertyType validateXml
FINA: return dimension value with default unit 0.0
13-nov-2011 17:32:56 org.eclipse.birt.report.model.metadata.ChoicePropertyType validateXml
FINA: return internal name for choice repeat
13-nov-2011 17:32:56 org.eclipse.birt.report.model.metadata.DimensionPropertyType validateXml
FINA: return dimension value with default unit 0.0
13-nov-2011 17:32:56 org.eclipse.birt.report.model.metadata.ChoicePropertyType validateXml
FINA: return internal name for choice none
13-nov-2011 17:32:56 org.eclipse.birt.report.model.metadata.ChoicePropertyType validateXml
FINA: return internal name for choice normal
13-nov-2011 17:32:56 org.eclipse.birt.report.model.metadata.ChoicePropertyType validateXml
FINA: return internal name for choice block
13-nov-2011 17:32:56 org.eclipse.birt.report.model.metadata.ChoicePropertyType validateXml
FINA: return internal name for choice auto
13-nov-2011 17:32:56 org.eclipse.birt.report.model.metadata.ChoicePropertyType validateXml
FINA: return internal name for choice auto
13-nov-2011 17:32:56 org.eclipse.birt.report.model.metadata.ChoicePropertyType validateXml
FINA: return internal name for choice auto
13-nov-2011 17:32:56 org.eclipse.birt.report.model.metadata.ChoicePropertyType validateXml
FINA: return internal name for choice none
13-nov-2011 17:32:56 org.eclipse.birt.report.model.metadata.ChoicePropertyType validateXml
FINA: return internal name for choice none
13-nov-2011 17:32:56 org.eclipse.birt.report.model.metadata.ChoicePropertyType validateXml
FINA: return internal name for choice none
13-nov-2011 17:32:56 org.eclipse.birt.report.model.metadata.ChoicePropertyType validateXml
FINA: return internal name for choice none
13-nov-2011 17:32:56 org.eclipse.birt.report.model.metadata.DimensionPropertyType validateXml
FINA: return dimension value with default unit 0.0
13-nov-2011 17:32:56 org.eclipse.birt.report.model.metadata.DimensionPropertyType validateXml
FINA: return dimension value with default unit 0.0
13-nov-2011 17:32:56 org.eclipse.birt.report.model.metadata.DimensionPropertyType validateXml
FINA: return dimension value with default unit 0.0
13-nov-2011 17:32:56 org.eclipse.birt.report.model.metadata.DimensionPropertyType validateXml
FINA: return dimension value with default unit 0.0
13-nov-2011 17:32:56 org.eclipse.birt.report.model.metadata.DimensionPropertyType validateXml
FINA: return dimension value with default unit 1.0
13-nov-2011 17:32:56 org.eclipse.birt.report.model.metadata.DimensionPropertyType validateXml
FINA: return dimension value with default unit 1.0
13-nov-2011 17:32:56 org.eclipse.birt.report.model.metadata.DimensionPropertyType validateXml
FINA: return dimension value with default unit 1.0
13-nov-2011 17:32:56 org.eclipse.birt.report.model.metadata.DimensionPropertyType validateXml
FINA: return dimension value with default unit 1.0
13-nov-2011 17:32:56 org.eclipse.birt.report.model.metadata.DimensionPropertyType validateXml
FINA: return dimension value with default unit 1.0
13-nov-2011 17:32:56 org.eclipse.birt.report.model.metadata.DimensionPropertyType validateXml
FINA: return dimension value with default unit 1.25
13-nov-2011 17:32:56 org.eclipse.birt.report.model.metadata.DimensionPropertyType validateXml
FINA: return dimension value with default unit 1.0
13-nov-2011 17:32:56 org.eclipse.birt.report.model.metadata.DimensionPropertyType validateXml
FINA: return dimension value with default unit 1.25
13-nov-2011 17:32:56 org.eclipse.birt.report.model.metadata.DimensionPropertyType validateXml
FINA: return dimension value with default unit 0.5
13-nov-2011 17:32:56 org.eclipse.birt.report.model.metadata.DimensionPropertyType validateXml
FINA: return dimension value with default unit 0.5
13-nov-2011 17:32:56 org.eclipse.birt.report.model.metadata.DimensionPropertyType validateXml
FINA: return dimension value with default unit 0.5
13-nov-2011 17:32:56 org.eclipse.birt.report.model.metadata.ChoicePropertyType validateXml
FINA: return internal name for choice auto
13-nov-2011 17:32:56 org.eclipse.birt.report.model.metadata.ChoicePropertyType validateXml
FINA: return internal name for choice auto
13-nov-2011 17:32:56 org.eclipse.birt.report.model.metadata.ChoicePropertyType validateXml
FINA: return internal name for choice auto
13-nov-2011 17:32:56 org.eclipse.birt.report.model.metadata.ChoicePropertyType validateXml
FINA: return internal name for choice auto
13-nov-2011 17:32:56 org.eclipse.birt.report.model.metadata.ChoicePropertyType validateXml
FINA: return internal name for choice none
13-nov-2011 17:32:56 org.eclipse.birt.report.model.metadata.ChoicePropertyType validateXml
FINA: return internal name for choice asc
13-nov-2011 17:32:56 org.eclipse.birt.report.model.metadata.ChoicePropertyType validateXml
FINA: return internal name for choice none
13-nov-2011 17:32:56 org.eclipse.birt.report.model.metadata.ChoicePropertyType validateXml
FINA: return internal name for choice NoChange
13-nov-2011 17:32:56 org.eclipse.birt.report.model.metadata.ChoicePropertyType validateXml
FINA: return internal name for choice NoChange
13-nov-2011 17:32:56 org.eclipse.birt.report.model.metadata.ChoicePropertyType validateXml
FINA: return internal name for choice NoChange
13-nov-2011 17:32:56 org.eclipse.birt.report.model.metadata.ChoicePropertyType validateXml
FINA: return internal name for choice none
13-nov-2011 17:32:56 org.eclipse.birt.report.model.metadata.ChoicePropertyType validateXml
FINA: return internal name for choice NoChange
13-nov-2011 17:32:56 org.eclipse.birt.report.model.metadata.ChoicePropertyType validateXml
FINA: return internal name for choice size-to-image
13-nov-2011 17:32:56 org.eclipse.birt.report.model.metadata.ChoicePropertyType validateXml
FINA: return internal name for choice none
13-nov-2011 17:32:56 org.eclipse.birt.report.model.metadata.ChoicePropertyType validateXml
FINA: return internal name for choice horizontal
13-nov-2011 17:32:56 org.eclipse.birt.report.model.metadata.ChoicePropertyType validateXml
FINA: return internal name for choice none
13-nov-2011 17:32:56 org.eclipse.birt.report.model.metadata.ChoicePropertyType validateXml
FINA: return internal name for choice sum
13-nov-2011 17:32:56 org.eclipse.birt.report.model.metadata.ChoicePropertyType validateXml
FINA: return internal name for choice decimal
13-nov-2011 17:32:56 org.eclipse.birt.report.model.metadata.ChoicePropertyType validateXml
FINA: return internal name for choice asc
13-nov-2011 17:32:56 org.eclipse.birt.report.model.metadata.ChoicePropertyType validateXml
FINA: return internal name for choice eq
13-nov-2011 17:32:56 org.eclipse.birt.report.model.metadata.ChoicePropertyType validateXml
FINA: return internal name for choice DataSet
13-nov-2011 17:32:56 org.eclipse.birt.report.model.metadata.ChoicePropertyType validateXml
FINA: return internal name for choice none
13-nov-2011 17:32:56 org.eclipse.birt.report.model.metadata.ChoicePropertyType validateXml
FINA: return internal name for choice asc
13-nov-2011 17:32:56 org.eclipse.birt.report.model.metadata.ChoicePropertyType validateXml
FINA: return internal name for choice none
13-nov-2011 17:32:56 org.eclipse.birt.report.model.metadata.ChoicePropertyType validateXml
FINA: return internal name for choice NoChange
13-nov-2011 17:32:56 org.eclipse.birt.report.model.metadata.ChoicePropertyType validateXml
FINA: return internal name for choice normal
13-nov-2011 17:32:56 org.eclipse.birt.report.model.metadata.ChoicePropertyType validateXml
FINA: return internal name for choice normal
13-nov-2011 17:32:56 org.eclipse.birt.report.model.metadata.ChoicePropertyType validateXml
FINA: return internal name for choice normal
13-nov-2011 17:32:56 org.eclipse.birt.report.model.metadata.ChoicePropertyType validateXml
FINA: return internal name for choice none
13-nov-2011 17:32:56 org.eclipse.birt.report.model.metadata.ChoicePropertyType validateXml
FINA: return internal name for choice none
13-nov-2011 17:32:56 org.eclipse.birt.report.model.metadata.ChoicePropertyType validateXml
FINA: return internal name for choice none
13-nov-2011 17:32:56 org.eclipse.birt.report.model.metadata.ChoicePropertyType validateXml
FINA: return internal name for choice scroll
13-nov-2011 17:32:56 org.eclipse.birt.report.model.metadata.DimensionPropertyType validateXml
FINA: return dimension value with user defined unit 0%
13-nov-2011 17:32:56 org.eclipse.birt.report.model.metadata.DimensionPropertyType validateXml
FINA: return dimension value with user defined unit 0%
13-nov-2011 17:32:56 org.eclipse.birt.report.model.metadata.ChoicePropertyType validateXml
FINA: return internal name for choice repeat
13-nov-2011 17:32:56 org.eclipse.birt.report.model.metadata.DimensionPropertyType validateXml
FINA: return dimension value with user defined unit 0em
13-nov-2011 17:32:56 org.eclipse.birt.report.model.metadata.ChoicePropertyType validateXml
FINA: return internal name for choice none
13-nov-2011 17:32:56 org.eclipse.birt.report.model.metadata.ChoicePropertyType validateXml
FINA: return internal name for choice normal
13-nov-2011 17:32:56 org.eclipse.birt.report.model.metadata.ChoicePropertyType validateXml
FINA: return internal name for choice block
13-nov-2011 17:32:56 org.eclipse.birt.report.model.metadata.ChoicePropertyType validateXml
FINA: return internal name for choice auto
13-nov-2011 17:32:56 org.eclipse.birt.report.model.metadata.ChoicePropertyType validateXml
FINA: return internal name for choice auto
13-nov-2011 17:32:56 org.eclipse.birt.report.model.metadata.ChoicePropertyType validateXml
FINA: return internal name for choice auto
13-nov-2011 17:32:56 org.eclipse.birt.report.model.metadata.ChoicePropertyType validateXml
FINA: return internal name for choice none
13-nov-2011 17:32:56 org.eclipse.birt.report.model.metadata.ChoicePropertyType validateXml
FINA: return internal name for choice none
13-nov-2011 17:32:56 org.eclipse.birt.report.model.metadata.ChoicePropertyType validateXml
FINA: return internal name for choice none
13-nov-2011 17:32:56 org.eclipse.birt.report.model.metadata.ChoicePropertyType validateXml
FINA: return internal name for choice none
13-nov-2011 17:32:56 org.eclipse.birt.report.model.metadata.DimensionPropertyType validateXml
FINA: return dimension value with user defined unit 0pt
13-nov-2011 17:32:56 org.eclipse.birt.report.model.metadata.DimensionPropertyType validateXml
FINA: return dimension value with user defined unit 0pt
13-nov-2011 17:32:56 org.eclipse.birt.report.model.metadata.DimensionPropertyType validateXml
FINA: return dimension value with user defined unit 0pt
13-nov-2011 17:32:56 org.eclipse.birt.report.model.metadata.DimensionPropertyType validateXml
FINA: return dimension value with user defined unit 0pt
13-nov-2011 17:32:56 org.eclipse.birt.report.model.metadata.DimensionPropertyType validateXml
FINA: return dimension value with user defined unit 1pt
13-nov-2011 17:32:56 org.eclipse.birt.report.model.metadata.DimensionPropertyType validateXml
FINA: return dimension value with user defined unit 1pt
13-nov-2011 17:32:56 org.eclipse.birt.report.model.metadata.DimensionPropertyType validateXml
FINA: return dimension value with user defined unit 1pt
13-nov-2011 17:32:56 org.eclipse.birt.report.model.metadata.DimensionPropertyType validateXml
FINA: return dimension value with user defined unit 1pt
13-nov-2011 17:32:56 org.eclipse.birt.report.model.metadata.ChoicePropertyType validateXml
FINA: return internal name for choice auto layout
13-nov-2011 17:32:56 org.eclipse.birt.report.model.metadata.ChoicePropertyType validateXml
FINA: return internal name for choice ltr
13-nov-2011 17:32:56 org.eclipse.birt.report.model.metadata.ChoicePropertyType validateXml
FINA: return internal name for choice sum
13-nov-2011 17:32:56 org.eclipse.birt.report.model.metadata.ChoicePropertyType validateXml
FINA: return internal name for choice decimal
13-nov-2011 17:32:56 org.eclipse.birt.report.model.metadata.ChoicePropertyType validateXml
FINA: return internal name for choice asc
13-nov-2011 17:32:56 org.eclipse.birt.report.model.metadata.ChoicePropertyType validateXml
FINA: return internal name for choice auto
13-nov-2011 17:32:56 org.eclipse.birt.report.model.metadata.ChoicePropertyType validateXml
FINA: return internal name for choice auto
13-nov-2011 17:32:56 org.eclipse.birt.report.model.metadata.ChoicePropertyType validateXml
FINA: return internal name for choice auto
13-nov-2011 17:32:56 org.eclipse.birt.report.model.metadata.ChoicePropertyType validateXml
FINA: return internal name for choice none
13-nov-2011 17:32:56 org.eclipse.birt.report.model.metadata.ChoicePropertyType validateXml
FINA: return internal name for choice asc
13-nov-2011 17:32:56 org.eclipse.birt.report.model.metadata.ChoicePropertyType validateXml
FINA: return internal name for choice none
13-nov-2011 17:32:56 org.eclipse.birt.report.model.metadata.ChoicePropertyType validateXml
FINA: return internal name for choice NoChange
13-nov-2011 17:32:56 org.eclipse.birt.report.model.metadata.DimensionPropertyType validateXml
FINA: return dimension value with user defined unit 1in
13-nov-2011 17:32:56 org.eclipse.birt.report.model.metadata.DimensionPropertyType validateXml
FINA: return dimension value with user defined unit 1.25in
13-nov-2011 17:32:56 org.eclipse.birt.report.model.metadata.DimensionPropertyType validateXml
FINA: return dimension value with user defined unit 1in
13-nov-2011 17:32:56 org.eclipse.birt.report.model.metadata.DimensionPropertyType validateXml
FINA: return dimension value with user defined unit 1.25in
13-nov-2011 17:32:56 org.eclipse.birt.report.model.metadata.DimensionPropertyType validateXml
FINA: return dimension value with user defined unit 0.5in
13-nov-2011 17:32:56 org.eclipse.birt.report.model.metadata.DimensionPropertyType validateXml
FINA: return dimension value with user defined unit 0.5in
13-nov-2011 17:32:56 org.eclipse.birt.report.model.metadata.ChoicePropertyType validateXml
FINA: return internal name for choice NoChange
13-nov-2011 17:32:56 org.eclipse.birt.report.model.metadata.ChoicePropertyType validateXml
FINA: return internal name for choice none
13-nov-2011 17:32:56 org.eclipse.birt.report.model.metadata.ChoicePropertyType validateXml
FINA: return internal name for choice string
13-nov-2011 17:32:56 org.eclipse.birt.report.model.metadata.ChoicePropertyType validateXml
FINA: return internal name for choice static
13-nov-2011 17:32:56 org.eclipse.birt.report.model.metadata.ChoicePropertyType validateXml
FINA: return internal name for choice simple
13-nov-2011 17:32:56 org.eclipse.birt.report.model.metadata.ChoicePropertyType validateXml
FINA: return internal name for choice auto
13-nov-2011 17:32:56 org.eclipse.birt.report.model.metadata.ChoicePropertyType validateXml
FINA: return internal name for choice NoChange
13-nov-2011 17:32:56 org.eclipse.birt.report.model.metadata.ChoicePropertyType validateXml
FINA: return internal name for choice none
13-nov-2011 17:32:56 org.eclipse.birt.report.model.metadata.ChoicePropertyType validateXml
FINA: return internal name for choice NoChange
13-nov-2011 17:32:56 org.eclipse.birt.report.model.metadata.ChoicePropertyType validateXml
FINA: return internal name for choice none
13-nov-2011 17:32:56 org.eclipse.birt.report.model.metadata.ChoicePropertyType validateXml
FINA: return internal name for choice asc
13-nov-2011 17:32:56 org.eclipse.birt.report.model.metadata.ChoicePropertyType validateXml
FINA: return internal name for choice none
13-nov-2011 17:32:56 org.eclipse.birt.report.model.metadata.ChoicePropertyType validateXml
FINA: return internal name for choice eq
13-nov-2011 17:32:56 org.eclipse.birt.report.model.metadata.ChoicePropertyType validateXml
FINA: return internal name for choice DataSet
13-nov-2011 17:32:56 org.eclipse.birt.report.model.metadata.ChoicePropertyType validateXml
FINA: return internal name for choice size-to-image
13-nov-2011 17:32:56 org.eclipse.birt.report.model.metadata.ChoicePropertyType validateXml
FINA: return internal name for choice none
13-nov-2011 17:32:56 org.eclipse.birt.report.model.metadata.ChoicePropertyType validateXml
FINA: return internal name for choice single
13-nov-2011 17:32:56 org.eclipse.birt.report.model.metadata.DimensionPropertyType validateXml
FINA: return dimension value with user defined unit 0.5pt
13-nov-2011 17:32:56 org.eclipse.birt.report.model.metadata.ChoicePropertyType validateXml
FINA: return internal name for choice auto
13-nov-2011 17:32:56 org.eclipse.birt.report.model.metadata.ChoicePropertyType validateXml
FINA: return internal name for choice horizontal
13-nov-2011 17:32:56 org.eclipse.birt.report.model.metadata.ChoicePropertyType validateXml
FINA: return internal name for choice string
13-nov-2011 17:32:56 org.eclipse.birt.report.model.metadata.ChoicePropertyType validateXml
FINA: return internal name for choice inner
13-nov-2011 17:32:56 org.eclipse.birt.report.model.metadata.ChoicePropertyType validateXml
FINA: return internal name for choice eq
13-nov-2011 17:32:56 org.eclipse.birt.report.model.metadata.ChoicePropertyType validateXml
FINA: return internal name for choice eq
13-nov-2011 17:32:56 org.eclipse.birt.report.model.metadata.ChoicePropertyType validateXml
FINA: return internal name for choice DataSet
13-nov-2011 17:32:56 org.eclipse.birt.report.model.metadata.ChoicePropertyType validateXml
FINA: return internal name for choice string
13-nov-2011 17:32:56 org.eclipse.birt.report.model.metadata.ChoicePropertyType validateXml
FINA: return internal name for choice string
13-nov-2011 17:32:56 org.eclipse.birt.report.model.metadata.ChoicePropertyType validateXml
FINA: return internal name for choice string
13-nov-2011 17:32:56 org.eclipse.birt.report.model.metadata.ChoicePropertyType validateXml
FINA: return internal name for choice hyperlink
13-nov-2011 17:32:56 org.eclipse.birt.report.model.metadata.ChoicePropertyType validateXml
FINA: return internal name for choice eq
13-nov-2011 17:32:56 org.eclipse.birt.report.model.metadata.ChoicePropertyType validateXml
FINA: return internal name for choice any
13-nov-2011 17:32:56 org.eclipse.birt.report.model.metadata.ChoicePropertyType validateXml
FINA: return internal name for choice if-realized
13-nov-2011 17:32:56 org.eclipse.birt.report.model.metadata.ChoicePropertyType validateXml
FINA: return internal name for choice auto
13-nov-2011 17:32:56 org.eclipse.birt.report.model.metadata.ChoicePropertyType validateXml
FINA: return internal name for choice string
13-nov-2011 17:32:56 org.eclipse.birt.report.model.metadata.ChoicePropertyType validateXml
FINA: return internal name for choice hide
13-nov-2011 17:32:56 org.eclipse.birt.report.model.metadata.ChoicePropertyType validateXml
FINA: return internal name for choice asc
13-nov-2011 17:32:56 org.eclipse.birt.report.model.metadata.ChoicePropertyType validateXml
FINA: return internal name for choice string
13-nov-2011 17:32:56 org.eclipse.birt.report.model.metadata.ChoicePropertyType validateXml
FINA: return internal name for choice eq
13-nov-2011 17:32:56 org.eclipse.birt.report.model.metadata.ChoicePropertyType validateXml
FINA: return internal name for choice horizontal
13-nov-2011 17:32:56 org.eclipse.birt.report.model.metadata.ChoicePropertyType validateXml
FINA: return internal name for choice over then down
13-nov-2011 17:32:56 org.eclipse.birt.report.model.metadata.ChoicePropertyType validateInputString
FINA: Return internal name of the choice solid
13-nov-2011 17:32:57 org.eclipse.birt.report.model.metadata.DimensionPropertyType validateInputString
FINA: return dimension with user-defined unit 1pt
13-nov-2011 17:32:57 org.eclipse.birt.report.model.metadata.ColorPropertyType validateValue
FINA: the validated color value 13421772
13-nov-2011 17:32:57 org.eclipse.birt.report.model.metadata.ChoicePropertyType validateInputString
FINA: Return internal name of the choice solid
13-nov-2011 17:32:57 org.eclipse.birt.report.model.metadata.DimensionPropertyType validateInputString
FINA: return dimension with user-defined unit 1pt
13-nov-2011 17:32:57 org.eclipse.birt.report.model.metadata.ColorPropertyType validateValue
FINA: the validated color value 13421772
13-nov-2011 17:32:57 org.eclipse.birt.report.model.metadata.ChoicePropertyType validateInputString
FINA: Return internal name of the choice solid
13-nov-2011 17:32:57 org.eclipse.birt.report.model.metadata.DimensionPropertyType validateInputString
FINA: return dimension with user-defined unit 1pt
13-nov-2011 17:32:57 org.eclipse.birt.report.model.metadata.ColorPropertyType validateValue
FINA: the validated color value 13421772
13-nov-2011 17:32:57 org.eclipse.birt.report.model.metadata.ChoicePropertyType validateInputString
FINA: Return internal name of the choice solid
13-nov-2011 17:32:57 org.eclipse.birt.report.model.metadata.DimensionPropertyType validateInputString
FINA: return dimension with user-defined unit 1pt
13-nov-2011 17:32:57 org.eclipse.birt.report.model.metadata.ColorPropertyType validateValue
FINA: the validated color value 13421772
13-nov-2011 17:32:57 org.eclipse.birt.report.model.metadata.ChoicePropertyType validateInputString
FINA: Return internal name of the choice solid
13-nov-2011 17:32:57 org.eclipse.birt.report.model.metadata.DimensionPropertyType validateInputString
FINA: return dimension with user-defined unit 1pt
13-nov-2011 17:32:57 org.eclipse.birt.report.model.metadata.ColorPropertyType validateValue
FINA: the validated color value 13421772
13-nov-2011 17:32:57 org.eclipse.birt.report.model.metadata.ChoicePropertyType validateInputString
FINA: Return internal name of the choice solid
13-nov-2011 17:32:57 org.eclipse.birt.report.model.metadata.DimensionPropertyType validateInputString
FINA: return dimension with user-defined unit 1pt
13-nov-2011 17:32:57 org.eclipse.birt.report.model.metadata.ColorPropertyType validateValue
FINA: the validated color value 13421772
13-nov-2011 17:32:57 org.eclipse.birt.report.model.metadata.ChoicePropertyType validateInputString
FINA: Return internal name of the choice solid
13-nov-2011 17:32:57 org.eclipse.birt.report.model.metadata.DimensionPropertyType validateInputString
FINA: return dimension with user-defined unit 1pt
13-nov-2011 17:32:57 org.eclipse.birt.report.model.metadata.ColorPropertyType validateValue
FINA: the validated color value 13421772
13-nov-2011 17:32:57 org.eclipse.birt.report.model.metadata.ChoicePropertyType validateInputString
FINA: Return internal name of the choice solid
13-nov-2011 17:32:57 org.eclipse.birt.report.model.metadata.DimensionPropertyType validateInputString
FINA: return dimension with user-defined unit 1pt
13-nov-2011 17:32:57 org.eclipse.birt.report.model.metadata.ColorPropertyType validateValue
FINA: the validated color value 13421772
13-nov-2011 17:32:57 org.eclipse.birt.report.model.metadata.ChoicePropertyType validateXml
FINA: return internal name for choice none
13-nov-2011 17:32:57 org.eclipse.birt.report.model.metadata.ChoicePropertyType validateXml
FINA: return internal name for choice asc
13-nov-2011 17:32:57 org.eclipse.birt.report.model.metadata.ChoicePropertyType validateXml
FINA: return internal name for choice auto
13-nov-2011 17:32:57 org.eclipse.birt.report.model.metadata.ChoicePropertyType validateXml
FINA: return internal name for choice auto
13-nov-2011 17:32:57 org.eclipse.birt.report.model.metadata.ChoicePropertyType validateXml
FINA: return internal name for choice after
13-nov-2011 17:32:57 org.eclipse.birt.report.model.metadata.ChoicePropertyType validateXml
FINA: return internal name for choice none
13-nov-2011 17:32:57 org.eclipse.birt.report.model.metadata.ChoicePropertyType validateXml
FINA: return internal name for choice asc
13-nov-2011 17:32:57 org.eclipse.birt.report.model.metadata.ChoicePropertyType validateXml
FINA: return internal name for choice auto
13-nov-2011 17:32:57 org.eclipse.birt.report.model.metadata.ChoicePropertyType validateXml
FINA: return internal name for choice auto
13-nov-2011 17:32:57 org.eclipse.birt.report.model.metadata.ChoicePropertyType validateXml
FINA: return internal name for choice after
13-nov-2011 17:32:57 org.eclipse.birt.report.model.metadata.ChoicePropertyType validateXml
FINA: return internal name for choice horizontal
13-nov-2011 17:32:57 org.eclipse.birt.report.model.metadata.ChoicePropertyType validateXml
FINA: return internal name for choice over then down
13-nov-2011 17:32:57 org.eclipse.birt.report.model.metadata.ChoicePropertyType validateXml
FINA: return internal name for choice in
13-nov-2011 17:32:57 org.eclipse.birt.report.model.metadata.ChoicePropertyType validateXml
FINA: return internal name for choice ltr
13-nov-2011 17:32:57 org.eclipse.birt.report.model.metadata.ChoicePropertyType validateXml
FINA: return internal name for choice string
13-nov-2011 17:32:57 org.eclipse.birt.report.model.metadata.ChoicePropertyType validateXml
FINA: return internal name for choice string
13-nov-2011 17:32:57 org.eclipse.birt.report.model.metadata.ElementRefPropertyType validateValue
FINA: Validate the value of the element reference property as a string: ADAIA
13-nov-2011 17:32:57 org.eclipse.birt.report.model.metadata.ChoicePropertyType validateXml
FINA: return internal name for choice string
13-nov-2011 17:32:57 org.eclipse.birt.report.model.metadata.ChoicePropertyType validateXml
FINA: return internal name for choice string
13-nov-2011 17:32:57 org.eclipse.birt.report.model.metadata.DimensionPropertyType validateXml
FINA: return dimension value with user defined unit 10pt
13-nov-2011 17:32:57 org.eclipse.birt.report.model.metadata.ColorPropertyType validateXml
FINA: The validated color property value 13421772
13-nov-2011 17:32:57 org.eclipse.birt.report.model.metadata.ChoicePropertyType validateXml
FINA: return internal name for choice solid
13-nov-2011 17:32:57 org.eclipse.birt.report.model.metadata.DimensionPropertyType validateXml
FINA: return dimension value with user defined unit 1pt
13-nov-2011 17:32:57 org.eclipse.birt.report.model.metadata.ColorPropertyType validateXml
FINA: The validated color property value 13421772
13-nov-2011 17:32:57 org.eclipse.birt.report.model.metadata.ChoicePropertyType validateXml
FINA: return internal name for choice solid
13-nov-2011 17:32:57 org.eclipse.birt.report.model.metadata.DimensionPropertyType validateXml
FINA: return dimension value with user defined unit 1pt
13-nov-2011 17:32:57 org.eclipse.birt.report.model.metadata.ColorPropertyType validateXml
FINA: The validated color property value 13421772
13-nov-2011 17:32:57 org.eclipse.birt.report.model.metadata.ChoicePropertyType validateXml
FINA: return internal name for choice solid
13-nov-2011 17:32:57 org.eclipse.birt.report.model.metadata.DimensionPropertyType validateXml
FINA: return dimension value with user defined unit 1pt
13-nov-2011 17:32:57 org.eclipse.birt.report.model.metadata.ColorPropertyType validateXml
FINA: The validated color property value 13421772
13-nov-2011 17:32:57 org.eclipse.birt.report.model.metadata.ChoicePropertyType validateXml
FINA: return internal name for choice solid
13-nov-2011 17:32:57 org.eclipse.birt.report.model.metadata.DimensionPropertyType validateXml
FINA: return dimension value with user defined unit 1pt
13-nov-2011 17:32:57 org.eclipse.birt.report.model.metadata.ColorPropertyType validateXml
FINA: The validated color property value 13421772
13-nov-2011 17:32:57 org.eclipse.birt.report.model.metadata.ChoicePropertyType validateXml
FINA: return internal name for choice solid
13-nov-2011 17:32:57 org.eclipse.birt.report.model.metadata.DimensionPropertyType validateXml
FINA: return dimension value with user defined unit 1pt
13-nov-2011 17:32:57 org.eclipse.birt.report.model.metadata.ColorPropertyType validateXml
FINA: The validated color property value 13421772
13-nov-2011 17:32:57 org.eclipse.birt.report.model.metadata.ChoicePropertyType validateXml
FINA: return internal name for choice solid
13-nov-2011 17:32:57 org.eclipse.birt.report.model.metadata.DimensionPropertyType validateXml
FINA: return dimension value with user defined unit 1pt
13-nov-2011 17:32:57 org.eclipse.birt.report.model.metadata.ColorPropertyType validateXml
FINA: The validated color property value 13421772
13-nov-2011 17:32:57 org.eclipse.birt.report.model.metadata.ChoicePropertyType validateXml
FINA: return internal name for choice solid
13-nov-2011 17:32:57 org.eclipse.birt.report.model.metadata.DimensionPropertyType validateXml
FINA: return dimension value with user defined unit 1pt
13-nov-2011 17:32:57 org.eclipse.birt.report.model.metadata.ColorPropertyType validateXml
FINA: The validated color property value 13421772
13-nov-2011 17:32:57 org.eclipse.birt.report.model.metadata.ChoicePropertyType validateXml
FINA: return internal name for choice solid
13-nov-2011 17:32:57 org.eclipse.birt.report.model.metadata.DimensionPropertyType validateXml
FINA: return dimension value with user defined unit 1pt
13-nov-2011 17:32:57 org.eclipse.birt.report.model.metadata.DimensionPropertyType validateXml
FINA: return dimension value with user defined unit 0.25in
13-nov-2011 17:32:57 org.eclipse.birt.report.model.metadata.DimensionPropertyType validateXml
FINA: return dimension value with user defined unit 0.25in
13-nov-2011 17:32:57 org.eclipse.birt.report.model.metadata.DimensionPropertyType validateXml
FINA: return dimension value with user defined unit 0.25in
13-nov-2011 17:32:57 org.eclipse.birt.report.model.metadata.DimensionPropertyType validateXml
FINA: return dimension value with user defined unit 0.25in
13-nov-2011 17:32:57 org.eclipse.birt.report.model.metadata.DimensionPropertyType validateXml
FINA: return dimension value with user defined unit 100%
13-nov-2011 17:32:57 org.eclipse.birt.report.model.metadata.DimensionPropertyType validateXml
FINA: return dimension value with user defined unit 6.520833333333333in
13-nov-2011 17:32:57 org.eclipse.birt.report.model.metadata.ChoicePropertyType validateXml
FINA: return internal name for choice auto
13-nov-2011 17:32:57 org.eclipse.birt.report.model.metadata.DimensionPropertyType validateXml
FINA: return dimension value with user defined unit 24pt
13-nov-2011 17:32:57 org.eclipse.birt.report.model.metadata.ChoicePropertyType validateXml
FINA: return internal name for choice auto
13-nov-2011 17:32:57 org.eclipse.birt.report.model.metadata.ChoicePropertyType validateXml
FINA: return internal name for choice auto
13-nov-2011 17:32:57 org.eclipse.birt.report.model.metadata.DimensionPropertyType validateXml
FINA: return dimension value with user defined unit 24pt
13-nov-2011 17:32:57 org.eclipse.birt.report.model.metadata.ChoicePropertyType validateXml
FINA: return internal name for choice auto
13-nov-2011 17:32:57 org.eclipse.birt.report.model.metadata.ChoicePropertyType validateXml
FINA: return internal name for choice html
13-nov-2011 17:32:57 org.eclipse.birt.report.model.metadata.ColorPropertyType validateXml
FINA: The validated color property value 0
13-nov-2011 17:32:57 org.eclipse.birt.report.model.metadata.ChoicePropertyType validateXml
FINA: return internal name for choice solid
13-nov-2011 17:32:57 org.eclipse.birt.report.model.metadata.ColorPropertyType validateXml
FINA: The validated color property value 0
13-nov-2011 17:32:57 org.eclipse.birt.report.model.metadata.ChoicePropertyType validateXml
FINA: return internal name for choice solid
13-nov-2011 17:32:57 org.eclipse.birt.report.model.metadata.ColorPropertyType validateXml
FINA: The validated color property value 0
13-nov-2011 17:32:57 org.eclipse.birt.report.model.metadata.ChoicePropertyType validateXml
FINA: return internal name for choice solid
13-nov-2011 17:32:57 org.eclipse.birt.report.model.metadata.ColorPropertyType validateXml
FINA: The validated color property value 0
13-nov-2011 17:32:57 org.eclipse.birt.report.model.metadata.ChoicePropertyType validateXml
FINA: return internal name for choice solid
13-nov-2011 17:32:57 org.eclipse.birt.report.model.metadata.DimensionPropertyType validateXml
FINA: return dimension value with user defined unit 100%
13-nov-2011 17:32:57 org.eclipse.birt.report.model.metadata.ElementRefPropertyType validateValue
FINA: Validate the value of the element reference property as a string: Parametros
13-nov-2011 17:32:57 org.eclipse.birt.report.model.metadata.ChoicePropertyType validateXml
FINA: return internal name for choice string
13-nov-2011 17:32:57 org.eclipse.birt.report.model.metadata.ChoicePropertyType validateXml
FINA: return internal name for choice string
13-nov-2011 17:32:57 org.eclipse.birt.report.model.metadata.DimensionPropertyType validateXml
FINA: return dimension value with user defined unit 1.1979166666666667in
13-nov-2011 17:32:57 org.eclipse.birt.report.model.metadata.ColorPropertyType validateXml
FINA: The validated color property value 0
13-nov-2011 17:32:57 org.eclipse.birt.report.model.metadata.ChoicePropertyType validateXml
FINA: return internal name for choice solid
13-nov-2011 17:32:57 org.eclipse.birt.report.model.metadata.ColorPropertyType validateXml
FINA: The validated color property value 0
13-nov-2011 17:32:57 org.eclipse.birt.report.model.metadata.ChoicePropertyType validateXml
FINA: return internal name for choice solid
13-nov-2011 17:32:57 org.eclipse.birt.report.model.metadata.ColorPropertyType validateXml
FINA: The validated color property value 0
13-nov-2011 17:32:57 org.eclipse.birt.report.model.metadata.ChoicePropertyType validateXml
FINA: return internal name for choice solid
13-nov-2011 17:32:57 org.eclipse.birt.report.model.metadata.ColorPropertyType validateXml
FINA: The validated color property value 0
13-nov-2011 17:32:57 org.eclipse.birt.report.model.metadata.ChoicePropertyType validateXml
FINA: return internal name for choice solid
13-nov-2011 17:32:57 org.eclipse.birt.report.model.metadata.ColorPropertyType validateXml
FINA: The validated color property value 0
13-nov-2011 17:32:57 org.eclipse.birt.report.model.metadata.ChoicePropertyType validateXml
FINA: return internal name for choice solid
13-nov-2011 17:32:57 org.eclipse.birt.report.model.metadata.ColorPropertyType validateXml
FINA: The validated color property value 0
13-nov-2011 17:32:57 org.eclipse.birt.report.model.metadata.ChoicePropertyType validateXml
FINA: return internal name for choice solid
13-nov-2011 17:32:57 org.eclipse.birt.report.model.metadata.ColorPropertyType validateXml
FINA: The validated color property value 0
13-nov-2011 17:32:57 org.eclipse.birt.report.model.metadata.ChoicePropertyType validateXml
FINA: return internal name for choice solid
13-nov-2011 17:32:57 org.eclipse.birt.report.model.metadata.ColorPropertyType validateXml
FINA: The validated color property value 0
13-nov-2011 17:32:57 org.eclipse.birt.report.model.metadata.ChoicePropertyType validateXml
FINA: return internal name for choice solid
13-nov-2011 17:32:57 org.eclipse.birt.report.model.metadata.ColorPropertyType validateXml
FINA: The validated color property value 0
13-nov-2011 17:32:57 org.eclipse.birt.report.model.metadata.ChoicePropertyType validateXml
FINA: return internal name for choice solid
13-nov-2011 17:32:57 org.eclipse.birt.report.model.metadata.ColorPropertyType validateXml
FINA: The validated color property value 0
13-nov-2011 17:32:57 org.eclipse.birt.report.model.metadata.ChoicePropertyType validateXml
FINA: return internal name for choice solid
13-nov-2011 17:32:57 org.eclipse.birt.report.model.metadata.ColorPropertyType validateXml
FINA: The validated color property value 0
13-nov-2011 17:32:57 org.eclipse.birt.report.model.metadata.ChoicePropertyType validateXml
FINA: return internal name for choice solid
13-nov-2011 17:32:57 org.eclipse.birt.report.model.metadata.ColorPropertyType validateXml
FINA: The validated color property value 0
13-nov-2011 17:32:57 org.eclipse.birt.report.model.metadata.ChoicePropertyType validateXml
FINA: return internal name for choice solid
13-nov-2011 17:32:57 org.eclipse.birt.report.model.metadata.ColorPropertyType validateXml
FINA: The validated color property value 0
13-nov-2011 17:32:57 org.eclipse.birt.report.model.metadata.ChoicePropertyType validateXml
FINA: return internal name for choice solid
13-nov-2011 17:32:57 org.eclipse.birt.report.model.metadata.ColorPropertyType validateXml
FINA: The validated color property value 0
13-nov-2011 17:32:57 org.eclipse.birt.report.model.metadata.ChoicePropertyType validateXml
FINA: return internal name for choice solid
13-nov-2011 17:32:57 org.eclipse.birt.report.model.metadata.ColorPropertyType validateXml
FINA: The validated color property value 0
13-nov-2011 17:32:57 org.eclipse.birt.report.model.metadata.ChoicePropertyType validateXml
FINA: return internal name for choice solid
13-nov-2011 17:32:57 org.eclipse.birt.report.model.metadata.ColorPropertyType validateXml
FINA: The validated color property value 0
13-nov-2011 17:32:57 org.eclipse.birt.report.model.metadata.ChoicePropertyType validateXml
FINA: return internal name for choice solid
13-nov-2011 17:32:57 org.eclipse.birt.report.engine.api.impl.ReportEngine createGetParameterDefinitionTask
FINA: ReportEngine.createGetParameterDefinitionTask: reportRunnable=org.eclipse.birt.report.engine.api.impl.ReportRunnable@a8857e 
13-nov-2011 17:32:58 org.eclipse.birt.report.engine.api.impl.EngineTask setAppContext
FINA: EngineTask.setAppContext: context=PARENT_CLASSLOADER=WebappClassLoader
  context: /birt-ca3
  delegate: false
  repositories:
----------> Parent Classloader:
org.apache.catalina.loader.StandardClassLoader@a46701
;webapplication.projectclasspath=;
13-nov-2011 17:32:58 org.eclipse.birt.report.engine.api.impl.EngineTask setLocale
FINA: EngineTask.setLocale: locale=español (España)
13-nov-2011 17:32:58 org.eclipse.birt.report.engine.api.impl.EngineTask setAppContext
FINA: EngineTask.setAppContext: context=PARENT_CLASSLOADER=WebappClassLoader
  context: /birt-ca3
  delegate: false
  repositories:
----------> Parent Classloader:
org.apache.catalina.loader.StandardClassLoader@a46701
;CHART_RESOLUTION=null;org.eclipse.birt.data.engine.dataset.cache.option=false;org.eclipse.birt.data.engine.cube.inmemory.size=0;webapplication.projectclasspath=;BIRT_VIEWER_HTTPSERVET_REQUEST=org.apache.catalina.connector.RequestFacade@19ba1bd;birt.viewer.resource.path=/opt/hpws/tomcat/webapps/birt-ca3;
13-nov-2011 17:32:58 org.eclipse.birt.report.engine.api.impl.EngineTask setAppContext
FINA: EngineTask.setAppContext: context=PARENT_CLASSLOADER=WebappClassLoader
  context: /birt-ca3
  delegate: false
  repositories:
----------> Parent Classloader:
org.apache.catalina.loader.StandardClassLoader@a46701
;webapplication.projectclasspath=;BIRT_VIEWER_HTTPSERVET_REQUEST=org.apache.catalina.connector.RequestFacade@19ba1bd;
13-nov-2011 17:32:58 org.eclipse.birt.report.engine.api.impl.ReportEngine createGetParameterDefinitionTask
FINA: ReportEngine.createGetParameterDefinitionTask: reportRunnable=org.eclipse.birt.report.engine.api.impl.ReportRunnable@a8857e 
13-nov-2011 17:32:58 org.eclipse.birt.report.engine.api.impl.EngineTask setAppContext
FINA: EngineTask.setAppContext: context=PARENT_CLASSLOADER=WebappClassLoader
  context: /birt-ca3
  delegate: false
  repositories:
----------> Parent Classloader:
org.apache.catalina.loader.StandardClassLoader@a46701
;webapplication.projectclasspath=;
13-nov-2011 17:32:58 org.eclipse.birt.report.engine.api.impl.EngineTask setLocale
FINA: EngineTask.setLocale: locale=español (España)
13-nov-2011 17:32:58 org.eclipse.birt.report.engine.api.impl.EngineTask setAppContext
FINA: EngineTask.setAppContext: context=PARENT_CLASSLOADER=WebappClassLoader
  context: /birt-ca3
  delegate: false
  repositories:
----------> Parent Classloader:
org.apache.catalina.loader.StandardClassLoader@a46701
;CHART_RESOLUTION=null;org.eclipse.birt.data.engine.dataset.cache.option=false;org.eclipse.birt.data.engine.cube.inmemory.size=0;webapplication.projectclasspath=;BIRT_VIEWER_HTTPSERVET_REQUEST=org.apache.catalina.core.ApplicationHttpRequest@154eaf3;birt.viewer.resource.path=/opt/hpws/tomcat/webapps/birt-ca3;
13-nov-2011 17:32:58 org.eclipse.birt.report.engine.api.impl.EngineTask setAppContext
FINA: EngineTask.setAppContext: context=PARENT_CLASSLOADER=WebappClassLoader
  context: /birt-ca3
  delegate: false
  repositories:
----------> Parent Classloader:
org.apache.catalina.loader.StandardClassLoader@a46701
;webapplication.projectclasspath=;BIRT_VIEWER_HTTPSERVET_REQUEST=org.apache.catalina.core.ApplicationHttpRequest@154eaf3;
13-nov-2011 17:33:02 org.eclipse.birt.report.engine.api.impl.ReportEngine openReportDesign
FINA: ReportEngine.openReportDesign: name=file:/opt/hpws/tomcat/webapps/birt-ca3/report/TestConexion.rptdesign, designStream=java.io.FileInputStream@12da81b, options={3} 
13-nov-2011 17:33:02 org.eclipse.birt.report.model.metadata.ChoicePropertyType validateXml
FINA: return internal name for choice in
13-nov-2011 17:33:02 org.eclipse.birt.report.model.metadata.ChoicePropertyType validateXml
FINA: return internal name for choice ltr
13-nov-2011 17:33:02 org.eclipse.birt.report.model.metadata.ChoicePropertyType validateXml
FINA: return internal name for choice string
13-nov-2011 17:33:02 org.eclipse.birt.report.model.metadata.ChoicePropertyType validateXml
FINA: return internal name for choice string
13-nov-2011 17:33:02 org.eclipse.birt.report.model.metadata.ElementRefPropertyType validateValue
FINA: Validate the value of the element reference property as a string: ADAIA
13-nov-2011 17:33:02 org.eclipse.birt.report.model.metadata.ChoicePropertyType validateXml
FINA: return internal name for choice string
13-nov-2011 17:33:02 org.eclipse.birt.report.model.metadata.ChoicePropertyType validateXml
FINA: return internal name for choice string
13-nov-2011 17:33:02 org.eclipse.birt.report.model.metadata.DimensionPropertyType validateXml
FINA: return dimension value with user defined unit 10pt
13-nov-2011 17:33:02 org.eclipse.birt.report.model.metadata.ColorPropertyType validateXml
FINA: The validated color property value 13421772
13-nov-2011 17:33:02 org.eclipse.birt.report.model.metadata.ChoicePropertyType validateXml
FINA: return internal name for choice solid
13-nov-2011 17:33:02 org.eclipse.birt.report.model.metadata.DimensionPropertyType validateXml
FINA: return dimension value with user defined unit 1pt
13-nov-2011 17:33:02 org.eclipse.birt.report.model.metadata.ColorPropertyType validateXml
FINA: The validated color property value 13421772
13-nov-2011 17:33:02 org.eclipse.birt.report.model.metadata.ChoicePropertyType validateXml
FINA: return internal name for choice solid
13-nov-2011 17:33:02 org.eclipse.birt.report.model.metadata.DimensionPropertyType validateXml
FINA: return dimension value with user defined unit 1pt
13-nov-2011 17:33:02 org.eclipse.birt.report.model.metadata.ColorPropertyType validateXml
FINA: The validated color property value 13421772
13-nov-2011 17:33:02 org.eclipse.birt.report.model.metadata.ChoicePropertyType validateXml
FINA: return internal name for choice solid
13-nov-2011 17:33:02 org.eclipse.birt.report.model.metadata.DimensionPropertyType validateXml
FINA: return dimension value with user defined unit 1pt
13-nov-2011 17:33:02 org.eclipse.birt.report.model.metadata.ColorPropertyType validateXml
FINA: The validated color property value 13421772
13-nov-2011 17:33:02 org.eclipse.birt.report.model.metadata.ChoicePropertyType validateXml
FINA: return internal name for choice solid
13-nov-2011 17:33:02 org.eclipse.birt.report.model.metadata.DimensionPropertyType validateXml
FINA: return dimension value with user defined unit 1pt
13-nov-2011 17:33:02 org.eclipse.birt.report.model.metadata.ColorPropertyType validateXml
FINA: The validated color property value 13421772
13-nov-2011 17:33:02 org.eclipse.birt.report.model.metadata.ChoicePropertyType validateXml
FINA: return internal name for choice solid
13-nov-2011 17:33:02 org.eclipse.birt.report.model.metadata.DimensionPropertyType validateXml
FINA: return dimension value with user defined unit 1pt
13-nov-2011 17:33:02 org.eclipse.birt.report.model.metadata.ColorPropertyType validateXml
FINA: The validated color property value 13421772
13-nov-2011 17:33:02 org.eclipse.birt.report.model.metadata.ChoicePropertyType validateXml
FINA: return internal name for choice solid
13-nov-2011 17:33:02 org.eclipse.birt.report.model.metadata.DimensionPropertyType validateXml
FINA: return dimension value with user defined unit 1pt
13-nov-2011 17:33:02 org.eclipse.birt.report.model.metadata.ColorPropertyType validateXml
FINA: The validated color property value 13421772
13-nov-2011 17:33:02 org.eclipse.birt.report.model.metadata.ChoicePropertyType validateXml
FINA: return internal name for choice solid
13-nov-2011 17:33:02 org.eclipse.birt.report.model.metadata.DimensionPropertyType validateXml
FINA: return dimension value with user defined unit 1pt
13-nov-2011 17:33:02 org.eclipse.birt.report.model.metadata.ColorPropertyType validateXml
FINA: The validated color property value 13421772
13-nov-2011 17:33:02 org.eclipse.birt.report.model.metadata.ChoicePropertyType validateXml
FINA: return internal name for choice solid
13-nov-2011 17:33:02 org.eclipse.birt.report.model.metadata.DimensionPropertyType validateXml
FINA: return dimension value with user defined unit 1pt
13-nov-2011 17:33:02 org.eclipse.birt.report.model.metadata.DimensionPropertyType validateXml
FINA: return dimension value with user defined unit 0.25in
13-nov-2011 17:33:02 org.eclipse.birt.report.model.metadata.DimensionPropertyType validateXml
FINA: return dimension value with user defined unit 0.25in
13-nov-2011 17:33:02 org.eclipse.birt.report.model.metadata.DimensionPropertyType validateXml
FINA: return dimension value with user defined unit 0.25in
13-nov-2011 17:33:02 org.eclipse.birt.report.model.metadata.DimensionPropertyType validateXml
FINA: return dimension value with user defined unit 0.25in
13-nov-2011 17:33:02 org.eclipse.birt.report.model.metadata.DimensionPropertyType validateXml
FINA: return dimension value with user defined unit 100%
13-nov-2011 17:33:02 org.eclipse.birt.report.model.metadata.DimensionPropertyType validateXml
FINA: return dimension value with user defined unit 6.520833333333333in
13-nov-2011 17:33:02 org.eclipse.birt.report.model.metadata.ChoicePropertyType validateXml
FINA: return internal name for choice auto
13-nov-2011 17:33:02 org.eclipse.birt.report.model.metadata.DimensionPropertyType validateXml
FINA: return dimension value with user defined unit 24pt
13-nov-2011 17:33:02 org.eclipse.birt.report.model.metadata.ChoicePropertyType validateXml
FINA: return internal name for choice auto
13-nov-2011 17:33:02 org.eclipse.birt.report.model.metadata.ChoicePropertyType validateXml
FINA: return internal name for choice auto
13-nov-2011 17:33:02 org.eclipse.birt.report.model.metadata.DimensionPropertyType validateXml
FINA: return dimension value with user defined unit 24pt
13-nov-2011 17:33:02 org.eclipse.birt.report.model.metadata.ChoicePropertyType validateXml
FINA: return internal name for choice auto
13-nov-2011 17:33:02 org.eclipse.birt.report.model.metadata.ChoicePropertyType validateXml
FINA: return internal name for choice html
13-nov-2011 17:33:02 org.eclipse.birt.report.model.metadata.ColorPropertyType validateXml
FINA: The validated color property value 0
13-nov-2011 17:33:02 org.eclipse.birt.report.model.metadata.ChoicePropertyType validateXml
FINA: return internal name for choice solid
13-nov-2011 17:33:02 org.eclipse.birt.report.model.metadata.ColorPropertyType validateXml
FINA: The validated color property value 0
13-nov-2011 17:33:02 org.eclipse.birt.report.model.metadata.ChoicePropertyType validateXml
FINA: return internal name for choice solid
13-nov-2011 17:33:02 org.eclipse.birt.report.model.metadata.ColorPropertyType validateXml
FINA: The validated color property value 0
13-nov-2011 17:33:02 org.eclipse.birt.report.model.metadata.ChoicePropertyType validateXml
FINA: return internal name for choice solid
13-nov-2011 17:33:02 org.eclipse.birt.report.model.metadata.ColorPropertyType validateXml
FINA: The validated color property value 0
13-nov-2011 17:33:02 org.eclipse.birt.report.model.metadata.ChoicePropertyType validateXml
FINA: return internal name for choice solid
13-nov-2011 17:33:02 org.eclipse.birt.report.model.metadata.DimensionPropertyType validateXml
FINA: return dimension value with user defined unit 100%
13-nov-2011 17:33:02 org.eclipse.birt.report.model.metadata.ElementRefPropertyType validateValue
FINA: Validate the value of the element reference property as a string: Parametros
13-nov-2011 17:33:02 org.eclipse.birt.report.model.metadata.ChoicePropertyType validateXml
FINA: return internal name for choice string
13-nov-2011 17:33:02 org.eclipse.birt.report.model.metadata.ChoicePropertyType validateXml
FINA: return internal name for choice string
13-nov-2011 17:33:02 org.eclipse.birt.report.model.metadata.DimensionPropertyType validateXml
FINA: return dimension value with user defined unit 1.1979166666666667in
13-nov-2011 17:33:02 org.eclipse.birt.report.model.metadata.ColorPropertyType validateXml
FINA: The validated color property value 0
13-nov-2011 17:33:02 org.eclipse.birt.report.model.metadata.ChoicePropertyType validateXml
FINA: return internal name for choice solid
13-nov-2011 17:33:02 org.eclipse.birt.report.model.metadata.ColorPropertyType validateXml
FINA: The validated color property value 0
13-nov-2011 17:33:02 org.eclipse.birt.report.model.metadata.ChoicePropertyType validateXml
FINA: return internal name for choice solid
13-nov-2011 17:33:02 org.eclipse.birt.report.model.metadata.ColorPropertyType validateXml
FINA: The validated color property value 0
13-nov-2011 17:33:02 org.eclipse.birt.report.model.metadata.ChoicePropertyType validateXml
FINA: return internal name for choice solid
13-nov-2011 17:33:02 org.eclipse.birt.report.model.metadata.ColorPropertyType validateXml
FINA: The validated color property value 0
13-nov-2011 17:33:02 org.eclipse.birt.report.model.metadata.ChoicePropertyType validateXml
FINA: return internal name for choice solid
13-nov-2011 17:33:02 org.eclipse.birt.report.model.metadata.ColorPropertyType validateXml
FINA: The validated color property value 0
13-nov-2011 17:33:02 org.eclipse.birt.report.model.metadata.ChoicePropertyType validateXml
FINA: return internal name for choice solid
13-nov-2011 17:33:02 org.eclipse.birt.report.model.metadata.ColorPropertyType validateXml
FINA: The validated color property value 0
13-nov-2011 17:33:02 org.eclipse.birt.report.model.metadata.ChoicePropertyType validateXml
FINA: return internal name for choice solid
13-nov-2011 17:33:02 org.eclipse.birt.report.model.metadata.ColorPropertyType validateXml
FINA: The validated color property value 0
13-nov-2011 17:33:02 org.eclipse.birt.report.model.metadata.ChoicePropertyType validateXml
FINA: return internal name for choice solid
13-nov-2011 17:33:02 org.eclipse.birt.report.model.metadata.ColorPropertyType validateXml
FINA: The validated color property value 0
13-nov-2011 17:33:02 org.eclipse.birt.report.model.metadata.ChoicePropertyType validateXml
FINA: return internal name for choice solid
13-nov-2011 17:33:02 org.eclipse.birt.report.model.metadata.ColorPropertyType validateXml
FINA: The validated color property value 0
13-nov-2011 17:33:02 org.eclipse.birt.report.model.metadata.ChoicePropertyType validateXml
FINA: return internal name for choice solid
13-nov-2011 17:33:02 org.eclipse.birt.report.model.metadata.ColorPropertyType validateXml
FINA: The validated color property value 0
13-nov-2011 17:33:02 org.eclipse.birt.report.model.metadata.ChoicePropertyType validateXml
FINA: return internal name for choice solid
13-nov-2011 17:33:02 org.eclipse.birt.report.model.metadata.ColorPropertyType validateXml
FINA: The validated color property value 0
13-nov-2011 17:33:02 org.eclipse.birt.report.model.metadata.ChoicePropertyType validateXml
FINA: return internal name for choice solid
13-nov-2011 17:33:02 org.eclipse.birt.report.model.metadata.ColorPropertyType validateXml
FINA: The validated color property value 0
13-nov-2011 17:33:02 org.eclipse.birt.report.model.metadata.ChoicePropertyType validateXml
FINA: return internal name for choice solid
13-nov-2011 17:33:02 org.eclipse.birt.report.model.metadata.ColorPropertyType validateXml
FINA: The validated color property value 0
13-nov-2011 17:33:02 org.eclipse.birt.report.model.metadata.ChoicePropertyType validateXml
FINA: return internal name for choice solid
13-nov-2011 17:33:02 org.eclipse.birt.report.model.metadata.ColorPropertyType validateXml
FINA: The validated color property value 0
13-nov-2011 17:33:02 org.eclipse.birt.report.model.metadata.ChoicePropertyType validateXml
FINA: return internal name for choice solid
13-nov-2011 17:33:02 org.eclipse.birt.report.model.metadata.ColorPropertyType validateXml
FINA: The validated color property value 0
13-nov-2011 17:33:02 org.eclipse.birt.report.model.metadata.ChoicePropertyType validateXml
FINA: return internal name for choice solid
13-nov-2011 17:33:02 org.eclipse.birt.report.model.metadata.ColorPropertyType validateXml
FINA: The validated color property value 0
13-nov-2011 17:33:02 org.eclipse.birt.report.model.metadata.ChoicePropertyType validateXml
FINA: return internal name for choice solid
13-nov-2011 17:33:02 org.eclipse.birt.report.engine.api.impl.ReportEngine createGetParameterDefinitionTask
FINA: ReportEngine.createGetParameterDefinitionTask: reportRunnable=org.eclipse.birt.report.engine.api.impl.ReportRunnable@17bb95a 
13-nov-2011 17:33:02 org.eclipse.birt.report.engine.api.impl.EngineTask setAppContext
FINA: EngineTask.setAppContext: context=PARENT_CLASSLOADER=WebappClassLoader
  context: /birt-ca3
  delegate: false
  repositories:
----------> Parent Classloader:
org.apache.catalina.loader.StandardClassLoader@a46701
;webapplication.projectclasspath=;
13-nov-2011 17:33:02 org.eclipse.birt.report.engine.api.impl.EngineTask setLocale
FINA: EngineTask.setLocale: locale=español (España)
13-nov-2011 17:33:02 org.eclipse.birt.report.engine.api.impl.EngineTask setAppContext
FINA: EngineTask.setAppContext: context=PARENT_CLASSLOADER=WebappClassLoader
  context: /birt-ca3
  delegate: false
  repositories:
----------> Parent Classloader:
org.apache.catalina.loader.StandardClassLoader@a46701
;CHART_RESOLUTION=null;org.eclipse.birt.data.engine.dataset.cache.option=false;org.eclipse.birt.data.engine.cube.inmemory.size=0;webapplication.projectclasspath=;BIRT_VIEWER_HTTPSERVET_REQUEST=org.apache.catalina.connector.RequestFacade@19ba1bd;birt.viewer.resource.path=/opt/hpws/tomcat/webapps/birt-ca3;
13-nov-2011 17:33:02 org.eclipse.birt.report.engine.api.impl.EngineTask setAppContext
FINA: EngineTask.setAppContext: context=PARENT_CLASSLOADER=WebappClassLoader
  context: /birt-ca3
  delegate: false
  repositories:
----------> Parent Classloader:
org.apache.catalina.loader.StandardClassLoader@a46701
;webapplication.projectclasspath=;BIRT_VIEWER_HTTPSERVET_REQUEST=org.apache.catalina.connector.RequestFacade@19ba1bd;
13-nov-2011 17:33:02 org.eclipse.birt.report.engine.api.impl.ReportEngine createRunAndRenderTask
FINA: ReportEngine.createRunAndRenderTask: reportRunnable=org.eclipse.birt.report.engine.api.impl.ReportRunnable@17bb95a 
13-nov-2011 17:33:02 org.eclipse.birt.report.engine.api.impl.EngineTask setAppContext
FINA: EngineTask.setAppContext: context=PARENT_CLASSLOADER=WebappClassLoader
  context: /birt-ca3
  delegate: false
  repositories:
----------> Parent Classloader:
org.apache.catalina.loader.StandardClassLoader@a46701
;webapplication.projectclasspath=;
13-nov-2011 17:33:02 org.eclipse.birt.report.engine.api.impl.EngineTask setLocale
FINA: EngineTask.setLocale: locale=español (España)
13-nov-2011 17:33:02 org.eclipse.birt.report.engine.api.impl.EngineTask setAppContext
FINA: EngineTask.setAppContext: context=PARENT_CLASSLOADER=WebappClassLoader
  context: /birt-ca3
  delegate: false
  repositories:
----------> Parent Classloader:
org.apache.catalina.loader.StandardClassLoader@a46701
;CHART_RESOLUTION=null;org.eclipse.birt.data.engine.dataset.cache.option=false;org.eclipse.birt.data.engine.cube.inmemory.size=0;webapplication.projectclasspath=;BIRT_VIEWER_HTTPSERVET_REQUEST=org.apache.catalina.connector.RequestFacade@19ba1bd;birt.viewer.resource.path=/opt/hpws/tomcat/webapps/birt-ca3;
13-nov-2011 17:33:02 org.eclipse.birt.report.engine.api.impl.EngineTask loggerParamters
FINA: Running the report with paramters: 
