04-dic-2011 6:31:34 org.eclipse.birt.report.engine.api.impl.ReportEngine <init>
FINA: ReportEngine created. EngineConfig: EngineConfig: org.eclipse.birt.report.engine.api.EngineConfig.scriptObjects={PARENT_CLASSLOADER=WebappClassLoader
  context: /birt-adaia3
  delegate: false
  repositories:
----------> Parent Classloader:
org.apache.catalina.loader.StandardClassLoader@1808199
, webapplication.projectclasspath=};maxRowsPerQuery=-1;BIRT_HOME=;logLevel=ALL;PLATFORM_CONTEXT=org.eclipse.birt.core.framework.PlatformServletContext@f2da21;org.eclipse.birt.report.engine.api.EngineConfig.emitterConfigs={html=org.eclipse.birt.report.engine.api.HTMLRenderOption@1cee361};logDest=/opt/hpws/tomcat/webapps/birt-adaia3/logs; 
04-dic-2011 6:31:34 org.eclipse.birt.report.engine.extension.internal.ExtensionManager getExtensions
FINA: Start load extension point: org.eclipse.birt.report.engine.reportitemGeneration
04-dic-2011 6:31:34 org.eclipse.birt.report.engine.extension.internal.ExtensionManager loadGenerationExtensionDefns
FINA: Load generation extension: Chart
04-dic-2011 6:31:34 org.eclipse.birt.report.engine.extension.internal.ExtensionManager getExtensions
FINA: Start load extension point: org.eclipse.birt.report.engine.reportitemPresentation
04-dic-2011 6:31:34 org.eclipse.birt.report.engine.extension.internal.ExtensionManager loadPresentationExtensionDefns
FINA: Load prsentation extension: Chart
04-dic-2011 6:31:34 org.eclipse.birt.report.engine.extension.internal.ExtensionManager getExtensions
FINA: Start load extension point: org.eclipse.birt.report.engine.reportitemQuery
04-dic-2011 6:31:34 org.eclipse.birt.report.engine.extension.internal.ExtensionManager loadQueryExtensionDefns
FINA: Load query extension: Chart
04-dic-2011 6:31:34 org.eclipse.birt.report.engine.extension.internal.ExtensionManager getExtensions
FINA: Start load extension point: org.eclipse.birt.report.engine.emitters
04-dic-2011 6:31:34 org.eclipse.birt.report.engine.extension.internal.ExtensionManager loadEmitterExtensionDefns
FINA: Load html emitter org.eclipse.birt.report.engine.emitter.html
04-dic-2011 6:31:34 org.eclipse.birt.report.engine.extension.internal.ExtensionManager loadEmitterExtensionDefns
FINA: Load pdf emitter org.eclipse.birt.report.engine.emitter.pdf
04-dic-2011 6:31:34 org.eclipse.birt.report.engine.extension.internal.ExtensionManager loadEmitterExtensionDefns
FINA: Load postscript emitter org.eclipse.birt.report.engine.emitter.postscript
04-dic-2011 6:31:34 org.eclipse.birt.report.engine.extension.internal.ExtensionManager loadEmitterExtensionDefns
FINA: Load ppt emitter org.eclipse.birt.report.engine.emitter.ppt
04-dic-2011 6:31:34 org.eclipse.birt.report.engine.extension.internal.ExtensionManager loadEmitterExtensionDefns
FINA: Load xls emitter org.eclipse.birt.report.engine.emitter.prototype.excel
04-dic-2011 6:31:34 org.eclipse.birt.report.engine.extension.internal.ExtensionManager loadEmitterExtensionDefns
FINA: Load doc emitter org.eclipse.birt.report.engine.emitter.word
04-dic-2011 6:31:34 org.eclipse.birt.report.engine.extension.internal.ExtensionManager getExtensions
FINA: Start load extension point: org.eclipse.birt.report.engine.reportEventHandler
04-dic-2011 6:31:34 org.eclipse.birt.report.engine.extension.internal.ExtensionManager getExtensions
FINA: Start load extension point: org.eclipse.birt.report.engine.reportItemPreparation
04-dic-2011 6:31:34 org.eclipse.birt.report.engine.extension.internal.ExtensionManager getExtensions
FINA: Start load extension point: org.eclipse.birt.report.engine.dataExtraction
04-dic-2011 6:31:34 org.eclipse.birt.report.engine.extension.internal.ExtensionManager loadDataExtractionExtensions
FINA: Load data extraction extension: org.eclipse.birt.report.engine.dataextraction.csv
04-dic-2011 6:31:34 org.eclipse.birt.report.engine.extension.internal.ExtensionManager getExtensions
FINA: Start load extension point: org.eclipse.birt.report.engine.extendedItemFactory
04-dic-2011 6:31:34 org.eclipse.birt.report.engine.extension.internal.ExtensionManager loadExtendedItems
FINA: Load extendedItem extension: Crosstab
04-dic-2011 6:31:34 org.eclipse.birt.report.engine.extension.internal.ExtensionManager loadExtendedItems
FINA: Load extendedItem extension: CrosstabCell
04-dic-2011 6:31:34 org.eclipse.birt.report.engine.extension.internal.ExtensionManager loadExtendedItems
FINA: Load extendedItem extension: AggregationCell
06-dic-2011 22:59:00 org.eclipse.birt.report.engine.api.impl.ReportEngine openReportDocument
FINA: ReportEngine.openReportDocument: systemId=/opt/hpws/tomcat/webapps/birt-adaia3/tmp/facturar.rptdesign, file=/opt/hpws/tomcat/webapps/birt-adaia3/documents/BIRTDOCFD966FEE794E8CD8A23277CB62D424CE/20111206_225900_462/facturar.rptdocument, options={resourceFolder=/opt/hpws/tomcat/webapps/birt-adaia3, semanticCheck=false} 
06-dic-2011 22:59:01 org.eclipse.birt.report.engine.api.impl.ReportEngine openReportDesign
FINA: ReportEngine.openReportDesign: name=file:/opt/hpws/tomcat/webapps/birt-adaia3/tmp/facturar.rptdesign, designStream=java.io.FileInputStream@1eb0dfd, options={3} 
06-dic-2011 22:59:01 org.eclipse.birt.report.model.metadata.ChoicePropertyType validateXml
FINA: return internal name for choice eq
06-dic-2011 22:59:01 org.eclipse.birt.report.model.metadata.ChoicePropertyType validateXml
FINA: return internal name for choice eq
06-dic-2011 22:59:01 org.eclipse.birt.report.model.metadata.ChoicePropertyType validateXml
FINA: return internal name for choice asc
06-dic-2011 22:59:01 org.eclipse.birt.report.model.metadata.ChoicePropertyType validateXml
FINA: return internal name for choice eq
06-dic-2011 22:59:01 org.eclipse.birt.report.model.metadata.ChoicePropertyType validateXml
FINA: return internal name for choice DataSet
06-dic-2011 22:59:01 org.eclipse.birt.report.model.metadata.ChoicePropertyType validateXml
FINA: return internal name for choice hide
06-dic-2011 22:59:01 org.eclipse.birt.report.model.metadata.ChoicePropertyType validateXml
FINA: return internal name for choice string
06-dic-2011 22:59:01 org.eclipse.birt.report.model.metadata.ChoicePropertyType validateXml
FINA: return internal name for choice string
06-dic-2011 22:59:01 org.eclipse.birt.report.model.metadata.ChoicePropertyType validateXml
FINA: return internal name for choice string
06-dic-2011 22:59:01 org.eclipse.birt.report.model.metadata.ChoicePropertyType validateXml
FINA: return internal name for choice string
06-dic-2011 22:59:01 org.eclipse.birt.report.model.metadata.ChoicePropertyType validateXml
FINA: return internal name for choice any
06-dic-2011 22:59:01 org.eclipse.birt.report.model.metadata.ChoicePropertyType validateXml
FINA: return internal name for choice if-realized
06-dic-2011 22:59:01 org.eclipse.birt.report.model.metadata.ChoicePropertyType validateXml
FINA: return internal name for choice auto
06-dic-2011 22:59:01 org.eclipse.birt.report.model.metadata.ChoicePropertyType validateXml
FINA: return internal name for choice hyperlink
06-dic-2011 22:59:01 org.eclipse.birt.report.model.metadata.ChoicePropertyType validateXml
FINA: return internal name for choice inner
06-dic-2011 22:59:01 org.eclipse.birt.report.model.metadata.ChoicePropertyType validateXml
FINA: return internal name for choice eq
06-dic-2011 22:59:01 org.eclipse.birt.report.model.metadata.ChoicePropertyType validateXml
FINA: return internal name for choice string
06-dic-2011 22:59:01 org.eclipse.birt.report.model.metadata.ChoicePropertyType validateXml
FINA: return internal name for choice string
06-dic-2011 22:59:01 org.eclipse.birt.report.model.metadata.ChoicePropertyType validateXml
FINA: return internal name for choice auto layout
06-dic-2011 22:59:01 org.eclipse.birt.report.model.metadata.ChoicePropertyType validateXml
FINA: return internal name for choice ltr
06-dic-2011 22:59:01 org.eclipse.birt.report.model.metadata.ChoicePropertyType validateXml
FINA: return internal name for choice NoChange
06-dic-2011 22:59:01 org.eclipse.birt.report.model.metadata.ChoicePropertyType validateXml
FINA: return internal name for choice string
06-dic-2011 22:59:01 org.eclipse.birt.report.model.metadata.ChoicePropertyType validateXml
FINA: return internal name for choice static
06-dic-2011 22:59:01 org.eclipse.birt.report.model.metadata.ChoicePropertyType validateXml
FINA: return internal name for choice simple
06-dic-2011 22:59:01 org.eclipse.birt.report.model.metadata.ChoicePropertyType validateXml
FINA: return internal name for choice auto
06-dic-2011 22:59:01 org.eclipse.birt.report.model.metadata.ChoicePropertyType validateXml
FINA: return internal name for choice single
06-dic-2011 22:59:01 org.eclipse.birt.report.model.metadata.ChoicePropertyType validateXml
FINA: return internal name for choice normal
06-dic-2011 22:59:01 org.eclipse.birt.report.model.metadata.ChoicePropertyType validateXml
FINA: return internal name for choice normal
06-dic-2011 22:59:01 org.eclipse.birt.report.model.metadata.ChoicePropertyType validateXml
FINA: return internal name for choice normal
06-dic-2011 22:59:01 org.eclipse.birt.report.model.metadata.ChoicePropertyType validateXml
FINA: return internal name for choice none
06-dic-2011 22:59:01 org.eclipse.birt.report.model.metadata.ChoicePropertyType validateXml
FINA: return internal name for choice none
06-dic-2011 22:59:01 org.eclipse.birt.report.model.metadata.ChoicePropertyType validateXml
FINA: return internal name for choice none
06-dic-2011 22:59:01 org.eclipse.birt.report.model.metadata.ChoicePropertyType validateXml
FINA: return internal name for choice scroll
06-dic-2011 22:59:01 org.eclipse.birt.report.model.metadata.DimensionPropertyType validateXml
FINA: return dimension value with default unit 0.0
06-dic-2011 22:59:01 org.eclipse.birt.report.model.metadata.DimensionPropertyType validateXml
FINA: return dimension value with default unit 0.0
06-dic-2011 22:59:01 org.eclipse.birt.report.model.metadata.ChoicePropertyType validateXml
FINA: return internal name for choice repeat
06-dic-2011 22:59:01 org.eclipse.birt.report.model.metadata.DimensionPropertyType validateXml
FINA: return dimension value with default unit 0.0
06-dic-2011 22:59:01 org.eclipse.birt.report.model.metadata.ChoicePropertyType validateXml
FINA: return internal name for choice none
06-dic-2011 22:59:01 org.eclipse.birt.report.model.metadata.ChoicePropertyType validateXml
FINA: return internal name for choice normal
06-dic-2011 22:59:01 org.eclipse.birt.report.model.metadata.ChoicePropertyType validateXml
FINA: return internal name for choice block
06-dic-2011 22:59:01 org.eclipse.birt.report.model.metadata.ChoicePropertyType validateXml
FINA: return internal name for choice auto
06-dic-2011 22:59:01 org.eclipse.birt.report.model.metadata.ChoicePropertyType validateXml
FINA: return internal name for choice auto
06-dic-2011 22:59:01 org.eclipse.birt.report.model.metadata.ChoicePropertyType validateXml
FINA: return internal name for choice auto
06-dic-2011 22:59:01 org.eclipse.birt.report.model.metadata.ChoicePropertyType validateXml
FINA: return internal name for choice none
06-dic-2011 22:59:01 org.eclipse.birt.report.model.metadata.ChoicePropertyType validateXml
FINA: return internal name for choice none
06-dic-2011 22:59:01 org.eclipse.birt.report.model.metadata.ChoicePropertyType validateXml
FINA: return internal name for choice none
06-dic-2011 22:59:01 org.eclipse.birt.report.model.metadata.ChoicePropertyType validateXml
FINA: return internal name for choice none
06-dic-2011 22:59:01 org.eclipse.birt.report.model.metadata.DimensionPropertyType validateXml
FINA: return dimension value with default unit 0.0
06-dic-2011 22:59:01 org.eclipse.birt.report.model.metadata.DimensionPropertyType validateXml
FINA: return dimension value with default unit 0.0
06-dic-2011 22:59:01 org.eclipse.birt.report.model.metadata.DimensionPropertyType validateXml
FINA: return dimension value with default unit 0.0
06-dic-2011 22:59:01 org.eclipse.birt.report.model.metadata.DimensionPropertyType validateXml
FINA: return dimension value with default unit 0.0
06-dic-2011 22:59:01 org.eclipse.birt.report.model.metadata.DimensionPropertyType validateXml
FINA: return dimension value with default unit 1.0
06-dic-2011 22:59:01 org.eclipse.birt.report.model.metadata.DimensionPropertyType validateXml
FINA: return dimension value with default unit 1.0
06-dic-2011 22:59:01 org.eclipse.birt.report.model.metadata.DimensionPropertyType validateXml
FINA: return dimension value with default unit 1.0
06-dic-2011 22:59:01 org.eclipse.birt.report.model.metadata.DimensionPropertyType validateXml
FINA: return dimension value with default unit 1.0
06-dic-2011 22:59:01 org.eclipse.birt.report.model.metadata.DimensionPropertyType validateXml
FINA: return dimension value with default unit 1.0
06-dic-2011 22:59:01 org.eclipse.birt.report.model.metadata.DimensionPropertyType validateXml
FINA: return dimension value with default unit 1.25
06-dic-2011 22:59:01 org.eclipse.birt.report.model.metadata.DimensionPropertyType validateXml
FINA: return dimension value with default unit 1.0
06-dic-2011 22:59:01 org.eclipse.birt.report.model.metadata.DimensionPropertyType validateXml
FINA: return dimension value with default unit 1.25
06-dic-2011 22:59:01 org.eclipse.birt.report.model.metadata.DimensionPropertyType validateXml
FINA: return dimension value with default unit 0.5
06-dic-2011 22:59:01 org.eclipse.birt.report.model.metadata.DimensionPropertyType validateXml
FINA: return dimension value with default unit 0.5
06-dic-2011 22:59:01 org.eclipse.birt.report.model.metadata.DimensionPropertyType validateXml
FINA: return dimension value with default unit 0.5
06-dic-2011 22:59:01 org.eclipse.birt.report.model.metadata.ChoicePropertyType validateXml
FINA: return internal name for choice auto
06-dic-2011 22:59:01 org.eclipse.birt.report.model.metadata.ChoicePropertyType validateXml
FINA: return internal name for choice auto
06-dic-2011 22:59:01 org.eclipse.birt.report.model.metadata.ChoicePropertyType validateXml
FINA: return internal name for choice auto
06-dic-2011 22:59:01 org.eclipse.birt.report.model.metadata.ChoicePropertyType validateXml
FINA: return internal name for choice auto
06-dic-2011 22:59:01 org.eclipse.birt.report.model.metadata.ChoicePropertyType validateXml
FINA: return internal name for choice none
06-dic-2011 22:59:01 org.eclipse.birt.report.model.metadata.ChoicePropertyType validateXml
FINA: return internal name for choice asc
06-dic-2011 22:59:01 org.eclipse.birt.report.model.metadata.ChoicePropertyType validateXml
FINA: return internal name for choice none
06-dic-2011 22:59:01 org.eclipse.birt.report.model.metadata.ChoicePropertyType validateXml
FINA: return internal name for choice NoChange
06-dic-2011 22:59:01 org.eclipse.birt.report.model.metadata.ChoicePropertyType validateXml
FINA: return internal name for choice NoChange
06-dic-2011 22:59:01 org.eclipse.birt.report.model.metadata.ChoicePropertyType validateXml
FINA: return internal name for choice NoChange
06-dic-2011 22:59:01 org.eclipse.birt.report.model.metadata.ChoicePropertyType validateXml
FINA: return internal name for choice none
06-dic-2011 22:59:01 org.eclipse.birt.report.model.metadata.ChoicePropertyType validateXml
FINA: return internal name for choice NoChange
06-dic-2011 22:59:01 org.eclipse.birt.report.model.metadata.ChoicePropertyType validateXml
FINA: return internal name for choice size-to-image
06-dic-2011 22:59:01 org.eclipse.birt.report.model.metadata.ChoicePropertyType validateXml
FINA: return internal name for choice none
06-dic-2011 22:59:01 org.eclipse.birt.report.model.metadata.ChoicePropertyType validateXml
FINA: return internal name for choice horizontal
06-dic-2011 22:59:01 org.eclipse.birt.report.model.metadata.ChoicePropertyType validateXml
FINA: return internal name for choice none
06-dic-2011 22:59:01 org.eclipse.birt.report.model.metadata.ChoicePropertyType validateXml
FINA: return internal name for choice sum
06-dic-2011 22:59:01 org.eclipse.birt.report.model.metadata.ChoicePropertyType validateXml
FINA: return internal name for choice decimal
06-dic-2011 22:59:01 org.eclipse.birt.report.model.metadata.ChoicePropertyType validateXml
FINA: return internal name for choice asc
06-dic-2011 22:59:01 org.eclipse.birt.report.model.metadata.ChoicePropertyType validateXml
FINA: return internal name for choice eq
06-dic-2011 22:59:01 org.eclipse.birt.report.model.metadata.ChoicePropertyType validateXml
FINA: return internal name for choice DataSet
06-dic-2011 22:59:01 org.eclipse.birt.report.model.metadata.ChoicePropertyType validateXml
FINA: return internal name for choice none
06-dic-2011 22:59:01 org.eclipse.birt.report.model.metadata.ChoicePropertyType validateXml
FINA: return internal name for choice asc
06-dic-2011 22:59:01 org.eclipse.birt.report.model.metadata.ChoicePropertyType validateXml
FINA: return internal name for choice none
06-dic-2011 22:59:01 org.eclipse.birt.report.model.metadata.ChoicePropertyType validateXml
FINA: return internal name for choice NoChange
06-dic-2011 22:59:01 org.eclipse.birt.report.model.metadata.ChoicePropertyType validateXml
FINA: return internal name for choice normal
06-dic-2011 22:59:01 org.eclipse.birt.report.model.metadata.ChoicePropertyType validateXml
FINA: return internal name for choice normal
06-dic-2011 22:59:01 org.eclipse.birt.report.model.metadata.ChoicePropertyType validateXml
FINA: return internal name for choice normal
06-dic-2011 22:59:01 org.eclipse.birt.report.model.metadata.ChoicePropertyType validateXml
FINA: return internal name for choice none
06-dic-2011 22:59:01 org.eclipse.birt.report.model.metadata.ChoicePropertyType validateXml
FINA: return internal name for choice none
06-dic-2011 22:59:01 org.eclipse.birt.report.model.metadata.ChoicePropertyType validateXml
FINA: return internal name for choice none
06-dic-2011 22:59:01 org.eclipse.birt.report.model.metadata.ChoicePropertyType validateXml
FINA: return internal name for choice scroll
06-dic-2011 22:59:01 org.eclipse.birt.report.model.metadata.DimensionPropertyType validateXml
FINA: return dimension value with user defined unit 0%
06-dic-2011 22:59:01 org.eclipse.birt.report.model.metadata.DimensionPropertyType validateXml
FINA: return dimension value with user defined unit 0%
06-dic-2011 22:59:01 org.eclipse.birt.report.model.metadata.ChoicePropertyType validateXml
FINA: return internal name for choice repeat
06-dic-2011 22:59:01 org.eclipse.birt.report.model.metadata.DimensionPropertyType validateXml
FINA: return dimension value with user defined unit 0em
06-dic-2011 22:59:01 org.eclipse.birt.report.model.metadata.ChoicePropertyType validateXml
FINA: return internal name for choice none
06-dic-2011 22:59:01 org.eclipse.birt.report.model.metadata.ChoicePropertyType validateXml
FINA: return internal name for choice normal
06-dic-2011 22:59:01 org.eclipse.birt.report.model.metadata.ChoicePropertyType validateXml
FINA: return internal name for choice block
06-dic-2011 22:59:01 org.eclipse.birt.report.model.metadata.ChoicePropertyType validateXml
FINA: return internal name for choice auto
06-dic-2011 22:59:01 org.eclipse.birt.report.model.metadata.ChoicePropertyType validateXml
FINA: return internal name for choice auto
06-dic-2011 22:59:01 org.eclipse.birt.report.model.metadata.ChoicePropertyType validateXml
FINA: return internal name for choice auto
06-dic-2011 22:59:01 org.eclipse.birt.report.model.metadata.ChoicePropertyType validateXml
FINA: return internal name for choice none
06-dic-2011 22:59:01 org.eclipse.birt.report.model.metadata.ChoicePropertyType validateXml
FINA: return internal name for choice none
06-dic-2011 22:59:01 org.eclipse.birt.report.model.metadata.ChoicePropertyType validateXml
FINA: return internal name for choice none
06-dic-2011 22:59:01 org.eclipse.birt.report.model.metadata.ChoicePropertyType validateXml
FINA: return internal name for choice none
06-dic-2011 22:59:01 org.eclipse.birt.report.model.metadata.DimensionPropertyType validateXml
FINA: return dimension value with user defined unit 0pt
06-dic-2011 22:59:01 org.eclipse.birt.report.model.metadata.DimensionPropertyType validateXml
FINA: return dimension value with user defined unit 0pt
06-dic-2011 22:59:01 org.eclipse.birt.report.model.metadata.DimensionPropertyType validateXml
FINA: return dimension value with user defined unit 0pt
06-dic-2011 22:59:01 org.eclipse.birt.report.model.metadata.DimensionPropertyType validateXml
FINA: return dimension value with user defined unit 0pt
06-dic-2011 22:59:01 org.eclipse.birt.report.model.metadata.DimensionPropertyType validateXml
FINA: return dimension value with user defined unit 1pt
06-dic-2011 22:59:01 org.eclipse.birt.report.model.metadata.DimensionPropertyType validateXml
FINA: return dimension value with user defined unit 1pt
06-dic-2011 22:59:01 org.eclipse.birt.report.model.metadata.DimensionPropertyType validateXml
FINA: return dimension value with user defined unit 1pt
06-dic-2011 22:59:01 org.eclipse.birt.report.model.metadata.DimensionPropertyType validateXml
FINA: return dimension value with user defined unit 1pt
06-dic-2011 22:59:01 org.eclipse.birt.report.model.metadata.ChoicePropertyType validateXml
FINA: return internal name for choice auto layout
06-dic-2011 22:59:01 org.eclipse.birt.report.model.metadata.ChoicePropertyType validateXml
FINA: return internal name for choice ltr
06-dic-2011 22:59:01 org.eclipse.birt.report.model.metadata.ChoicePropertyType validateXml
FINA: return internal name for choice sum
06-dic-2011 22:59:01 org.eclipse.birt.report.model.metadata.ChoicePropertyType validateXml
FINA: return internal name for choice decimal
06-dic-2011 22:59:01 org.eclipse.birt.report.model.metadata.ChoicePropertyType validateXml
FINA: return internal name for choice asc
06-dic-2011 22:59:01 org.eclipse.birt.report.model.metadata.ChoicePropertyType validateXml
FINA: return internal name for choice auto
06-dic-2011 22:59:01 org.eclipse.birt.report.model.metadata.ChoicePropertyType validateXml
FINA: return internal name for choice auto
06-dic-2011 22:59:01 org.eclipse.birt.report.model.metadata.ChoicePropertyType validateXml
FINA: return internal name for choice auto
06-dic-2011 22:59:01 org.eclipse.birt.report.model.metadata.ChoicePropertyType validateXml
FINA: return internal name for choice none
06-dic-2011 22:59:01 org.eclipse.birt.report.model.metadata.ChoicePropertyType validateXml
FINA: return internal name for choice asc
06-dic-2011 22:59:01 org.eclipse.birt.report.model.metadata.ChoicePropertyType validateXml
FINA: return internal name for choice none
06-dic-2011 22:59:01 org.eclipse.birt.report.model.metadata.ChoicePropertyType validateXml
FINA: return internal name for choice NoChange
06-dic-2011 22:59:01 org.eclipse.birt.report.model.metadata.DimensionPropertyType validateXml
FINA: return dimension value with user defined unit 1in
06-dic-2011 22:59:01 org.eclipse.birt.report.model.metadata.DimensionPropertyType validateXml
FINA: return dimension value with user defined unit 1.25in
06-dic-2011 22:59:01 org.eclipse.birt.report.model.metadata.DimensionPropertyType validateXml
FINA: return dimension value with user defined unit 1in
06-dic-2011 22:59:01 org.eclipse.birt.report.model.metadata.DimensionPropertyType validateXml
FINA: return dimension value with user defined unit 1.25in
06-dic-2011 22:59:01 org.eclipse.birt.report.model.metadata.DimensionPropertyType validateXml
FINA: return dimension value with user defined unit 0.5in
06-dic-2011 22:59:01 org.eclipse.birt.report.model.metadata.DimensionPropertyType validateXml
FINA: return dimension value with user defined unit 0.5in
06-dic-2011 22:59:01 org.eclipse.birt.report.model.metadata.ChoicePropertyType validateXml
FINA: return internal name for choice NoChange
06-dic-2011 22:59:01 org.eclipse.birt.report.model.metadata.ChoicePropertyType validateXml
FINA: return internal name for choice none
06-dic-2011 22:59:01 org.eclipse.birt.report.model.metadata.ChoicePropertyType validateXml
FINA: return internal name for choice string
06-dic-2011 22:59:01 org.eclipse.birt.report.model.metadata.ChoicePropertyType validateXml
FINA: return internal name for choice static
06-dic-2011 22:59:01 org.eclipse.birt.report.model.metadata.ChoicePropertyType validateXml
FINA: return internal name for choice simple
06-dic-2011 22:59:01 org.eclipse.birt.report.model.metadata.ChoicePropertyType validateXml
FINA: return internal name for choice auto
06-dic-2011 22:59:01 org.eclipse.birt.report.model.metadata.ChoicePropertyType validateXml
FINA: return internal name for choice NoChange
06-dic-2011 22:59:01 org.eclipse.birt.report.model.metadata.ChoicePropertyType validateXml
FINA: return internal name for choice none
06-dic-2011 22:59:01 org.eclipse.birt.report.model.metadata.ChoicePropertyType validateXml
FINA: return internal name for choice NoChange
06-dic-2011 22:59:01 org.eclipse.birt.report.model.metadata.ChoicePropertyType validateXml
FINA: return internal name for choice none
06-dic-2011 22:59:01 org.eclipse.birt.report.model.metadata.ChoicePropertyType validateXml
FINA: return internal name for choice asc
06-dic-2011 22:59:01 org.eclipse.birt.report.model.metadata.ChoicePropertyType validateXml
FINA: return internal name for choice none
06-dic-2011 22:59:01 org.eclipse.birt.report.model.metadata.ChoicePropertyType validateXml
FINA: return internal name for choice eq
06-dic-2011 22:59:01 org.eclipse.birt.report.model.metadata.ChoicePropertyType validateXml
FINA: return internal name for choice DataSet
06-dic-2011 22:59:01 org.eclipse.birt.report.model.metadata.ChoicePropertyType validateXml
FINA: return internal name for choice size-to-image
06-dic-2011 22:59:01 org.eclipse.birt.report.model.metadata.ChoicePropertyType validateXml
FINA: return internal name for choice none
06-dic-2011 22:59:01 org.eclipse.birt.report.model.metadata.ChoicePropertyType validateXml
FINA: return internal name for choice single
06-dic-2011 22:59:01 org.eclipse.birt.report.model.metadata.DimensionPropertyType validateXml
FINA: return dimension value with user defined unit 0.5pt
06-dic-2011 22:59:01 org.eclipse.birt.report.model.metadata.ChoicePropertyType validateXml
FINA: return internal name for choice auto
06-dic-2011 22:59:02 org.eclipse.birt.report.model.metadata.ChoicePropertyType validateXml
FINA: return internal name for choice horizontal
06-dic-2011 22:59:02 org.eclipse.birt.report.model.metadata.ChoicePropertyType validateXml
FINA: return internal name for choice string
06-dic-2011 22:59:02 org.eclipse.birt.report.model.metadata.ChoicePropertyType validateXml
FINA: return internal name for choice inner
06-dic-2011 22:59:02 org.eclipse.birt.report.model.metadata.ChoicePropertyType validateXml
FINA: return internal name for choice eq
06-dic-2011 22:59:02 org.eclipse.birt.report.model.metadata.ChoicePropertyType validateXml
FINA: return internal name for choice eq
06-dic-2011 22:59:02 org.eclipse.birt.report.model.metadata.ChoicePropertyType validateXml
FINA: return internal name for choice DataSet
06-dic-2011 22:59:02 org.eclipse.birt.report.model.metadata.ChoicePropertyType validateXml
FINA: return internal name for choice string
06-dic-2011 22:59:02 org.eclipse.birt.report.model.metadata.ChoicePropertyType validateXml
FINA: return internal name for choice string
06-dic-2011 22:59:02 org.eclipse.birt.report.model.metadata.ChoicePropertyType validateXml
FINA: return internal name for choice string
06-dic-2011 22:59:02 org.eclipse.birt.report.model.metadata.ChoicePropertyType validateXml
FINA: return internal name for choice hyperlink
06-dic-2011 22:59:02 org.eclipse.birt.report.model.metadata.ChoicePropertyType validateXml
FINA: return internal name for choice eq
06-dic-2011 22:59:02 org.eclipse.birt.report.model.metadata.ChoicePropertyType validateXml
FINA: return internal name for choice any
06-dic-2011 22:59:02 org.eclipse.birt.report.model.metadata.ChoicePropertyType validateXml
FINA: return internal name for choice if-realized
06-dic-2011 22:59:02 org.eclipse.birt.report.model.metadata.ChoicePropertyType validateXml
FINA: return internal name for choice auto
06-dic-2011 22:59:02 org.eclipse.birt.report.model.metadata.ChoicePropertyType validateXml
FINA: return internal name for choice string
06-dic-2011 22:59:02 org.eclipse.birt.report.model.metadata.ChoicePropertyType validateXml
FINA: return internal name for choice hide
06-dic-2011 22:59:02 org.eclipse.birt.report.model.metadata.ChoicePropertyType validateXml
FINA: return internal name for choice asc
06-dic-2011 22:59:02 org.eclipse.birt.report.model.metadata.ChoicePropertyType validateXml
FINA: return internal name for choice string
06-dic-2011 22:59:02 org.eclipse.birt.report.model.metadata.ChoicePropertyType validateXml
FINA: return internal name for choice eq
06-dic-2011 22:59:02 org.eclipse.birt.report.model.metadata.ChoicePropertyType validateXml
FINA: return internal name for choice horizontal
06-dic-2011 22:59:02 org.eclipse.birt.report.model.metadata.ChoicePropertyType validateXml
FINA: return internal name for choice over then down
06-dic-2011 22:59:02 org.eclipse.birt.report.model.metadata.ChoicePropertyType validateInputString
FINA: Return internal name of the choice solid
06-dic-2011 22:59:03 org.eclipse.birt.report.model.metadata.DimensionPropertyType validateInputString
FINA: return dimension with user-defined unit 1pt
06-dic-2011 22:59:03 org.eclipse.birt.report.model.metadata.ColorPropertyType validateValue
FINA: the validated color value 13421772
06-dic-2011 22:59:03 org.eclipse.birt.report.model.metadata.ChoicePropertyType validateInputString
FINA: Return internal name of the choice solid
06-dic-2011 22:59:03 org.eclipse.birt.report.model.metadata.DimensionPropertyType validateInputString
FINA: return dimension with user-defined unit 1pt
06-dic-2011 22:59:03 org.eclipse.birt.report.model.metadata.ColorPropertyType validateValue
FINA: the validated color value 13421772
06-dic-2011 22:59:03 org.eclipse.birt.report.model.metadata.ChoicePropertyType validateInputString
FINA: Return internal name of the choice solid
06-dic-2011 22:59:03 org.eclipse.birt.report.model.metadata.DimensionPropertyType validateInputString
FINA: return dimension with user-defined unit 1pt
06-dic-2011 22:59:03 org.eclipse.birt.report.model.metadata.ColorPropertyType validateValue
FINA: the validated color value 13421772
06-dic-2011 22:59:03 org.eclipse.birt.report.model.metadata.ChoicePropertyType validateInputString
FINA: Return internal name of the choice solid
06-dic-2011 22:59:03 org.eclipse.birt.report.model.metadata.DimensionPropertyType validateInputString
FINA: return dimension with user-defined unit 1pt
06-dic-2011 22:59:03 org.eclipse.birt.report.model.metadata.ColorPropertyType validateValue
FINA: the validated color value 13421772
06-dic-2011 22:59:03 org.eclipse.birt.report.model.metadata.ChoicePropertyType validateInputString
FINA: Return internal name of the choice solid
06-dic-2011 22:59:03 org.eclipse.birt.report.model.metadata.DimensionPropertyType validateInputString
FINA: return dimension with user-defined unit 1pt
06-dic-2011 22:59:03 org.eclipse.birt.report.model.metadata.ColorPropertyType validateValue
FINA: the validated color value 13421772
06-dic-2011 22:59:03 org.eclipse.birt.report.model.metadata.ChoicePropertyType validateInputString
FINA: Return internal name of the choice solid
06-dic-2011 22:59:03 org.eclipse.birt.report.model.metadata.DimensionPropertyType validateInputString
FINA: return dimension with user-defined unit 1pt
06-dic-2011 22:59:03 org.eclipse.birt.report.model.metadata.ColorPropertyType validateValue
FINA: the validated color value 13421772
06-dic-2011 22:59:03 org.eclipse.birt.report.model.metadata.ChoicePropertyType validateInputString
FINA: Return internal name of the choice solid
06-dic-2011 22:59:03 org.eclipse.birt.report.model.metadata.DimensionPropertyType validateInputString
FINA: return dimension with user-defined unit 1pt
06-dic-2011 22:59:03 org.eclipse.birt.report.model.metadata.ColorPropertyType validateValue
FINA: the validated color value 13421772
06-dic-2011 22:59:03 org.eclipse.birt.report.model.metadata.ChoicePropertyType validateInputString
FINA: Return internal name of the choice solid
06-dic-2011 22:59:03 org.eclipse.birt.report.model.metadata.DimensionPropertyType validateInputString
FINA: return dimension with user-defined unit 1pt
06-dic-2011 22:59:03 org.eclipse.birt.report.model.metadata.ColorPropertyType validateValue
FINA: the validated color value 13421772
06-dic-2011 22:59:03 org.eclipse.birt.report.model.metadata.ChoicePropertyType validateXml
FINA: return internal name for choice none
06-dic-2011 22:59:03 org.eclipse.birt.report.model.metadata.ChoicePropertyType validateXml
FINA: return internal name for choice asc
06-dic-2011 22:59:03 org.eclipse.birt.report.model.metadata.ChoicePropertyType validateXml
FINA: return internal name for choice auto
06-dic-2011 22:59:03 org.eclipse.birt.report.model.metadata.ChoicePropertyType validateXml
FINA: return internal name for choice auto
06-dic-2011 22:59:03 org.eclipse.birt.report.model.metadata.ChoicePropertyType validateXml
FINA: return internal name for choice after
06-dic-2011 22:59:03 org.eclipse.birt.report.model.metadata.ChoicePropertyType validateXml
FINA: return internal name for choice none
06-dic-2011 22:59:03 org.eclipse.birt.report.model.metadata.ChoicePropertyType validateXml
FINA: return internal name for choice asc
06-dic-2011 22:59:03 org.eclipse.birt.report.model.metadata.ChoicePropertyType validateXml
FINA: return internal name for choice auto
06-dic-2011 22:59:03 org.eclipse.birt.report.model.metadata.ChoicePropertyType validateXml
FINA: return internal name for choice auto
06-dic-2011 22:59:03 org.eclipse.birt.report.model.metadata.ChoicePropertyType validateXml
FINA: return internal name for choice after
06-dic-2011 22:59:03 org.eclipse.birt.report.model.metadata.ChoicePropertyType validateXml
FINA: return internal name for choice horizontal
06-dic-2011 22:59:03 org.eclipse.birt.report.model.metadata.ChoicePropertyType validateXml
FINA: return internal name for choice over then down
06-dic-2011 22:59:03 org.eclipse.birt.report.model.metadata.ChoicePropertyType validateXml
FINA: return internal name for choice in
06-dic-2011 22:59:03 org.eclipse.birt.report.model.metadata.ChoicePropertyType validateXml
FINA: return internal name for choice ltr
06-dic-2011 22:59:03 org.eclipse.birt.report.model.metadata.ChoicePropertyType validateXml
FINA: return internal name for choice static
06-dic-2011 22:59:03 org.eclipse.birt.report.model.metadata.ChoicePropertyType validateXml
FINA: return internal name for choice integer
06-dic-2011 22:59:03 org.eclipse.birt.report.model.metadata.ChoicePropertyType validateXml
FINA: return internal name for choice simple
06-dic-2011 22:59:03 org.eclipse.birt.report.model.metadata.ChoicePropertyType validateXml
FINA: return internal name for choice text-box
06-dic-2011 22:59:03 org.eclipse.birt.report.model.metadata.ChoicePropertyType validateXml
FINA: return internal name for choice decimal
06-dic-2011 22:59:03 org.eclipse.birt.report.model.metadata.ChoicePropertyType validateXml
FINA: return internal name for choice string
06-dic-2011 22:59:03 org.eclipse.birt.report.model.metadata.ChoicePropertyType validateXml
FINA: return internal name for choice date-time
06-dic-2011 22:59:03 org.eclipse.birt.report.model.metadata.ChoicePropertyType validateXml
FINA: return internal name for choice string
06-dic-2011 22:59:03 org.eclipse.birt.report.model.metadata.ChoicePropertyType validateXml
FINA: return internal name for choice date-time
06-dic-2011 22:59:03 org.eclipse.birt.report.model.metadata.ChoicePropertyType validateXml
FINA: return internal name for choice date-time
06-dic-2011 22:59:03 org.eclipse.birt.report.model.metadata.ChoicePropertyType validateXml
FINA: return internal name for choice decimal
06-dic-2011 22:59:03 org.eclipse.birt.report.model.metadata.ChoicePropertyType validateXml
FINA: return internal name for choice string
06-dic-2011 22:59:03 org.eclipse.birt.report.model.metadata.ChoicePropertyType validateXml
FINA: return internal name for choice string
06-dic-2011 22:59:03 org.eclipse.birt.report.model.metadata.ChoicePropertyType validateXml
FINA: return internal name for choice string
06-dic-2011 22:59:03 org.eclipse.birt.report.model.metadata.ChoicePropertyType validateXml
FINA: return internal name for choice decimal
06-dic-2011 22:59:03 org.eclipse.birt.report.model.metadata.ChoicePropertyType validateXml
FINA: return internal name for choice decimal
06-dic-2011 22:59:03 org.eclipse.birt.report.model.metadata.ChoicePropertyType validateXml
FINA: return internal name for choice decimal
06-dic-2011 22:59:03 org.eclipse.birt.report.model.metadata.ChoicePropertyType validateXml
FINA: return internal name for choice decimal
06-dic-2011 22:59:03 org.eclipse.birt.report.model.metadata.ElementRefPropertyType validateValue
FINA: Validate the value of the element reference property as a string: FACT
06-dic-2011 22:59:03 org.eclipse.birt.report.model.metadata.ChoicePropertyType validateXml
FINA: return internal name for choice integer
06-dic-2011 22:59:03 org.eclipse.birt.report.model.metadata.ChoicePropertyType validateXml
FINA: return internal name for choice decimal
06-dic-2011 22:59:03 org.eclipse.birt.report.model.metadata.ChoicePropertyType validateXml
FINA: return internal name for choice string
06-dic-2011 22:59:03 org.eclipse.birt.report.model.metadata.ChoicePropertyType validateXml
FINA: return internal name for choice date-time
06-dic-2011 22:59:03 org.eclipse.birt.report.model.metadata.ChoicePropertyType validateXml
FINA: return internal name for choice string
06-dic-2011 22:59:03 org.eclipse.birt.report.model.metadata.ChoicePropertyType validateXml
FINA: return internal name for choice date-time
06-dic-2011 22:59:03 org.eclipse.birt.report.model.metadata.ChoicePropertyType validateXml
FINA: return internal name for choice date-time
06-dic-2011 22:59:03 org.eclipse.birt.report.model.metadata.ChoicePropertyType validateXml
FINA: return internal name for choice decimal
06-dic-2011 22:59:03 org.eclipse.birt.report.model.metadata.ChoicePropertyType validateXml
FINA: return internal name for choice string
06-dic-2011 22:59:03 org.eclipse.birt.report.model.metadata.ChoicePropertyType validateXml
FINA: return internal name for choice string
06-dic-2011 22:59:03 org.eclipse.birt.report.model.metadata.ChoicePropertyType validateXml
FINA: return internal name for choice string
06-dic-2011 22:59:03 org.eclipse.birt.report.model.metadata.ChoicePropertyType validateXml
FINA: return internal name for choice decimal
06-dic-2011 22:59:03 org.eclipse.birt.report.model.metadata.ChoicePropertyType validateXml
FINA: return internal name for choice decimal
06-dic-2011 22:59:03 org.eclipse.birt.report.model.metadata.ChoicePropertyType validateXml
FINA: return internal name for choice decimal
06-dic-2011 22:59:03 org.eclipse.birt.report.model.metadata.ChoicePropertyType validateXml
FINA: return internal name for choice decimal
06-dic-2011 22:59:03 org.eclipse.birt.report.model.metadata.ChoicePropertyType validateXml
FINA: return internal name for choice string
06-dic-2011 22:59:03 org.eclipse.birt.report.model.metadata.ChoicePropertyType validateXml
FINA: return internal name for choice date-time
06-dic-2011 22:59:03 org.eclipse.birt.report.model.metadata.ChoicePropertyType validateXml
FINA: return internal name for choice date-time
06-dic-2011 22:59:03 org.eclipse.birt.report.model.metadata.ChoicePropertyType validateXml
FINA: return internal name for choice decimal
06-dic-2011 22:59:03 org.eclipse.birt.report.model.metadata.ChoicePropertyType validateXml
FINA: return internal name for choice date-time
06-dic-2011 22:59:03 org.eclipse.birt.report.model.metadata.ChoicePropertyType validateXml
FINA: return internal name for choice string
06-dic-2011 22:59:03 org.eclipse.birt.report.model.metadata.ChoicePropertyType validateXml
FINA: return internal name for choice date-time
06-dic-2011 22:59:03 org.eclipse.birt.report.model.metadata.ElementRefPropertyType validateValue
FINA: Validate the value of the element reference property as a string: FACT
06-dic-2011 22:59:03 org.eclipse.birt.report.model.metadata.ChoicePropertyType validateXml
FINA: return internal name for choice integer
06-dic-2011 22:59:03 org.eclipse.birt.report.model.metadata.ChoicePropertyType validateXml
FINA: return internal name for choice string
06-dic-2011 22:59:03 org.eclipse.birt.report.model.metadata.ChoicePropertyType validateXml
FINA: return internal name for choice date-time
06-dic-2011 22:59:03 org.eclipse.birt.report.model.metadata.ChoicePropertyType validateXml
FINA: return internal name for choice date-time
06-dic-2011 22:59:03 org.eclipse.birt.report.model.metadata.ChoicePropertyType validateXml
FINA: return internal name for choice decimal
06-dic-2011 22:59:03 org.eclipse.birt.report.model.metadata.ChoicePropertyType validateXml
FINA: return internal name for choice date-time
06-dic-2011 22:59:03 org.eclipse.birt.report.model.metadata.ChoicePropertyType validateXml
FINA: return internal name for choice string
06-dic-2011 22:59:03 org.eclipse.birt.report.model.metadata.ChoicePropertyType validateXml
FINA: return internal name for choice date-time
06-dic-2011 22:59:03 org.eclipse.birt.report.model.metadata.DimensionPropertyType validateXml
FINA: return dimension value with user defined unit 10pt
06-dic-2011 22:59:03 org.eclipse.birt.report.model.metadata.ColorPropertyType validateXml
FINA: The validated color property value 13421772
06-dic-2011 22:59:03 org.eclipse.birt.report.model.metadata.ChoicePropertyType validateXml
FINA: return internal name for choice solid
06-dic-2011 22:59:03 org.eclipse.birt.report.model.metadata.DimensionPropertyType validateXml
FINA: return dimension value with user defined unit 1pt
06-dic-2011 22:59:03 org.eclipse.birt.report.model.metadata.ColorPropertyType validateXml
FINA: The validated color property value 13421772
06-dic-2011 22:59:03 org.eclipse.birt.report.model.metadata.ChoicePropertyType validateXml
FINA: return internal name for choice solid
06-dic-2011 22:59:03 org.eclipse.birt.report.model.metadata.DimensionPropertyType validateXml
FINA: return dimension value with user defined unit 1pt
06-dic-2011 22:59:03 org.eclipse.birt.report.model.metadata.ColorPropertyType validateXml
FINA: The validated color property value 13421772
06-dic-2011 22:59:03 org.eclipse.birt.report.model.metadata.ChoicePropertyType validateXml
FINA: return internal name for choice solid
06-dic-2011 22:59:03 org.eclipse.birt.report.model.metadata.DimensionPropertyType validateXml
FINA: return dimension value with user defined unit 1pt
06-dic-2011 22:59:03 org.eclipse.birt.report.model.metadata.ColorPropertyType validateXml
FINA: The validated color property value 13421772
06-dic-2011 22:59:03 org.eclipse.birt.report.model.metadata.ChoicePropertyType validateXml
FINA: return internal name for choice solid
06-dic-2011 22:59:03 org.eclipse.birt.report.model.metadata.DimensionPropertyType validateXml
FINA: return dimension value with user defined unit 1pt
06-dic-2011 22:59:03 org.eclipse.birt.report.model.metadata.ColorPropertyType validateXml
FINA: The validated color property value 13421772
06-dic-2011 22:59:03 org.eclipse.birt.report.model.metadata.ChoicePropertyType validateXml
FINA: return internal name for choice solid
06-dic-2011 22:59:03 org.eclipse.birt.report.model.metadata.DimensionPropertyType validateXml
FINA: return dimension value with user defined unit 1pt
06-dic-2011 22:59:03 org.eclipse.birt.report.model.metadata.ColorPropertyType validateXml
FINA: The validated color property value 13421772
06-dic-2011 22:59:03 org.eclipse.birt.report.model.metadata.ChoicePropertyType validateXml
FINA: return internal name for choice solid
06-dic-2011 22:59:03 org.eclipse.birt.report.model.metadata.DimensionPropertyType validateXml
FINA: return dimension value with user defined unit 1pt
06-dic-2011 22:59:03 org.eclipse.birt.report.model.metadata.ColorPropertyType validateXml
FINA: The validated color property value 13421772
06-dic-2011 22:59:03 org.eclipse.birt.report.model.metadata.ChoicePropertyType validateXml
FINA: return internal name for choice solid
06-dic-2011 22:59:03 org.eclipse.birt.report.model.metadata.DimensionPropertyType validateXml
FINA: return dimension value with user defined unit 1pt
06-dic-2011 22:59:03 org.eclipse.birt.report.model.metadata.ColorPropertyType validateXml
FINA: The validated color property value 13421772
06-dic-2011 22:59:03 org.eclipse.birt.report.model.metadata.ChoicePropertyType validateXml
FINA: return internal name for choice solid
06-dic-2011 22:59:03 org.eclipse.birt.report.model.metadata.DimensionPropertyType validateXml
FINA: return dimension value with user defined unit 1pt
06-dic-2011 22:59:03 org.eclipse.birt.report.model.metadata.DimensionPropertyType validateXml
FINA: return dimension value with user defined unit 0.25in
06-dic-2011 22:59:03 org.eclipse.birt.report.model.metadata.DimensionPropertyType validateXml
FINA: return dimension value with user defined unit 0.25in
06-dic-2011 22:59:03 org.eclipse.birt.report.model.metadata.DimensionPropertyType validateXml
FINA: return dimension value with user defined unit 0.25in
06-dic-2011 22:59:03 org.eclipse.birt.report.model.metadata.DimensionPropertyType validateXml
FINA: return dimension value with user defined unit 0.25in
06-dic-2011 22:59:03 org.eclipse.birt.report.model.metadata.ChoicePropertyType validateXml
FINA: return internal name for choice html
06-dic-2011 22:59:03 org.eclipse.birt.report.model.metadata.DimensionPropertyType validateXml
FINA: return dimension value with user defined unit 100%
06-dic-2011 22:59:03 org.eclipse.birt.report.model.metadata.DimensionPropertyType validateXml
FINA: return dimension value with user defined unit 0.8020833333333334in
06-dic-2011 22:59:03 org.eclipse.birt.report.model.metadata.DimensionPropertyType validateXml
FINA: return dimension value with user defined unit 5.052083333333333in
06-dic-2011 22:59:03 org.eclipse.birt.report.model.metadata.DimensionPropertyType validateXml
FINA: return dimension value with user defined unit 0.7708333333333334in
06-dic-2011 22:59:03 org.eclipse.birt.report.model.metadata.DimensionPropertyType validateXml
FINA: return dimension value with user defined unit 1.0625in
06-dic-2011 22:59:03 org.eclipse.birt.report.model.metadata.ChoicePropertyType validateXml
FINA: return internal name for choice bold
06-dic-2011 22:59:03 org.eclipse.birt.report.model.metadata.ChoicePropertyType validateXml
FINA: return internal name for choice right
06-dic-2011 22:59:03 org.eclipse.birt.report.model.metadata.ChoicePropertyType validateXml
FINA: return internal name for choice auto
06-dic-2011 22:59:03 org.eclipse.birt.report.model.metadata.ElementRefPropertyType validateValue
FINA: Validate the value of the element reference property as a string: factura
06-dic-2011 22:59:03 org.eclipse.birt.report.model.metadata.ChoicePropertyType validateXml
FINA: return internal name for choice string
06-dic-2011 22:59:03 org.eclipse.birt.report.model.metadata.ChoicePropertyType validateXml
FINA: return internal name for choice bold
06-dic-2011 22:59:03 org.eclipse.birt.report.model.metadata.ChoicePropertyType validateXml
FINA: return internal name for choice right
06-dic-2011 22:59:03 org.eclipse.birt.report.model.metadata.ChoicePropertyType validateXml
FINA: return internal name for choice auto
06-dic-2011 22:59:03 org.eclipse.birt.report.model.metadata.ElementRefPropertyType validateValue
FINA: Validate the value of the element reference property as a string: factura
06-dic-2011 22:59:03 org.eclipse.birt.report.model.metadata.ChoicePropertyType validateXml
FINA: return internal name for choice string
06-dic-2011 22:59:03 org.eclipse.birt.report.model.metadata.DimensionPropertyType validateXml
FINA: return dimension value with user defined unit 0.25in
06-dic-2011 22:59:03 org.eclipse.birt.report.model.metadata.ChoicePropertyType validateXml
FINA: return internal name for choice bold
06-dic-2011 22:59:03 org.eclipse.birt.report.model.metadata.ChoicePropertyType validateXml
FINA: return internal name for choice right
06-dic-2011 22:59:03 org.eclipse.birt.report.model.metadata.ChoicePropertyType validateXml
FINA: return internal name for choice auto
06-dic-2011 22:59:03 org.eclipse.birt.report.model.metadata.ElementRefPropertyType validateValue
FINA: Validate the value of the element reference property as a string: factura
06-dic-2011 22:59:03 org.eclipse.birt.report.model.metadata.ChoicePropertyType validateXml
FINA: return internal name for choice date-time
06-dic-2011 22:59:03 org.eclipse.birt.report.model.metadata.DimensionPropertyType validateXml
FINA: return dimension value with user defined unit 0.25in
06-dic-2011 22:59:03 org.eclipse.birt.report.model.metadata.ChoicePropertyType validateXml
FINA: return internal name for choice bold
06-dic-2011 22:59:03 org.eclipse.birt.report.model.metadata.ChoicePropertyType validateXml
FINA: return internal name for choice right
06-dic-2011 22:59:03 org.eclipse.birt.report.model.metadata.ChoicePropertyType validateXml
FINA: return internal name for choice auto
06-dic-2011 22:59:03 org.eclipse.birt.report.model.metadata.ElementRefPropertyType validateValue
FINA: Validate the value of the element reference property as a string: factura
06-dic-2011 22:59:03 org.eclipse.birt.report.model.metadata.ChoicePropertyType validateXml
FINA: return internal name for choice date-time
06-dic-2011 22:59:03 org.eclipse.birt.report.model.metadata.DimensionPropertyType validateXml
FINA: return dimension value with user defined unit 0.25in
06-dic-2011 22:59:03 org.eclipse.birt.report.model.metadata.ChoicePropertyType validateXml
FINA: return internal name for choice bold
06-dic-2011 22:59:03 org.eclipse.birt.report.model.metadata.ChoicePropertyType validateXml
FINA: return internal name for choice right
06-dic-2011 22:59:03 org.eclipse.birt.report.model.metadata.ChoicePropertyType validateXml
FINA: return internal name for choice auto
06-dic-2011 22:59:03 org.eclipse.birt.report.model.metadata.ElementRefPropertyType validateValue
FINA: Validate the value of the element reference property as a string: factura
06-dic-2011 22:59:03 org.eclipse.birt.report.model.metadata.ChoicePropertyType validateXml
FINA: return internal name for choice date-time
06-dic-2011 22:59:03 org.eclipse.birt.report.model.metadata.ChoicePropertyType validateXml
FINA: return internal name for choice center
06-dic-2011 22:59:03 org.eclipse.birt.report.model.metadata.DimensionPropertyType validateXml
FINA: return dimension value with user defined unit 71px
06-dic-2011 22:59:03 org.eclipse.birt.report.model.metadata.DimensionPropertyType validateXml
FINA: return dimension value with user defined unit 136px
06-dic-2011 22:59:03 org.eclipse.birt.report.model.metadata.ChoicePropertyType validateXml
FINA: return internal name for choice file
06-dic-2011 22:59:03 org.eclipse.birt.report.model.metadata.DimensionPropertyType validateXml
FINA: return dimension value with user defined unit 100%
06-dic-2011 22:59:03 org.eclipse.birt.report.model.metadata.ElementRefPropertyType validateValue
FINA: Validate the value of the element reference property as a string: lineas
06-dic-2011 22:59:03 org.eclipse.birt.report.model.metadata.ChoicePropertyType validateXml
FINA: return internal name for choice string
06-dic-2011 22:59:03 org.eclipse.birt.report.model.metadata.ChoicePropertyType validateXml
FINA: return internal name for choice string
06-dic-2011 22:59:03 org.eclipse.birt.report.model.metadata.ChoicePropertyType validateXml
FINA: return internal name for choice decimal
06-dic-2011 22:59:03 org.eclipse.birt.report.model.metadata.ChoicePropertyType validateXml
FINA: return internal name for choice decimal
06-dic-2011 22:59:03 org.eclipse.birt.report.model.metadata.ChoicePropertyType validateXml
FINA: return internal name for choice decimal
06-dic-2011 22:59:03 org.eclipse.birt.report.model.metadata.ChoicePropertyType validateXml
FINA: return internal name for choice float
06-dic-2011 22:59:03 org.eclipse.birt.report.model.metadata.ChoicePropertyType validateXml
FINA: return internal name for choice string
06-dic-2011 22:59:03 org.eclipse.birt.report.model.metadata.ChoicePropertyType validateXml
FINA: return internal name for choice string
06-dic-2011 22:59:03 org.eclipse.birt.report.model.metadata.ChoicePropertyType validateXml
FINA: return internal name for choice float
06-dic-2011 22:59:03 org.eclipse.birt.report.model.metadata.ChoicePropertyType validateXml
FINA: return internal name for choice right
06-dic-2011 22:59:03 org.eclipse.birt.report.model.metadata.ChoicePropertyType validateXml
FINA: return internal name for choice right
06-dic-2011 22:59:03 org.eclipse.birt.report.model.metadata.ChoicePropertyType validateXml
FINA: return internal name for choice right
06-dic-2011 22:59:03 org.eclipse.birt.report.model.metadata.ChoicePropertyType validateXml
FINA: return internal name for choice none
06-dic-2011 22:59:03 org.eclipse.birt.report.model.metadata.ChoicePropertyType validateXml
FINA: return internal name for choice asc
06-dic-2011 22:59:03 org.eclipse.birt.report.model.metadata.ChoicePropertyType validateXml
FINA: return internal name for choice auto
06-dic-2011 22:59:03 org.eclipse.birt.report.model.metadata.ChoicePropertyType validateXml
FINA: return internal name for choice auto
06-dic-2011 22:59:03 org.eclipse.birt.report.model.metadata.ChoicePropertyType validateXml
FINA: return internal name for choice auto
06-dic-2011 22:59:03 org.eclipse.birt.report.model.metadata.ColorPropertyType validateXml
FINA: The validated color property value 0
06-dic-2011 22:59:03 org.eclipse.birt.report.model.metadata.ChoicePropertyType validateXml
FINA: return internal name for choice solid
06-dic-2011 22:59:03 org.eclipse.birt.report.model.metadata.ChoicePropertyType validateXml
FINA: return internal name for choice bold
06-dic-2011 22:59:03 org.eclipse.birt.report.model.metadata.ChoicePropertyType validateXml
FINA: return internal name for choice normal
06-dic-2011 22:59:03 org.eclipse.birt.report.model.metadata.ChoicePropertyType validateXml
FINA: return internal name for choice none
06-dic-2011 22:59:03 org.eclipse.birt.report.model.metadata.ChoicePropertyType validateXml
FINA: return internal name for choice italic
06-dic-2011 22:59:03 org.eclipse.birt.report.model.metadata.ChoicePropertyType validateXml
FINA: return internal name for choice italic
06-dic-2011 22:59:03 org.eclipse.birt.report.model.metadata.ChoicePropertyType validateXml
FINA: return internal name for choice italic
06-dic-2011 22:59:03 org.eclipse.birt.report.model.metadata.ColorPropertyType validateXml
FINA: The validated color property value 0
06-dic-2011 22:59:03 org.eclipse.birt.report.model.metadata.ChoicePropertyType validateXml
FINA: return internal name for choice solid
06-dic-2011 22:59:03 org.eclipse.birt.report.model.metadata.ChoicePropertyType validateXml
FINA: return internal name for choice italic
06-dic-2011 22:59:03 org.eclipse.birt.report.model.metadata.ChoicePropertyType validateXml
FINA: return internal name for choice auto
06-dic-2011 22:59:03 org.eclipse.birt.report.model.metadata.ColorPropertyType validateXml
FINA: The validated color property value 0
06-dic-2011 22:59:03 org.eclipse.birt.report.model.metadata.ChoicePropertyType validateXml
FINA: return internal name for choice solid
06-dic-2011 22:59:03 org.eclipse.birt.report.model.metadata.ColorPropertyType validateXml
FINA: The validated color property value 0
06-dic-2011 22:59:03 org.eclipse.birt.report.model.metadata.ChoicePropertyType validateXml
FINA: return internal name for choice solid
06-dic-2011 22:59:03 org.eclipse.birt.report.model.metadata.ChoicePropertyType validateXml
FINA: return internal name for choice auto
06-dic-2011 22:59:03 org.eclipse.birt.report.model.metadata.ColorPropertyType validateXml
FINA: The validated color property value 0
06-dic-2011 22:59:03 org.eclipse.birt.report.model.metadata.ChoicePropertyType validateXml
FINA: return internal name for choice solid
06-dic-2011 22:59:03 org.eclipse.birt.report.model.metadata.ColorPropertyType validateXml
FINA: The validated color property value 0
06-dic-2011 22:59:03 org.eclipse.birt.report.model.metadata.ChoicePropertyType validateXml
FINA: return internal name for choice solid
06-dic-2011 22:59:03 org.eclipse.birt.report.model.metadata.ColorPropertyType validateXml
FINA: The validated color property value 0
06-dic-2011 22:59:03 org.eclipse.birt.report.model.metadata.ChoicePropertyType validateXml
FINA: return internal name for choice solid
06-dic-2011 22:59:03 org.eclipse.birt.report.model.metadata.ColorPropertyType validateXml
FINA: The validated color property value 0
06-dic-2011 22:59:03 org.eclipse.birt.report.model.metadata.ChoicePropertyType validateXml
FINA: return internal name for choice solid
06-dic-2011 22:59:03 org.eclipse.birt.report.model.metadata.ChoicePropertyType validateXml
FINA: return internal name for choice bold
06-dic-2011 22:59:03 org.eclipse.birt.report.model.metadata.ChoicePropertyType validateXml
FINA: return internal name for choice auto
06-dic-2011 22:59:03 org.eclipse.birt.report.model.metadata.ChoicePropertyType validateXml
FINA: return internal name for choice bold
06-dic-2011 22:59:03 org.eclipse.birt.report.engine.api.impl.ReportEngine createGetParameterDefinitionTask
FINA: ReportEngine.createGetParameterDefinitionTask: reportRunnable=org.eclipse.birt.report.engine.api.impl.ReportRunnable@1de06ec 
06-dic-2011 22:59:04 org.eclipse.birt.report.engine.api.impl.EngineTask setAppContext
FINA: EngineTask.setAppContext: context=PARENT_CLASSLOADER=WebappClassLoader
  context: /birt-adaia3
  delegate: false
  repositories:
----------> Parent Classloader:
org.apache.catalina.loader.StandardClassLoader@1808199
;webapplication.projectclasspath=;
06-dic-2011 22:59:04 org.eclipse.birt.report.engine.api.impl.EngineTask setLocale
FINA: EngineTask.setLocale: locale=espaol (Espaa)
06-dic-2011 22:59:04 org.eclipse.birt.report.engine.api.impl.EngineTask setAppContext
FINA: EngineTask.setAppContext: context=PARENT_CLASSLOADER=WebappClassLoader
  context: /birt-adaia3
  delegate: false
  repositories:
----------> Parent Classloader:
org.apache.catalina.loader.StandardClassLoader@1808199
;CHART_RESOLUTION=null;org.eclipse.birt.data.engine.dataset.cache.option=false;org.eclipse.birt.data.engine.cube.inmemory.size=0;webapplication.projectclasspath=;BIRT_VIEWER_HTTPSERVET_REQUEST=org.apache.catalina.connector.RequestFacade@ad8d5f;birt.viewer.resource.path=/opt/hpws/tomcat/webapps/birt-adaia3;
06-dic-2011 22:59:04 org.eclipse.birt.report.engine.api.impl.EngineTask setAppContext
FINA: EngineTask.setAppContext: context=PARENT_CLASSLOADER=WebappClassLoader
  context: /birt-adaia3
  delegate: false
  repositories:
----------> Parent Classloader:
org.apache.catalina.loader.StandardClassLoader@1808199
;webapplication.projectclasspath=;BIRT_VIEWER_HTTPSERVET_REQUEST=org.apache.catalina.connector.RequestFacade@ad8d5f;
06-dic-2011 22:59:04 org.eclipse.birt.report.engine.api.impl.ReportEngine createGetParameterDefinitionTask
FINA: ReportEngine.createGetParameterDefinitionTask: reportRunnable=org.eclipse.birt.report.engine.api.impl.ReportRunnable@1de06ec 
06-dic-2011 22:59:04 org.eclipse.birt.report.engine.api.impl.EngineTask setAppContext
FINA: EngineTask.setAppContext: context=PARENT_CLASSLOADER=WebappClassLoader
  context: /birt-adaia3
  delegate: false
  repositories:
----------> Parent Classloader:
org.apache.catalina.loader.StandardClassLoader@1808199
;webapplication.projectclasspath=;
06-dic-2011 22:59:04 org.eclipse.birt.report.engine.api.impl.EngineTask setLocale
FINA: EngineTask.setLocale: locale=espaol (Espaa)
06-dic-2011 22:59:04 org.eclipse.birt.report.engine.api.impl.EngineTask setAppContext
FINA: EngineTask.setAppContext: context=PARENT_CLASSLOADER=WebappClassLoader
  context: /birt-adaia3
  delegate: false
  repositories:
----------> Parent Classloader:
org.apache.catalina.loader.StandardClassLoader@1808199
;CHART_RESOLUTION=null;org.eclipse.birt.data.engine.dataset.cache.option=false;org.eclipse.birt.data.engine.cube.inmemory.size=0;webapplication.projectclasspath=;BIRT_VIEWER_HTTPSERVET_REQUEST=org.apache.catalina.connector.RequestFacade@ad8d5f;birt.viewer.resource.path=/opt/hpws/tomcat/webapps/birt-adaia3;
06-dic-2011 22:59:04 org.eclipse.birt.report.engine.api.impl.EngineTask setAppContext
FINA: EngineTask.setAppContext: context=PARENT_CLASSLOADER=WebappClassLoader
  context: /birt-adaia3
  delegate: false
  repositories:
----------> Parent Classloader:
org.apache.catalina.loader.StandardClassLoader@1808199
;webapplication.projectclasspath=;BIRT_VIEWER_HTTPSERVET_REQUEST=org.apache.catalina.connector.RequestFacade@ad8d5f;
06-dic-2011 22:59:04 org.eclipse.birt.report.engine.api.impl.ReportEngine createGetParameterDefinitionTask
FINA: ReportEngine.createGetParameterDefinitionTask: reportRunnable=org.eclipse.birt.report.engine.api.impl.ReportRunnable@1de06ec 
06-dic-2011 22:59:04 org.eclipse.birt.report.engine.api.impl.EngineTask setAppContext
FINA: EngineTask.setAppContext: context=PARENT_CLASSLOADER=WebappClassLoader
  context: /birt-adaia3
  delegate: false
  repositories:
----------> Parent Classloader:
org.apache.catalina.loader.StandardClassLoader@1808199
;webapplication.projectclasspath=;
06-dic-2011 22:59:04 org.eclipse.birt.report.engine.api.impl.EngineTask setLocale
FINA: EngineTask.setLocale: locale=espaol (Espaa)
06-dic-2011 22:59:04 org.eclipse.birt.report.engine.api.impl.EngineTask setAppContext
FINA: EngineTask.setAppContext: context=PARENT_CLASSLOADER=WebappClassLoader
  context: /birt-adaia3
  delegate: false
  repositories:
----------> Parent Classloader:
org.apache.catalina.loader.StandardClassLoader@1808199
;CHART_RESOLUTION=null;org.eclipse.birt.data.engine.dataset.cache.option=false;org.eclipse.birt.data.engine.cube.inmemory.size=0;webapplication.projectclasspath=;BIRT_VIEWER_HTTPSERVET_REQUEST=org.apache.catalina.core.ApplicationHttpRequest@11dadef;birt.viewer.resource.path=/opt/hpws/tomcat/webapps/birt-adaia3;
06-dic-2011 22:59:04 org.eclipse.birt.report.engine.api.impl.EngineTask setAppContext
FINA: EngineTask.setAppContext: context=PARENT_CLASSLOADER=WebappClassLoader
  context: /birt-adaia3
  delegate: false
  repositories:
----------> Parent Classloader:
org.apache.catalina.loader.StandardClassLoader@1808199
;webapplication.projectclasspath=;BIRT_VIEWER_HTTPSERVET_REQUEST=org.apache.catalina.core.ApplicationHttpRequest@11dadef;
06-dic-2011 22:59:11 org.eclipse.birt.report.engine.api.impl.ReportEngine openReportDocument
FINA: ReportEngine.openReportDocument: systemId=/opt/hpws/tomcat/webapps/birt-adaia3/tmp/facturar.rptdesign, file=/opt/hpws/tomcat/webapps/birt-adaia3/documents/BIRTDOCFD966FEE794E8CD8A23277CB62D424CE/20111206_225900_462/facturar.rptdocument, options={resourceFolder=/opt/hpws/tomcat/webapps/birt-adaia3, semanticCheck=false} 
06-dic-2011 22:59:11 org.eclipse.birt.report.engine.api.impl.ReportEngine openReportDesign
FINA: ReportEngine.openReportDesign: name=file:/opt/hpws/tomcat/webapps/birt-adaia3/tmp/facturar.rptdesign, designStream=java.io.FileInputStream@1170538, options={3} 
06-dic-2011 22:59:11 org.eclipse.birt.report.model.metadata.ChoicePropertyType validateXml
FINA: return internal name for choice in
06-dic-2011 22:59:11 org.eclipse.birt.report.model.metadata.ChoicePropertyType validateXml
FINA: return internal name for choice ltr
06-dic-2011 22:59:11 org.eclipse.birt.report.model.metadata.ChoicePropertyType validateXml
FINA: return internal name for choice static
06-dic-2011 22:59:11 org.eclipse.birt.report.model.metadata.ChoicePropertyType validateXml
FINA: return internal name for choice integer
06-dic-2011 22:59:11 org.eclipse.birt.report.model.metadata.ChoicePropertyType validateXml
FINA: return internal name for choice simple
06-dic-2011 22:59:11 org.eclipse.birt.report.model.metadata.ChoicePropertyType validateXml
FINA: return internal name for choice text-box
06-dic-2011 22:59:11 org.eclipse.birt.report.model.metadata.ChoicePropertyType validateXml
FINA: return internal name for choice decimal
06-dic-2011 22:59:11 org.eclipse.birt.report.model.metadata.ChoicePropertyType validateXml
FINA: return internal name for choice string
06-dic-2011 22:59:11 org.eclipse.birt.report.model.metadata.ChoicePropertyType validateXml
FINA: return internal name for choice date-time
06-dic-2011 22:59:11 org.eclipse.birt.report.model.metadata.ChoicePropertyType validateXml
FINA: return internal name for choice string
06-dic-2011 22:59:11 org.eclipse.birt.report.model.metadata.ChoicePropertyType validateXml
FINA: return internal name for choice date-time
06-dic-2011 22:59:11 org.eclipse.birt.report.model.metadata.ChoicePropertyType validateXml
FINA: return internal name for choice date-time
06-dic-2011 22:59:11 org.eclipse.birt.report.model.metadata.ChoicePropertyType validateXml
FINA: return internal name for choice decimal
06-dic-2011 22:59:11 org.eclipse.birt.report.model.metadata.ChoicePropertyType validateXml
FINA: return internal name for choice string
06-dic-2011 22:59:11 org.eclipse.birt.report.model.metadata.ChoicePropertyType validateXml
FINA: return internal name for choice string
06-dic-2011 22:59:11 org.eclipse.birt.report.model.metadata.ChoicePropertyType validateXml
FINA: return internal name for choice string
06-dic-2011 22:59:11 org.eclipse.birt.report.model.metadata.ChoicePropertyType validateXml
FINA: return internal name for choice decimal
06-dic-2011 22:59:11 org.eclipse.birt.report.model.metadata.ChoicePropertyType validateXml
FINA: return internal name for choice decimal
06-dic-2011 22:59:11 org.eclipse.birt.report.model.metadata.ChoicePropertyType validateXml
FINA: return internal name for choice decimal
06-dic-2011 22:59:11 org.eclipse.birt.report.model.metadata.ChoicePropertyType validateXml
FINA: return internal name for choice decimal
06-dic-2011 22:59:11 org.eclipse.birt.report.model.metadata.ElementRefPropertyType validateValue
FINA: Validate the value of the element reference property as a string: FACT
06-dic-2011 22:59:11 org.eclipse.birt.report.model.metadata.ChoicePropertyType validateXml
FINA: return internal name for choice integer
06-dic-2011 22:59:11 org.eclipse.birt.report.model.metadata.ChoicePropertyType validateXml
FINA: return internal name for choice decimal
06-dic-2011 22:59:11 org.eclipse.birt.report.model.metadata.ChoicePropertyType validateXml
FINA: return internal name for choice string
06-dic-2011 22:59:11 org.eclipse.birt.report.model.metadata.ChoicePropertyType validateXml
FINA: return internal name for choice date-time
06-dic-2011 22:59:11 org.eclipse.birt.report.model.metadata.ChoicePropertyType validateXml
FINA: return internal name for choice string
06-dic-2011 22:59:11 org.eclipse.birt.report.model.metadata.ChoicePropertyType validateXml
FINA: return internal name for choice date-time
06-dic-2011 22:59:11 org.eclipse.birt.report.model.metadata.ChoicePropertyType validateXml
FINA: return internal name for choice date-time
06-dic-2011 22:59:11 org.eclipse.birt.report.model.metadata.ChoicePropertyType validateXml
FINA: return internal name for choice decimal
06-dic-2011 22:59:11 org.eclipse.birt.report.model.metadata.ChoicePropertyType validateXml
FINA: return internal name for choice string
06-dic-2011 22:59:11 org.eclipse.birt.report.model.metadata.ChoicePropertyType validateXml
FINA: return internal name for choice string
06-dic-2011 22:59:11 org.eclipse.birt.report.model.metadata.ChoicePropertyType validateXml
FINA: return internal name for choice string
06-dic-2011 22:59:11 org.eclipse.birt.report.model.metadata.ChoicePropertyType validateXml
FINA: return internal name for choice decimal
06-dic-2011 22:59:11 org.eclipse.birt.report.model.metadata.ChoicePropertyType validateXml
FINA: return internal name for choice decimal
06-dic-2011 22:59:11 org.eclipse.birt.report.model.metadata.ChoicePropertyType validateXml
FINA: return internal name for choice decimal
06-dic-2011 22:59:11 org.eclipse.birt.report.model.metadata.ChoicePropertyType validateXml
FINA: return internal name for choice decimal
06-dic-2011 22:59:11 org.eclipse.birt.report.model.metadata.ChoicePropertyType validateXml
FINA: return internal name for choice string
06-dic-2011 22:59:11 org.eclipse.birt.report.model.metadata.ChoicePropertyType validateXml
FINA: return internal name for choice date-time
06-dic-2011 22:59:11 org.eclipse.birt.report.model.metadata.ChoicePropertyType validateXml
FINA: return internal name for choice date-time
06-dic-2011 22:59:11 org.eclipse.birt.report.model.metadata.ChoicePropertyType validateXml
FINA: return internal name for choice decimal
06-dic-2011 22:59:11 org.eclipse.birt.report.model.metadata.ChoicePropertyType validateXml
FINA: return internal name for choice date-time
06-dic-2011 22:59:11 org.eclipse.birt.report.model.metadata.ChoicePropertyType validateXml
FINA: return internal name for choice string
06-dic-2011 22:59:11 org.eclipse.birt.report.model.metadata.ChoicePropertyType validateXml
FINA: return internal name for choice date-time
06-dic-2011 22:59:11 org.eclipse.birt.report.model.metadata.ElementRefPropertyType validateValue
FINA: Validate the value of the element reference property as a string: FACT
06-dic-2011 22:59:11 org.eclipse.birt.report.model.metadata.ChoicePropertyType validateXml
FINA: return internal name for choice integer
06-dic-2011 22:59:11 org.eclipse.birt.report.model.metadata.ChoicePropertyType validateXml
FINA: return internal name for choice string
06-dic-2011 22:59:11 org.eclipse.birt.report.model.metadata.ChoicePropertyType validateXml
FINA: return internal name for choice date-time
06-dic-2011 22:59:11 org.eclipse.birt.report.model.metadata.ChoicePropertyType validateXml
FINA: return internal name for choice date-time
06-dic-2011 22:59:11 org.eclipse.birt.report.model.metadata.ChoicePropertyType validateXml
FINA: return internal name for choice decimal
06-dic-2011 22:59:11 org.eclipse.birt.report.model.metadata.ChoicePropertyType validateXml
FINA: return internal name for choice date-time
06-dic-2011 22:59:11 org.eclipse.birt.report.model.metadata.ChoicePropertyType validateXml
FINA: return internal name for choice string
06-dic-2011 22:59:11 org.eclipse.birt.report.model.metadata.ChoicePropertyType validateXml
FINA: return internal name for choice date-time
06-dic-2011 22:59:11 org.eclipse.birt.report.model.metadata.DimensionPropertyType validateXml
FINA: return dimension value with user defined unit 10pt
06-dic-2011 22:59:11 org.eclipse.birt.report.model.metadata.ColorPropertyType validateXml
FINA: The validated color property value 13421772
06-dic-2011 22:59:11 org.eclipse.birt.report.model.metadata.ChoicePropertyType validateXml
FINA: return internal name for choice solid
06-dic-2011 22:59:11 org.eclipse.birt.report.model.metadata.DimensionPropertyType validateXml
FINA: return dimension value with user defined unit 1pt
06-dic-2011 22:59:11 org.eclipse.birt.report.model.metadata.ColorPropertyType validateXml
FINA: The validated color property value 13421772
06-dic-2011 22:59:11 org.eclipse.birt.report.model.metadata.ChoicePropertyType validateXml
FINA: return internal name for choice solid
06-dic-2011 22:59:11 org.eclipse.birt.report.model.metadata.DimensionPropertyType validateXml
FINA: return dimension value with user defined unit 1pt
06-dic-2011 22:59:11 org.eclipse.birt.report.model.metadata.ColorPropertyType validateXml
FINA: The validated color property value 13421772
06-dic-2011 22:59:11 org.eclipse.birt.report.model.metadata.ChoicePropertyType validateXml
FINA: return internal name for choice solid
06-dic-2011 22:59:11 org.eclipse.birt.report.model.metadata.DimensionPropertyType validateXml
FINA: return dimension value with user defined unit 1pt
06-dic-2011 22:59:11 org.eclipse.birt.report.model.metadata.ColorPropertyType validateXml
FINA: The validated color property value 13421772
06-dic-2011 22:59:11 org.eclipse.birt.report.model.metadata.ChoicePropertyType validateXml
FINA: return internal name for choice solid
06-dic-2011 22:59:11 org.eclipse.birt.report.model.metadata.DimensionPropertyType validateXml
FINA: return dimension value with user defined unit 1pt
06-dic-2011 22:59:11 org.eclipse.birt.report.model.metadata.ColorPropertyType validateXml
FINA: The validated color property value 13421772
06-dic-2011 22:59:11 org.eclipse.birt.report.model.metadata.ChoicePropertyType validateXml
FINA: return internal name for choice solid
06-dic-2011 22:59:11 org.eclipse.birt.report.model.metadata.DimensionPropertyType validateXml
FINA: return dimension value with user defined unit 1pt
06-dic-2011 22:59:11 org.eclipse.birt.report.model.metadata.ColorPropertyType validateXml
FINA: The validated color property value 13421772
06-dic-2011 22:59:11 org.eclipse.birt.report.model.metadata.ChoicePropertyType validateXml
FINA: return internal name for choice solid
06-dic-2011 22:59:11 org.eclipse.birt.report.model.metadata.DimensionPropertyType validateXml
FINA: return dimension value with user defined unit 1pt
06-dic-2011 22:59:11 org.eclipse.birt.report.model.metadata.ColorPropertyType validateXml
FINA: The validated color property value 13421772
06-dic-2011 22:59:11 org.eclipse.birt.report.model.metadata.ChoicePropertyType validateXml
FINA: return internal name for choice solid
06-dic-2011 22:59:11 org.eclipse.birt.report.model.metadata.DimensionPropertyType validateXml
FINA: return dimension value with user defined unit 1pt
06-dic-2011 22:59:11 org.eclipse.birt.report.model.metadata.ColorPropertyType validateXml
FINA: The validated color property value 13421772
06-dic-2011 22:59:11 org.eclipse.birt.report.model.metadata.ChoicePropertyType validateXml
FINA: return internal name for choice solid
06-dic-2011 22:59:11 org.eclipse.birt.report.model.metadata.DimensionPropertyType validateXml
FINA: return dimension value with user defined unit 1pt
06-dic-2011 22:59:11 org.eclipse.birt.report.model.metadata.DimensionPropertyType validateXml
FINA: return dimension value with user defined unit 0.25in
06-dic-2011 22:59:11 org.eclipse.birt.report.model.metadata.DimensionPropertyType validateXml
FINA: return dimension value with user defined unit 0.25in
06-dic-2011 22:59:11 org.eclipse.birt.report.model.metadata.DimensionPropertyType validateXml
FINA: return dimension value with user defined unit 0.25in
06-dic-2011 22:59:11 org.eclipse.birt.report.model.metadata.DimensionPropertyType validateXml
FINA: return dimension value with user defined unit 0.25in
06-dic-2011 22:59:11 org.eclipse.birt.report.model.metadata.ChoicePropertyType validateXml
FINA: return internal name for choice html
06-dic-2011 22:59:11 org.eclipse.birt.report.model.metadata.DimensionPropertyType validateXml
FINA: return dimension value with user defined unit 100%
06-dic-2011 22:59:11 org.eclipse.birt.report.model.metadata.DimensionPropertyType validateXml
FINA: return dimension value with user defined unit 0.8020833333333334in
06-dic-2011 22:59:11 org.eclipse.birt.report.model.metadata.DimensionPropertyType validateXml
FINA: return dimension value with user defined unit 5.052083333333333in
06-dic-2011 22:59:11 org.eclipse.birt.report.model.metadata.DimensionPropertyType validateXml
FINA: return dimension value with user defined unit 0.7708333333333334in
06-dic-2011 22:59:11 org.eclipse.birt.report.model.metadata.DimensionPropertyType validateXml
FINA: return dimension value with user defined unit 1.0625in
06-dic-2011 22:59:11 org.eclipse.birt.report.model.metadata.ChoicePropertyType validateXml
FINA: return internal name for choice bold
06-dic-2011 22:59:11 org.eclipse.birt.report.model.metadata.ChoicePropertyType validateXml
FINA: return internal name for choice right
06-dic-2011 22:59:11 org.eclipse.birt.report.model.metadata.ChoicePropertyType validateXml
FINA: return internal name for choice auto
06-dic-2011 22:59:11 org.eclipse.birt.report.model.metadata.ElementRefPropertyType validateValue
FINA: Validate the value of the element reference property as a string: factura
06-dic-2011 22:59:11 org.eclipse.birt.report.model.metadata.ChoicePropertyType validateXml
FINA: return internal name for choice string
06-dic-2011 22:59:11 org.eclipse.birt.report.model.metadata.ChoicePropertyType validateXml
FINA: return internal name for choice bold
06-dic-2011 22:59:11 org.eclipse.birt.report.model.metadata.ChoicePropertyType validateXml
FINA: return internal name for choice right
06-dic-2011 22:59:11 org.eclipse.birt.report.model.metadata.ChoicePropertyType validateXml
FINA: return internal name for choice auto
06-dic-2011 22:59:11 org.eclipse.birt.report.model.metadata.ElementRefPropertyType validateValue
FINA: Validate the value of the element reference property as a string: factura
06-dic-2011 22:59:11 org.eclipse.birt.report.model.metadata.ChoicePropertyType validateXml
FINA: return internal name for choice string
06-dic-2011 22:59:11 org.eclipse.birt.report.model.metadata.DimensionPropertyType validateXml
FINA: return dimension value with user defined unit 0.25in
06-dic-2011 22:59:11 org.eclipse.birt.report.model.metadata.ChoicePropertyType validateXml
FINA: return internal name for choice bold
06-dic-2011 22:59:11 org.eclipse.birt.report.model.metadata.ChoicePropertyType validateXml
FINA: return internal name for choice right
06-dic-2011 22:59:11 org.eclipse.birt.report.model.metadata.ChoicePropertyType validateXml
FINA: return internal name for choice auto
06-dic-2011 22:59:11 org.eclipse.birt.report.model.metadata.ElementRefPropertyType validateValue
FINA: Validate the value of the element reference property as a string: factura
06-dic-2011 22:59:11 org.eclipse.birt.report.model.metadata.ChoicePropertyType validateXml
FINA: return internal name for choice date-time
06-dic-2011 22:59:11 org.eclipse.birt.report.model.metadata.DimensionPropertyType validateXml
FINA: return dimension value with user defined unit 0.25in
06-dic-2011 22:59:11 org.eclipse.birt.report.model.metadata.ChoicePropertyType validateXml
FINA: return internal name for choice bold
06-dic-2011 22:59:11 org.eclipse.birt.report.model.metadata.ChoicePropertyType validateXml
FINA: return internal name for choice right
06-dic-2011 22:59:11 org.eclipse.birt.report.model.metadata.ChoicePropertyType validateXml
FINA: return internal name for choice auto
06-dic-2011 22:59:11 org.eclipse.birt.report.model.metadata.ElementRefPropertyType validateValue
FINA: Validate the value of the element reference property as a string: factura
06-dic-2011 22:59:11 org.eclipse.birt.report.model.metadata.ChoicePropertyType validateXml
FINA: return internal name for choice date-time
06-dic-2011 22:59:11 org.eclipse.birt.report.model.metadata.DimensionPropertyType validateXml
FINA: return dimension value with user defined unit 0.25in
06-dic-2011 22:59:11 org.eclipse.birt.report.model.metadata.ChoicePropertyType validateXml
FINA: return internal name for choice bold
06-dic-2011 22:59:11 org.eclipse.birt.report.model.metadata.ChoicePropertyType validateXml
FINA: return internal name for choice right
06-dic-2011 22:59:11 org.eclipse.birt.report.model.metadata.ChoicePropertyType validateXml
FINA: return internal name for choice auto
06-dic-2011 22:59:11 org.eclipse.birt.report.model.metadata.ElementRefPropertyType validateValue
FINA: Validate the value of the element reference property as a string: factura
06-dic-2011 22:59:11 org.eclipse.birt.report.model.metadata.ChoicePropertyType validateXml
FINA: return internal name for choice date-time
06-dic-2011 22:59:11 org.eclipse.birt.report.model.metadata.ChoicePropertyType validateXml
FINA: return internal name for choice center
06-dic-2011 22:59:11 org.eclipse.birt.report.model.metadata.DimensionPropertyType validateXml
FINA: return dimension value with user defined unit 71px
06-dic-2011 22:59:11 org.eclipse.birt.report.model.metadata.DimensionPropertyType validateXml
FINA: return dimension value with user defined unit 136px
06-dic-2011 22:59:11 org.eclipse.birt.report.model.metadata.ChoicePropertyType validateXml
FINA: return internal name for choice file
06-dic-2011 22:59:11 org.eclipse.birt.report.model.metadata.DimensionPropertyType validateXml
FINA: return dimension value with user defined unit 100%
06-dic-2011 22:59:11 org.eclipse.birt.report.model.metadata.ElementRefPropertyType validateValue
FINA: Validate the value of the element reference property as a string: lineas
06-dic-2011 22:59:11 org.eclipse.birt.report.model.metadata.ChoicePropertyType validateXml
FINA: return internal name for choice string
06-dic-2011 22:59:11 org.eclipse.birt.report.model.metadata.ChoicePropertyType validateXml
FINA: return internal name for choice string
06-dic-2011 22:59:11 org.eclipse.birt.report.model.metadata.ChoicePropertyType validateXml
FINA: return internal name for choice decimal
06-dic-2011 22:59:11 org.eclipse.birt.report.model.metadata.ChoicePropertyType validateXml
FINA: return internal name for choice decimal
06-dic-2011 22:59:11 org.eclipse.birt.report.model.metadata.ChoicePropertyType validateXml
FINA: return internal name for choice decimal
06-dic-2011 22:59:11 org.eclipse.birt.report.model.metadata.ChoicePropertyType validateXml
FINA: return internal name for choice float
06-dic-2011 22:59:11 org.eclipse.birt.report.model.metadata.ChoicePropertyType validateXml
FINA: return internal name for choice string
06-dic-2011 22:59:11 org.eclipse.birt.report.model.metadata.ChoicePropertyType validateXml
FINA: return internal name for choice string
06-dic-2011 22:59:11 org.eclipse.birt.report.model.metadata.ChoicePropertyType validateXml
FINA: return internal name for choice float
06-dic-2011 22:59:11 org.eclipse.birt.report.model.metadata.ChoicePropertyType validateXml
FINA: return internal name for choice right
06-dic-2011 22:59:11 org.eclipse.birt.report.model.metadata.ChoicePropertyType validateXml
FINA: return internal name for choice right
06-dic-2011 22:59:11 org.eclipse.birt.report.model.metadata.ChoicePropertyType validateXml
FINA: return internal name for choice right
06-dic-2011 22:59:11 org.eclipse.birt.report.model.metadata.ChoicePropertyType validateXml
FINA: return internal name for choice none
06-dic-2011 22:59:11 org.eclipse.birt.report.model.metadata.ChoicePropertyType validateXml
FINA: return internal name for choice asc
06-dic-2011 22:59:11 org.eclipse.birt.report.model.metadata.ChoicePropertyType validateXml
FINA: return internal name for choice auto
06-dic-2011 22:59:11 org.eclipse.birt.report.model.metadata.ChoicePropertyType validateXml
FINA: return internal name for choice auto
06-dic-2011 22:59:11 org.eclipse.birt.report.model.metadata.ChoicePropertyType validateXml
FINA: return internal name for choice auto
06-dic-2011 22:59:11 org.eclipse.birt.report.model.metadata.ColorPropertyType validateXml
FINA: The validated color property value 0
06-dic-2011 22:59:11 org.eclipse.birt.report.model.metadata.ChoicePropertyType validateXml
FINA: return internal name for choice solid
06-dic-2011 22:59:11 org.eclipse.birt.report.model.metadata.ChoicePropertyType validateXml
FINA: return internal name for choice bold
06-dic-2011 22:59:11 org.eclipse.birt.report.model.metadata.ChoicePropertyType validateXml
FINA: return internal name for choice normal
06-dic-2011 22:59:11 org.eclipse.birt.report.model.metadata.ChoicePropertyType validateXml
FINA: return internal name for choice none
06-dic-2011 22:59:11 org.eclipse.birt.report.model.metadata.ChoicePropertyType validateXml
FINA: return internal name for choice italic
06-dic-2011 22:59:11 org.eclipse.birt.report.model.metadata.ChoicePropertyType validateXml
FINA: return internal name for choice italic
06-dic-2011 22:59:11 org.eclipse.birt.report.model.metadata.ChoicePropertyType validateXml
FINA: return internal name for choice italic
06-dic-2011 22:59:11 org.eclipse.birt.report.model.metadata.ColorPropertyType validateXml
FINA: The validated color property value 0
06-dic-2011 22:59:11 org.eclipse.birt.report.model.metadata.ChoicePropertyType validateXml
FINA: return internal name for choice solid
06-dic-2011 22:59:11 org.eclipse.birt.report.model.metadata.ChoicePropertyType validateXml
FINA: return internal name for choice italic
06-dic-2011 22:59:11 org.eclipse.birt.report.model.metadata.ChoicePropertyType validateXml
FINA: return internal name for choice auto
06-dic-2011 22:59:11 org.eclipse.birt.report.model.metadata.ColorPropertyType validateXml
FINA: The validated color property value 0
06-dic-2011 22:59:11 org.eclipse.birt.report.model.metadata.ChoicePropertyType validateXml
FINA: return internal name for choice solid
06-dic-2011 22:59:11 org.eclipse.birt.report.model.metadata.ColorPropertyType validateXml
FINA: The validated color property value 0
06-dic-2011 22:59:11 org.eclipse.birt.report.model.metadata.ChoicePropertyType validateXml
FINA: return internal name for choice solid
06-dic-2011 22:59:11 org.eclipse.birt.report.model.metadata.ChoicePropertyType validateXml
FINA: return internal name for choice auto
06-dic-2011 22:59:11 org.eclipse.birt.report.model.metadata.ColorPropertyType validateXml
FINA: The validated color property value 0
06-dic-2011 22:59:11 org.eclipse.birt.report.model.metadata.ChoicePropertyType validateXml
FINA: return internal name for choice solid
06-dic-2011 22:59:11 org.eclipse.birt.report.model.metadata.ColorPropertyType validateXml
FINA: The validated color property value 0
06-dic-2011 22:59:11 org.eclipse.birt.report.model.metadata.ChoicePropertyType validateXml
FINA: return internal name for choice solid
06-dic-2011 22:59:11 org.eclipse.birt.report.model.metadata.ColorPropertyType validateXml
FINA: The validated color property value 0
06-dic-2011 22:59:11 org.eclipse.birt.report.model.metadata.ChoicePropertyType validateXml
FINA: return internal name for choice solid
06-dic-2011 22:59:11 org.eclipse.birt.report.model.metadata.ColorPropertyType validateXml
FINA: The validated color property value 0
06-dic-2011 22:59:11 org.eclipse.birt.report.model.metadata.ChoicePropertyType validateXml
FINA: return internal name for choice solid
06-dic-2011 22:59:11 org.eclipse.birt.report.model.metadata.ChoicePropertyType validateXml
FINA: return internal name for choice bold
06-dic-2011 22:59:11 org.eclipse.birt.report.model.metadata.ChoicePropertyType validateXml
FINA: return internal name for choice auto
06-dic-2011 22:59:11 org.eclipse.birt.report.model.metadata.ChoicePropertyType validateXml
FINA: return internal name for choice bold
06-dic-2011 22:59:11 org.eclipse.birt.report.engine.api.impl.ReportEngine createGetParameterDefinitionTask
FINA: ReportEngine.createGetParameterDefinitionTask: reportRunnable=org.eclipse.birt.report.engine.api.impl.ReportRunnable@1088f28 
06-dic-2011 22:59:11 org.eclipse.birt.report.engine.api.impl.EngineTask setAppContext
FINA: EngineTask.setAppContext: context=PARENT_CLASSLOADER=WebappClassLoader
  context: /birt-adaia3
  delegate: false
  repositories:
----------> Parent Classloader:
org.apache.catalina.loader.StandardClassLoader@1808199
;webapplication.projectclasspath=;
06-dic-2011 22:59:11 org.eclipse.birt.report.engine.api.impl.EngineTask setLocale
FINA: EngineTask.setLocale: locale=espaol (Espaa)
06-dic-2011 22:59:11 org.eclipse.birt.report.engine.api.impl.EngineTask setAppContext
FINA: EngineTask.setAppContext: context=PARENT_CLASSLOADER=WebappClassLoader
  context: /birt-adaia3
  delegate: false
  repositories:
----------> Parent Classloader:
org.apache.catalina.loader.StandardClassLoader@1808199
;CHART_RESOLUTION=null;org.eclipse.birt.data.engine.dataset.cache.option=false;org.eclipse.birt.data.engine.cube.inmemory.size=0;webapplication.projectclasspath=;BIRT_VIEWER_HTTPSERVET_REQUEST=org.apache.catalina.connector.RequestFacade@eec618;birt.viewer.resource.path=/opt/hpws/tomcat/webapps/birt-adaia3;
06-dic-2011 22:59:11 org.eclipse.birt.report.engine.api.impl.EngineTask setAppContext
FINA: EngineTask.setAppContext: context=PARENT_CLASSLOADER=WebappClassLoader
  context: /birt-adaia3
  delegate: false
  repositories:
----------> Parent Classloader:
org.apache.catalina.loader.StandardClassLoader@1808199
;webapplication.projectclasspath=;BIRT_VIEWER_HTTPSERVET_REQUEST=org.apache.catalina.connector.RequestFacade@eec618;
06-dic-2011 22:59:11 org.eclipse.birt.report.engine.api.impl.ReportEngine createGetParameterDefinitionTask
FINA: ReportEngine.createGetParameterDefinitionTask: reportRunnable=org.eclipse.birt.report.engine.api.impl.ReportRunnable@1088f28 
06-dic-2011 22:59:11 org.eclipse.birt.report.engine.api.impl.EngineTask setAppContext
FINA: EngineTask.setAppContext: context=PARENT_CLASSLOADER=WebappClassLoader
  context: /birt-adaia3
  delegate: false
  repositories:
----------> Parent Classloader:
org.apache.catalina.loader.StandardClassLoader@1808199
;webapplication.projectclasspath=;
06-dic-2011 22:59:11 org.eclipse.birt.report.engine.api.impl.EngineTask setLocale
FINA: EngineTask.setLocale: locale=espaol (Espaa)
06-dic-2011 22:59:11 org.eclipse.birt.report.engine.api.impl.EngineTask setAppContext
FINA: EngineTask.setAppContext: context=PARENT_CLASSLOADER=WebappClassLoader
  context: /birt-adaia3
  delegate: false
  repositories:
----------> Parent Classloader:
org.apache.catalina.loader.StandardClassLoader@1808199
;CHART_RESOLUTION=null;org.eclipse.birt.data.engine.dataset.cache.option=false;org.eclipse.birt.data.engine.cube.inmemory.size=0;webapplication.projectclasspath=;BIRT_VIEWER_HTTPSERVET_REQUEST=org.apache.catalina.connector.RequestFacade@eec618;birt.viewer.resource.path=/opt/hpws/tomcat/webapps/birt-adaia3;
06-dic-2011 22:59:11 org.eclipse.birt.report.engine.api.impl.EngineTask setAppContext
FINA: EngineTask.setAppContext: context=PARENT_CLASSLOADER=WebappClassLoader
  context: /birt-adaia3
  delegate: false
  repositories:
----------> Parent Classloader:
org.apache.catalina.loader.StandardClassLoader@1808199
;webapplication.projectclasspath=;BIRT_VIEWER_HTTPSERVET_REQUEST=org.apache.catalina.connector.RequestFacade@eec618;
06-dic-2011 22:59:12 org.eclipse.birt.report.engine.api.impl.ReportEngine createRunTask
FINA: ReportEngine.createRunTask: reportRunnable=org.eclipse.birt.report.engine.api.impl.ReportRunnable@1088f28 
06-dic-2011 22:59:12 org.eclipse.birt.report.engine.api.impl.EngineTask setAppContext
FINA: EngineTask.setAppContext: context=PARENT_CLASSLOADER=WebappClassLoader
  context: /birt-adaia3
  delegate: false
  repositories:
----------> Parent Classloader:
org.apache.catalina.loader.StandardClassLoader@1808199
;webapplication.projectclasspath=;
06-dic-2011 22:59:12 org.eclipse.birt.report.engine.api.impl.EngineTask setLocale
FINA: EngineTask.setLocale: locale=espaol (Espaa)
06-dic-2011 22:59:12 org.eclipse.birt.report.engine.api.impl.EngineTask setParameterValue
FINA: EngineTask.setParameterValue: plantilla=41 [java.lang.Integer]
06-dic-2011 22:59:12 org.eclipse.birt.report.engine.api.impl.EngineTask setAppContext
FINA: EngineTask.setAppContext: context=PARENT_CLASSLOADER=WebappClassLoader
  context: /birt-adaia3
  delegate: false
  repositories:
----------> Parent Classloader:
org.apache.catalina.loader.StandardClassLoader@1808199
;CHART_RESOLUTION=null;org.eclipse.birt.data.engine.dataset.cache.option=false;org.eclipse.birt.data.engine.cube.inmemory.size=0;webapplication.projectclasspath=;BIRT_VIEWER_HTTPSERVET_REQUEST=org.apache.catalina.connector.RequestFacade@eec618;birt.viewer.resource.path=/opt/hpws/tomcat/webapps/birt-adaia3;
06-dic-2011 22:59:12 org.eclipse.birt.report.engine.api.impl.EngineTask loggerParamters
FINA: Running the report with paramters: plantilla:41

