24-feb-2013 7:25:59 org.eclipse.birt.report.engine.api.impl.ReportEngine <init>
FINA: ReportEngine created. EngineConfig: EngineConfig: org.eclipse.birt.report.engine.api.EngineConfig.scriptObjects={PARENT_CLASSLOADER=WebappClassLoader
  context: /birt-adaia3
  delegate: false
  repositories:
----------> Parent Classloader:
org.apache.catalina.loader.StandardClassLoader@1808199
, webapplication.projectclasspath=};maxRowsPerQuery=-1;BIRT_HOME=;logLevel=ALL;PLATFORM_CONTEXT=org.eclipse.birt.core.framework.PlatformServletContext@1ea763a;org.eclipse.birt.report.engine.api.EngineConfig.emitterConfigs={html=org.eclipse.birt.report.engine.api.HTMLRenderOption@1f7dbd8};logDest=/opt/hpws/tomcat/webapps/birt-adaia3/logs; 
24-feb-2013 7:25:59 org.eclipse.birt.report.engine.extension.internal.ExtensionManager getExtensions
FINA: Start load extension point: org.eclipse.birt.report.engine.reportitemGeneration
24-feb-2013 7:25:59 org.eclipse.birt.report.engine.extension.internal.ExtensionManager loadGenerationExtensionDefns
FINA: Load generation extension: Chart
24-feb-2013 7:25:59 org.eclipse.birt.report.engine.extension.internal.ExtensionManager getExtensions
FINA: Start load extension point: org.eclipse.birt.report.engine.reportitemPresentation
24-feb-2013 7:25:59 org.eclipse.birt.report.engine.extension.internal.ExtensionManager loadPresentationExtensionDefns
FINA: Load prsentation extension: Chart
24-feb-2013 7:25:59 org.eclipse.birt.report.engine.extension.internal.ExtensionManager getExtensions
FINA: Start load extension point: org.eclipse.birt.report.engine.reportitemQuery
24-feb-2013 7:25:59 org.eclipse.birt.report.engine.extension.internal.ExtensionManager loadQueryExtensionDefns
FINA: Load query extension: Chart
24-feb-2013 7:25:59 org.eclipse.birt.report.engine.extension.internal.ExtensionManager getExtensions
FINA: Start load extension point: org.eclipse.birt.report.engine.emitters
24-feb-2013 7:25:59 org.eclipse.birt.report.engine.extension.internal.ExtensionManager loadEmitterExtensionDefns
FINA: Load html emitter org.eclipse.birt.report.engine.emitter.html
24-feb-2013 7:25:59 org.eclipse.birt.report.engine.extension.internal.ExtensionManager loadEmitterExtensionDefns
FINA: Load pdf emitter org.eclipse.birt.report.engine.emitter.pdf
24-feb-2013 7:25:59 org.eclipse.birt.report.engine.extension.internal.ExtensionManager loadEmitterExtensionDefns
FINA: Load postscript emitter org.eclipse.birt.report.engine.emitter.postscript
24-feb-2013 7:25:59 org.eclipse.birt.report.engine.extension.internal.ExtensionManager loadEmitterExtensionDefns
FINA: Load ppt emitter org.eclipse.birt.report.engine.emitter.ppt
24-feb-2013 7:25:59 org.eclipse.birt.report.engine.extension.internal.ExtensionManager loadEmitterExtensionDefns
FINA: Load xls emitter org.eclipse.birt.report.engine.emitter.prototype.excel
24-feb-2013 7:25:59 org.eclipse.birt.report.engine.extension.internal.ExtensionManager loadEmitterExtensionDefns
FINA: Load doc emitter org.eclipse.birt.report.engine.emitter.word
24-feb-2013 7:25:59 org.eclipse.birt.report.engine.extension.internal.ExtensionManager getExtensions
FINA: Start load extension point: org.eclipse.birt.report.engine.reportEventHandler
24-feb-2013 7:25:59 org.eclipse.birt.report.engine.extension.internal.ExtensionManager getExtensions
FINA: Start load extension point: org.eclipse.birt.report.engine.reportItemPreparation
24-feb-2013 7:25:59 org.eclipse.birt.report.engine.extension.internal.ExtensionManager getExtensions
FINA: Start load extension point: org.eclipse.birt.report.engine.dataExtraction
24-feb-2013 7:25:59 org.eclipse.birt.report.engine.extension.internal.ExtensionManager loadDataExtractionExtensions
FINA: Load data extraction extension: org.eclipse.birt.report.engine.dataextraction.csv
24-feb-2013 7:25:59 org.eclipse.birt.report.engine.extension.internal.ExtensionManager getExtensions
FINA: Start load extension point: org.eclipse.birt.report.engine.extendedItemFactory
24-feb-2013 7:25:59 org.eclipse.birt.report.engine.extension.internal.ExtensionManager loadExtendedItems
FINA: Load extendedItem extension: Crosstab
24-feb-2013 7:25:59 org.eclipse.birt.report.engine.extension.internal.ExtensionManager loadExtendedItems
FINA: Load extendedItem extension: CrosstabCell
24-feb-2013 7:25:59 org.eclipse.birt.report.engine.extension.internal.ExtensionManager loadExtendedItems
FINA: Load extendedItem extension: AggregationCell
28-feb-2013 9:50:12 org.eclipse.birt.report.engine.api.impl.ReportEngine openReportDocument
FINA: ReportEngine.openReportDocument: systemId=/opt/hpws/tomcat/webapps/birt-adaia3/tmp/facturar.rptdesign, file=/opt/hpws/tomcat/webapps/birt-adaia3/documents/BIRTDOCF7CE0BE99B5D91C54F6C270921E549E9/20130228_095010_111/facturar.rptdocument, options={resourceFolder=/opt/hpws/tomcat/webapps/birt-adaia3, semanticCheck=false} 
28-feb-2013 9:50:18 org.eclipse.birt.report.engine.api.impl.ReportEngine openReportDesign
FINA: ReportEngine.openReportDesign: name=file:/opt/hpws/tomcat/webapps/birt-adaia3/tmp/facturar.rptdesign, designStream=java.io.FileInputStream@8cec2c, options={3} 
28-feb-2013 9:50:20 org.eclipse.birt.report.model.metadata.ChoicePropertyType validateXml
FINA: return internal name for choice eq
28-feb-2013 9:50:20 org.eclipse.birt.report.model.metadata.ChoicePropertyType validateXml
FINA: return internal name for choice eq
28-feb-2013 9:50:20 org.eclipse.birt.report.model.metadata.ChoicePropertyType validateXml
FINA: return internal name for choice asc
28-feb-2013 9:50:20 org.eclipse.birt.report.model.metadata.ChoicePropertyType validateXml
FINA: return internal name for choice eq
28-feb-2013 9:50:20 org.eclipse.birt.report.model.metadata.ChoicePropertyType validateXml
FINA: return internal name for choice DataSet
28-feb-2013 9:50:20 org.eclipse.birt.report.model.metadata.ChoicePropertyType validateXml
FINA: return internal name for choice hide
28-feb-2013 9:50:20 org.eclipse.birt.report.model.metadata.ChoicePropertyType validateXml
FINA: return internal name for choice string
28-feb-2013 9:50:20 org.eclipse.birt.report.model.metadata.ChoicePropertyType validateXml
FINA: return internal name for choice string
28-feb-2013 9:50:20 org.eclipse.birt.report.model.metadata.ChoicePropertyType validateXml
FINA: return internal name for choice string
28-feb-2013 9:50:21 org.eclipse.birt.report.model.metadata.ChoicePropertyType validateXml
FINA: return internal name for choice string
28-feb-2013 9:50:21 org.eclipse.birt.report.model.metadata.ChoicePropertyType validateXml
FINA: return internal name for choice any
28-feb-2013 9:50:21 org.eclipse.birt.report.model.metadata.ChoicePropertyType validateXml
FINA: return internal name for choice if-realized
28-feb-2013 9:50:21 org.eclipse.birt.report.model.metadata.ChoicePropertyType validateXml
FINA: return internal name for choice auto
28-feb-2013 9:50:21 org.eclipse.birt.report.model.metadata.ChoicePropertyType validateXml
FINA: return internal name for choice hyperlink
28-feb-2013 9:50:21 org.eclipse.birt.report.model.metadata.ChoicePropertyType validateXml
FINA: return internal name for choice inner
28-feb-2013 9:50:21 org.eclipse.birt.report.model.metadata.ChoicePropertyType validateXml
FINA: return internal name for choice eq
28-feb-2013 9:50:21 org.eclipse.birt.report.model.metadata.ChoicePropertyType validateXml
FINA: return internal name for choice string
28-feb-2013 9:50:21 org.eclipse.birt.report.model.metadata.ChoicePropertyType validateXml
FINA: return internal name for choice string
28-feb-2013 9:50:21 org.eclipse.birt.report.model.metadata.ChoicePropertyType validateXml
FINA: return internal name for choice auto layout
28-feb-2013 9:50:21 org.eclipse.birt.report.model.metadata.ChoicePropertyType validateXml
FINA: return internal name for choice ltr
28-feb-2013 9:50:21 org.eclipse.birt.report.model.metadata.ChoicePropertyType validateXml
FINA: return internal name for choice NoChange
28-feb-2013 9:50:21 org.eclipse.birt.report.model.metadata.ChoicePropertyType validateXml
FINA: return internal name for choice string
28-feb-2013 9:50:21 org.eclipse.birt.report.model.metadata.ChoicePropertyType validateXml
FINA: return internal name for choice static
28-feb-2013 9:50:21 org.eclipse.birt.report.model.metadata.ChoicePropertyType validateXml
FINA: return internal name for choice simple
28-feb-2013 9:50:21 org.eclipse.birt.report.model.metadata.ChoicePropertyType validateXml
FINA: return internal name for choice auto
28-feb-2013 9:50:21 org.eclipse.birt.report.model.metadata.ChoicePropertyType validateXml
FINA: return internal name for choice single
28-feb-2013 9:50:21 org.eclipse.birt.report.model.metadata.ChoicePropertyType validateXml
FINA: return internal name for choice normal
28-feb-2013 9:50:21 org.eclipse.birt.report.model.metadata.ChoicePropertyType validateXml
FINA: return internal name for choice normal
28-feb-2013 9:50:21 org.eclipse.birt.report.model.metadata.ChoicePropertyType validateXml
FINA: return internal name for choice normal
28-feb-2013 9:50:21 org.eclipse.birt.report.model.metadata.ChoicePropertyType validateXml
FINA: return internal name for choice none
28-feb-2013 9:50:21 org.eclipse.birt.report.model.metadata.ChoicePropertyType validateXml
FINA: return internal name for choice none
28-feb-2013 9:50:21 org.eclipse.birt.report.model.metadata.ChoicePropertyType validateXml
FINA: return internal name for choice none
28-feb-2013 9:50:21 org.eclipse.birt.report.model.metadata.ChoicePropertyType validateXml
FINA: return internal name for choice scroll
28-feb-2013 9:50:21 org.eclipse.birt.report.model.metadata.DimensionPropertyType validateXml
FINA: return dimension value with default unit 0.0
28-feb-2013 9:50:21 org.eclipse.birt.report.model.metadata.DimensionPropertyType validateXml
FINA: return dimension value with default unit 0.0
28-feb-2013 9:50:21 org.eclipse.birt.report.model.metadata.ChoicePropertyType validateXml
FINA: return internal name for choice repeat
28-feb-2013 9:50:21 org.eclipse.birt.report.model.metadata.DimensionPropertyType validateXml
FINA: return dimension value with default unit 0.0
28-feb-2013 9:50:21 org.eclipse.birt.report.model.metadata.ChoicePropertyType validateXml
FINA: return internal name for choice none
28-feb-2013 9:50:21 org.eclipse.birt.report.model.metadata.ChoicePropertyType validateXml
FINA: return internal name for choice normal
28-feb-2013 9:50:21 org.eclipse.birt.report.model.metadata.ChoicePropertyType validateXml
FINA: return internal name for choice block
28-feb-2013 9:50:21 org.eclipse.birt.report.model.metadata.ChoicePropertyType validateXml
FINA: return internal name for choice auto
28-feb-2013 9:50:21 org.eclipse.birt.report.model.metadata.ChoicePropertyType validateXml
FINA: return internal name for choice auto
28-feb-2013 9:50:21 org.eclipse.birt.report.model.metadata.ChoicePropertyType validateXml
FINA: return internal name for choice auto
28-feb-2013 9:50:21 org.eclipse.birt.report.model.metadata.ChoicePropertyType validateXml
FINA: return internal name for choice none
28-feb-2013 9:50:21 org.eclipse.birt.report.model.metadata.ChoicePropertyType validateXml
FINA: return internal name for choice none
28-feb-2013 9:50:21 org.eclipse.birt.report.model.metadata.ChoicePropertyType validateXml
FINA: return internal name for choice none
28-feb-2013 9:50:21 org.eclipse.birt.report.model.metadata.ChoicePropertyType validateXml
FINA: return internal name for choice none
28-feb-2013 9:50:21 org.eclipse.birt.report.model.metadata.DimensionPropertyType validateXml
FINA: return dimension value with default unit 0.0
28-feb-2013 9:50:21 org.eclipse.birt.report.model.metadata.DimensionPropertyType validateXml
FINA: return dimension value with default unit 0.0
28-feb-2013 9:50:21 org.eclipse.birt.report.model.metadata.DimensionPropertyType validateXml
FINA: return dimension value with default unit 0.0
28-feb-2013 9:50:21 org.eclipse.birt.report.model.metadata.DimensionPropertyType validateXml
FINA: return dimension value with default unit 0.0
28-feb-2013 9:50:21 org.eclipse.birt.report.model.metadata.DimensionPropertyType validateXml
FINA: return dimension value with default unit 1.0
28-feb-2013 9:50:21 org.eclipse.birt.report.model.metadata.DimensionPropertyType validateXml
FINA: return dimension value with default unit 1.0
28-feb-2013 9:50:21 org.eclipse.birt.report.model.metadata.DimensionPropertyType validateXml
FINA: return dimension value with default unit 1.0
28-feb-2013 9:50:21 org.eclipse.birt.report.model.metadata.DimensionPropertyType validateXml
FINA: return dimension value with default unit 1.0
28-feb-2013 9:50:21 org.eclipse.birt.report.model.metadata.DimensionPropertyType validateXml
FINA: return dimension value with default unit 1.0
28-feb-2013 9:50:21 org.eclipse.birt.report.model.metadata.DimensionPropertyType validateXml
FINA: return dimension value with default unit 1.25
28-feb-2013 9:50:21 org.eclipse.birt.report.model.metadata.DimensionPropertyType validateXml
FINA: return dimension value with default unit 1.0
28-feb-2013 9:50:21 org.eclipse.birt.report.model.metadata.DimensionPropertyType validateXml
FINA: return dimension value with default unit 1.25
28-feb-2013 9:50:21 org.eclipse.birt.report.model.metadata.DimensionPropertyType validateXml
FINA: return dimension value with default unit 0.5
28-feb-2013 9:50:21 org.eclipse.birt.report.model.metadata.DimensionPropertyType validateXml
FINA: return dimension value with default unit 0.5
28-feb-2013 9:50:21 org.eclipse.birt.report.model.metadata.DimensionPropertyType validateXml
FINA: return dimension value with default unit 0.5
28-feb-2013 9:50:21 org.eclipse.birt.report.model.metadata.ChoicePropertyType validateXml
FINA: return internal name for choice auto
28-feb-2013 9:50:21 org.eclipse.birt.report.model.metadata.ChoicePropertyType validateXml
FINA: return internal name for choice auto
28-feb-2013 9:50:21 org.eclipse.birt.report.model.metadata.ChoicePropertyType validateXml
FINA: return internal name for choice auto
28-feb-2013 9:50:21 org.eclipse.birt.report.model.metadata.ChoicePropertyType validateXml
FINA: return internal name for choice auto
28-feb-2013 9:50:21 org.eclipse.birt.report.model.metadata.ChoicePropertyType validateXml
FINA: return internal name for choice none
28-feb-2013 9:50:21 org.eclipse.birt.report.model.metadata.ChoicePropertyType validateXml
FINA: return internal name for choice asc
28-feb-2013 9:50:21 org.eclipse.birt.report.model.metadata.ChoicePropertyType validateXml
FINA: return internal name for choice none
28-feb-2013 9:50:21 org.eclipse.birt.report.model.metadata.ChoicePropertyType validateXml
FINA: return internal name for choice NoChange
28-feb-2013 9:50:21 org.eclipse.birt.report.model.metadata.ChoicePropertyType validateXml
FINA: return internal name for choice NoChange
28-feb-2013 9:50:21 org.eclipse.birt.report.model.metadata.ChoicePropertyType validateXml
FINA: return internal name for choice NoChange
28-feb-2013 9:50:21 org.eclipse.birt.report.model.metadata.ChoicePropertyType validateXml
FINA: return internal name for choice none
28-feb-2013 9:50:21 org.eclipse.birt.report.model.metadata.ChoicePropertyType validateXml
FINA: return internal name for choice NoChange
28-feb-2013 9:50:21 org.eclipse.birt.report.model.metadata.ChoicePropertyType validateXml
FINA: return internal name for choice size-to-image
28-feb-2013 9:50:21 org.eclipse.birt.report.model.metadata.ChoicePropertyType validateXml
FINA: return internal name for choice none
28-feb-2013 9:50:21 org.eclipse.birt.report.model.metadata.ChoicePropertyType validateXml
FINA: return internal name for choice horizontal
28-feb-2013 9:50:21 org.eclipse.birt.report.model.metadata.ChoicePropertyType validateXml
FINA: return internal name for choice none
28-feb-2013 9:50:21 org.eclipse.birt.report.model.metadata.ChoicePropertyType validateXml
FINA: return internal name for choice sum
28-feb-2013 9:50:21 org.eclipse.birt.report.model.metadata.ChoicePropertyType validateXml
FINA: return internal name for choice decimal
28-feb-2013 9:50:21 org.eclipse.birt.report.model.metadata.ChoicePropertyType validateXml
FINA: return internal name for choice asc
28-feb-2013 9:50:21 org.eclipse.birt.report.model.metadata.ChoicePropertyType validateXml
FINA: return internal name for choice eq
28-feb-2013 9:50:21 org.eclipse.birt.report.model.metadata.ChoicePropertyType validateXml
FINA: return internal name for choice DataSet
28-feb-2013 9:50:21 org.eclipse.birt.report.model.metadata.ChoicePropertyType validateXml
FINA: return internal name for choice none
28-feb-2013 9:50:21 org.eclipse.birt.report.model.metadata.ChoicePropertyType validateXml
FINA: return internal name for choice asc
28-feb-2013 9:50:21 org.eclipse.birt.report.model.metadata.ChoicePropertyType validateXml
FINA: return internal name for choice none
28-feb-2013 9:50:21 org.eclipse.birt.report.model.metadata.ChoicePropertyType validateXml
FINA: return internal name for choice NoChange
28-feb-2013 9:50:21 org.eclipse.birt.report.model.metadata.ChoicePropertyType validateXml
FINA: return internal name for choice normal
28-feb-2013 9:50:21 org.eclipse.birt.report.model.metadata.ChoicePropertyType validateXml
FINA: return internal name for choice normal
28-feb-2013 9:50:21 org.eclipse.birt.report.model.metadata.ChoicePropertyType validateXml
FINA: return internal name for choice normal
28-feb-2013 9:50:21 org.eclipse.birt.report.model.metadata.ChoicePropertyType validateXml
FINA: return internal name for choice none
28-feb-2013 9:50:21 org.eclipse.birt.report.model.metadata.ChoicePropertyType validateXml
FINA: return internal name for choice none
28-feb-2013 9:50:21 org.eclipse.birt.report.model.metadata.ChoicePropertyType validateXml
FINA: return internal name for choice none
28-feb-2013 9:50:21 org.eclipse.birt.report.model.metadata.ChoicePropertyType validateXml
FINA: return internal name for choice scroll
28-feb-2013 9:50:21 org.eclipse.birt.report.model.metadata.DimensionPropertyType validateXml
FINA: return dimension value with user defined unit 0%
28-feb-2013 9:50:21 org.eclipse.birt.report.model.metadata.DimensionPropertyType validateXml
FINA: return dimension value with user defined unit 0%
28-feb-2013 9:50:21 org.eclipse.birt.report.model.metadata.ChoicePropertyType validateXml
FINA: return internal name for choice repeat
28-feb-2013 9:50:21 org.eclipse.birt.report.model.metadata.DimensionPropertyType validateXml
FINA: return dimension value with user defined unit 0em
28-feb-2013 9:50:21 org.eclipse.birt.report.model.metadata.ChoicePropertyType validateXml
FINA: return internal name for choice none
28-feb-2013 9:50:21 org.eclipse.birt.report.model.metadata.ChoicePropertyType validateXml
FINA: return internal name for choice normal
28-feb-2013 9:50:21 org.eclipse.birt.report.model.metadata.ChoicePropertyType validateXml
FINA: return internal name for choice block
28-feb-2013 9:50:21 org.eclipse.birt.report.model.metadata.ChoicePropertyType validateXml
FINA: return internal name for choice auto
28-feb-2013 9:50:21 org.eclipse.birt.report.model.metadata.ChoicePropertyType validateXml
FINA: return internal name for choice auto
28-feb-2013 9:50:21 org.eclipse.birt.report.model.metadata.ChoicePropertyType validateXml
FINA: return internal name for choice auto
28-feb-2013 9:50:21 org.eclipse.birt.report.model.metadata.ChoicePropertyType validateXml
FINA: return internal name for choice none
28-feb-2013 9:50:21 org.eclipse.birt.report.model.metadata.ChoicePropertyType validateXml
FINA: return internal name for choice none
28-feb-2013 9:50:21 org.eclipse.birt.report.model.metadata.ChoicePropertyType validateXml
FINA: return internal name for choice none
28-feb-2013 9:50:21 org.eclipse.birt.report.model.metadata.ChoicePropertyType validateXml
FINA: return internal name for choice none
28-feb-2013 9:50:21 org.eclipse.birt.report.model.metadata.DimensionPropertyType validateXml
FINA: return dimension value with user defined unit 0pt
28-feb-2013 9:50:21 org.eclipse.birt.report.model.metadata.DimensionPropertyType validateXml
FINA: return dimension value with user defined unit 0pt
28-feb-2013 9:50:21 org.eclipse.birt.report.model.metadata.DimensionPropertyType validateXml
FINA: return dimension value with user defined unit 0pt
28-feb-2013 9:50:21 org.eclipse.birt.report.model.metadata.DimensionPropertyType validateXml
FINA: return dimension value with user defined unit 0pt
28-feb-2013 9:50:21 org.eclipse.birt.report.model.metadata.DimensionPropertyType validateXml
FINA: return dimension value with user defined unit 1pt
28-feb-2013 9:50:21 org.eclipse.birt.report.model.metadata.DimensionPropertyType validateXml
FINA: return dimension value with user defined unit 1pt
28-feb-2013 9:50:21 org.eclipse.birt.report.model.metadata.DimensionPropertyType validateXml
FINA: return dimension value with user defined unit 1pt
28-feb-2013 9:50:21 org.eclipse.birt.report.model.metadata.DimensionPropertyType validateXml
FINA: return dimension value with user defined unit 1pt
28-feb-2013 9:50:21 org.eclipse.birt.report.model.metadata.ChoicePropertyType validateXml
FINA: return internal name for choice auto layout
28-feb-2013 9:50:21 org.eclipse.birt.report.model.metadata.ChoicePropertyType validateXml
FINA: return internal name for choice ltr
28-feb-2013 9:50:21 org.eclipse.birt.report.model.metadata.ChoicePropertyType validateXml
FINA: return internal name for choice sum
28-feb-2013 9:50:21 org.eclipse.birt.report.model.metadata.ChoicePropertyType validateXml
FINA: return internal name for choice decimal
28-feb-2013 9:50:21 org.eclipse.birt.report.model.metadata.ChoicePropertyType validateXml
FINA: return internal name for choice asc
28-feb-2013 9:50:21 org.eclipse.birt.report.model.metadata.ChoicePropertyType validateXml
FINA: return internal name for choice auto
28-feb-2013 9:50:21 org.eclipse.birt.report.model.metadata.ChoicePropertyType validateXml
FINA: return internal name for choice auto
28-feb-2013 9:50:21 org.eclipse.birt.report.model.metadata.ChoicePropertyType validateXml
FINA: return internal name for choice auto
28-feb-2013 9:50:21 org.eclipse.birt.report.model.metadata.ChoicePropertyType validateXml
FINA: return internal name for choice none
28-feb-2013 9:50:21 org.eclipse.birt.report.model.metadata.ChoicePropertyType validateXml
FINA: return internal name for choice asc
28-feb-2013 9:50:21 org.eclipse.birt.report.model.metadata.ChoicePropertyType validateXml
FINA: return internal name for choice none
28-feb-2013 9:50:21 org.eclipse.birt.report.model.metadata.ChoicePropertyType validateXml
FINA: return internal name for choice NoChange
28-feb-2013 9:50:21 org.eclipse.birt.report.model.metadata.DimensionPropertyType validateXml
FINA: return dimension value with user defined unit 1in
28-feb-2013 9:50:21 org.eclipse.birt.report.model.metadata.DimensionPropertyType validateXml
FINA: return dimension value with user defined unit 1.25in
28-feb-2013 9:50:21 org.eclipse.birt.report.model.metadata.DimensionPropertyType validateXml
FINA: return dimension value with user defined unit 1in
28-feb-2013 9:50:21 org.eclipse.birt.report.model.metadata.DimensionPropertyType validateXml
FINA: return dimension value with user defined unit 1.25in
28-feb-2013 9:50:21 org.eclipse.birt.report.model.metadata.DimensionPropertyType validateXml
FINA: return dimension value with user defined unit 0.5in
28-feb-2013 9:50:21 org.eclipse.birt.report.model.metadata.DimensionPropertyType validateXml
FINA: return dimension value with user defined unit 0.5in
28-feb-2013 9:50:21 org.eclipse.birt.report.model.metadata.ChoicePropertyType validateXml
FINA: return internal name for choice NoChange
28-feb-2013 9:50:21 org.eclipse.birt.report.model.metadata.ChoicePropertyType validateXml
FINA: return internal name for choice none
28-feb-2013 9:50:21 org.eclipse.birt.report.model.metadata.ChoicePropertyType validateXml
FINA: return internal name for choice string
28-feb-2013 9:50:21 org.eclipse.birt.report.model.metadata.ChoicePropertyType validateXml
FINA: return internal name for choice static
28-feb-2013 9:50:21 org.eclipse.birt.report.model.metadata.ChoicePropertyType validateXml
FINA: return internal name for choice simple
28-feb-2013 9:50:21 org.eclipse.birt.report.model.metadata.ChoicePropertyType validateXml
FINA: return internal name for choice auto
28-feb-2013 9:50:21 org.eclipse.birt.report.model.metadata.ChoicePropertyType validateXml
FINA: return internal name for choice NoChange
28-feb-2013 9:50:21 org.eclipse.birt.report.model.metadata.ChoicePropertyType validateXml
FINA: return internal name for choice none
28-feb-2013 9:50:21 org.eclipse.birt.report.model.metadata.ChoicePropertyType validateXml
FINA: return internal name for choice NoChange
28-feb-2013 9:50:21 org.eclipse.birt.report.model.metadata.ChoicePropertyType validateXml
FINA: return internal name for choice none
28-feb-2013 9:50:21 org.eclipse.birt.report.model.metadata.ChoicePropertyType validateXml
FINA: return internal name for choice asc
28-feb-2013 9:50:21 org.eclipse.birt.report.model.metadata.ChoicePropertyType validateXml
FINA: return internal name for choice none
28-feb-2013 9:50:21 org.eclipse.birt.report.model.metadata.ChoicePropertyType validateXml
FINA: return internal name for choice eq
28-feb-2013 9:50:21 org.eclipse.birt.report.model.metadata.ChoicePropertyType validateXml
FINA: return internal name for choice DataSet
28-feb-2013 9:50:21 org.eclipse.birt.report.model.metadata.ChoicePropertyType validateXml
FINA: return internal name for choice size-to-image
28-feb-2013 9:50:21 org.eclipse.birt.report.model.metadata.ChoicePropertyType validateXml
FINA: return internal name for choice none
28-feb-2013 9:50:21 org.eclipse.birt.report.model.metadata.ChoicePropertyType validateXml
FINA: return internal name for choice single
28-feb-2013 9:50:21 org.eclipse.birt.report.model.metadata.DimensionPropertyType validateXml
FINA: return dimension value with user defined unit 0.5pt
28-feb-2013 9:50:21 org.eclipse.birt.report.model.metadata.ChoicePropertyType validateXml
FINA: return internal name for choice auto
28-feb-2013 9:50:21 org.eclipse.birt.report.model.metadata.ChoicePropertyType validateXml
FINA: return internal name for choice horizontal
28-feb-2013 9:50:21 org.eclipse.birt.report.model.metadata.ChoicePropertyType validateXml
FINA: return internal name for choice string
28-feb-2013 9:50:21 org.eclipse.birt.report.model.metadata.ChoicePropertyType validateXml
FINA: return internal name for choice inner
28-feb-2013 9:50:21 org.eclipse.birt.report.model.metadata.ChoicePropertyType validateXml
FINA: return internal name for choice eq
28-feb-2013 9:50:21 org.eclipse.birt.report.model.metadata.ChoicePropertyType validateXml
FINA: return internal name for choice eq
28-feb-2013 9:50:21 org.eclipse.birt.report.model.metadata.ChoicePropertyType validateXml
FINA: return internal name for choice DataSet
28-feb-2013 9:50:21 org.eclipse.birt.report.model.metadata.ChoicePropertyType validateXml
FINA: return internal name for choice string
28-feb-2013 9:50:21 org.eclipse.birt.report.model.metadata.ChoicePropertyType validateXml
FINA: return internal name for choice string
28-feb-2013 9:50:21 org.eclipse.birt.report.model.metadata.ChoicePropertyType validateXml
FINA: return internal name for choice string
28-feb-2013 9:50:21 org.eclipse.birt.report.model.metadata.ChoicePropertyType validateXml
FINA: return internal name for choice hyperlink
28-feb-2013 9:50:21 org.eclipse.birt.report.model.metadata.ChoicePropertyType validateXml
FINA: return internal name for choice eq
28-feb-2013 9:50:21 org.eclipse.birt.report.model.metadata.ChoicePropertyType validateXml
FINA: return internal name for choice any
28-feb-2013 9:50:21 org.eclipse.birt.report.model.metadata.ChoicePropertyType validateXml
FINA: return internal name for choice if-realized
28-feb-2013 9:50:21 org.eclipse.birt.report.model.metadata.ChoicePropertyType validateXml
FINA: return internal name for choice auto
28-feb-2013 9:50:21 org.eclipse.birt.report.model.metadata.ChoicePropertyType validateXml
FINA: return internal name for choice string
28-feb-2013 9:50:21 org.eclipse.birt.report.model.metadata.ChoicePropertyType validateXml
FINA: return internal name for choice hide
28-feb-2013 9:50:21 org.eclipse.birt.report.model.metadata.ChoicePropertyType validateXml
FINA: return internal name for choice asc
28-feb-2013 9:50:21 org.eclipse.birt.report.model.metadata.ChoicePropertyType validateXml
FINA: return internal name for choice string
28-feb-2013 9:50:21 org.eclipse.birt.report.model.metadata.ChoicePropertyType validateXml
FINA: return internal name for choice eq
28-feb-2013 9:50:22 org.eclipse.birt.report.model.metadata.ChoicePropertyType validateXml
FINA: return internal name for choice horizontal
28-feb-2013 9:50:22 org.eclipse.birt.report.model.metadata.ChoicePropertyType validateXml
FINA: return internal name for choice over then down
28-feb-2013 9:50:22 org.eclipse.birt.report.model.metadata.ChoicePropertyType validateInputString
FINA: Return internal name of the choice solid
28-feb-2013 9:50:23 org.eclipse.birt.report.model.metadata.DimensionPropertyType validateInputString
FINA: return dimension with user-defined unit 1pt
28-feb-2013 9:50:23 org.eclipse.birt.report.model.metadata.ColorPropertyType validateValue
FINA: the validated color value 13421772
28-feb-2013 9:50:23 org.eclipse.birt.report.model.metadata.ChoicePropertyType validateInputString
FINA: Return internal name of the choice solid
28-feb-2013 9:50:23 org.eclipse.birt.report.model.metadata.DimensionPropertyType validateInputString
FINA: return dimension with user-defined unit 1pt
28-feb-2013 9:50:23 org.eclipse.birt.report.model.metadata.ColorPropertyType validateValue
FINA: the validated color value 13421772
28-feb-2013 9:50:23 org.eclipse.birt.report.model.metadata.ChoicePropertyType validateInputString
FINA: Return internal name of the choice solid
28-feb-2013 9:50:23 org.eclipse.birt.report.model.metadata.DimensionPropertyType validateInputString
FINA: return dimension with user-defined unit 1pt
28-feb-2013 9:50:23 org.eclipse.birt.report.model.metadata.ColorPropertyType validateValue
FINA: the validated color value 13421772
28-feb-2013 9:50:23 org.eclipse.birt.report.model.metadata.ChoicePropertyType validateInputString
FINA: Return internal name of the choice solid
28-feb-2013 9:50:23 org.eclipse.birt.report.model.metadata.DimensionPropertyType validateInputString
FINA: return dimension with user-defined unit 1pt
28-feb-2013 9:50:23 org.eclipse.birt.report.model.metadata.ColorPropertyType validateValue
FINA: the validated color value 13421772
28-feb-2013 9:50:23 org.eclipse.birt.report.model.metadata.ChoicePropertyType validateInputString
FINA: Return internal name of the choice solid
28-feb-2013 9:50:23 org.eclipse.birt.report.model.metadata.DimensionPropertyType validateInputString
FINA: return dimension with user-defined unit 1pt
28-feb-2013 9:50:23 org.eclipse.birt.report.model.metadata.ColorPropertyType validateValue
FINA: the validated color value 13421772
28-feb-2013 9:50:23 org.eclipse.birt.report.model.metadata.ChoicePropertyType validateInputString
FINA: Return internal name of the choice solid
28-feb-2013 9:50:23 org.eclipse.birt.report.model.metadata.DimensionPropertyType validateInputString
FINA: return dimension with user-defined unit 1pt
28-feb-2013 9:50:23 org.eclipse.birt.report.model.metadata.ColorPropertyType validateValue
FINA: the validated color value 13421772
28-feb-2013 9:50:23 org.eclipse.birt.report.model.metadata.ChoicePropertyType validateInputString
FINA: Return internal name of the choice solid
28-feb-2013 9:50:23 org.eclipse.birt.report.model.metadata.DimensionPropertyType validateInputString
FINA: return dimension with user-defined unit 1pt
28-feb-2013 9:50:23 org.eclipse.birt.report.model.metadata.ColorPropertyType validateValue
FINA: the validated color value 13421772
28-feb-2013 9:50:23 org.eclipse.birt.report.model.metadata.ChoicePropertyType validateInputString
FINA: Return internal name of the choice solid
28-feb-2013 9:50:23 org.eclipse.birt.report.model.metadata.DimensionPropertyType validateInputString
FINA: return dimension with user-defined unit 1pt
28-feb-2013 9:50:23 org.eclipse.birt.report.model.metadata.ColorPropertyType validateValue
FINA: the validated color value 13421772
28-feb-2013 9:50:23 org.eclipse.birt.report.model.metadata.ChoicePropertyType validateXml
FINA: return internal name for choice none
28-feb-2013 9:50:23 org.eclipse.birt.report.model.metadata.ChoicePropertyType validateXml
FINA: return internal name for choice asc
28-feb-2013 9:50:23 org.eclipse.birt.report.model.metadata.ChoicePropertyType validateXml
FINA: return internal name for choice auto
28-feb-2013 9:50:23 org.eclipse.birt.report.model.metadata.ChoicePropertyType validateXml
FINA: return internal name for choice auto
28-feb-2013 9:50:23 org.eclipse.birt.report.model.metadata.ChoicePropertyType validateXml
FINA: return internal name for choice after
28-feb-2013 9:50:23 org.eclipse.birt.report.model.metadata.ChoicePropertyType validateXml
FINA: return internal name for choice none
28-feb-2013 9:50:23 org.eclipse.birt.report.model.metadata.ChoicePropertyType validateXml
FINA: return internal name for choice asc
28-feb-2013 9:50:23 org.eclipse.birt.report.model.metadata.ChoicePropertyType validateXml
FINA: return internal name for choice auto
28-feb-2013 9:50:23 org.eclipse.birt.report.model.metadata.ChoicePropertyType validateXml
FINA: return internal name for choice auto
28-feb-2013 9:50:23 org.eclipse.birt.report.model.metadata.ChoicePropertyType validateXml
FINA: return internal name for choice after
28-feb-2013 9:50:23 org.eclipse.birt.report.model.metadata.ChoicePropertyType validateXml
FINA: return internal name for choice horizontal
28-feb-2013 9:50:23 org.eclipse.birt.report.model.metadata.ChoicePropertyType validateXml
FINA: return internal name for choice over then down
28-feb-2013 9:50:24 org.eclipse.birt.report.model.metadata.ChoicePropertyType validateXml
FINA: return internal name for choice in
28-feb-2013 9:50:24 org.eclipse.birt.report.model.metadata.ChoicePropertyType validateXml
FINA: return internal name for choice ltr
28-feb-2013 9:50:24 org.eclipse.birt.report.model.metadata.ChoicePropertyType validateXml
FINA: return internal name for choice static
28-feb-2013 9:50:24 org.eclipse.birt.report.model.metadata.ChoicePropertyType validateXml
FINA: return internal name for choice integer
28-feb-2013 9:50:24 org.eclipse.birt.report.model.metadata.ChoicePropertyType validateXml
FINA: return internal name for choice simple
28-feb-2013 9:50:24 org.eclipse.birt.report.model.metadata.ChoicePropertyType validateXml
FINA: return internal name for choice text-box
28-feb-2013 9:50:25 org.eclipse.birt.report.model.metadata.ChoicePropertyType validateXml
FINA: return internal name for choice decimal
28-feb-2013 9:50:25 org.eclipse.birt.report.model.metadata.ChoicePropertyType validateXml
FINA: return internal name for choice string
28-feb-2013 9:50:25 org.eclipse.birt.report.model.metadata.ChoicePropertyType validateXml
FINA: return internal name for choice date-time
28-feb-2013 9:50:25 org.eclipse.birt.report.model.metadata.ChoicePropertyType validateXml
FINA: return internal name for choice string
28-feb-2013 9:50:25 org.eclipse.birt.report.model.metadata.ChoicePropertyType validateXml
FINA: return internal name for choice date-time
28-feb-2013 9:50:25 org.eclipse.birt.report.model.metadata.ChoicePropertyType validateXml
FINA: return internal name for choice date-time
28-feb-2013 9:50:25 org.eclipse.birt.report.model.metadata.ChoicePropertyType validateXml
FINA: return internal name for choice decimal
28-feb-2013 9:50:25 org.eclipse.birt.report.model.metadata.ChoicePropertyType validateXml
FINA: return internal name for choice string
28-feb-2013 9:50:25 org.eclipse.birt.report.model.metadata.ChoicePropertyType validateXml
FINA: return internal name for choice string
28-feb-2013 9:50:25 org.eclipse.birt.report.model.metadata.ChoicePropertyType validateXml
FINA: return internal name for choice string
28-feb-2013 9:50:25 org.eclipse.birt.report.model.metadata.ChoicePropertyType validateXml
FINA: return internal name for choice decimal
28-feb-2013 9:50:25 org.eclipse.birt.report.model.metadata.ChoicePropertyType validateXml
FINA: return internal name for choice decimal
28-feb-2013 9:50:25 org.eclipse.birt.report.model.metadata.ChoicePropertyType validateXml
FINA: return internal name for choice decimal
28-feb-2013 9:50:25 org.eclipse.birt.report.model.metadata.ChoicePropertyType validateXml
FINA: return internal name for choice decimal
28-feb-2013 9:50:25 org.eclipse.birt.report.model.metadata.ElementRefPropertyType validateValue
FINA: Validate the value of the element reference property as a string: FACT
28-feb-2013 9:50:25 org.eclipse.birt.report.model.metadata.ChoicePropertyType validateXml
FINA: return internal name for choice integer
28-feb-2013 9:50:25 org.eclipse.birt.report.model.metadata.ChoicePropertyType validateXml
FINA: return internal name for choice decimal
28-feb-2013 9:50:25 org.eclipse.birt.report.model.metadata.ChoicePropertyType validateXml
FINA: return internal name for choice string
28-feb-2013 9:50:25 org.eclipse.birt.report.model.metadata.ChoicePropertyType validateXml
FINA: return internal name for choice date-time
28-feb-2013 9:50:25 org.eclipse.birt.report.model.metadata.ChoicePropertyType validateXml
FINA: return internal name for choice string
28-feb-2013 9:50:25 org.eclipse.birt.report.model.metadata.ChoicePropertyType validateXml
FINA: return internal name for choice date-time
28-feb-2013 9:50:25 org.eclipse.birt.report.model.metadata.ChoicePropertyType validateXml
FINA: return internal name for choice date-time
28-feb-2013 9:50:25 org.eclipse.birt.report.model.metadata.ChoicePropertyType validateXml
FINA: return internal name for choice decimal
28-feb-2013 9:50:25 org.eclipse.birt.report.model.metadata.ChoicePropertyType validateXml
FINA: return internal name for choice string
28-feb-2013 9:50:25 org.eclipse.birt.report.model.metadata.ChoicePropertyType validateXml
FINA: return internal name for choice string
28-feb-2013 9:50:25 org.eclipse.birt.report.model.metadata.ChoicePropertyType validateXml
FINA: return internal name for choice string
28-feb-2013 9:50:25 org.eclipse.birt.report.model.metadata.ChoicePropertyType validateXml
FINA: return internal name for choice decimal
28-feb-2013 9:50:25 org.eclipse.birt.report.model.metadata.ChoicePropertyType validateXml
FINA: return internal name for choice decimal
28-feb-2013 9:50:25 org.eclipse.birt.report.model.metadata.ChoicePropertyType validateXml
FINA: return internal name for choice decimal
28-feb-2013 9:50:25 org.eclipse.birt.report.model.metadata.ChoicePropertyType validateXml
FINA: return internal name for choice decimal
28-feb-2013 9:50:25 org.eclipse.birt.report.model.metadata.ChoicePropertyType validateXml
FINA: return internal name for choice string
28-feb-2013 9:50:25 org.eclipse.birt.report.model.metadata.ChoicePropertyType validateXml
FINA: return internal name for choice date-time
28-feb-2013 9:50:25 org.eclipse.birt.report.model.metadata.ChoicePropertyType validateXml
FINA: return internal name for choice date-time
28-feb-2013 9:50:25 org.eclipse.birt.report.model.metadata.ChoicePropertyType validateXml
FINA: return internal name for choice decimal
28-feb-2013 9:50:25 org.eclipse.birt.report.model.metadata.ChoicePropertyType validateXml
FINA: return internal name for choice date-time
28-feb-2013 9:50:25 org.eclipse.birt.report.model.metadata.ChoicePropertyType validateXml
FINA: return internal name for choice string
28-feb-2013 9:50:25 org.eclipse.birt.report.model.metadata.ChoicePropertyType validateXml
FINA: return internal name for choice date-time
28-feb-2013 9:50:25 org.eclipse.birt.report.model.metadata.ElementRefPropertyType validateValue
FINA: Validate the value of the element reference property as a string: FACT
28-feb-2013 9:50:25 org.eclipse.birt.report.model.metadata.ChoicePropertyType validateXml
FINA: return internal name for choice integer
28-feb-2013 9:50:25 org.eclipse.birt.report.model.metadata.ChoicePropertyType validateXml
FINA: return internal name for choice string
28-feb-2013 9:50:25 org.eclipse.birt.report.model.metadata.ChoicePropertyType validateXml
FINA: return internal name for choice date-time
28-feb-2013 9:50:25 org.eclipse.birt.report.model.metadata.ChoicePropertyType validateXml
FINA: return internal name for choice date-time
28-feb-2013 9:50:25 org.eclipse.birt.report.model.metadata.ChoicePropertyType validateXml
FINA: return internal name for choice decimal
28-feb-2013 9:50:25 org.eclipse.birt.report.model.metadata.ChoicePropertyType validateXml
FINA: return internal name for choice date-time
28-feb-2013 9:50:25 org.eclipse.birt.report.model.metadata.ChoicePropertyType validateXml
FINA: return internal name for choice string
28-feb-2013 9:50:25 org.eclipse.birt.report.model.metadata.ChoicePropertyType validateXml
FINA: return internal name for choice date-time
28-feb-2013 9:50:25 org.eclipse.birt.report.model.metadata.DimensionPropertyType validateXml
FINA: return dimension value with user defined unit 10pt
28-feb-2013 9:50:25 org.eclipse.birt.report.model.metadata.ColorPropertyType validateXml
FINA: The validated color property value 13421772
28-feb-2013 9:50:25 org.eclipse.birt.report.model.metadata.ChoicePropertyType validateXml
FINA: return internal name for choice solid
28-feb-2013 9:50:25 org.eclipse.birt.report.model.metadata.DimensionPropertyType validateXml
FINA: return dimension value with user defined unit 1pt
28-feb-2013 9:50:25 org.eclipse.birt.report.model.metadata.ColorPropertyType validateXml
FINA: The validated color property value 13421772
28-feb-2013 9:50:25 org.eclipse.birt.report.model.metadata.ChoicePropertyType validateXml
FINA: return internal name for choice solid
28-feb-2013 9:50:25 org.eclipse.birt.report.model.metadata.DimensionPropertyType validateXml
FINA: return dimension value with user defined unit 1pt
28-feb-2013 9:50:25 org.eclipse.birt.report.model.metadata.ColorPropertyType validateXml
FINA: The validated color property value 13421772
28-feb-2013 9:50:25 org.eclipse.birt.report.model.metadata.ChoicePropertyType validateXml
FINA: return internal name for choice solid
28-feb-2013 9:50:25 org.eclipse.birt.report.model.metadata.DimensionPropertyType validateXml
FINA: return dimension value with user defined unit 1pt
28-feb-2013 9:50:25 org.eclipse.birt.report.model.metadata.ColorPropertyType validateXml
FINA: The validated color property value 13421772
28-feb-2013 9:50:25 org.eclipse.birt.report.model.metadata.ChoicePropertyType validateXml
FINA: return internal name for choice solid
28-feb-2013 9:50:25 org.eclipse.birt.report.model.metadata.DimensionPropertyType validateXml
FINA: return dimension value with user defined unit 1pt
28-feb-2013 9:50:25 org.eclipse.birt.report.model.metadata.ColorPropertyType validateXml
FINA: The validated color property value 13421772
28-feb-2013 9:50:25 org.eclipse.birt.report.model.metadata.ChoicePropertyType validateXml
FINA: return internal name for choice solid
28-feb-2013 9:50:25 org.eclipse.birt.report.model.metadata.DimensionPropertyType validateXml
FINA: return dimension value with user defined unit 1pt
28-feb-2013 9:50:25 org.eclipse.birt.report.model.metadata.ColorPropertyType validateXml
FINA: The validated color property value 13421772
28-feb-2013 9:50:25 org.eclipse.birt.report.model.metadata.ChoicePropertyType validateXml
FINA: return internal name for choice solid
28-feb-2013 9:50:25 org.eclipse.birt.report.model.metadata.DimensionPropertyType validateXml
FINA: return dimension value with user defined unit 1pt
28-feb-2013 9:50:25 org.eclipse.birt.report.model.metadata.ColorPropertyType validateXml
FINA: The validated color property value 13421772
28-feb-2013 9:50:25 org.eclipse.birt.report.model.metadata.ChoicePropertyType validateXml
FINA: return internal name for choice solid
28-feb-2013 9:50:25 org.eclipse.birt.report.model.metadata.DimensionPropertyType validateXml
FINA: return dimension value with user defined unit 1pt
28-feb-2013 9:50:25 org.eclipse.birt.report.model.metadata.ColorPropertyType validateXml
FINA: The validated color property value 13421772
28-feb-2013 9:50:25 org.eclipse.birt.report.model.metadata.ChoicePropertyType validateXml
FINA: return internal name for choice solid
28-feb-2013 9:50:25 org.eclipse.birt.report.model.metadata.DimensionPropertyType validateXml
FINA: return dimension value with user defined unit 1pt
28-feb-2013 9:50:25 org.eclipse.birt.report.model.metadata.DimensionPropertyType validateXml
FINA: return dimension value with user defined unit 0.25in
28-feb-2013 9:50:25 org.eclipse.birt.report.model.metadata.DimensionPropertyType validateXml
FINA: return dimension value with user defined unit 0.25in
28-feb-2013 9:50:25 org.eclipse.birt.report.model.metadata.DimensionPropertyType validateXml
FINA: return dimension value with user defined unit 0.25in
28-feb-2013 9:50:25 org.eclipse.birt.report.model.metadata.DimensionPropertyType validateXml
FINA: return dimension value with user defined unit 0.25in
28-feb-2013 9:50:25 org.eclipse.birt.report.model.metadata.ChoicePropertyType validateXml
FINA: return internal name for choice html
28-feb-2013 9:50:25 org.eclipse.birt.report.model.metadata.DimensionPropertyType validateXml
FINA: return dimension value with user defined unit 100%
28-feb-2013 9:50:25 org.eclipse.birt.report.model.metadata.DimensionPropertyType validateXml
FINA: return dimension value with user defined unit 0.8020833333333334in
28-feb-2013 9:50:25 org.eclipse.birt.report.model.metadata.DimensionPropertyType validateXml
FINA: return dimension value with user defined unit 5.052083333333333in
28-feb-2013 9:50:25 org.eclipse.birt.report.model.metadata.DimensionPropertyType validateXml
FINA: return dimension value with user defined unit 0.7708333333333334in
28-feb-2013 9:50:25 org.eclipse.birt.report.model.metadata.DimensionPropertyType validateXml
FINA: return dimension value with user defined unit 1.0625in
28-feb-2013 9:50:25 org.eclipse.birt.report.model.metadata.ChoicePropertyType validateXml
FINA: return internal name for choice bold
28-feb-2013 9:50:25 org.eclipse.birt.report.model.metadata.ChoicePropertyType validateXml
FINA: return internal name for choice right
28-feb-2013 9:50:25 org.eclipse.birt.report.model.metadata.ChoicePropertyType validateXml
FINA: return internal name for choice auto
28-feb-2013 9:50:25 org.eclipse.birt.report.model.metadata.ElementRefPropertyType validateValue
FINA: Validate the value of the element reference property as a string: factura
28-feb-2013 9:50:25 org.eclipse.birt.report.model.metadata.ChoicePropertyType validateXml
FINA: return internal name for choice string
28-feb-2013 9:50:25 org.eclipse.birt.report.model.metadata.ChoicePropertyType validateXml
FINA: return internal name for choice bold
28-feb-2013 9:50:25 org.eclipse.birt.report.model.metadata.ChoicePropertyType validateXml
FINA: return internal name for choice right
28-feb-2013 9:50:25 org.eclipse.birt.report.model.metadata.ChoicePropertyType validateXml
FINA: return internal name for choice auto
28-feb-2013 9:50:25 org.eclipse.birt.report.model.metadata.ElementRefPropertyType validateValue
FINA: Validate the value of the element reference property as a string: factura
28-feb-2013 9:50:25 org.eclipse.birt.report.model.metadata.ChoicePropertyType validateXml
FINA: return internal name for choice string
28-feb-2013 9:50:25 org.eclipse.birt.report.model.metadata.DimensionPropertyType validateXml
FINA: return dimension value with user defined unit 0.25in
28-feb-2013 9:50:25 org.eclipse.birt.report.model.metadata.ChoicePropertyType validateXml
FINA: return internal name for choice bold
28-feb-2013 9:50:25 org.eclipse.birt.report.model.metadata.ChoicePropertyType validateXml
FINA: return internal name for choice right
28-feb-2013 9:50:25 org.eclipse.birt.report.model.metadata.ChoicePropertyType validateXml
FINA: return internal name for choice auto
28-feb-2013 9:50:25 org.eclipse.birt.report.model.metadata.ElementRefPropertyType validateValue
FINA: Validate the value of the element reference property as a string: factura
28-feb-2013 9:50:25 org.eclipse.birt.report.model.metadata.ChoicePropertyType validateXml
FINA: return internal name for choice date-time
28-feb-2013 9:50:25 org.eclipse.birt.report.model.metadata.DimensionPropertyType validateXml
FINA: return dimension value with user defined unit 0.25in
28-feb-2013 9:50:25 org.eclipse.birt.report.model.metadata.ChoicePropertyType validateXml
FINA: return internal name for choice bold
28-feb-2013 9:50:25 org.eclipse.birt.report.model.metadata.ChoicePropertyType validateXml
FINA: return internal name for choice right
28-feb-2013 9:50:25 org.eclipse.birt.report.model.metadata.ChoicePropertyType validateXml
FINA: return internal name for choice auto
28-feb-2013 9:50:25 org.eclipse.birt.report.model.metadata.ElementRefPropertyType validateValue
FINA: Validate the value of the element reference property as a string: factura
28-feb-2013 9:50:25 org.eclipse.birt.report.model.metadata.ChoicePropertyType validateXml
FINA: return internal name for choice date-time
28-feb-2013 9:50:25 org.eclipse.birt.report.model.metadata.DimensionPropertyType validateXml
FINA: return dimension value with user defined unit 0.25in
28-feb-2013 9:50:25 org.eclipse.birt.report.model.metadata.ChoicePropertyType validateXml
FINA: return internal name for choice bold
28-feb-2013 9:50:25 org.eclipse.birt.report.model.metadata.ChoicePropertyType validateXml
FINA: return internal name for choice right
28-feb-2013 9:50:25 org.eclipse.birt.report.model.metadata.ChoicePropertyType validateXml
FINA: return internal name for choice auto
28-feb-2013 9:50:25 org.eclipse.birt.report.model.metadata.ElementRefPropertyType validateValue
FINA: Validate the value of the element reference property as a string: factura
28-feb-2013 9:50:25 org.eclipse.birt.report.model.metadata.ChoicePropertyType validateXml
FINA: return internal name for choice date-time
28-feb-2013 9:50:25 org.eclipse.birt.report.model.metadata.ChoicePropertyType validateXml
FINA: return internal name for choice center
28-feb-2013 9:50:25 org.eclipse.birt.report.model.metadata.DimensionPropertyType validateXml
FINA: return dimension value with user defined unit 71px
28-feb-2013 9:50:25 org.eclipse.birt.report.model.metadata.DimensionPropertyType validateXml
FINA: return dimension value with user defined unit 136px
28-feb-2013 9:50:25 org.eclipse.birt.report.model.metadata.ChoicePropertyType validateXml
FINA: return internal name for choice file
28-feb-2013 9:50:25 org.eclipse.birt.report.model.metadata.DimensionPropertyType validateXml
FINA: return dimension value with user defined unit 100%
28-feb-2013 9:50:25 org.eclipse.birt.report.model.metadata.ElementRefPropertyType validateValue
FINA: Validate the value of the element reference property as a string: lineas
28-feb-2013 9:50:25 org.eclipse.birt.report.model.metadata.ChoicePropertyType validateXml
FINA: return internal name for choice string
28-feb-2013 9:50:25 org.eclipse.birt.report.model.metadata.ChoicePropertyType validateXml
FINA: return internal name for choice string
28-feb-2013 9:50:25 org.eclipse.birt.report.model.metadata.ChoicePropertyType validateXml
FINA: return internal name for choice decimal
28-feb-2013 9:50:25 org.eclipse.birt.report.model.metadata.ChoicePropertyType validateXml
FINA: return internal name for choice decimal
28-feb-2013 9:50:25 org.eclipse.birt.report.model.metadata.ChoicePropertyType validateXml
FINA: return internal name for choice decimal
28-feb-2013 9:50:25 org.eclipse.birt.report.model.metadata.ChoicePropertyType validateXml
FINA: return internal name for choice float
28-feb-2013 9:50:25 org.eclipse.birt.report.model.metadata.ChoicePropertyType validateXml
FINA: return internal name for choice string
28-feb-2013 9:50:25 org.eclipse.birt.report.model.metadata.ChoicePropertyType validateXml
FINA: return internal name for choice string
28-feb-2013 9:50:25 org.eclipse.birt.report.model.metadata.ChoicePropertyType validateXml
FINA: return internal name for choice float
28-feb-2013 9:50:25 org.eclipse.birt.report.model.metadata.ChoicePropertyType validateXml
FINA: return internal name for choice right
28-feb-2013 9:50:25 org.eclipse.birt.report.model.metadata.ChoicePropertyType validateXml
FINA: return internal name for choice right
28-feb-2013 9:50:25 org.eclipse.birt.report.model.metadata.ChoicePropertyType validateXml
FINA: return internal name for choice right
28-feb-2013 9:50:25 org.eclipse.birt.report.model.metadata.ChoicePropertyType validateXml
FINA: return internal name for choice none
28-feb-2013 9:50:25 org.eclipse.birt.report.model.metadata.ChoicePropertyType validateXml
FINA: return internal name for choice asc
28-feb-2013 9:50:26 org.eclipse.birt.report.model.metadata.ChoicePropertyType validateXml
FINA: return internal name for choice auto
28-feb-2013 9:50:26 org.eclipse.birt.report.model.metadata.ChoicePropertyType validateXml
FINA: return internal name for choice auto
28-feb-2013 9:50:26 org.eclipse.birt.report.model.metadata.ChoicePropertyType validateXml
FINA: return internal name for choice auto
28-feb-2013 9:50:26 org.eclipse.birt.report.model.metadata.ColorPropertyType validateXml
FINA: The validated color property value 0
28-feb-2013 9:50:26 org.eclipse.birt.report.model.metadata.ChoicePropertyType validateXml
FINA: return internal name for choice solid
28-feb-2013 9:50:26 org.eclipse.birt.report.model.metadata.ChoicePropertyType validateXml
FINA: return internal name for choice bold
28-feb-2013 9:50:26 org.eclipse.birt.report.model.metadata.ChoicePropertyType validateXml
FINA: return internal name for choice normal
28-feb-2013 9:50:26 org.eclipse.birt.report.model.metadata.ChoicePropertyType validateXml
FINA: return internal name for choice none
28-feb-2013 9:50:26 org.eclipse.birt.report.model.metadata.ChoicePropertyType validateXml
FINA: return internal name for choice italic
28-feb-2013 9:50:26 org.eclipse.birt.report.model.metadata.ChoicePropertyType validateXml
FINA: return internal name for choice italic
28-feb-2013 9:50:26 org.eclipse.birt.report.model.metadata.ChoicePropertyType validateXml
FINA: return internal name for choice italic
28-feb-2013 9:50:26 org.eclipse.birt.report.model.metadata.ColorPropertyType validateXml
FINA: The validated color property value 0
28-feb-2013 9:50:26 org.eclipse.birt.report.model.metadata.ChoicePropertyType validateXml
FINA: return internal name for choice solid
28-feb-2013 9:50:26 org.eclipse.birt.report.model.metadata.ChoicePropertyType validateXml
FINA: return internal name for choice italic
28-feb-2013 9:50:26 org.eclipse.birt.report.model.metadata.ChoicePropertyType validateXml
FINA: return internal name for choice auto
28-feb-2013 9:50:26 org.eclipse.birt.report.model.metadata.ColorPropertyType validateXml
FINA: The validated color property value 0
28-feb-2013 9:50:26 org.eclipse.birt.report.model.metadata.ChoicePropertyType validateXml
FINA: return internal name for choice solid
28-feb-2013 9:50:26 org.eclipse.birt.report.model.metadata.ColorPropertyType validateXml
FINA: The validated color property value 0
28-feb-2013 9:50:26 org.eclipse.birt.report.model.metadata.ChoicePropertyType validateXml
FINA: return internal name for choice solid
28-feb-2013 9:50:26 org.eclipse.birt.report.model.metadata.ChoicePropertyType validateXml
FINA: return internal name for choice auto
28-feb-2013 9:50:26 org.eclipse.birt.report.model.metadata.ColorPropertyType validateXml
FINA: The validated color property value 0
28-feb-2013 9:50:26 org.eclipse.birt.report.model.metadata.ChoicePropertyType validateXml
FINA: return internal name for choice solid
28-feb-2013 9:50:26 org.eclipse.birt.report.model.metadata.ColorPropertyType validateXml
FINA: The validated color property value 0
28-feb-2013 9:50:26 org.eclipse.birt.report.model.metadata.ChoicePropertyType validateXml
FINA: return internal name for choice solid
28-feb-2013 9:50:26 org.eclipse.birt.report.model.metadata.ColorPropertyType validateXml
FINA: The validated color property value 0
28-feb-2013 9:50:26 org.eclipse.birt.report.model.metadata.ChoicePropertyType validateXml
FINA: return internal name for choice solid
28-feb-2013 9:50:26 org.eclipse.birt.report.model.metadata.ColorPropertyType validateXml
FINA: The validated color property value 0
28-feb-2013 9:50:26 org.eclipse.birt.report.model.metadata.ChoicePropertyType validateXml
FINA: return internal name for choice solid
28-feb-2013 9:50:26 org.eclipse.birt.report.model.metadata.ChoicePropertyType validateXml
FINA: return internal name for choice bold
28-feb-2013 9:50:26 org.eclipse.birt.report.model.metadata.ChoicePropertyType validateXml
FINA: return internal name for choice auto
28-feb-2013 9:50:26 org.eclipse.birt.report.model.metadata.ChoicePropertyType validateXml
FINA: return internal name for choice bold
28-feb-2013 9:50:26 org.eclipse.birt.report.engine.api.impl.ReportEngine createGetParameterDefinitionTask
FINA: ReportEngine.createGetParameterDefinitionTask: reportRunnable=org.eclipse.birt.report.engine.api.impl.ReportRunnable@3f8418 
28-feb-2013 9:50:26 org.eclipse.birt.report.engine.api.impl.EngineTask setAppContext
FINA: EngineTask.setAppContext: context=PARENT_CLASSLOADER=WebappClassLoader
  context: /birt-adaia3
  delegate: false
  repositories:
----------> Parent Classloader:
org.apache.catalina.loader.StandardClassLoader@1808199
;webapplication.projectclasspath=;
28-feb-2013 9:50:26 org.eclipse.birt.report.engine.api.impl.EngineTask setLocale
FINA: EngineTask.setLocale: locale=espaol (Espaa)
28-feb-2013 9:50:26 org.eclipse.birt.report.engine.api.impl.EngineTask setAppContext
FINA: EngineTask.setAppContext: context=PARENT_CLASSLOADER=WebappClassLoader
  context: /birt-adaia3
  delegate: false
  repositories:
----------> Parent Classloader:
org.apache.catalina.loader.StandardClassLoader@1808199
;CHART_RESOLUTION=null;org.eclipse.birt.data.engine.dataset.cache.option=false;org.eclipse.birt.data.engine.cube.inmemory.size=0;webapplication.projectclasspath=;BIRT_VIEWER_HTTPSERVET_REQUEST=org.apache.catalina.connector.RequestFacade@168e7c4;birt.viewer.resource.path=/opt/hpws/tomcat/webapps/birt-adaia3;
28-feb-2013 9:50:26 org.eclipse.birt.report.engine.api.impl.EngineTask setAppContext
FINA: EngineTask.setAppContext: context=PARENT_CLASSLOADER=WebappClassLoader
  context: /birt-adaia3
  delegate: false
  repositories:
----------> Parent Classloader:
org.apache.catalina.loader.StandardClassLoader@1808199
;webapplication.projectclasspath=;BIRT_VIEWER_HTTPSERVET_REQUEST=org.apache.catalina.connector.RequestFacade@168e7c4;
28-feb-2013 9:50:26 org.eclipse.birt.report.engine.api.impl.ReportEngine createGetParameterDefinitionTask
FINA: ReportEngine.createGetParameterDefinitionTask: reportRunnable=org.eclipse.birt.report.engine.api.impl.ReportRunnable@3f8418 
28-feb-2013 9:50:26 org.eclipse.birt.report.engine.api.impl.EngineTask setAppContext
FINA: EngineTask.setAppContext: context=PARENT_CLASSLOADER=WebappClassLoader
  context: /birt-adaia3
  delegate: false
  repositories:
----------> Parent Classloader:
org.apache.catalina.loader.StandardClassLoader@1808199
;webapplication.projectclasspath=;
28-feb-2013 9:50:26 org.eclipse.birt.report.engine.api.impl.EngineTask setLocale
FINA: EngineTask.setLocale: locale=espaol (Espaa)
28-feb-2013 9:50:26 org.eclipse.birt.report.engine.api.impl.EngineTask setAppContext
FINA: EngineTask.setAppContext: context=PARENT_CLASSLOADER=WebappClassLoader
  context: /birt-adaia3
  delegate: false
  repositories:
----------> Parent Classloader:
org.apache.catalina.loader.StandardClassLoader@1808199
;CHART_RESOLUTION=null;org.eclipse.birt.data.engine.dataset.cache.option=false;org.eclipse.birt.data.engine.cube.inmemory.size=0;webapplication.projectclasspath=;BIRT_VIEWER_HTTPSERVET_REQUEST=org.apache.catalina.connector.RequestFacade@168e7c4;birt.viewer.resource.path=/opt/hpws/tomcat/webapps/birt-adaia3;
28-feb-2013 9:50:26 org.eclipse.birt.report.engine.api.impl.EngineTask setAppContext
FINA: EngineTask.setAppContext: context=PARENT_CLASSLOADER=WebappClassLoader
  context: /birt-adaia3
  delegate: false
  repositories:
----------> Parent Classloader:
org.apache.catalina.loader.StandardClassLoader@1808199
;webapplication.projectclasspath=;BIRT_VIEWER_HTTPSERVET_REQUEST=org.apache.catalina.connector.RequestFacade@168e7c4;
28-feb-2013 9:50:27 org.eclipse.birt.report.engine.api.impl.ReportEngine createGetParameterDefinitionTask
FINA: ReportEngine.createGetParameterDefinitionTask: reportRunnable=org.eclipse.birt.report.engine.api.impl.ReportRunnable@3f8418 
28-feb-2013 9:50:27 org.eclipse.birt.report.engine.api.impl.EngineTask setAppContext
FINA: EngineTask.setAppContext: context=PARENT_CLASSLOADER=WebappClassLoader
  context: /birt-adaia3
  delegate: false
  repositories:
----------> Parent Classloader:
org.apache.catalina.loader.StandardClassLoader@1808199
;webapplication.projectclasspath=;
28-feb-2013 9:50:27 org.eclipse.birt.report.engine.api.impl.EngineTask setLocale
FINA: EngineTask.setLocale: locale=espaol (Espaa)
28-feb-2013 9:50:27 org.eclipse.birt.report.engine.api.impl.EngineTask setAppContext
FINA: EngineTask.setAppContext: context=PARENT_CLASSLOADER=WebappClassLoader
  context: /birt-adaia3
  delegate: false
  repositories:
----------> Parent Classloader:
org.apache.catalina.loader.StandardClassLoader@1808199
;CHART_RESOLUTION=null;org.eclipse.birt.data.engine.dataset.cache.option=false;org.eclipse.birt.data.engine.cube.inmemory.size=0;webapplication.projectclasspath=;BIRT_VIEWER_HTTPSERVET_REQUEST=org.apache.catalina.core.ApplicationHttpRequest@688e1c;birt.viewer.resource.path=/opt/hpws/tomcat/webapps/birt-adaia3;
28-feb-2013 9:50:27 org.eclipse.birt.report.engine.api.impl.EngineTask setAppContext
FINA: EngineTask.setAppContext: context=PARENT_CLASSLOADER=WebappClassLoader
  context: /birt-adaia3
  delegate: false
  repositories:
----------> Parent Classloader:
org.apache.catalina.loader.StandardClassLoader@1808199
;webapplication.projectclasspath=;BIRT_VIEWER_HTTPSERVET_REQUEST=org.apache.catalina.core.ApplicationHttpRequest@688e1c;
28-feb-2013 9:50:32 org.eclipse.birt.report.engine.api.impl.ReportEngine openReportDocument
FINA: ReportEngine.openReportDocument: systemId=/opt/hpws/tomcat/webapps/birt-adaia3/tmp/facturar.rptdesign, file=/opt/hpws/tomcat/webapps/birt-adaia3/documents/BIRTDOCF7CE0BE99B5D91C54F6C270921E549E9/20130228_095010_111/facturar.rptdocument, options={resourceFolder=/opt/hpws/tomcat/webapps/birt-adaia3, semanticCheck=false} 
28-feb-2013 9:50:32 org.eclipse.birt.report.engine.api.impl.ReportEngine openReportDesign
FINA: ReportEngine.openReportDesign: name=file:/opt/hpws/tomcat/webapps/birt-adaia3/tmp/facturar.rptdesign, designStream=java.io.FileInputStream@a8743d, options={3} 
28-feb-2013 9:50:32 org.eclipse.birt.report.model.metadata.ChoicePropertyType validateXml
FINA: return internal name for choice in
28-feb-2013 9:50:32 org.eclipse.birt.report.model.metadata.ChoicePropertyType validateXml
FINA: return internal name for choice ltr
28-feb-2013 9:50:32 org.eclipse.birt.report.model.metadata.ChoicePropertyType validateXml
FINA: return internal name for choice static
28-feb-2013 9:50:32 org.eclipse.birt.report.model.metadata.ChoicePropertyType validateXml
FINA: return internal name for choice integer
28-feb-2013 9:50:32 org.eclipse.birt.report.model.metadata.ChoicePropertyType validateXml
FINA: return internal name for choice simple
28-feb-2013 9:50:32 org.eclipse.birt.report.model.metadata.ChoicePropertyType validateXml
FINA: return internal name for choice text-box
28-feb-2013 9:50:32 org.eclipse.birt.report.model.metadata.ChoicePropertyType validateXml
FINA: return internal name for choice decimal
28-feb-2013 9:50:32 org.eclipse.birt.report.model.metadata.ChoicePropertyType validateXml
FINA: return internal name for choice string
28-feb-2013 9:50:32 org.eclipse.birt.report.model.metadata.ChoicePropertyType validateXml
FINA: return internal name for choice date-time
28-feb-2013 9:50:32 org.eclipse.birt.report.model.metadata.ChoicePropertyType validateXml
FINA: return internal name for choice string
28-feb-2013 9:50:32 org.eclipse.birt.report.model.metadata.ChoicePropertyType validateXml
FINA: return internal name for choice date-time
28-feb-2013 9:50:32 org.eclipse.birt.report.model.metadata.ChoicePropertyType validateXml
FINA: return internal name for choice date-time
28-feb-2013 9:50:32 org.eclipse.birt.report.model.metadata.ChoicePropertyType validateXml
FINA: return internal name for choice decimal
28-feb-2013 9:50:32 org.eclipse.birt.report.model.metadata.ChoicePropertyType validateXml
FINA: return internal name for choice string
28-feb-2013 9:50:32 org.eclipse.birt.report.model.metadata.ChoicePropertyType validateXml
FINA: return internal name for choice string
28-feb-2013 9:50:32 org.eclipse.birt.report.model.metadata.ChoicePropertyType validateXml
FINA: return internal name for choice string
28-feb-2013 9:50:32 org.eclipse.birt.report.model.metadata.ChoicePropertyType validateXml
FINA: return internal name for choice decimal
28-feb-2013 9:50:32 org.eclipse.birt.report.model.metadata.ChoicePropertyType validateXml
FINA: return internal name for choice decimal
28-feb-2013 9:50:32 org.eclipse.birt.report.model.metadata.ChoicePropertyType validateXml
FINA: return internal name for choice decimal
28-feb-2013 9:50:32 org.eclipse.birt.report.model.metadata.ChoicePropertyType validateXml
FINA: return internal name for choice decimal
28-feb-2013 9:50:32 org.eclipse.birt.report.model.metadata.ElementRefPropertyType validateValue
FINA: Validate the value of the element reference property as a string: FACT
28-feb-2013 9:50:32 org.eclipse.birt.report.model.metadata.ChoicePropertyType validateXml
FINA: return internal name for choice integer
28-feb-2013 9:50:32 org.eclipse.birt.report.model.metadata.ChoicePropertyType validateXml
FINA: return internal name for choice decimal
28-feb-2013 9:50:32 org.eclipse.birt.report.model.metadata.ChoicePropertyType validateXml
FINA: return internal name for choice string
28-feb-2013 9:50:32 org.eclipse.birt.report.model.metadata.ChoicePropertyType validateXml
FINA: return internal name for choice date-time
28-feb-2013 9:50:32 org.eclipse.birt.report.model.metadata.ChoicePropertyType validateXml
FINA: return internal name for choice string
28-feb-2013 9:50:32 org.eclipse.birt.report.model.metadata.ChoicePropertyType validateXml
FINA: return internal name for choice date-time
28-feb-2013 9:50:32 org.eclipse.birt.report.model.metadata.ChoicePropertyType validateXml
FINA: return internal name for choice date-time
28-feb-2013 9:50:32 org.eclipse.birt.report.model.metadata.ChoicePropertyType validateXml
FINA: return internal name for choice decimal
28-feb-2013 9:50:32 org.eclipse.birt.report.model.metadata.ChoicePropertyType validateXml
FINA: return internal name for choice string
28-feb-2013 9:50:32 org.eclipse.birt.report.model.metadata.ChoicePropertyType validateXml
FINA: return internal name for choice string
28-feb-2013 9:50:32 org.eclipse.birt.report.model.metadata.ChoicePropertyType validateXml
FINA: return internal name for choice string
28-feb-2013 9:50:32 org.eclipse.birt.report.model.metadata.ChoicePropertyType validateXml
FINA: return internal name for choice decimal
28-feb-2013 9:50:32 org.eclipse.birt.report.model.metadata.ChoicePropertyType validateXml
FINA: return internal name for choice decimal
28-feb-2013 9:50:32 org.eclipse.birt.report.model.metadata.ChoicePropertyType validateXml
FINA: return internal name for choice decimal
28-feb-2013 9:50:32 org.eclipse.birt.report.model.metadata.ChoicePropertyType validateXml
FINA: return internal name for choice decimal
28-feb-2013 9:50:32 org.eclipse.birt.report.model.metadata.ChoicePropertyType validateXml
FINA: return internal name for choice string
28-feb-2013 9:50:32 org.eclipse.birt.report.model.metadata.ChoicePropertyType validateXml
FINA: return internal name for choice date-time
28-feb-2013 9:50:32 org.eclipse.birt.report.model.metadata.ChoicePropertyType validateXml
FINA: return internal name for choice date-time
28-feb-2013 9:50:32 org.eclipse.birt.report.model.metadata.ChoicePropertyType validateXml
FINA: return internal name for choice decimal
28-feb-2013 9:50:32 org.eclipse.birt.report.model.metadata.ChoicePropertyType validateXml
FINA: return internal name for choice date-time
28-feb-2013 9:50:32 org.eclipse.birt.report.model.metadata.ChoicePropertyType validateXml
FINA: return internal name for choice string
28-feb-2013 9:50:32 org.eclipse.birt.report.model.metadata.ChoicePropertyType validateXml
FINA: return internal name for choice date-time
28-feb-2013 9:50:32 org.eclipse.birt.report.model.metadata.ElementRefPropertyType validateValue
FINA: Validate the value of the element reference property as a string: FACT
28-feb-2013 9:50:32 org.eclipse.birt.report.model.metadata.ChoicePropertyType validateXml
FINA: return internal name for choice integer
28-feb-2013 9:50:32 org.eclipse.birt.report.model.metadata.ChoicePropertyType validateXml
FINA: return internal name for choice string
28-feb-2013 9:50:32 org.eclipse.birt.report.model.metadata.ChoicePropertyType validateXml
FINA: return internal name for choice date-time
28-feb-2013 9:50:32 org.eclipse.birt.report.model.metadata.ChoicePropertyType validateXml
FINA: return internal name for choice date-time
28-feb-2013 9:50:32 org.eclipse.birt.report.model.metadata.ChoicePropertyType validateXml
FINA: return internal name for choice decimal
28-feb-2013 9:50:32 org.eclipse.birt.report.model.metadata.ChoicePropertyType validateXml
FINA: return internal name for choice date-time
28-feb-2013 9:50:32 org.eclipse.birt.report.model.metadata.ChoicePropertyType validateXml
FINA: return internal name for choice string
28-feb-2013 9:50:32 org.eclipse.birt.report.model.metadata.ChoicePropertyType validateXml
FINA: return internal name for choice date-time
28-feb-2013 9:50:32 org.eclipse.birt.report.model.metadata.DimensionPropertyType validateXml
FINA: return dimension value with user defined unit 10pt
28-feb-2013 9:50:32 org.eclipse.birt.report.model.metadata.ColorPropertyType validateXml
FINA: The validated color property value 13421772
28-feb-2013 9:50:32 org.eclipse.birt.report.model.metadata.ChoicePropertyType validateXml
FINA: return internal name for choice solid
28-feb-2013 9:50:32 org.eclipse.birt.report.model.metadata.DimensionPropertyType validateXml
FINA: return dimension value with user defined unit 1pt
28-feb-2013 9:50:32 org.eclipse.birt.report.model.metadata.ColorPropertyType validateXml
FINA: The validated color property value 13421772
28-feb-2013 9:50:32 org.eclipse.birt.report.model.metadata.ChoicePropertyType validateXml
FINA: return internal name for choice solid
28-feb-2013 9:50:32 org.eclipse.birt.report.model.metadata.DimensionPropertyType validateXml
FINA: return dimension value with user defined unit 1pt
28-feb-2013 9:50:32 org.eclipse.birt.report.model.metadata.ColorPropertyType validateXml
FINA: The validated color property value 13421772
28-feb-2013 9:50:32 org.eclipse.birt.report.model.metadata.ChoicePropertyType validateXml
FINA: return internal name for choice solid
28-feb-2013 9:50:32 org.eclipse.birt.report.model.metadata.DimensionPropertyType validateXml
FINA: return dimension value with user defined unit 1pt
28-feb-2013 9:50:32 org.eclipse.birt.report.model.metadata.ColorPropertyType validateXml
FINA: The validated color property value 13421772
28-feb-2013 9:50:32 org.eclipse.birt.report.model.metadata.ChoicePropertyType validateXml
FINA: return internal name for choice solid
28-feb-2013 9:50:32 org.eclipse.birt.report.model.metadata.DimensionPropertyType validateXml
FINA: return dimension value with user defined unit 1pt
28-feb-2013 9:50:32 org.eclipse.birt.report.model.metadata.ColorPropertyType validateXml
FINA: The validated color property value 13421772
28-feb-2013 9:50:32 org.eclipse.birt.report.model.metadata.ChoicePropertyType validateXml
FINA: return internal name for choice solid
28-feb-2013 9:50:32 org.eclipse.birt.report.model.metadata.DimensionPropertyType validateXml
FINA: return dimension value with user defined unit 1pt
28-feb-2013 9:50:32 org.eclipse.birt.report.model.metadata.ColorPropertyType validateXml
FINA: The validated color property value 13421772
28-feb-2013 9:50:32 org.eclipse.birt.report.model.metadata.ChoicePropertyType validateXml
FINA: return internal name for choice solid
28-feb-2013 9:50:32 org.eclipse.birt.report.model.metadata.DimensionPropertyType validateXml
FINA: return dimension value with user defined unit 1pt
28-feb-2013 9:50:32 org.eclipse.birt.report.model.metadata.ColorPropertyType validateXml
FINA: The validated color property value 13421772
28-feb-2013 9:50:32 org.eclipse.birt.report.model.metadata.ChoicePropertyType validateXml
FINA: return internal name for choice solid
28-feb-2013 9:50:32 org.eclipse.birt.report.model.metadata.DimensionPropertyType validateXml
FINA: return dimension value with user defined unit 1pt
28-feb-2013 9:50:32 org.eclipse.birt.report.model.metadata.ColorPropertyType validateXml
FINA: The validated color property value 13421772
28-feb-2013 9:50:32 org.eclipse.birt.report.model.metadata.ChoicePropertyType validateXml
FINA: return internal name for choice solid
28-feb-2013 9:50:32 org.eclipse.birt.report.model.metadata.DimensionPropertyType validateXml
FINA: return dimension value with user defined unit 1pt
28-feb-2013 9:50:32 org.eclipse.birt.report.model.metadata.DimensionPropertyType validateXml
FINA: return dimension value with user defined unit 0.25in
28-feb-2013 9:50:32 org.eclipse.birt.report.model.metadata.DimensionPropertyType validateXml
FINA: return dimension value with user defined unit 0.25in
28-feb-2013 9:50:32 org.eclipse.birt.report.model.metadata.DimensionPropertyType validateXml
FINA: return dimension value with user defined unit 0.25in
28-feb-2013 9:50:32 org.eclipse.birt.report.model.metadata.DimensionPropertyType validateXml
FINA: return dimension value with user defined unit 0.25in
28-feb-2013 9:50:32 org.eclipse.birt.report.model.metadata.ChoicePropertyType validateXml
FINA: return internal name for choice html
28-feb-2013 9:50:32 org.eclipse.birt.report.model.metadata.DimensionPropertyType validateXml
FINA: return dimension value with user defined unit 100%
28-feb-2013 9:50:32 org.eclipse.birt.report.model.metadata.DimensionPropertyType validateXml
FINA: return dimension value with user defined unit 0.8020833333333334in
28-feb-2013 9:50:32 org.eclipse.birt.report.model.metadata.DimensionPropertyType validateXml
FINA: return dimension value with user defined unit 5.052083333333333in
28-feb-2013 9:50:32 org.eclipse.birt.report.model.metadata.DimensionPropertyType validateXml
FINA: return dimension value with user defined unit 0.7708333333333334in
28-feb-2013 9:50:32 org.eclipse.birt.report.model.metadata.DimensionPropertyType validateXml
FINA: return dimension value with user defined unit 1.0625in
28-feb-2013 9:50:32 org.eclipse.birt.report.model.metadata.ChoicePropertyType validateXml
FINA: return internal name for choice bold
28-feb-2013 9:50:32 org.eclipse.birt.report.model.metadata.ChoicePropertyType validateXml
FINA: return internal name for choice right
28-feb-2013 9:50:32 org.eclipse.birt.report.model.metadata.ChoicePropertyType validateXml
FINA: return internal name for choice auto
28-feb-2013 9:50:32 org.eclipse.birt.report.model.metadata.ElementRefPropertyType validateValue
FINA: Validate the value of the element reference property as a string: factura
28-feb-2013 9:50:32 org.eclipse.birt.report.model.metadata.ChoicePropertyType validateXml
FINA: return internal name for choice string
28-feb-2013 9:50:32 org.eclipse.birt.report.model.metadata.ChoicePropertyType validateXml
FINA: return internal name for choice bold
28-feb-2013 9:50:32 org.eclipse.birt.report.model.metadata.ChoicePropertyType validateXml
FINA: return internal name for choice right
28-feb-2013 9:50:32 org.eclipse.birt.report.model.metadata.ChoicePropertyType validateXml
FINA: return internal name for choice auto
28-feb-2013 9:50:32 org.eclipse.birt.report.model.metadata.ElementRefPropertyType validateValue
FINA: Validate the value of the element reference property as a string: factura
28-feb-2013 9:50:32 org.eclipse.birt.report.model.metadata.ChoicePropertyType validateXml
FINA: return internal name for choice string
28-feb-2013 9:50:32 org.eclipse.birt.report.model.metadata.DimensionPropertyType validateXml
FINA: return dimension value with user defined unit 0.25in
28-feb-2013 9:50:32 org.eclipse.birt.report.model.metadata.ChoicePropertyType validateXml
FINA: return internal name for choice bold
28-feb-2013 9:50:32 org.eclipse.birt.report.model.metadata.ChoicePropertyType validateXml
FINA: return internal name for choice right
28-feb-2013 9:50:32 org.eclipse.birt.report.model.metadata.ChoicePropertyType validateXml
FINA: return internal name for choice auto
28-feb-2013 9:50:32 org.eclipse.birt.report.model.metadata.ElementRefPropertyType validateValue
FINA: Validate the value of the element reference property as a string: factura
28-feb-2013 9:50:32 org.eclipse.birt.report.model.metadata.ChoicePropertyType validateXml
FINA: return internal name for choice date-time
28-feb-2013 9:50:32 org.eclipse.birt.report.model.metadata.DimensionPropertyType validateXml
FINA: return dimension value with user defined unit 0.25in
28-feb-2013 9:50:32 org.eclipse.birt.report.model.metadata.ChoicePropertyType validateXml
FINA: return internal name for choice bold
28-feb-2013 9:50:32 org.eclipse.birt.report.model.metadata.ChoicePropertyType validateXml
FINA: return internal name for choice right
28-feb-2013 9:50:32 org.eclipse.birt.report.model.metadata.ChoicePropertyType validateXml
FINA: return internal name for choice auto
28-feb-2013 9:50:32 org.eclipse.birt.report.model.metadata.ElementRefPropertyType validateValue
FINA: Validate the value of the element reference property as a string: factura
28-feb-2013 9:50:32 org.eclipse.birt.report.model.metadata.ChoicePropertyType validateXml
FINA: return internal name for choice date-time
28-feb-2013 9:50:32 org.eclipse.birt.report.model.metadata.DimensionPropertyType validateXml
FINA: return dimension value with user defined unit 0.25in
28-feb-2013 9:50:32 org.eclipse.birt.report.model.metadata.ChoicePropertyType validateXml
FINA: return internal name for choice bold
28-feb-2013 9:50:32 org.eclipse.birt.report.model.metadata.ChoicePropertyType validateXml
FINA: return internal name for choice right
28-feb-2013 9:50:32 org.eclipse.birt.report.model.metadata.ChoicePropertyType validateXml
FINA: return internal name for choice auto
28-feb-2013 9:50:32 org.eclipse.birt.report.model.metadata.ElementRefPropertyType validateValue
FINA: Validate the value of the element reference property as a string: factura
28-feb-2013 9:50:32 org.eclipse.birt.report.model.metadata.ChoicePropertyType validateXml
FINA: return internal name for choice date-time
28-feb-2013 9:50:32 org.eclipse.birt.report.model.metadata.ChoicePropertyType validateXml
FINA: return internal name for choice center
28-feb-2013 9:50:32 org.eclipse.birt.report.model.metadata.DimensionPropertyType validateXml
FINA: return dimension value with user defined unit 71px
28-feb-2013 9:50:32 org.eclipse.birt.report.model.metadata.DimensionPropertyType validateXml
FINA: return dimension value with user defined unit 136px
28-feb-2013 9:50:32 org.eclipse.birt.report.model.metadata.ChoicePropertyType validateXml
FINA: return internal name for choice file
28-feb-2013 9:50:32 org.eclipse.birt.report.model.metadata.DimensionPropertyType validateXml
FINA: return dimension value with user defined unit 100%
28-feb-2013 9:50:32 org.eclipse.birt.report.model.metadata.ElementRefPropertyType validateValue
FINA: Validate the value of the element reference property as a string: lineas
28-feb-2013 9:50:32 org.eclipse.birt.report.model.metadata.ChoicePropertyType validateXml
FINA: return internal name for choice string
28-feb-2013 9:50:32 org.eclipse.birt.report.model.metadata.ChoicePropertyType validateXml
FINA: return internal name for choice string
28-feb-2013 9:50:32 org.eclipse.birt.report.model.metadata.ChoicePropertyType validateXml
FINA: return internal name for choice decimal
28-feb-2013 9:50:32 org.eclipse.birt.report.model.metadata.ChoicePropertyType validateXml
FINA: return internal name for choice decimal
28-feb-2013 9:50:32 org.eclipse.birt.report.model.metadata.ChoicePropertyType validateXml
FINA: return internal name for choice decimal
28-feb-2013 9:50:32 org.eclipse.birt.report.model.metadata.ChoicePropertyType validateXml
FINA: return internal name for choice float
28-feb-2013 9:50:32 org.eclipse.birt.report.model.metadata.ChoicePropertyType validateXml
FINA: return internal name for choice string
28-feb-2013 9:50:32 org.eclipse.birt.report.model.metadata.ChoicePropertyType validateXml
FINA: return internal name for choice string
28-feb-2013 9:50:32 org.eclipse.birt.report.model.metadata.ChoicePropertyType validateXml
FINA: return internal name for choice float
28-feb-2013 9:50:32 org.eclipse.birt.report.model.metadata.ChoicePropertyType validateXml
FINA: return internal name for choice right
28-feb-2013 9:50:32 org.eclipse.birt.report.model.metadata.ChoicePropertyType validateXml
FINA: return internal name for choice right
28-feb-2013 9:50:32 org.eclipse.birt.report.model.metadata.ChoicePropertyType validateXml
FINA: return internal name for choice right
28-feb-2013 9:50:32 org.eclipse.birt.report.model.metadata.ChoicePropertyType validateXml
FINA: return internal name for choice none
28-feb-2013 9:50:32 org.eclipse.birt.report.model.metadata.ChoicePropertyType validateXml
FINA: return internal name for choice asc
28-feb-2013 9:50:32 org.eclipse.birt.report.model.metadata.ChoicePropertyType validateXml
FINA: return internal name for choice auto
28-feb-2013 9:50:32 org.eclipse.birt.report.model.metadata.ChoicePropertyType validateXml
FINA: return internal name for choice auto
28-feb-2013 9:50:32 org.eclipse.birt.report.model.metadata.ChoicePropertyType validateXml
FINA: return internal name for choice auto
28-feb-2013 9:50:32 org.eclipse.birt.report.model.metadata.ColorPropertyType validateXml
FINA: The validated color property value 0
28-feb-2013 9:50:32 org.eclipse.birt.report.model.metadata.ChoicePropertyType validateXml
FINA: return internal name for choice solid
28-feb-2013 9:50:32 org.eclipse.birt.report.model.metadata.ChoicePropertyType validateXml
FINA: return internal name for choice bold
28-feb-2013 9:50:32 org.eclipse.birt.report.model.metadata.ChoicePropertyType validateXml
FINA: return internal name for choice normal
28-feb-2013 9:50:32 org.eclipse.birt.report.model.metadata.ChoicePropertyType validateXml
FINA: return internal name for choice none
28-feb-2013 9:50:32 org.eclipse.birt.report.model.metadata.ChoicePropertyType validateXml
FINA: return internal name for choice italic
28-feb-2013 9:50:32 org.eclipse.birt.report.model.metadata.ChoicePropertyType validateXml
FINA: return internal name for choice italic
28-feb-2013 9:50:32 org.eclipse.birt.report.model.metadata.ChoicePropertyType validateXml
FINA: return internal name for choice italic
28-feb-2013 9:50:32 org.eclipse.birt.report.model.metadata.ColorPropertyType validateXml
FINA: The validated color property value 0
28-feb-2013 9:50:32 org.eclipse.birt.report.model.metadata.ChoicePropertyType validateXml
FINA: return internal name for choice solid
28-feb-2013 9:50:32 org.eclipse.birt.report.model.metadata.ChoicePropertyType validateXml
FINA: return internal name for choice italic
28-feb-2013 9:50:32 org.eclipse.birt.report.model.metadata.ChoicePropertyType validateXml
FINA: return internal name for choice auto
28-feb-2013 9:50:32 org.eclipse.birt.report.model.metadata.ColorPropertyType validateXml
FINA: The validated color property value 0
28-feb-2013 9:50:32 org.eclipse.birt.report.model.metadata.ChoicePropertyType validateXml
FINA: return internal name for choice solid
28-feb-2013 9:50:32 org.eclipse.birt.report.model.metadata.ColorPropertyType validateXml
FINA: The validated color property value 0
28-feb-2013 9:50:32 org.eclipse.birt.report.model.metadata.ChoicePropertyType validateXml
FINA: return internal name for choice solid
28-feb-2013 9:50:32 org.eclipse.birt.report.model.metadata.ChoicePropertyType validateXml
FINA: return internal name for choice auto
28-feb-2013 9:50:32 org.eclipse.birt.report.model.metadata.ColorPropertyType validateXml
FINA: The validated color property value 0
28-feb-2013 9:50:32 org.eclipse.birt.report.model.metadata.ChoicePropertyType validateXml
FINA: return internal name for choice solid
28-feb-2013 9:50:32 org.eclipse.birt.report.model.metadata.ColorPropertyType validateXml
FINA: The validated color property value 0
28-feb-2013 9:50:32 org.eclipse.birt.report.model.metadata.ChoicePropertyType validateXml
FINA: return internal name for choice solid
28-feb-2013 9:50:32 org.eclipse.birt.report.model.metadata.ColorPropertyType validateXml
FINA: The validated color property value 0
28-feb-2013 9:50:32 org.eclipse.birt.report.model.metadata.ChoicePropertyType validateXml
FINA: return internal name for choice solid
28-feb-2013 9:50:32 org.eclipse.birt.report.model.metadata.ColorPropertyType validateXml
FINA: The validated color property value 0
28-feb-2013 9:50:32 org.eclipse.birt.report.model.metadata.ChoicePropertyType validateXml
FINA: return internal name for choice solid
28-feb-2013 9:50:32 org.eclipse.birt.report.model.metadata.ChoicePropertyType validateXml
FINA: return internal name for choice bold
28-feb-2013 9:50:32 org.eclipse.birt.report.model.metadata.ChoicePropertyType validateXml
FINA: return internal name for choice auto
28-feb-2013 9:50:32 org.eclipse.birt.report.model.metadata.ChoicePropertyType validateXml
FINA: return internal name for choice bold
28-feb-2013 9:50:32 org.eclipse.birt.report.engine.api.impl.ReportEngine createGetParameterDefinitionTask
FINA: ReportEngine.createGetParameterDefinitionTask: reportRunnable=org.eclipse.birt.report.engine.api.impl.ReportRunnable@d8381b 
28-feb-2013 9:50:32 org.eclipse.birt.report.engine.api.impl.EngineTask setAppContext
FINA: EngineTask.setAppContext: context=PARENT_CLASSLOADER=WebappClassLoader
  context: /birt-adaia3
  delegate: false
  repositories:
----------> Parent Classloader:
org.apache.catalina.loader.StandardClassLoader@1808199
;webapplication.projectclasspath=;
28-feb-2013 9:50:32 org.eclipse.birt.report.engine.api.impl.EngineTask setLocale
FINA: EngineTask.setLocale: locale=espaol (Espaa)
28-feb-2013 9:50:32 org.eclipse.birt.report.engine.api.impl.EngineTask setAppContext
FINA: EngineTask.setAppContext: context=PARENT_CLASSLOADER=WebappClassLoader
  context: /birt-adaia3
  delegate: false
  repositories:
----------> Parent Classloader:
org.apache.catalina.loader.StandardClassLoader@1808199
;CHART_RESOLUTION=null;org.eclipse.birt.data.engine.dataset.cache.option=false;org.eclipse.birt.data.engine.cube.inmemory.size=0;webapplication.projectclasspath=;BIRT_VIEWER_HTTPSERVET_REQUEST=org.apache.catalina.connector.RequestFacade@168e7c4;birt.viewer.resource.path=/opt/hpws/tomcat/webapps/birt-adaia3;
28-feb-2013 9:50:32 org.eclipse.birt.report.engine.api.impl.EngineTask setAppContext
FINA: EngineTask.setAppContext: context=PARENT_CLASSLOADER=WebappClassLoader
  context: /birt-adaia3
  delegate: false
  repositories:
----------> Parent Classloader:
org.apache.catalina.loader.StandardClassLoader@1808199
;webapplication.projectclasspath=;BIRT_VIEWER_HTTPSERVET_REQUEST=org.apache.catalina.connector.RequestFacade@168e7c4;
28-feb-2013 9:50:32 org.eclipse.birt.report.engine.api.impl.ReportEngine createGetParameterDefinitionTask
FINA: ReportEngine.createGetParameterDefinitionTask: reportRunnable=org.eclipse.birt.report.engine.api.impl.ReportRunnable@d8381b 
28-feb-2013 9:50:32 org.eclipse.birt.report.engine.api.impl.EngineTask setAppContext
FINA: EngineTask.setAppContext: context=PARENT_CLASSLOADER=WebappClassLoader
  context: /birt-adaia3
  delegate: false
  repositories:
----------> Parent Classloader:
org.apache.catalina.loader.StandardClassLoader@1808199
;webapplication.projectclasspath=;
28-feb-2013 9:50:32 org.eclipse.birt.report.engine.api.impl.EngineTask setLocale
FINA: EngineTask.setLocale: locale=espaol (Espaa)
28-feb-2013 9:50:32 org.eclipse.birt.report.engine.api.impl.EngineTask setAppContext
FINA: EngineTask.setAppContext: context=PARENT_CLASSLOADER=WebappClassLoader
  context: /birt-adaia3
  delegate: false
  repositories:
----------> Parent Classloader:
org.apache.catalina.loader.StandardClassLoader@1808199
;CHART_RESOLUTION=null;org.eclipse.birt.data.engine.dataset.cache.option=false;org.eclipse.birt.data.engine.cube.inmemory.size=0;webapplication.projectclasspath=;BIRT_VIEWER_HTTPSERVET_REQUEST=org.apache.catalina.connector.RequestFacade@168e7c4;birt.viewer.resource.path=/opt/hpws/tomcat/webapps/birt-adaia3;
28-feb-2013 9:50:32 org.eclipse.birt.report.engine.api.impl.EngineTask setAppContext
FINA: EngineTask.setAppContext: context=PARENT_CLASSLOADER=WebappClassLoader
  context: /birt-adaia3
  delegate: false
  repositories:
----------> Parent Classloader:
org.apache.catalina.loader.StandardClassLoader@1808199
;webapplication.projectclasspath=;BIRT_VIEWER_HTTPSERVET_REQUEST=org.apache.catalina.connector.RequestFacade@168e7c4;
28-feb-2013 9:50:33 org.eclipse.birt.report.engine.api.impl.ReportEngine createRunTask
FINA: ReportEngine.createRunTask: reportRunnable=org.eclipse.birt.report.engine.api.impl.ReportRunnable@d8381b 
28-feb-2013 9:50:33 org.eclipse.birt.report.engine.api.impl.EngineTask setAppContext
FINA: EngineTask.setAppContext: context=PARENT_CLASSLOADER=WebappClassLoader
  context: /birt-adaia3
  delegate: false
  repositories:
----------> Parent Classloader:
org.apache.catalina.loader.StandardClassLoader@1808199
;webapplication.projectclasspath=;
28-feb-2013 9:50:33 org.eclipse.birt.report.engine.api.impl.EngineTask setLocale
FINA: EngineTask.setLocale: locale=espaol (Espaa)
28-feb-2013 9:50:33 org.eclipse.birt.report.engine.api.impl.EngineTask setParameterValue
FINA: EngineTask.setParameterValue: plantilla=39 [java.lang.Integer]
28-feb-2013 9:50:33 org.eclipse.birt.report.engine.api.impl.EngineTask setAppContext
FINA: EngineTask.setAppContext: context=PARENT_CLASSLOADER=WebappClassLoader
  context: /birt-adaia3
  delegate: false
  repositories:
----------> Parent Classloader:
org.apache.catalina.loader.StandardClassLoader@1808199
;CHART_RESOLUTION=null;org.eclipse.birt.data.engine.dataset.cache.option=false;org.eclipse.birt.data.engine.cube.inmemory.size=0;webapplication.projectclasspath=;BIRT_VIEWER_HTTPSERVET_REQUEST=org.apache.catalina.connector.RequestFacade@168e7c4;birt.viewer.resource.path=/opt/hpws/tomcat/webapps/birt-adaia3;
28-feb-2013 9:50:33 org.eclipse.birt.report.engine.api.impl.EngineTask loggerParamters
FINA: Running the report with paramters: plantilla:39

