14-feb-2011 18:17:57 org.eclipse.birt.report.engine.api.impl.ReportEngine <init>
FINA: ReportEngine created. EngineConfig: EngineConfig: org.eclipse.birt.report.engine.api.EngineConfig.scriptObjects={PARENT_CLASSLOADER=WebappClassLoader
  context: /birt-adaia3
  delegate: false
  repositories:
----------> Parent Classloader:
org.apache.catalina.loader.StandardClassLoader@166a22b
, webapplication.projectclasspath=};maxRowsPerQuery=-1;BIRT_HOME=;logLevel=ALL;PLATFORM_CONTEXT=org.eclipse.birt.core.framework.PlatformServletContext@12943ac;org.eclipse.birt.report.engine.api.EngineConfig.emitterConfigs={html=org.eclipse.birt.report.engine.api.HTMLRenderOption@19ed7e};logDest=/opt/hpws/tomcat/webapps/birt-adaia3/logs; 
14-feb-2011 18:17:57 org.eclipse.birt.report.engine.extension.internal.ExtensionManager getExtensions
FINA: Start load extension point: org.eclipse.birt.report.engine.reportitemGeneration
14-feb-2011 18:17:57 org.eclipse.birt.report.engine.extension.internal.ExtensionManager loadGenerationExtensionDefns
FINA: Load generation extension: Chart
14-feb-2011 18:17:57 org.eclipse.birt.report.engine.extension.internal.ExtensionManager getExtensions
FINA: Start load extension point: org.eclipse.birt.report.engine.reportitemPresentation
14-feb-2011 18:17:57 org.eclipse.birt.report.engine.extension.internal.ExtensionManager loadPresentationExtensionDefns
FINA: Load prsentation extension: Chart
14-feb-2011 18:17:57 org.eclipse.birt.report.engine.extension.internal.ExtensionManager getExtensions
FINA: Start load extension point: org.eclipse.birt.report.engine.reportitemQuery
14-feb-2011 18:17:57 org.eclipse.birt.report.engine.extension.internal.ExtensionManager loadQueryExtensionDefns
FINA: Load query extension: Chart
14-feb-2011 18:17:57 org.eclipse.birt.report.engine.extension.internal.ExtensionManager getExtensions
FINA: Start load extension point: org.eclipse.birt.report.engine.emitters
14-feb-2011 18:17:57 org.eclipse.birt.report.engine.extension.internal.ExtensionManager loadEmitterExtensionDefns
FINA: Load html emitter org.eclipse.birt.report.engine.emitter.html
14-feb-2011 18:17:57 org.eclipse.birt.report.engine.extension.internal.ExtensionManager loadEmitterExtensionDefns
FINA: Load pdf emitter org.eclipse.birt.report.engine.emitter.pdf
14-feb-2011 18:17:57 org.eclipse.birt.report.engine.extension.internal.ExtensionManager loadEmitterExtensionDefns
FINA: Load postscript emitter org.eclipse.birt.report.engine.emitter.postscript
14-feb-2011 18:17:57 org.eclipse.birt.report.engine.extension.internal.ExtensionManager loadEmitterExtensionDefns
FINA: Load ppt emitter org.eclipse.birt.report.engine.emitter.ppt
14-feb-2011 18:17:57 org.eclipse.birt.report.engine.extension.internal.ExtensionManager loadEmitterExtensionDefns
FINA: Load xls emitter org.eclipse.birt.report.engine.emitter.prototype.excel
14-feb-2011 18:17:57 org.eclipse.birt.report.engine.extension.internal.ExtensionManager loadEmitterExtensionDefns
FINA: Load doc emitter org.eclipse.birt.report.engine.emitter.word
14-feb-2011 18:17:57 org.eclipse.birt.report.engine.extension.internal.ExtensionManager getExtensions
FINA: Start load extension point: org.eclipse.birt.report.engine.reportEventHandler
14-feb-2011 18:17:57 org.eclipse.birt.report.engine.extension.internal.ExtensionManager getExtensions
FINA: Start load extension point: org.eclipse.birt.report.engine.reportItemPreparation
14-feb-2011 18:17:57 org.eclipse.birt.report.engine.extension.internal.ExtensionManager getExtensions
FINA: Start load extension point: org.eclipse.birt.report.engine.dataExtraction
14-feb-2011 18:17:57 org.eclipse.birt.report.engine.extension.internal.ExtensionManager loadDataExtractionExtensions
FINA: Load data extraction extension: org.eclipse.birt.report.engine.dataextraction.csv
14-feb-2011 18:17:57 org.eclipse.birt.report.engine.extension.internal.ExtensionManager getExtensions
FINA: Start load extension point: org.eclipse.birt.report.engine.extendedItemFactory
14-feb-2011 18:17:57 org.eclipse.birt.report.engine.extension.internal.ExtensionManager loadExtendedItems
FINA: Load extendedItem extension: Crosstab
14-feb-2011 18:17:57 org.eclipse.birt.report.engine.extension.internal.ExtensionManager loadExtendedItems
FINA: Load extendedItem extension: CrosstabCell
14-feb-2011 18:17:57 org.eclipse.birt.report.engine.extension.internal.ExtensionManager loadExtendedItems
FINA: Load extendedItem extension: AggregationCell
14-feb-2011 18:18:34 org.eclipse.birt.report.engine.api.impl.ReportEngine openReportDocument
FINA: ReportEngine.openReportDocument: systemId=/opt/hpws/tomcat/webapps/birt-adaia3/testconexion.rptdesign, file=/opt/hpws/tomcat/webapps/birt-adaia3/documents/BIRTDOC38AB747A81AF908CCC77A0CF67FF2201/20110214_181833_903/testconexion.rptdocument, options={resourceFolder=/opt/hpws/tomcat/webapps/birt-adaia3, semanticCheck=false} 
14-feb-2011 18:18:34 org.eclipse.birt.report.engine.api.impl.ReportEngine openReportDesign
FINA: ReportEngine.openReportDesign: name=file:/opt/hpws/tomcat/webapps/birt-adaia3/testconexion.rptdesign, designStream=java.io.FileInputStream@bd36fa, options={3} 
14-feb-2011 18:18:34 org.eclipse.birt.report.model.metadata.ChoicePropertyType validateXml
FINA: return internal name for choice eq
14-feb-2011 18:18:34 org.eclipse.birt.report.model.metadata.ChoicePropertyType validateXml
FINA: return internal name for choice eq
14-feb-2011 18:18:34 org.eclipse.birt.report.model.metadata.ChoicePropertyType validateXml
FINA: return internal name for choice asc
14-feb-2011 18:18:34 org.eclipse.birt.report.model.metadata.ChoicePropertyType validateXml
FINA: return internal name for choice eq
14-feb-2011 18:18:34 org.eclipse.birt.report.model.metadata.ChoicePropertyType validateXml
FINA: return internal name for choice DataSet
14-feb-2011 18:18:34 org.eclipse.birt.report.model.metadata.ChoicePropertyType validateXml
FINA: return internal name for choice hide
14-feb-2011 18:18:34 org.eclipse.birt.report.model.metadata.ChoicePropertyType validateXml
FINA: return internal name for choice string
14-feb-2011 18:18:34 org.eclipse.birt.report.model.metadata.ChoicePropertyType validateXml
FINA: return internal name for choice string
14-feb-2011 18:18:34 org.eclipse.birt.report.model.metadata.ChoicePropertyType validateXml
FINA: return internal name for choice string
14-feb-2011 18:18:34 org.eclipse.birt.report.model.metadata.ChoicePropertyType validateXml
FINA: return internal name for choice string
14-feb-2011 18:18:34 org.eclipse.birt.report.model.metadata.ChoicePropertyType validateXml
FINA: return internal name for choice any
14-feb-2011 18:18:34 org.eclipse.birt.report.model.metadata.ChoicePropertyType validateXml
FINA: return internal name for choice if-realized
14-feb-2011 18:18:34 org.eclipse.birt.report.model.metadata.ChoicePropertyType validateXml
FINA: return internal name for choice auto
14-feb-2011 18:18:34 org.eclipse.birt.report.model.metadata.ChoicePropertyType validateXml
FINA: return internal name for choice hyperlink
14-feb-2011 18:18:34 org.eclipse.birt.report.model.metadata.ChoicePropertyType validateXml
FINA: return internal name for choice inner
14-feb-2011 18:18:34 org.eclipse.birt.report.model.metadata.ChoicePropertyType validateXml
FINA: return internal name for choice eq
14-feb-2011 18:18:34 org.eclipse.birt.report.model.metadata.ChoicePropertyType validateXml
FINA: return internal name for choice string
14-feb-2011 18:18:34 org.eclipse.birt.report.model.metadata.ChoicePropertyType validateXml
FINA: return internal name for choice string
14-feb-2011 18:18:34 org.eclipse.birt.report.model.metadata.ChoicePropertyType validateXml
FINA: return internal name for choice auto layout
14-feb-2011 18:18:34 org.eclipse.birt.report.model.metadata.ChoicePropertyType validateXml
FINA: return internal name for choice ltr
14-feb-2011 18:18:34 org.eclipse.birt.report.model.metadata.ChoicePropertyType validateXml
FINA: return internal name for choice NoChange
14-feb-2011 18:18:34 org.eclipse.birt.report.model.metadata.ChoicePropertyType validateXml
FINA: return internal name for choice string
14-feb-2011 18:18:34 org.eclipse.birt.report.model.metadata.ChoicePropertyType validateXml
FINA: return internal name for choice static
14-feb-2011 18:18:34 org.eclipse.birt.report.model.metadata.ChoicePropertyType validateXml
FINA: return internal name for choice simple
14-feb-2011 18:18:34 org.eclipse.birt.report.model.metadata.ChoicePropertyType validateXml
FINA: return internal name for choice auto
14-feb-2011 18:18:34 org.eclipse.birt.report.model.metadata.ChoicePropertyType validateXml
FINA: return internal name for choice single
14-feb-2011 18:18:34 org.eclipse.birt.report.model.metadata.ChoicePropertyType validateXml
FINA: return internal name for choice normal
14-feb-2011 18:18:34 org.eclipse.birt.report.model.metadata.ChoicePropertyType validateXml
FINA: return internal name for choice normal
14-feb-2011 18:18:34 org.eclipse.birt.report.model.metadata.ChoicePropertyType validateXml
FINA: return internal name for choice normal
14-feb-2011 18:18:34 org.eclipse.birt.report.model.metadata.ChoicePropertyType validateXml
FINA: return internal name for choice none
14-feb-2011 18:18:34 org.eclipse.birt.report.model.metadata.ChoicePropertyType validateXml
FINA: return internal name for choice none
14-feb-2011 18:18:34 org.eclipse.birt.report.model.metadata.ChoicePropertyType validateXml
FINA: return internal name for choice none
14-feb-2011 18:18:34 org.eclipse.birt.report.model.metadata.ChoicePropertyType validateXml
FINA: return internal name for choice scroll
14-feb-2011 18:18:34 org.eclipse.birt.report.model.metadata.DimensionPropertyType validateXml
FINA: return dimension value with default unit 0.0
14-feb-2011 18:18:34 org.eclipse.birt.report.model.metadata.DimensionPropertyType validateXml
FINA: return dimension value with default unit 0.0
14-feb-2011 18:18:34 org.eclipse.birt.report.model.metadata.ChoicePropertyType validateXml
FINA: return internal name for choice repeat
14-feb-2011 18:18:34 org.eclipse.birt.report.model.metadata.DimensionPropertyType validateXml
FINA: return dimension value with default unit 0.0
14-feb-2011 18:18:34 org.eclipse.birt.report.model.metadata.ChoicePropertyType validateXml
FINA: return internal name for choice none
14-feb-2011 18:18:34 org.eclipse.birt.report.model.metadata.ChoicePropertyType validateXml
FINA: return internal name for choice normal
14-feb-2011 18:18:34 org.eclipse.birt.report.model.metadata.ChoicePropertyType validateXml
FINA: return internal name for choice block
14-feb-2011 18:18:34 org.eclipse.birt.report.model.metadata.ChoicePropertyType validateXml
FINA: return internal name for choice auto
14-feb-2011 18:18:34 org.eclipse.birt.report.model.metadata.ChoicePropertyType validateXml
FINA: return internal name for choice auto
14-feb-2011 18:18:34 org.eclipse.birt.report.model.metadata.ChoicePropertyType validateXml
FINA: return internal name for choice auto
14-feb-2011 18:18:34 org.eclipse.birt.report.model.metadata.ChoicePropertyType validateXml
FINA: return internal name for choice none
14-feb-2011 18:18:34 org.eclipse.birt.report.model.metadata.ChoicePropertyType validateXml
FINA: return internal name for choice none
14-feb-2011 18:18:34 org.eclipse.birt.report.model.metadata.ChoicePropertyType validateXml
FINA: return internal name for choice none
14-feb-2011 18:18:34 org.eclipse.birt.report.model.metadata.ChoicePropertyType validateXml
FINA: return internal name for choice none
14-feb-2011 18:18:34 org.eclipse.birt.report.model.metadata.DimensionPropertyType validateXml
FINA: return dimension value with default unit 0.0
14-feb-2011 18:18:34 org.eclipse.birt.report.model.metadata.DimensionPropertyType validateXml
FINA: return dimension value with default unit 0.0
14-feb-2011 18:18:34 org.eclipse.birt.report.model.metadata.DimensionPropertyType validateXml
FINA: return dimension value with default unit 0.0
14-feb-2011 18:18:34 org.eclipse.birt.report.model.metadata.DimensionPropertyType validateXml
FINA: return dimension value with default unit 0.0
14-feb-2011 18:18:34 org.eclipse.birt.report.model.metadata.DimensionPropertyType validateXml
FINA: return dimension value with default unit 1.0
14-feb-2011 18:18:34 org.eclipse.birt.report.model.metadata.DimensionPropertyType validateXml
FINA: return dimension value with default unit 1.0
14-feb-2011 18:18:34 org.eclipse.birt.report.model.metadata.DimensionPropertyType validateXml
FINA: return dimension value with default unit 1.0
14-feb-2011 18:18:34 org.eclipse.birt.report.model.metadata.DimensionPropertyType validateXml
FINA: return dimension value with default unit 1.0
14-feb-2011 18:18:34 org.eclipse.birt.report.model.metadata.DimensionPropertyType validateXml
FINA: return dimension value with default unit 1.0
14-feb-2011 18:18:34 org.eclipse.birt.report.model.metadata.DimensionPropertyType validateXml
FINA: return dimension value with default unit 1.25
14-feb-2011 18:18:34 org.eclipse.birt.report.model.metadata.DimensionPropertyType validateXml
FINA: return dimension value with default unit 1.0
14-feb-2011 18:18:34 org.eclipse.birt.report.model.metadata.DimensionPropertyType validateXml
FINA: return dimension value with default unit 1.25
14-feb-2011 18:18:34 org.eclipse.birt.report.model.metadata.DimensionPropertyType validateXml
FINA: return dimension value with default unit 0.5
14-feb-2011 18:18:34 org.eclipse.birt.report.model.metadata.DimensionPropertyType validateXml
FINA: return dimension value with default unit 0.5
14-feb-2011 18:18:34 org.eclipse.birt.report.model.metadata.DimensionPropertyType validateXml
FINA: return dimension value with default unit 0.5
14-feb-2011 18:18:34 org.eclipse.birt.report.model.metadata.ChoicePropertyType validateXml
FINA: return internal name for choice auto
14-feb-2011 18:18:34 org.eclipse.birt.report.model.metadata.ChoicePropertyType validateXml
FINA: return internal name for choice auto
14-feb-2011 18:18:34 org.eclipse.birt.report.model.metadata.ChoicePropertyType validateXml
FINA: return internal name for choice auto
14-feb-2011 18:18:34 org.eclipse.birt.report.model.metadata.ChoicePropertyType validateXml
FINA: return internal name for choice auto
14-feb-2011 18:18:34 org.eclipse.birt.report.model.metadata.ChoicePropertyType validateXml
FINA: return internal name for choice none
14-feb-2011 18:18:34 org.eclipse.birt.report.model.metadata.ChoicePropertyType validateXml
FINA: return internal name for choice asc
14-feb-2011 18:18:34 org.eclipse.birt.report.model.metadata.ChoicePropertyType validateXml
FINA: return internal name for choice none
14-feb-2011 18:18:34 org.eclipse.birt.report.model.metadata.ChoicePropertyType validateXml
FINA: return internal name for choice NoChange
14-feb-2011 18:18:34 org.eclipse.birt.report.model.metadata.ChoicePropertyType validateXml
FINA: return internal name for choice NoChange
14-feb-2011 18:18:34 org.eclipse.birt.report.model.metadata.ChoicePropertyType validateXml
FINA: return internal name for choice NoChange
14-feb-2011 18:18:34 org.eclipse.birt.report.model.metadata.ChoicePropertyType validateXml
FINA: return internal name for choice none
14-feb-2011 18:18:34 org.eclipse.birt.report.model.metadata.ChoicePropertyType validateXml
FINA: return internal name for choice NoChange
14-feb-2011 18:18:34 org.eclipse.birt.report.model.metadata.ChoicePropertyType validateXml
FINA: return internal name for choice size-to-image
14-feb-2011 18:18:34 org.eclipse.birt.report.model.metadata.ChoicePropertyType validateXml
FINA: return internal name for choice none
14-feb-2011 18:18:34 org.eclipse.birt.report.model.metadata.ChoicePropertyType validateXml
FINA: return internal name for choice horizontal
14-feb-2011 18:18:34 org.eclipse.birt.report.model.metadata.ChoicePropertyType validateXml
FINA: return internal name for choice none
14-feb-2011 18:18:34 org.eclipse.birt.report.model.metadata.ChoicePropertyType validateXml
FINA: return internal name for choice sum
14-feb-2011 18:18:34 org.eclipse.birt.report.model.metadata.ChoicePropertyType validateXml
FINA: return internal name for choice decimal
14-feb-2011 18:18:34 org.eclipse.birt.report.model.metadata.ChoicePropertyType validateXml
FINA: return internal name for choice asc
14-feb-2011 18:18:34 org.eclipse.birt.report.model.metadata.ChoicePropertyType validateXml
FINA: return internal name for choice eq
14-feb-2011 18:18:34 org.eclipse.birt.report.model.metadata.ChoicePropertyType validateXml
FINA: return internal name for choice DataSet
14-feb-2011 18:18:34 org.eclipse.birt.report.model.metadata.ChoicePropertyType validateXml
FINA: return internal name for choice none
14-feb-2011 18:18:34 org.eclipse.birt.report.model.metadata.ChoicePropertyType validateXml
FINA: return internal name for choice asc
14-feb-2011 18:18:34 org.eclipse.birt.report.model.metadata.ChoicePropertyType validateXml
FINA: return internal name for choice none
14-feb-2011 18:18:34 org.eclipse.birt.report.model.metadata.ChoicePropertyType validateXml
FINA: return internal name for choice NoChange
14-feb-2011 18:18:34 org.eclipse.birt.report.model.metadata.ChoicePropertyType validateXml
FINA: return internal name for choice normal
14-feb-2011 18:18:34 org.eclipse.birt.report.model.metadata.ChoicePropertyType validateXml
FINA: return internal name for choice normal
14-feb-2011 18:18:34 org.eclipse.birt.report.model.metadata.ChoicePropertyType validateXml
FINA: return internal name for choice normal
14-feb-2011 18:18:34 org.eclipse.birt.report.model.metadata.ChoicePropertyType validateXml
FINA: return internal name for choice none
14-feb-2011 18:18:34 org.eclipse.birt.report.model.metadata.ChoicePropertyType validateXml
FINA: return internal name for choice none
14-feb-2011 18:18:34 org.eclipse.birt.report.model.metadata.ChoicePropertyType validateXml
FINA: return internal name for choice none
14-feb-2011 18:18:34 org.eclipse.birt.report.model.metadata.ChoicePropertyType validateXml
FINA: return internal name for choice scroll
14-feb-2011 18:18:34 org.eclipse.birt.report.model.metadata.DimensionPropertyType validateXml
FINA: return dimension value with user defined unit 0%
14-feb-2011 18:18:34 org.eclipse.birt.report.model.metadata.DimensionPropertyType validateXml
FINA: return dimension value with user defined unit 0%
14-feb-2011 18:18:34 org.eclipse.birt.report.model.metadata.ChoicePropertyType validateXml
FINA: return internal name for choice repeat
14-feb-2011 18:18:34 org.eclipse.birt.report.model.metadata.DimensionPropertyType validateXml
FINA: return dimension value with user defined unit 0em
14-feb-2011 18:18:34 org.eclipse.birt.report.model.metadata.ChoicePropertyType validateXml
FINA: return internal name for choice none
14-feb-2011 18:18:34 org.eclipse.birt.report.model.metadata.ChoicePropertyType validateXml
FINA: return internal name for choice normal
14-feb-2011 18:18:34 org.eclipse.birt.report.model.metadata.ChoicePropertyType validateXml
FINA: return internal name for choice block
14-feb-2011 18:18:34 org.eclipse.birt.report.model.metadata.ChoicePropertyType validateXml
FINA: return internal name for choice auto
14-feb-2011 18:18:34 org.eclipse.birt.report.model.metadata.ChoicePropertyType validateXml
FINA: return internal name for choice auto
14-feb-2011 18:18:34 org.eclipse.birt.report.model.metadata.ChoicePropertyType validateXml
FINA: return internal name for choice auto
14-feb-2011 18:18:34 org.eclipse.birt.report.model.metadata.ChoicePropertyType validateXml
FINA: return internal name for choice none
14-feb-2011 18:18:34 org.eclipse.birt.report.model.metadata.ChoicePropertyType validateXml
FINA: return internal name for choice none
14-feb-2011 18:18:34 org.eclipse.birt.report.model.metadata.ChoicePropertyType validateXml
FINA: return internal name for choice none
14-feb-2011 18:18:34 org.eclipse.birt.report.model.metadata.ChoicePropertyType validateXml
FINA: return internal name for choice none
14-feb-2011 18:18:34 org.eclipse.birt.report.model.metadata.DimensionPropertyType validateXml
FINA: return dimension value with user defined unit 0pt
14-feb-2011 18:18:34 org.eclipse.birt.report.model.metadata.DimensionPropertyType validateXml
FINA: return dimension value with user defined unit 0pt
14-feb-2011 18:18:34 org.eclipse.birt.report.model.metadata.DimensionPropertyType validateXml
FINA: return dimension value with user defined unit 0pt
14-feb-2011 18:18:34 org.eclipse.birt.report.model.metadata.DimensionPropertyType validateXml
FINA: return dimension value with user defined unit 0pt
14-feb-2011 18:18:34 org.eclipse.birt.report.model.metadata.DimensionPropertyType validateXml
FINA: return dimension value with user defined unit 1pt
14-feb-2011 18:18:34 org.eclipse.birt.report.model.metadata.DimensionPropertyType validateXml
FINA: return dimension value with user defined unit 1pt
14-feb-2011 18:18:34 org.eclipse.birt.report.model.metadata.DimensionPropertyType validateXml
FINA: return dimension value with user defined unit 1pt
14-feb-2011 18:18:34 org.eclipse.birt.report.model.metadata.DimensionPropertyType validateXml
FINA: return dimension value with user defined unit 1pt
14-feb-2011 18:18:34 org.eclipse.birt.report.model.metadata.ChoicePropertyType validateXml
FINA: return internal name for choice auto layout
14-feb-2011 18:18:35 org.eclipse.birt.report.model.metadata.ChoicePropertyType validateXml
FINA: return internal name for choice ltr
14-feb-2011 18:18:35 org.eclipse.birt.report.model.metadata.ChoicePropertyType validateXml
FINA: return internal name for choice sum
14-feb-2011 18:18:35 org.eclipse.birt.report.model.metadata.ChoicePropertyType validateXml
FINA: return internal name for choice decimal
14-feb-2011 18:18:35 org.eclipse.birt.report.model.metadata.ChoicePropertyType validateXml
FINA: return internal name for choice asc
14-feb-2011 18:18:35 org.eclipse.birt.report.model.metadata.ChoicePropertyType validateXml
FINA: return internal name for choice auto
14-feb-2011 18:18:35 org.eclipse.birt.report.model.metadata.ChoicePropertyType validateXml
FINA: return internal name for choice auto
14-feb-2011 18:18:35 org.eclipse.birt.report.model.metadata.ChoicePropertyType validateXml
FINA: return internal name for choice auto
14-feb-2011 18:18:35 org.eclipse.birt.report.model.metadata.ChoicePropertyType validateXml
FINA: return internal name for choice none
14-feb-2011 18:18:35 org.eclipse.birt.report.model.metadata.ChoicePropertyType validateXml
FINA: return internal name for choice asc
14-feb-2011 18:18:35 org.eclipse.birt.report.model.metadata.ChoicePropertyType validateXml
FINA: return internal name for choice none
14-feb-2011 18:18:35 org.eclipse.birt.report.model.metadata.ChoicePropertyType validateXml
FINA: return internal name for choice NoChange
14-feb-2011 18:18:35 org.eclipse.birt.report.model.metadata.DimensionPropertyType validateXml
FINA: return dimension value with user defined unit 1in
14-feb-2011 18:18:35 org.eclipse.birt.report.model.metadata.DimensionPropertyType validateXml
FINA: return dimension value with user defined unit 1.25in
14-feb-2011 18:18:35 org.eclipse.birt.report.model.metadata.DimensionPropertyType validateXml
FINA: return dimension value with user defined unit 1in
14-feb-2011 18:18:35 org.eclipse.birt.report.model.metadata.DimensionPropertyType validateXml
FINA: return dimension value with user defined unit 1.25in
14-feb-2011 18:18:35 org.eclipse.birt.report.model.metadata.DimensionPropertyType validateXml
FINA: return dimension value with user defined unit 0.5in
14-feb-2011 18:18:35 org.eclipse.birt.report.model.metadata.DimensionPropertyType validateXml
FINA: return dimension value with user defined unit 0.5in
14-feb-2011 18:18:35 org.eclipse.birt.report.model.metadata.ChoicePropertyType validateXml
FINA: return internal name for choice NoChange
14-feb-2011 18:18:35 org.eclipse.birt.report.model.metadata.ChoicePropertyType validateXml
FINA: return internal name for choice none
14-feb-2011 18:18:35 org.eclipse.birt.report.model.metadata.ChoicePropertyType validateXml
FINA: return internal name for choice string
14-feb-2011 18:18:35 org.eclipse.birt.report.model.metadata.ChoicePropertyType validateXml
FINA: return internal name for choice static
14-feb-2011 18:18:35 org.eclipse.birt.report.model.metadata.ChoicePropertyType validateXml
FINA: return internal name for choice simple
14-feb-2011 18:18:35 org.eclipse.birt.report.model.metadata.ChoicePropertyType validateXml
FINA: return internal name for choice auto
14-feb-2011 18:18:35 org.eclipse.birt.report.model.metadata.ChoicePropertyType validateXml
FINA: return internal name for choice NoChange
14-feb-2011 18:18:35 org.eclipse.birt.report.model.metadata.ChoicePropertyType validateXml
FINA: return internal name for choice none
14-feb-2011 18:18:35 org.eclipse.birt.report.model.metadata.ChoicePropertyType validateXml
FINA: return internal name for choice NoChange
14-feb-2011 18:18:35 org.eclipse.birt.report.model.metadata.ChoicePropertyType validateXml
FINA: return internal name for choice none
14-feb-2011 18:18:35 org.eclipse.birt.report.model.metadata.ChoicePropertyType validateXml
FINA: return internal name for choice asc
14-feb-2011 18:18:35 org.eclipse.birt.report.model.metadata.ChoicePropertyType validateXml
FINA: return internal name for choice none
14-feb-2011 18:18:35 org.eclipse.birt.report.model.metadata.ChoicePropertyType validateXml
FINA: return internal name for choice eq
14-feb-2011 18:18:35 org.eclipse.birt.report.model.metadata.ChoicePropertyType validateXml
FINA: return internal name for choice DataSet
14-feb-2011 18:18:35 org.eclipse.birt.report.model.metadata.ChoicePropertyType validateXml
FINA: return internal name for choice size-to-image
14-feb-2011 18:18:35 org.eclipse.birt.report.model.metadata.ChoicePropertyType validateXml
FINA: return internal name for choice none
14-feb-2011 18:18:35 org.eclipse.birt.report.model.metadata.ChoicePropertyType validateXml
FINA: return internal name for choice single
14-feb-2011 18:18:35 org.eclipse.birt.report.model.metadata.DimensionPropertyType validateXml
FINA: return dimension value with user defined unit 0.5pt
14-feb-2011 18:18:35 org.eclipse.birt.report.model.metadata.ChoicePropertyType validateXml
FINA: return internal name for choice auto
14-feb-2011 18:18:35 org.eclipse.birt.report.model.metadata.ChoicePropertyType validateXml
FINA: return internal name for choice horizontal
14-feb-2011 18:18:35 org.eclipse.birt.report.model.metadata.ChoicePropertyType validateXml
FINA: return internal name for choice string
14-feb-2011 18:18:35 org.eclipse.birt.report.model.metadata.ChoicePropertyType validateXml
FINA: return internal name for choice inner
14-feb-2011 18:18:35 org.eclipse.birt.report.model.metadata.ChoicePropertyType validateXml
FINA: return internal name for choice eq
14-feb-2011 18:18:35 org.eclipse.birt.report.model.metadata.ChoicePropertyType validateXml
FINA: return internal name for choice eq
14-feb-2011 18:18:35 org.eclipse.birt.report.model.metadata.ChoicePropertyType validateXml
FINA: return internal name for choice DataSet
14-feb-2011 18:18:35 org.eclipse.birt.report.model.metadata.ChoicePropertyType validateXml
FINA: return internal name for choice string
14-feb-2011 18:18:35 org.eclipse.birt.report.model.metadata.ChoicePropertyType validateXml
FINA: return internal name for choice string
14-feb-2011 18:18:35 org.eclipse.birt.report.model.metadata.ChoicePropertyType validateXml
FINA: return internal name for choice string
14-feb-2011 18:18:35 org.eclipse.birt.report.model.metadata.ChoicePropertyType validateXml
FINA: return internal name for choice hyperlink
14-feb-2011 18:18:35 org.eclipse.birt.report.model.metadata.ChoicePropertyType validateXml
FINA: return internal name for choice eq
14-feb-2011 18:18:35 org.eclipse.birt.report.model.metadata.ChoicePropertyType validateXml
FINA: return internal name for choice any
14-feb-2011 18:18:35 org.eclipse.birt.report.model.metadata.ChoicePropertyType validateXml
FINA: return internal name for choice if-realized
14-feb-2011 18:18:35 org.eclipse.birt.report.model.metadata.ChoicePropertyType validateXml
FINA: return internal name for choice auto
14-feb-2011 18:18:35 org.eclipse.birt.report.model.metadata.ChoicePropertyType validateXml
FINA: return internal name for choice string
14-feb-2011 18:18:35 org.eclipse.birt.report.model.metadata.ChoicePropertyType validateXml
FINA: return internal name for choice hide
14-feb-2011 18:18:35 org.eclipse.birt.report.model.metadata.ChoicePropertyType validateXml
FINA: return internal name for choice asc
14-feb-2011 18:18:35 org.eclipse.birt.report.model.metadata.ChoicePropertyType validateXml
FINA: return internal name for choice string
14-feb-2011 18:18:35 org.eclipse.birt.report.model.metadata.ChoicePropertyType validateXml
FINA: return internal name for choice eq
14-feb-2011 18:18:35 org.eclipse.birt.report.model.metadata.ChoicePropertyType validateXml
FINA: return internal name for choice horizontal
14-feb-2011 18:18:35 org.eclipse.birt.report.model.metadata.ChoicePropertyType validateXml
FINA: return internal name for choice over then down
14-feb-2011 18:18:35 org.eclipse.birt.report.model.metadata.ChoicePropertyType validateInputString
FINA: Return internal name of the choice solid
14-feb-2011 18:18:36 org.eclipse.birt.report.model.metadata.DimensionPropertyType validateInputString
FINA: return dimension with user-defined unit 1pt
14-feb-2011 18:18:36 org.eclipse.birt.report.model.metadata.ColorPropertyType validateValue
FINA: the validated color value 13421772
14-feb-2011 18:18:36 org.eclipse.birt.report.model.metadata.ChoicePropertyType validateInputString
FINA: Return internal name of the choice solid
14-feb-2011 18:18:36 org.eclipse.birt.report.model.metadata.DimensionPropertyType validateInputString
FINA: return dimension with user-defined unit 1pt
14-feb-2011 18:18:36 org.eclipse.birt.report.model.metadata.ColorPropertyType validateValue
FINA: the validated color value 13421772
14-feb-2011 18:18:36 org.eclipse.birt.report.model.metadata.ChoicePropertyType validateInputString
FINA: Return internal name of the choice solid
14-feb-2011 18:18:36 org.eclipse.birt.report.model.metadata.DimensionPropertyType validateInputString
FINA: return dimension with user-defined unit 1pt
14-feb-2011 18:18:36 org.eclipse.birt.report.model.metadata.ColorPropertyType validateValue
FINA: the validated color value 13421772
14-feb-2011 18:18:36 org.eclipse.birt.report.model.metadata.ChoicePropertyType validateInputString
FINA: Return internal name of the choice solid
14-feb-2011 18:18:36 org.eclipse.birt.report.model.metadata.DimensionPropertyType validateInputString
FINA: return dimension with user-defined unit 1pt
14-feb-2011 18:18:36 org.eclipse.birt.report.model.metadata.ColorPropertyType validateValue
FINA: the validated color value 13421772
14-feb-2011 18:18:36 org.eclipse.birt.report.model.metadata.ChoicePropertyType validateInputString
FINA: Return internal name of the choice solid
14-feb-2011 18:18:36 org.eclipse.birt.report.model.metadata.DimensionPropertyType validateInputString
FINA: return dimension with user-defined unit 1pt
14-feb-2011 18:18:36 org.eclipse.birt.report.model.metadata.ColorPropertyType validateValue
FINA: the validated color value 13421772
14-feb-2011 18:18:36 org.eclipse.birt.report.model.metadata.ChoicePropertyType validateInputString
FINA: Return internal name of the choice solid
14-feb-2011 18:18:36 org.eclipse.birt.report.model.metadata.DimensionPropertyType validateInputString
FINA: return dimension with user-defined unit 1pt
14-feb-2011 18:18:36 org.eclipse.birt.report.model.metadata.ColorPropertyType validateValue
FINA: the validated color value 13421772
14-feb-2011 18:18:36 org.eclipse.birt.report.model.metadata.ChoicePropertyType validateInputString
FINA: Return internal name of the choice solid
14-feb-2011 18:18:36 org.eclipse.birt.report.model.metadata.DimensionPropertyType validateInputString
FINA: return dimension with user-defined unit 1pt
14-feb-2011 18:18:36 org.eclipse.birt.report.model.metadata.ColorPropertyType validateValue
FINA: the validated color value 13421772
14-feb-2011 18:18:36 org.eclipse.birt.report.model.metadata.ChoicePropertyType validateInputString
FINA: Return internal name of the choice solid
14-feb-2011 18:18:36 org.eclipse.birt.report.model.metadata.DimensionPropertyType validateInputString
FINA: return dimension with user-defined unit 1pt
14-feb-2011 18:18:36 org.eclipse.birt.report.model.metadata.ColorPropertyType validateValue
FINA: the validated color value 13421772
14-feb-2011 18:18:36 org.eclipse.birt.report.model.metadata.ChoicePropertyType validateXml
FINA: return internal name for choice none
14-feb-2011 18:18:36 org.eclipse.birt.report.model.metadata.ChoicePropertyType validateXml
FINA: return internal name for choice asc
14-feb-2011 18:18:36 org.eclipse.birt.report.model.metadata.ChoicePropertyType validateXml
FINA: return internal name for choice auto
14-feb-2011 18:18:36 org.eclipse.birt.report.model.metadata.ChoicePropertyType validateXml
FINA: return internal name for choice auto
14-feb-2011 18:18:36 org.eclipse.birt.report.model.metadata.ChoicePropertyType validateXml
FINA: return internal name for choice after
14-feb-2011 18:18:36 org.eclipse.birt.report.model.metadata.ChoicePropertyType validateXml
FINA: return internal name for choice none
14-feb-2011 18:18:36 org.eclipse.birt.report.model.metadata.ChoicePropertyType validateXml
FINA: return internal name for choice asc
14-feb-2011 18:18:36 org.eclipse.birt.report.model.metadata.ChoicePropertyType validateXml
FINA: return internal name for choice auto
14-feb-2011 18:18:36 org.eclipse.birt.report.model.metadata.ChoicePropertyType validateXml
FINA: return internal name for choice auto
14-feb-2011 18:18:36 org.eclipse.birt.report.model.metadata.ChoicePropertyType validateXml
FINA: return internal name for choice after
14-feb-2011 18:18:36 org.eclipse.birt.report.model.metadata.ChoicePropertyType validateXml
FINA: return internal name for choice horizontal
14-feb-2011 18:18:36 org.eclipse.birt.report.model.metadata.ChoicePropertyType validateXml
FINA: return internal name for choice over then down
14-feb-2011 18:18:36 org.eclipse.birt.report.model.metadata.ChoicePropertyType validateXml
FINA: return internal name for choice in
14-feb-2011 18:18:36 org.eclipse.birt.report.model.metadata.ChoicePropertyType validateXml
FINA: return internal name for choice ltr
14-feb-2011 18:18:36 org.eclipse.birt.report.model.metadata.ChoicePropertyType validateXml
FINA: return internal name for choice string
14-feb-2011 18:18:36 org.eclipse.birt.report.model.metadata.ChoicePropertyType validateXml
FINA: return internal name for choice string
14-feb-2011 18:18:36 org.eclipse.birt.report.model.metadata.ElementRefPropertyType validateValue
FINA: Validate the value of the element reference property as a string: ADAIA
14-feb-2011 18:18:36 org.eclipse.birt.report.model.metadata.ChoicePropertyType validateXml
FINA: return internal name for choice string
14-feb-2011 18:18:36 org.eclipse.birt.report.model.metadata.ChoicePropertyType validateXml
FINA: return internal name for choice string
14-feb-2011 18:18:36 org.eclipse.birt.report.model.metadata.DimensionPropertyType validateXml
FINA: return dimension value with user defined unit 10pt
14-feb-2011 18:18:36 org.eclipse.birt.report.model.metadata.ColorPropertyType validateXml
FINA: The validated color property value 13421772
14-feb-2011 18:18:36 org.eclipse.birt.report.model.metadata.ChoicePropertyType validateXml
FINA: return internal name for choice solid
14-feb-2011 18:18:36 org.eclipse.birt.report.model.metadata.DimensionPropertyType validateXml
FINA: return dimension value with user defined unit 1pt
14-feb-2011 18:18:36 org.eclipse.birt.report.model.metadata.ColorPropertyType validateXml
FINA: The validated color property value 13421772
14-feb-2011 18:18:36 org.eclipse.birt.report.model.metadata.ChoicePropertyType validateXml
FINA: return internal name for choice solid
14-feb-2011 18:18:36 org.eclipse.birt.report.model.metadata.DimensionPropertyType validateXml
FINA: return dimension value with user defined unit 1pt
14-feb-2011 18:18:36 org.eclipse.birt.report.model.metadata.ColorPropertyType validateXml
FINA: The validated color property value 13421772
14-feb-2011 18:18:36 org.eclipse.birt.report.model.metadata.ChoicePropertyType validateXml
FINA: return internal name for choice solid
14-feb-2011 18:18:36 org.eclipse.birt.report.model.metadata.DimensionPropertyType validateXml
FINA: return dimension value with user defined unit 1pt
14-feb-2011 18:18:36 org.eclipse.birt.report.model.metadata.ColorPropertyType validateXml
FINA: The validated color property value 13421772
14-feb-2011 18:18:36 org.eclipse.birt.report.model.metadata.ChoicePropertyType validateXml
FINA: return internal name for choice solid
14-feb-2011 18:18:36 org.eclipse.birt.report.model.metadata.DimensionPropertyType validateXml
FINA: return dimension value with user defined unit 1pt
14-feb-2011 18:18:36 org.eclipse.birt.report.model.metadata.ColorPropertyType validateXml
FINA: The validated color property value 13421772
14-feb-2011 18:18:36 org.eclipse.birt.report.model.metadata.ChoicePropertyType validateXml
FINA: return internal name for choice solid
14-feb-2011 18:18:36 org.eclipse.birt.report.model.metadata.DimensionPropertyType validateXml
FINA: return dimension value with user defined unit 1pt
14-feb-2011 18:18:36 org.eclipse.birt.report.model.metadata.ColorPropertyType validateXml
FINA: The validated color property value 13421772
14-feb-2011 18:18:36 org.eclipse.birt.report.model.metadata.ChoicePropertyType validateXml
FINA: return internal name for choice solid
14-feb-2011 18:18:36 org.eclipse.birt.report.model.metadata.DimensionPropertyType validateXml
FINA: return dimension value with user defined unit 1pt
14-feb-2011 18:18:36 org.eclipse.birt.report.model.metadata.ColorPropertyType validateXml
FINA: The validated color property value 13421772
14-feb-2011 18:18:36 org.eclipse.birt.report.model.metadata.ChoicePropertyType validateXml
FINA: return internal name for choice solid
14-feb-2011 18:18:36 org.eclipse.birt.report.model.metadata.DimensionPropertyType validateXml
FINA: return dimension value with user defined unit 1pt
14-feb-2011 18:18:36 org.eclipse.birt.report.model.metadata.ColorPropertyType validateXml
FINA: The validated color property value 13421772
14-feb-2011 18:18:36 org.eclipse.birt.report.model.metadata.ChoicePropertyType validateXml
FINA: return internal name for choice solid
14-feb-2011 18:18:36 org.eclipse.birt.report.model.metadata.DimensionPropertyType validateXml
FINA: return dimension value with user defined unit 1pt
14-feb-2011 18:18:36 org.eclipse.birt.report.model.metadata.DimensionPropertyType validateXml
FINA: return dimension value with user defined unit 0.25in
14-feb-2011 18:18:36 org.eclipse.birt.report.model.metadata.DimensionPropertyType validateXml
FINA: return dimension value with user defined unit 0.25in
14-feb-2011 18:18:36 org.eclipse.birt.report.model.metadata.DimensionPropertyType validateXml
FINA: return dimension value with user defined unit 0.25in
14-feb-2011 18:18:36 org.eclipse.birt.report.model.metadata.DimensionPropertyType validateXml
FINA: return dimension value with user defined unit 0.25in
14-feb-2011 18:18:36 org.eclipse.birt.report.model.metadata.DimensionPropertyType validateXml
FINA: return dimension value with user defined unit 100%
14-feb-2011 18:18:36 org.eclipse.birt.report.model.metadata.DimensionPropertyType validateXml
FINA: return dimension value with user defined unit 6.520833333333333in
14-feb-2011 18:18:36 org.eclipse.birt.report.model.metadata.ChoicePropertyType validateXml
FINA: return internal name for choice auto
14-feb-2011 18:18:36 org.eclipse.birt.report.model.metadata.DimensionPropertyType validateXml
FINA: return dimension value with user defined unit 24pt
14-feb-2011 18:18:36 org.eclipse.birt.report.model.metadata.ChoicePropertyType validateXml
FINA: return internal name for choice auto
14-feb-2011 18:18:36 org.eclipse.birt.report.model.metadata.ChoicePropertyType validateXml
FINA: return internal name for choice auto
14-feb-2011 18:18:36 org.eclipse.birt.report.model.metadata.DimensionPropertyType validateXml
FINA: return dimension value with user defined unit 24pt
14-feb-2011 18:18:36 org.eclipse.birt.report.model.metadata.ChoicePropertyType validateXml
FINA: return internal name for choice auto
14-feb-2011 18:18:36 org.eclipse.birt.report.model.metadata.ChoicePropertyType validateXml
FINA: return internal name for choice html
14-feb-2011 18:18:36 org.eclipse.birt.report.model.metadata.ColorPropertyType validateXml
FINA: The validated color property value 0
14-feb-2011 18:18:36 org.eclipse.birt.report.model.metadata.ChoicePropertyType validateXml
FINA: return internal name for choice solid
14-feb-2011 18:18:36 org.eclipse.birt.report.model.metadata.ColorPropertyType validateXml
FINA: The validated color property value 0
14-feb-2011 18:18:36 org.eclipse.birt.report.model.metadata.ChoicePropertyType validateXml
FINA: return internal name for choice solid
14-feb-2011 18:18:36 org.eclipse.birt.report.model.metadata.ColorPropertyType validateXml
FINA: The validated color property value 0
14-feb-2011 18:18:36 org.eclipse.birt.report.model.metadata.ChoicePropertyType validateXml
FINA: return internal name for choice solid
14-feb-2011 18:18:36 org.eclipse.birt.report.model.metadata.ColorPropertyType validateXml
FINA: The validated color property value 0
14-feb-2011 18:18:36 org.eclipse.birt.report.model.metadata.ChoicePropertyType validateXml
FINA: return internal name for choice solid
14-feb-2011 18:18:36 org.eclipse.birt.report.model.metadata.DimensionPropertyType validateXml
FINA: return dimension value with user defined unit 100%
14-feb-2011 18:18:36 org.eclipse.birt.report.model.metadata.ElementRefPropertyType validateValue
FINA: Validate the value of the element reference property as a string: Parametros
14-feb-2011 18:18:36 org.eclipse.birt.report.model.metadata.ChoicePropertyType validateXml
FINA: return internal name for choice string
14-feb-2011 18:18:36 org.eclipse.birt.report.model.metadata.ChoicePropertyType validateXml
FINA: return internal name for choice string
14-feb-2011 18:18:36 org.eclipse.birt.report.model.metadata.DimensionPropertyType validateXml
FINA: return dimension value with user defined unit 1.1979166666666667in
14-feb-2011 18:18:36 org.eclipse.birt.report.model.metadata.ColorPropertyType validateXml
FINA: The validated color property value 0
14-feb-2011 18:18:36 org.eclipse.birt.report.model.metadata.ChoicePropertyType validateXml
FINA: return internal name for choice solid
14-feb-2011 18:18:36 org.eclipse.birt.report.model.metadata.ColorPropertyType validateXml
FINA: The validated color property value 0
14-feb-2011 18:18:36 org.eclipse.birt.report.model.metadata.ChoicePropertyType validateXml
FINA: return internal name for choice solid
14-feb-2011 18:18:36 org.eclipse.birt.report.model.metadata.ColorPropertyType validateXml
FINA: The validated color property value 0
14-feb-2011 18:18:36 org.eclipse.birt.report.model.metadata.ChoicePropertyType validateXml
FINA: return internal name for choice solid
14-feb-2011 18:18:36 org.eclipse.birt.report.model.metadata.ColorPropertyType validateXml
FINA: The validated color property value 0
14-feb-2011 18:18:36 org.eclipse.birt.report.model.metadata.ChoicePropertyType validateXml
FINA: return internal name for choice solid
14-feb-2011 18:18:36 org.eclipse.birt.report.model.metadata.ColorPropertyType validateXml
FINA: The validated color property value 0
14-feb-2011 18:18:36 org.eclipse.birt.report.model.metadata.ChoicePropertyType validateXml
FINA: return internal name for choice solid
14-feb-2011 18:18:36 org.eclipse.birt.report.model.metadata.ColorPropertyType validateXml
FINA: The validated color property value 0
14-feb-2011 18:18:36 org.eclipse.birt.report.model.metadata.ChoicePropertyType validateXml
FINA: return internal name for choice solid
14-feb-2011 18:18:36 org.eclipse.birt.report.model.metadata.ColorPropertyType validateXml
FINA: The validated color property value 0
14-feb-2011 18:18:36 org.eclipse.birt.report.model.metadata.ChoicePropertyType validateXml
FINA: return internal name for choice solid
14-feb-2011 18:18:36 org.eclipse.birt.report.model.metadata.ColorPropertyType validateXml
FINA: The validated color property value 0
14-feb-2011 18:18:36 org.eclipse.birt.report.model.metadata.ChoicePropertyType validateXml
FINA: return internal name for choice solid
14-feb-2011 18:18:36 org.eclipse.birt.report.model.metadata.ColorPropertyType validateXml
FINA: The validated color property value 0
14-feb-2011 18:18:36 org.eclipse.birt.report.model.metadata.ChoicePropertyType validateXml
FINA: return internal name for choice solid
14-feb-2011 18:18:36 org.eclipse.birt.report.model.metadata.ColorPropertyType validateXml
FINA: The validated color property value 0
14-feb-2011 18:18:36 org.eclipse.birt.report.model.metadata.ChoicePropertyType validateXml
FINA: return internal name for choice solid
14-feb-2011 18:18:36 org.eclipse.birt.report.model.metadata.ColorPropertyType validateXml
FINA: The validated color property value 0
14-feb-2011 18:18:36 org.eclipse.birt.report.model.metadata.ChoicePropertyType validateXml
FINA: return internal name for choice solid
14-feb-2011 18:18:36 org.eclipse.birt.report.model.metadata.ColorPropertyType validateXml
FINA: The validated color property value 0
14-feb-2011 18:18:36 org.eclipse.birt.report.model.metadata.ChoicePropertyType validateXml
FINA: return internal name for choice solid
14-feb-2011 18:18:36 org.eclipse.birt.report.model.metadata.ColorPropertyType validateXml
FINA: The validated color property value 0
14-feb-2011 18:18:36 org.eclipse.birt.report.model.metadata.ChoicePropertyType validateXml
FINA: return internal name for choice solid
14-feb-2011 18:18:36 org.eclipse.birt.report.model.metadata.ColorPropertyType validateXml
FINA: The validated color property value 0
14-feb-2011 18:18:36 org.eclipse.birt.report.model.metadata.ChoicePropertyType validateXml
FINA: return internal name for choice solid
14-feb-2011 18:18:36 org.eclipse.birt.report.model.metadata.ColorPropertyType validateXml
FINA: The validated color property value 0
14-feb-2011 18:18:36 org.eclipse.birt.report.model.metadata.ChoicePropertyType validateXml
FINA: return internal name for choice solid
14-feb-2011 18:18:36 org.eclipse.birt.report.model.metadata.ColorPropertyType validateXml
FINA: The validated color property value 0
14-feb-2011 18:18:36 org.eclipse.birt.report.model.metadata.ChoicePropertyType validateXml
FINA: return internal name for choice solid
14-feb-2011 18:18:36 org.eclipse.birt.report.engine.api.impl.ReportEngine createGetParameterDefinitionTask
FINA: ReportEngine.createGetParameterDefinitionTask: reportRunnable=org.eclipse.birt.report.engine.api.impl.ReportRunnable@1fa10da 
14-feb-2011 18:18:36 org.eclipse.birt.report.engine.api.impl.EngineTask setAppContext
FINA: EngineTask.setAppContext: context=PARENT_CLASSLOADER=WebappClassLoader
  context: /birt-adaia3
  delegate: false
  repositories:
----------> Parent Classloader:
org.apache.catalina.loader.StandardClassLoader@166a22b
;webapplication.projectclasspath=;
14-feb-2011 18:18:36 org.eclipse.birt.report.engine.api.impl.EngineTask setLocale
FINA: EngineTask.setLocale: locale=español (España)
14-feb-2011 18:18:36 org.eclipse.birt.report.engine.api.impl.EngineTask setAppContext
FINA: EngineTask.setAppContext: context=PARENT_CLASSLOADER=WebappClassLoader
  context: /birt-adaia3
  delegate: false
  repositories:
----------> Parent Classloader:
org.apache.catalina.loader.StandardClassLoader@166a22b
;CHART_RESOLUTION=null;org.eclipse.birt.data.engine.dataset.cache.option=false;org.eclipse.birt.data.engine.cube.inmemory.size=0;webapplication.projectclasspath=;BIRT_VIEWER_HTTPSERVET_REQUEST=org.apache.catalina.connector.RequestFacade@168f248;birt.viewer.resource.path=/opt/hpws/tomcat/webapps/birt-adaia3;
14-feb-2011 18:18:36 org.eclipse.birt.report.engine.api.impl.EngineTask setAppContext
FINA: EngineTask.setAppContext: context=PARENT_CLASSLOADER=WebappClassLoader
  context: /birt-adaia3
  delegate: false
  repositories:
----------> Parent Classloader:
org.apache.catalina.loader.StandardClassLoader@166a22b
;webapplication.projectclasspath=;BIRT_VIEWER_HTTPSERVET_REQUEST=org.apache.catalina.connector.RequestFacade@168f248;
14-feb-2011 18:18:36 org.eclipse.birt.report.engine.api.impl.ReportEngine createGetParameterDefinitionTask
FINA: ReportEngine.createGetParameterDefinitionTask: reportRunnable=org.eclipse.birt.report.engine.api.impl.ReportRunnable@1fa10da 
14-feb-2011 18:18:36 org.eclipse.birt.report.engine.api.impl.EngineTask setAppContext
FINA: EngineTask.setAppContext: context=PARENT_CLASSLOADER=WebappClassLoader
  context: /birt-adaia3
  delegate: false
  repositories:
----------> Parent Classloader:
org.apache.catalina.loader.StandardClassLoader@166a22b
;webapplication.projectclasspath=;
14-feb-2011 18:18:36 org.eclipse.birt.report.engine.api.impl.EngineTask setLocale
FINA: EngineTask.setLocale: locale=español (España)
14-feb-2011 18:18:36 org.eclipse.birt.report.engine.api.impl.EngineTask setAppContext
FINA: EngineTask.setAppContext: context=PARENT_CLASSLOADER=WebappClassLoader
  context: /birt-adaia3
  delegate: false
  repositories:
----------> Parent Classloader:
org.apache.catalina.loader.StandardClassLoader@166a22b
;CHART_RESOLUTION=null;org.eclipse.birt.data.engine.dataset.cache.option=false;org.eclipse.birt.data.engine.cube.inmemory.size=0;webapplication.projectclasspath=;BIRT_VIEWER_HTTPSERVET_REQUEST=org.apache.catalina.core.ApplicationHttpRequest@1a29450;birt.viewer.resource.path=/opt/hpws/tomcat/webapps/birt-adaia3;
14-feb-2011 18:18:36 org.eclipse.birt.report.engine.api.impl.EngineTask setAppContext
FINA: EngineTask.setAppContext: context=PARENT_CLASSLOADER=WebappClassLoader
  context: /birt-adaia3
  delegate: false
  repositories:
----------> Parent Classloader:
org.apache.catalina.loader.StandardClassLoader@166a22b
;webapplication.projectclasspath=;BIRT_VIEWER_HTTPSERVET_REQUEST=org.apache.catalina.core.ApplicationHttpRequest@1a29450;
14-feb-2011 18:18:39 org.eclipse.birt.report.engine.api.impl.ReportEngine openReportDocument
FINA: ReportEngine.openReportDocument: systemId=/opt/hpws/tomcat/webapps/birt-adaia3/testconexion.rptdesign, file=/opt/hpws/tomcat/webapps/birt-adaia3/documents/BIRTDOC38AB747A81AF908CCC77A0CF67FF2201/20110214_181833_903/testconexion.rptdocument, options={resourceFolder=/opt/hpws/tomcat/webapps/birt-adaia3, semanticCheck=false} 
14-feb-2011 18:18:39 org.eclipse.birt.report.engine.api.impl.ReportEngine openReportDesign
FINA: ReportEngine.openReportDesign: name=file:/opt/hpws/tomcat/webapps/birt-adaia3/testconexion.rptdesign, designStream=java.io.FileInputStream@1fe28a7, options={3} 
14-feb-2011 18:18:39 org.eclipse.birt.report.model.metadata.ChoicePropertyType validateXml
FINA: return internal name for choice in
14-feb-2011 18:18:39 org.eclipse.birt.report.model.metadata.ChoicePropertyType validateXml
FINA: return internal name for choice ltr
14-feb-2011 18:18:39 org.eclipse.birt.report.model.metadata.ChoicePropertyType validateXml
FINA: return internal name for choice string
14-feb-2011 18:18:39 org.eclipse.birt.report.model.metadata.ChoicePropertyType validateXml
FINA: return internal name for choice string
14-feb-2011 18:18:39 org.eclipse.birt.report.model.metadata.ElementRefPropertyType validateValue
FINA: Validate the value of the element reference property as a string: ADAIA
14-feb-2011 18:18:39 org.eclipse.birt.report.model.metadata.ChoicePropertyType validateXml
FINA: return internal name for choice string
14-feb-2011 18:18:39 org.eclipse.birt.report.model.metadata.ChoicePropertyType validateXml
FINA: return internal name for choice string
14-feb-2011 18:18:39 org.eclipse.birt.report.model.metadata.DimensionPropertyType validateXml
FINA: return dimension value with user defined unit 10pt
14-feb-2011 18:18:39 org.eclipse.birt.report.model.metadata.ColorPropertyType validateXml
FINA: The validated color property value 13421772
14-feb-2011 18:18:39 org.eclipse.birt.report.model.metadata.ChoicePropertyType validateXml
FINA: return internal name for choice solid
14-feb-2011 18:18:39 org.eclipse.birt.report.model.metadata.DimensionPropertyType validateXml
FINA: return dimension value with user defined unit 1pt
14-feb-2011 18:18:39 org.eclipse.birt.report.model.metadata.ColorPropertyType validateXml
FINA: The validated color property value 13421772
14-feb-2011 18:18:39 org.eclipse.birt.report.model.metadata.ChoicePropertyType validateXml
FINA: return internal name for choice solid
14-feb-2011 18:18:39 org.eclipse.birt.report.model.metadata.DimensionPropertyType validateXml
FINA: return dimension value with user defined unit 1pt
14-feb-2011 18:18:39 org.eclipse.birt.report.model.metadata.ColorPropertyType validateXml
FINA: The validated color property value 13421772
14-feb-2011 18:18:39 org.eclipse.birt.report.model.metadata.ChoicePropertyType validateXml
FINA: return internal name for choice solid
14-feb-2011 18:18:39 org.eclipse.birt.report.model.metadata.DimensionPropertyType validateXml
FINA: return dimension value with user defined unit 1pt
14-feb-2011 18:18:39 org.eclipse.birt.report.model.metadata.ColorPropertyType validateXml
FINA: The validated color property value 13421772
14-feb-2011 18:18:39 org.eclipse.birt.report.model.metadata.ChoicePropertyType validateXml
FINA: return internal name for choice solid
14-feb-2011 18:18:39 org.eclipse.birt.report.model.metadata.DimensionPropertyType validateXml
FINA: return dimension value with user defined unit 1pt
14-feb-2011 18:18:39 org.eclipse.birt.report.model.metadata.ColorPropertyType validateXml
FINA: The validated color property value 13421772
14-feb-2011 18:18:39 org.eclipse.birt.report.model.metadata.ChoicePropertyType validateXml
FINA: return internal name for choice solid
14-feb-2011 18:18:39 org.eclipse.birt.report.model.metadata.DimensionPropertyType validateXml
FINA: return dimension value with user defined unit 1pt
14-feb-2011 18:18:39 org.eclipse.birt.report.model.metadata.ColorPropertyType validateXml
FINA: The validated color property value 13421772
14-feb-2011 18:18:39 org.eclipse.birt.report.model.metadata.ChoicePropertyType validateXml
FINA: return internal name for choice solid
14-feb-2011 18:18:39 org.eclipse.birt.report.model.metadata.DimensionPropertyType validateXml
FINA: return dimension value with user defined unit 1pt
14-feb-2011 18:18:39 org.eclipse.birt.report.model.metadata.ColorPropertyType validateXml
FINA: The validated color property value 13421772
14-feb-2011 18:18:39 org.eclipse.birt.report.model.metadata.ChoicePropertyType validateXml
FINA: return internal name for choice solid
14-feb-2011 18:18:39 org.eclipse.birt.report.model.metadata.DimensionPropertyType validateXml
FINA: return dimension value with user defined unit 1pt
14-feb-2011 18:18:39 org.eclipse.birt.report.model.metadata.ColorPropertyType validateXml
FINA: The validated color property value 13421772
14-feb-2011 18:18:39 org.eclipse.birt.report.model.metadata.ChoicePropertyType validateXml
FINA: return internal name for choice solid
14-feb-2011 18:18:39 org.eclipse.birt.report.model.metadata.DimensionPropertyType validateXml
FINA: return dimension value with user defined unit 1pt
14-feb-2011 18:18:39 org.eclipse.birt.report.model.metadata.DimensionPropertyType validateXml
FINA: return dimension value with user defined unit 0.25in
14-feb-2011 18:18:39 org.eclipse.birt.report.model.metadata.DimensionPropertyType validateXml
FINA: return dimension value with user defined unit 0.25in
14-feb-2011 18:18:39 org.eclipse.birt.report.model.metadata.DimensionPropertyType validateXml
FINA: return dimension value with user defined unit 0.25in
14-feb-2011 18:18:39 org.eclipse.birt.report.model.metadata.DimensionPropertyType validateXml
FINA: return dimension value with user defined unit 0.25in
14-feb-2011 18:18:39 org.eclipse.birt.report.model.metadata.DimensionPropertyType validateXml
FINA: return dimension value with user defined unit 100%
14-feb-2011 18:18:39 org.eclipse.birt.report.model.metadata.DimensionPropertyType validateXml
FINA: return dimension value with user defined unit 6.520833333333333in
14-feb-2011 18:18:39 org.eclipse.birt.report.model.metadata.ChoicePropertyType validateXml
FINA: return internal name for choice auto
14-feb-2011 18:18:39 org.eclipse.birt.report.model.metadata.DimensionPropertyType validateXml
FINA: return dimension value with user defined unit 24pt
14-feb-2011 18:18:39 org.eclipse.birt.report.model.metadata.ChoicePropertyType validateXml
FINA: return internal name for choice auto
14-feb-2011 18:18:39 org.eclipse.birt.report.model.metadata.ChoicePropertyType validateXml
FINA: return internal name for choice auto
14-feb-2011 18:18:39 org.eclipse.birt.report.model.metadata.DimensionPropertyType validateXml
FINA: return dimension value with user defined unit 24pt
14-feb-2011 18:18:39 org.eclipse.birt.report.model.metadata.ChoicePropertyType validateXml
FINA: return internal name for choice auto
14-feb-2011 18:18:39 org.eclipse.birt.report.model.metadata.ChoicePropertyType validateXml
FINA: return internal name for choice html
14-feb-2011 18:18:39 org.eclipse.birt.report.model.metadata.ColorPropertyType validateXml
FINA: The validated color property value 0
14-feb-2011 18:18:39 org.eclipse.birt.report.model.metadata.ChoicePropertyType validateXml
FINA: return internal name for choice solid
14-feb-2011 18:18:39 org.eclipse.birt.report.model.metadata.ColorPropertyType validateXml
FINA: The validated color property value 0
14-feb-2011 18:18:39 org.eclipse.birt.report.model.metadata.ChoicePropertyType validateXml
FINA: return internal name for choice solid
14-feb-2011 18:18:39 org.eclipse.birt.report.model.metadata.ColorPropertyType validateXml
FINA: The validated color property value 0
14-feb-2011 18:18:39 org.eclipse.birt.report.model.metadata.ChoicePropertyType validateXml
FINA: return internal name for choice solid
14-feb-2011 18:18:39 org.eclipse.birt.report.model.metadata.ColorPropertyType validateXml
FINA: The validated color property value 0
14-feb-2011 18:18:39 org.eclipse.birt.report.model.metadata.ChoicePropertyType validateXml
FINA: return internal name for choice solid
14-feb-2011 18:18:39 org.eclipse.birt.report.model.metadata.DimensionPropertyType validateXml
FINA: return dimension value with user defined unit 100%
14-feb-2011 18:18:39 org.eclipse.birt.report.model.metadata.ElementRefPropertyType validateValue
FINA: Validate the value of the element reference property as a string: Parametros
14-feb-2011 18:18:39 org.eclipse.birt.report.model.metadata.ChoicePropertyType validateXml
FINA: return internal name for choice string
14-feb-2011 18:18:39 org.eclipse.birt.report.model.metadata.ChoicePropertyType validateXml
FINA: return internal name for choice string
14-feb-2011 18:18:39 org.eclipse.birt.report.model.metadata.DimensionPropertyType validateXml
FINA: return dimension value with user defined unit 1.1979166666666667in
14-feb-2011 18:18:39 org.eclipse.birt.report.model.metadata.ColorPropertyType validateXml
FINA: The validated color property value 0
14-feb-2011 18:18:39 org.eclipse.birt.report.model.metadata.ChoicePropertyType validateXml
FINA: return internal name for choice solid
14-feb-2011 18:18:39 org.eclipse.birt.report.model.metadata.ColorPropertyType validateXml
FINA: The validated color property value 0
14-feb-2011 18:18:39 org.eclipse.birt.report.model.metadata.ChoicePropertyType validateXml
FINA: return internal name for choice solid
14-feb-2011 18:18:39 org.eclipse.birt.report.model.metadata.ColorPropertyType validateXml
FINA: The validated color property value 0
14-feb-2011 18:18:39 org.eclipse.birt.report.model.metadata.ChoicePropertyType validateXml
FINA: return internal name for choice solid
14-feb-2011 18:18:39 org.eclipse.birt.report.model.metadata.ColorPropertyType validateXml
FINA: The validated color property value 0
14-feb-2011 18:18:39 org.eclipse.birt.report.model.metadata.ChoicePropertyType validateXml
FINA: return internal name for choice solid
14-feb-2011 18:18:39 org.eclipse.birt.report.model.metadata.ColorPropertyType validateXml
FINA: The validated color property value 0
14-feb-2011 18:18:39 org.eclipse.birt.report.model.metadata.ChoicePropertyType validateXml
FINA: return internal name for choice solid
14-feb-2011 18:18:39 org.eclipse.birt.report.model.metadata.ColorPropertyType validateXml
FINA: The validated color property value 0
14-feb-2011 18:18:39 org.eclipse.birt.report.model.metadata.ChoicePropertyType validateXml
FINA: return internal name for choice solid
14-feb-2011 18:18:39 org.eclipse.birt.report.model.metadata.ColorPropertyType validateXml
FINA: The validated color property value 0
14-feb-2011 18:18:39 org.eclipse.birt.report.model.metadata.ChoicePropertyType validateXml
FINA: return internal name for choice solid
14-feb-2011 18:18:39 org.eclipse.birt.report.model.metadata.ColorPropertyType validateXml
FINA: The validated color property value 0
14-feb-2011 18:18:39 org.eclipse.birt.report.model.metadata.ChoicePropertyType validateXml
FINA: return internal name for choice solid
14-feb-2011 18:18:39 org.eclipse.birt.report.model.metadata.ColorPropertyType validateXml
FINA: The validated color property value 0
14-feb-2011 18:18:39 org.eclipse.birt.report.model.metadata.ChoicePropertyType validateXml
FINA: return internal name for choice solid
14-feb-2011 18:18:39 org.eclipse.birt.report.model.metadata.ColorPropertyType validateXml
FINA: The validated color property value 0
14-feb-2011 18:18:39 org.eclipse.birt.report.model.metadata.ChoicePropertyType validateXml
FINA: return internal name for choice solid
14-feb-2011 18:18:39 org.eclipse.birt.report.model.metadata.ColorPropertyType validateXml
FINA: The validated color property value 0
14-feb-2011 18:18:39 org.eclipse.birt.report.model.metadata.ChoicePropertyType validateXml
FINA: return internal name for choice solid
14-feb-2011 18:18:39 org.eclipse.birt.report.model.metadata.ColorPropertyType validateXml
FINA: The validated color property value 0
14-feb-2011 18:18:39 org.eclipse.birt.report.model.metadata.ChoicePropertyType validateXml
FINA: return internal name for choice solid
14-feb-2011 18:18:39 org.eclipse.birt.report.model.metadata.ColorPropertyType validateXml
FINA: The validated color property value 0
14-feb-2011 18:18:39 org.eclipse.birt.report.model.metadata.ChoicePropertyType validateXml
FINA: return internal name for choice solid
14-feb-2011 18:18:39 org.eclipse.birt.report.model.metadata.ColorPropertyType validateXml
FINA: The validated color property value 0
14-feb-2011 18:18:39 org.eclipse.birt.report.model.metadata.ChoicePropertyType validateXml
FINA: return internal name for choice solid
14-feb-2011 18:18:39 org.eclipse.birt.report.model.metadata.ColorPropertyType validateXml
FINA: The validated color property value 0
14-feb-2011 18:18:39 org.eclipse.birt.report.model.metadata.ChoicePropertyType validateXml
FINA: return internal name for choice solid
14-feb-2011 18:18:39 org.eclipse.birt.report.model.metadata.ColorPropertyType validateXml
FINA: The validated color property value 0
14-feb-2011 18:18:39 org.eclipse.birt.report.model.metadata.ChoicePropertyType validateXml
FINA: return internal name for choice solid
14-feb-2011 18:18:39 org.eclipse.birt.report.engine.api.impl.ReportEngine createGetParameterDefinitionTask
FINA: ReportEngine.createGetParameterDefinitionTask: reportRunnable=org.eclipse.birt.report.engine.api.impl.ReportRunnable@b48230 
14-feb-2011 18:18:39 org.eclipse.birt.report.engine.api.impl.EngineTask setAppContext
FINA: EngineTask.setAppContext: context=PARENT_CLASSLOADER=WebappClassLoader
  context: /birt-adaia3
  delegate: false
  repositories:
----------> Parent Classloader:
org.apache.catalina.loader.StandardClassLoader@166a22b
;webapplication.projectclasspath=;
14-feb-2011 18:18:39 org.eclipse.birt.report.engine.api.impl.EngineTask setLocale
FINA: EngineTask.setLocale: locale=español (España)
14-feb-2011 18:18:39 org.eclipse.birt.report.engine.api.impl.EngineTask setAppContext
FINA: EngineTask.setAppContext: context=PARENT_CLASSLOADER=WebappClassLoader
  context: /birt-adaia3
  delegate: false
  repositories:
----------> Parent Classloader:
org.apache.catalina.loader.StandardClassLoader@166a22b
;CHART_RESOLUTION=null;org.eclipse.birt.data.engine.dataset.cache.option=false;org.eclipse.birt.data.engine.cube.inmemory.size=0;webapplication.projectclasspath=;BIRT_VIEWER_HTTPSERVET_REQUEST=org.apache.catalina.connector.RequestFacade@cf2c09;birt.viewer.resource.path=/opt/hpws/tomcat/webapps/birt-adaia3;
14-feb-2011 18:18:39 org.eclipse.birt.report.engine.api.impl.EngineTask setAppContext
FINA: EngineTask.setAppContext: context=PARENT_CLASSLOADER=WebappClassLoader
  context: /birt-adaia3
  delegate: false
  repositories:
----------> Parent Classloader:
org.apache.catalina.loader.StandardClassLoader@166a22b
;webapplication.projectclasspath=;BIRT_VIEWER_HTTPSERVET_REQUEST=org.apache.catalina.connector.RequestFacade@cf2c09;
14-feb-2011 18:18:39 org.eclipse.birt.report.engine.api.impl.ReportEngine createRunTask
FINA: ReportEngine.createRunTask: reportRunnable=org.eclipse.birt.report.engine.api.impl.ReportRunnable@b48230 
14-feb-2011 18:18:39 org.eclipse.birt.report.engine.api.impl.EngineTask setAppContext
FINA: EngineTask.setAppContext: context=PARENT_CLASSLOADER=WebappClassLoader
  context: /birt-adaia3
  delegate: false
  repositories:
----------> Parent Classloader:
org.apache.catalina.loader.StandardClassLoader@166a22b
;webapplication.projectclasspath=;
14-feb-2011 18:18:39 org.eclipse.birt.report.engine.api.impl.EngineTask setLocale
FINA: EngineTask.setLocale: locale=español (España)
14-feb-2011 18:18:39 org.eclipse.birt.report.engine.api.impl.EngineTask setAppContext
FINA: EngineTask.setAppContext: context=PARENT_CLASSLOADER=WebappClassLoader
  context: /birt-adaia3
  delegate: false
  repositories:
----------> Parent Classloader:
org.apache.catalina.loader.StandardClassLoader@166a22b
;CHART_RESOLUTION=null;org.eclipse.birt.data.engine.dataset.cache.option=false;org.eclipse.birt.data.engine.cube.inmemory.size=0;webapplication.projectclasspath=;BIRT_VIEWER_HTTPSERVET_REQUEST=org.apache.catalina.connector.RequestFacade@cf2c09;birt.viewer.resource.path=/opt/hpws/tomcat/webapps/birt-adaia3;
14-feb-2011 18:18:39 org.eclipse.birt.report.engine.api.impl.EngineTask loggerParamters
FINA: Running the report with paramters: 
14-feb-2011 18:38:00 org.eclipse.birt.report.engine.api.impl.ReportEngine openReportDesign
FINA: ReportEngine.openReportDesign: name=file:/opt/hpws/tomcat/webapps/birt-adaia3/testconexion.rptdesign, designStream=java.io.FileInputStream@1d22104, options={3} 
14-feb-2011 18:38:00 org.eclipse.birt.report.model.metadata.ChoicePropertyType validateXml
FINA: return internal name for choice in
14-feb-2011 18:38:00 org.eclipse.birt.report.model.metadata.ChoicePropertyType validateXml
FINA: return internal name for choice ltr
14-feb-2011 18:38:00 org.eclipse.birt.report.model.metadata.ChoicePropertyType validateXml
FINA: return internal name for choice string
14-feb-2011 18:38:00 org.eclipse.birt.report.model.metadata.ChoicePropertyType validateXml
FINA: return internal name for choice string
14-feb-2011 18:38:00 org.eclipse.birt.report.model.metadata.ElementRefPropertyType validateValue
FINA: Validate the value of the element reference property as a string: ADAIA
14-feb-2011 18:38:00 org.eclipse.birt.report.model.metadata.ChoicePropertyType validateXml
FINA: return internal name for choice string
14-feb-2011 18:38:00 org.eclipse.birt.report.model.metadata.ChoicePropertyType validateXml
FINA: return internal name for choice string
14-feb-2011 18:38:00 org.eclipse.birt.report.model.metadata.DimensionPropertyType validateXml
FINA: return dimension value with user defined unit 10pt
14-feb-2011 18:38:00 org.eclipse.birt.report.model.metadata.ColorPropertyType validateXml
FINA: The validated color property value 13421772
14-feb-2011 18:38:00 org.eclipse.birt.report.model.metadata.ChoicePropertyType validateXml
FINA: return internal name for choice solid
14-feb-2011 18:38:00 org.eclipse.birt.report.model.metadata.DimensionPropertyType validateXml
FINA: return dimension value with user defined unit 1pt
14-feb-2011 18:38:00 org.eclipse.birt.report.model.metadata.ColorPropertyType validateXml
FINA: The validated color property value 13421772
14-feb-2011 18:38:00 org.eclipse.birt.report.model.metadata.ChoicePropertyType validateXml
FINA: return internal name for choice solid
14-feb-2011 18:38:00 org.eclipse.birt.report.model.metadata.DimensionPropertyType validateXml
FINA: return dimension value with user defined unit 1pt
14-feb-2011 18:38:00 org.eclipse.birt.report.model.metadata.ColorPropertyType validateXml
FINA: The validated color property value 13421772
14-feb-2011 18:38:00 org.eclipse.birt.report.model.metadata.ChoicePropertyType validateXml
FINA: return internal name for choice solid
14-feb-2011 18:38:00 org.eclipse.birt.report.model.metadata.DimensionPropertyType validateXml
FINA: return dimension value with user defined unit 1pt
14-feb-2011 18:38:00 org.eclipse.birt.report.model.metadata.ColorPropertyType validateXml
FINA: The validated color property value 13421772
14-feb-2011 18:38:00 org.eclipse.birt.report.model.metadata.ChoicePropertyType validateXml
FINA: return internal name for choice solid
14-feb-2011 18:38:00 org.eclipse.birt.report.model.metadata.DimensionPropertyType validateXml
FINA: return dimension value with user defined unit 1pt
14-feb-2011 18:38:00 org.eclipse.birt.report.model.metadata.ColorPropertyType validateXml
FINA: The validated color property value 13421772
14-feb-2011 18:38:00 org.eclipse.birt.report.model.metadata.ChoicePropertyType validateXml
FINA: return internal name for choice solid
14-feb-2011 18:38:00 org.eclipse.birt.report.model.metadata.DimensionPropertyType validateXml
FINA: return dimension value with user defined unit 1pt
14-feb-2011 18:38:00 org.eclipse.birt.report.model.metadata.ColorPropertyType validateXml
FINA: The validated color property value 13421772
14-feb-2011 18:38:00 org.eclipse.birt.report.model.metadata.ChoicePropertyType validateXml
FINA: return internal name for choice solid
14-feb-2011 18:38:00 org.eclipse.birt.report.model.metadata.DimensionPropertyType validateXml
FINA: return dimension value with user defined unit 1pt
14-feb-2011 18:38:00 org.eclipse.birt.report.model.metadata.ColorPropertyType validateXml
FINA: The validated color property value 13421772
14-feb-2011 18:38:00 org.eclipse.birt.report.model.metadata.ChoicePropertyType validateXml
FINA: return internal name for choice solid
14-feb-2011 18:38:00 org.eclipse.birt.report.model.metadata.DimensionPropertyType validateXml
FINA: return dimension value with user defined unit 1pt
14-feb-2011 18:38:00 org.eclipse.birt.report.model.metadata.ColorPropertyType validateXml
FINA: The validated color property value 13421772
14-feb-2011 18:38:00 org.eclipse.birt.report.model.metadata.ChoicePropertyType validateXml
FINA: return internal name for choice solid
14-feb-2011 18:38:00 org.eclipse.birt.report.model.metadata.DimensionPropertyType validateXml
FINA: return dimension value with user defined unit 1pt
14-feb-2011 18:38:00 org.eclipse.birt.report.model.metadata.DimensionPropertyType validateXml
FINA: return dimension value with user defined unit 0.25in
14-feb-2011 18:38:00 org.eclipse.birt.report.model.metadata.DimensionPropertyType validateXml
FINA: return dimension value with user defined unit 0.25in
14-feb-2011 18:38:00 org.eclipse.birt.report.model.metadata.DimensionPropertyType validateXml
FINA: return dimension value with user defined unit 0.25in
14-feb-2011 18:38:00 org.eclipse.birt.report.model.metadata.DimensionPropertyType validateXml
FINA: return dimension value with user defined unit 0.25in
14-feb-2011 18:38:00 org.eclipse.birt.report.model.metadata.DimensionPropertyType validateXml
FINA: return dimension value with user defined unit 100%
14-feb-2011 18:38:00 org.eclipse.birt.report.model.metadata.DimensionPropertyType validateXml
FINA: return dimension value with user defined unit 6.520833333333333in
14-feb-2011 18:38:00 org.eclipse.birt.report.model.metadata.ChoicePropertyType validateXml
FINA: return internal name for choice auto
14-feb-2011 18:38:00 org.eclipse.birt.report.model.metadata.DimensionPropertyType validateXml
FINA: return dimension value with user defined unit 24pt
14-feb-2011 18:38:00 org.eclipse.birt.report.model.metadata.ChoicePropertyType validateXml
FINA: return internal name for choice auto
14-feb-2011 18:38:00 org.eclipse.birt.report.model.metadata.ChoicePropertyType validateXml
FINA: return internal name for choice auto
14-feb-2011 18:38:00 org.eclipse.birt.report.model.metadata.DimensionPropertyType validateXml
FINA: return dimension value with user defined unit 24pt
14-feb-2011 18:38:00 org.eclipse.birt.report.model.metadata.ChoicePropertyType validateXml
FINA: return internal name for choice auto
14-feb-2011 18:38:00 org.eclipse.birt.report.model.metadata.ChoicePropertyType validateXml
FINA: return internal name for choice html
14-feb-2011 18:38:00 org.eclipse.birt.report.model.metadata.ColorPropertyType validateXml
FINA: The validated color property value 0
14-feb-2011 18:38:00 org.eclipse.birt.report.model.metadata.ChoicePropertyType validateXml
FINA: return internal name for choice solid
14-feb-2011 18:38:00 org.eclipse.birt.report.model.metadata.ColorPropertyType validateXml
FINA: The validated color property value 0
14-feb-2011 18:38:00 org.eclipse.birt.report.model.metadata.ChoicePropertyType validateXml
FINA: return internal name for choice solid
14-feb-2011 18:38:00 org.eclipse.birt.report.model.metadata.ColorPropertyType validateXml
FINA: The validated color property value 0
14-feb-2011 18:38:00 org.eclipse.birt.report.model.metadata.ChoicePropertyType validateXml
FINA: return internal name for choice solid
14-feb-2011 18:38:00 org.eclipse.birt.report.model.metadata.ColorPropertyType validateXml
FINA: The validated color property value 0
14-feb-2011 18:38:00 org.eclipse.birt.report.model.metadata.ChoicePropertyType validateXml
FINA: return internal name for choice solid
14-feb-2011 18:38:00 org.eclipse.birt.report.model.metadata.DimensionPropertyType validateXml
FINA: return dimension value with user defined unit 100%
14-feb-2011 18:38:00 org.eclipse.birt.report.model.metadata.ElementRefPropertyType validateValue
FINA: Validate the value of the element reference property as a string: Parametros
14-feb-2011 18:38:00 org.eclipse.birt.report.model.metadata.ChoicePropertyType validateXml
FINA: return internal name for choice string
14-feb-2011 18:38:00 org.eclipse.birt.report.model.metadata.ChoicePropertyType validateXml
FINA: return internal name for choice string
14-feb-2011 18:38:00 org.eclipse.birt.report.model.metadata.DimensionPropertyType validateXml
FINA: return dimension value with user defined unit 1.1979166666666667in
14-feb-2011 18:38:00 org.eclipse.birt.report.model.metadata.ColorPropertyType validateXml
FINA: The validated color property value 0
14-feb-2011 18:38:00 org.eclipse.birt.report.model.metadata.ChoicePropertyType validateXml
FINA: return internal name for choice solid
14-feb-2011 18:38:00 org.eclipse.birt.report.model.metadata.ColorPropertyType validateXml
FINA: The validated color property value 0
14-feb-2011 18:38:00 org.eclipse.birt.report.model.metadata.ChoicePropertyType validateXml
FINA: return internal name for choice solid
14-feb-2011 18:38:00 org.eclipse.birt.report.model.metadata.ColorPropertyType validateXml
FINA: The validated color property value 0
14-feb-2011 18:38:00 org.eclipse.birt.report.model.metadata.ChoicePropertyType validateXml
FINA: return internal name for choice solid
14-feb-2011 18:38:00 org.eclipse.birt.report.model.metadata.ColorPropertyType validateXml
FINA: The validated color property value 0
14-feb-2011 18:38:00 org.eclipse.birt.report.model.metadata.ChoicePropertyType validateXml
FINA: return internal name for choice solid
14-feb-2011 18:38:00 org.eclipse.birt.report.model.metadata.ColorPropertyType validateXml
FINA: The validated color property value 0
14-feb-2011 18:38:00 org.eclipse.birt.report.model.metadata.ChoicePropertyType validateXml
FINA: return internal name for choice solid
14-feb-2011 18:38:00 org.eclipse.birt.report.model.metadata.ColorPropertyType validateXml
FINA: The validated color property value 0
14-feb-2011 18:38:00 org.eclipse.birt.report.model.metadata.ChoicePropertyType validateXml
FINA: return internal name for choice solid
14-feb-2011 18:38:00 org.eclipse.birt.report.model.metadata.ColorPropertyType validateXml
FINA: The validated color property value 0
14-feb-2011 18:38:00 org.eclipse.birt.report.model.metadata.ChoicePropertyType validateXml
FINA: return internal name for choice solid
14-feb-2011 18:38:00 org.eclipse.birt.report.model.metadata.ColorPropertyType validateXml
FINA: The validated color property value 0
14-feb-2011 18:38:00 org.eclipse.birt.report.model.metadata.ChoicePropertyType validateXml
FINA: return internal name for choice solid
14-feb-2011 18:38:00 org.eclipse.birt.report.model.metadata.ColorPropertyType validateXml
FINA: The validated color property value 0
14-feb-2011 18:38:00 org.eclipse.birt.report.model.metadata.ChoicePropertyType validateXml
FINA: return internal name for choice solid
14-feb-2011 18:38:00 org.eclipse.birt.report.model.metadata.ColorPropertyType validateXml
FINA: The validated color property value 0
14-feb-2011 18:38:00 org.eclipse.birt.report.model.metadata.ChoicePropertyType validateXml
FINA: return internal name for choice solid
14-feb-2011 18:38:00 org.eclipse.birt.report.model.metadata.ColorPropertyType validateXml
FINA: The validated color property value 0
14-feb-2011 18:38:00 org.eclipse.birt.report.model.metadata.ChoicePropertyType validateXml
FINA: return internal name for choice solid
14-feb-2011 18:38:00 org.eclipse.birt.report.model.metadata.ColorPropertyType validateXml
FINA: The validated color property value 0
14-feb-2011 18:38:00 org.eclipse.birt.report.model.metadata.ChoicePropertyType validateXml
FINA: return internal name for choice solid
14-feb-2011 18:38:00 org.eclipse.birt.report.model.metadata.ColorPropertyType validateXml
FINA: The validated color property value 0
14-feb-2011 18:38:00 org.eclipse.birt.report.model.metadata.ChoicePropertyType validateXml
FINA: return internal name for choice solid
14-feb-2011 18:38:00 org.eclipse.birt.report.model.metadata.ColorPropertyType validateXml
FINA: The validated color property value 0
14-feb-2011 18:38:00 org.eclipse.birt.report.model.metadata.ChoicePropertyType validateXml
FINA: return internal name for choice solid
14-feb-2011 18:38:00 org.eclipse.birt.report.model.metadata.ColorPropertyType validateXml
FINA: The validated color property value 0
14-feb-2011 18:38:00 org.eclipse.birt.report.model.metadata.ChoicePropertyType validateXml
FINA: return internal name for choice solid
14-feb-2011 18:38:00 org.eclipse.birt.report.model.metadata.ColorPropertyType validateXml
FINA: The validated color property value 0
14-feb-2011 18:38:00 org.eclipse.birt.report.model.metadata.ChoicePropertyType validateXml
FINA: return internal name for choice solid
14-feb-2011 18:38:00 org.eclipse.birt.report.engine.api.impl.ReportEngine createGetParameterDefinitionTask
FINA: ReportEngine.createGetParameterDefinitionTask: reportRunnable=org.eclipse.birt.report.engine.api.impl.ReportRunnable@144c5bb 
14-feb-2011 18:38:00 org.eclipse.birt.report.engine.api.impl.EngineTask setAppContext
FINA: EngineTask.setAppContext: context=PARENT_CLASSLOADER=WebappClassLoader
  context: /birt-adaia3
  delegate: false
  repositories:
----------> Parent Classloader:
org.apache.catalina.loader.StandardClassLoader@166a22b
;webapplication.projectclasspath=;
14-feb-2011 18:38:00 org.eclipse.birt.report.engine.api.impl.EngineTask setLocale
FINA: EngineTask.setLocale: locale=español (España)
14-feb-2011 18:38:00 org.eclipse.birt.report.engine.api.impl.EngineTask setAppContext
FINA: EngineTask.setAppContext: context=PARENT_CLASSLOADER=WebappClassLoader
  context: /birt-adaia3
  delegate: false
  repositories:
----------> Parent Classloader:
org.apache.catalina.loader.StandardClassLoader@166a22b
;CHART_RESOLUTION=null;org.eclipse.birt.data.engine.dataset.cache.option=false;org.eclipse.birt.data.engine.cube.inmemory.size=0;webapplication.projectclasspath=;BIRT_VIEWER_HTTPSERVET_REQUEST=org.apache.catalina.connector.RequestFacade@cf2c09;birt.viewer.resource.path=/opt/hpws/tomcat/webapps/birt-adaia3;
14-feb-2011 18:38:00 org.eclipse.birt.report.engine.api.impl.EngineTask setAppContext
FINA: EngineTask.setAppContext: context=PARENT_CLASSLOADER=WebappClassLoader
  context: /birt-adaia3
  delegate: false
  repositories:
----------> Parent Classloader:
org.apache.catalina.loader.StandardClassLoader@166a22b
;webapplication.projectclasspath=;BIRT_VIEWER_HTTPSERVET_REQUEST=org.apache.catalina.connector.RequestFacade@cf2c09;
14-feb-2011 18:38:00 org.eclipse.birt.report.engine.api.impl.ReportEngine createRunAndRenderTask
FINA: ReportEngine.createRunAndRenderTask: reportRunnable=org.eclipse.birt.report.engine.api.impl.ReportRunnable@144c5bb 
14-feb-2011 18:38:00 org.eclipse.birt.report.engine.api.impl.EngineTask setAppContext
FINA: EngineTask.setAppContext: context=PARENT_CLASSLOADER=WebappClassLoader
  context: /birt-adaia3
  delegate: false
  repositories:
----------> Parent Classloader:
org.apache.catalina.loader.StandardClassLoader@166a22b
;webapplication.projectclasspath=;
14-feb-2011 18:38:00 org.eclipse.birt.report.engine.api.impl.EngineTask setLocale
FINA: EngineTask.setLocale: locale=español (España)
14-feb-2011 18:38:00 org.eclipse.birt.report.engine.api.impl.EngineTask setAppContext
FINA: EngineTask.setAppContext: context=PARENT_CLASSLOADER=WebappClassLoader
  context: /birt-adaia3
  delegate: false
  repositories:
----------> Parent Classloader:
org.apache.catalina.loader.StandardClassLoader@166a22b
;CHART_RESOLUTION=null;org.eclipse.birt.data.engine.dataset.cache.option=false;org.eclipse.birt.data.engine.cube.inmemory.size=0;webapplication.projectclasspath=;BIRT_VIEWER_HTTPSERVET_REQUEST=org.apache.catalina.connector.RequestFacade@cf2c09;birt.viewer.resource.path=/opt/hpws/tomcat/webapps/birt-adaia3;
14-feb-2011 18:38:00 org.eclipse.birt.report.engine.api.impl.EngineTask loggerParamters
FINA: Running the report with paramters: 
